

================================================================
== Vivado HLS Report for 'jacobi_HLS'
================================================================
* Date:           Mon May 27 12:27:30 2019

* Version:        2018.3 (Build 2405991 on Thu Dec 06 23:56:15 MST 2018)
* Project:        Jacobi
* Solution:       solution1
* Product family: zynq
* Target device:  xc7z020clg400-1


================================================================
== Performance Estimates
================================================================
+ Timing (ns): 
    * Summary: 
    +--------+-------+----------+------------+
    |  Clock | Target| Estimated| Uncertainty|
    +--------+-------+----------+------------+
    |ap_clk  |  10.00|     8.623|        1.25|
    +--------+-------+----------+------------+

+ Latency (clock cycles): 
    * Summary: 
    +-----+-----+-----+-----+---------+
    |  Latency  |  Interval | Pipeline|
    | min | max | min | max |   Type  |
    +-----+-----+-----+-----+---------+
    |    ?|    ?|    ?|    ?|   none  |
    +-----+-----+-----+-----+---------+

    + Detail: 
        * Instance: 
        N/A

        * Loop: 
        +-----------------+-----+-----+----------+-----------+-----------+------+----------+
        |                 |  Latency  | Iteration|  Initiation Interval  | Trip |          |
        |    Loop Name    | min | max |  Latency |  achieved |   target  | Count| Pipelined|
        +-----------------+-----+-----+----------+-----------+-----------+------+----------+
        |- Loop 1         |    ?|    ?|         1|          -|          -|     ?|    no    |
        |- Loop 2         |    ?|    ?|         ?|          -|          -|     ?|    no    |
        | + Loop 2.1      |    ?|    ?|         ?|          -|          -|     ?|    no    |
        |  ++ Loop 2.1.1  |    ?|    ?|         7|          -|          -|     ?|    no    |
        |- Loop 3         |    ?|    ?|        14|          -|          -|     ?|    no    |
        +-----------------+-----+-----+----------+-----------+-----------+------+----------+



================================================================
== Utilization Estimates
================================================================
* Summary: 
+-----------------+---------+-------+--------+-------+
|       Name      | BRAM_18K| DSP48E|   FF   |  LUT  |
+-----------------+---------+-------+--------+-------+
|DSP              |        -|      -|       -|      -|
|Expression       |        -|      6|       0|   1246|
|FIFO             |        -|      -|       -|      -|
|Instance         |        -|     14|    6217|   8210|
|Memory           |        0|      -|     128|     16|
|Multiplexer      |        -|      -|       -|    731|
|Register         |        -|      -|    1074|      -|
+-----------------+---------+-------+--------+-------+
|Total            |        0|     20|    7419|  10203|
+-----------------+---------+-------+--------+-------+
|Available        |      280|    220|  106400|  53200|
+-----------------+---------+-------+--------+-------+
|Utilization (%)  |        0|      9|       6|     19|
+-----------------+---------+-------+--------+-------+

+ Detail: 
    * Instance: 
    +-------------------------+----------------------+---------+-------+------+------+
    |         Instance        |        Module        | BRAM_18K| DSP48E|  FF  |  LUT |
    +-------------------------+----------------------+---------+-------+------+------+
    |jacobi_HLS_dadddsbkb_U1  |jacobi_HLS_dadddsbkb  |        0|      3|   445|  1149|
    |jacobi_HLS_ddiv_6dEe_U3  |jacobi_HLS_ddiv_6dEe  |        0|      0|  3211|  3658|
    |jacobi_HLS_dmul_6cud_U2  |jacobi_HLS_dmul_6cud  |        0|     11|   317|   578|
    |jacobi_HLS_dsqrt_fYi_U5  |jacobi_HLS_dsqrt_fYi  |        0|      0|  1832|  2180|
    |jacobi_HLS_sitodpeOg_U4  |jacobi_HLS_sitodpeOg  |        0|      0|   412|   645|
    +-------------------------+----------------------+---------+-------+------+------+
    |Total                    |                      |        0|     14|  6217|  8210|
    +-------------------------+----------------------+---------+-------+------+------+

    * DSP48: 
    N/A

    * Memory: 
    +----------+-------------------+---------+----+----+------+-----+------+-------------+
    |  Memory  |       Module      | BRAM_18K| FF | LUT| Words| Bits| Banks| W*Bits*Banks|
    +----------+-------------------+---------+----+----+------+-----+------+-------------+
    |x_prev_U  |jacobi_HLS_x_prev  |        0|  64|   8|    16|   32|     1|          512|
    |x_new_U   |jacobi_HLS_x_prev  |        0|  64|   8|    16|   32|     1|          512|
    +----------+-------------------+---------+----+----+------+-----+------+-------------+
    |Total     |                   |        0| 128|  16|    32|   64|     2|         1024|
    +----------+-------------------+---------+----+----+------+-----+------+-------------+

    * FIFO: 
    N/A

    * Expression: 
    +----------------------+----------+-------+---+-----+------------+------------+
    |     Variable Name    | Operation| DSP48E| FF| LUT | Bitwidth P0| Bitwidth P1|
    +----------------------+----------+-------+---+-----+------------+------------+
    |tmp_16_fu_413_p2      |     *    |      3|  0|   20|          32|          32|
    |tmp_9_fu_608_p2       |     *    |      3|  0|   20|          32|          32|
    |i_1_fu_328_p2         |     +    |      0|  0|   38|          31|           1|
    |i_2_fu_369_p2         |     +    |      0|  0|   38|          31|           1|
    |j_1_fu_422_p2         |     +    |      0|  0|   39|          32|           1|
    |q_1_fu_590_p2         |     +    |      0|  0|   38|          31|           1|
    |sh_assign_fu_483_p2   |     +    |      0|  0|   12|          11|          12|
    |t_1_fu_354_p2         |     +    |      0|  0|   38|          31|           1|
    |tmp_20_fu_402_p2      |     +    |      0|  0|   15|           6|           6|
    |tmp_8_fu_379_p2       |     +    |      0|  0|   13|           2|           4|
    |result_V_1_fu_569_p2  |     -    |      0|  0|   39|           1|          32|
    |tmp_2_fu_602_p2       |     -    |      0|  0|   39|          32|          32|
    |tmp_i_i_i_fu_497_p2   |     -    |      0|  0|   13|          10|          11|
    |exitcond_fu_417_p2    |   icmp   |      0|  0|   18|          32|          32|
    |tmp_18_fu_428_p2      |   icmp   |      0|  0|   18|          32|          32|
    |tmp_4_fu_349_p2       |   icmp   |      0|  0|   18|          32|          32|
    |tmp_5_fu_364_p2       |   icmp   |      0|  0|   18|          32|          32|
    |tmp_6_fu_585_p2       |   icmp   |      0|  0|   18|          32|          32|
    |tmp_fu_323_p2         |   icmp   |      0|  0|   18|          32|          32|
    |r_V_fu_527_p2         |   lshr   |      0|  0|  162|          54|          54|
    |p_Val2_5_fu_561_p3    |  select  |      0|  0|   32|           1|          32|
    |p_Val2_6_fu_574_p3    |  select  |      0|  0|   32|           1|          32|
    |sigma_1_fu_433_p3     |  select  |      0|  0|   64|           1|          64|
    |ush_fu_507_p3         |  select  |      0|  0|   12|           1|          12|
    |r_V_1_fu_533_p2       |    shl   |      0|  0|  474|         137|         137|
    +----------------------+----------+-------+---+-----+------------+------------+
    |Total                 |          |      6|  0| 1246|         669|         689|
    +----------------------+----------+-------+---+-----+------------+------------+

    * Multiplexer: 
    +-------------------+-----+-----------+-----+-----------+
    |        Name       | LUT | Input Size| Bits| Total Bits|
    +-------------------+-----+-----------+-----+-----------+
    |ap_NS_fsm          |  506|        115|    1|        115|
    |grp_fu_280_opcode  |   15|          3|    2|          6|
    |grp_fu_280_p0      |   21|          4|   64|        256|
    |grp_fu_280_p1      |   15|          3|   64|        192|
    |grp_fu_296_p0      |   27|          5|   32|        160|
    |i1_reg_223         |    9|          2|   31|         62|
    |i_reg_201          |    9|          2|   31|         62|
    |j_reg_246          |    9|          2|   32|         64|
    |q_reg_269          |    9|          2|   31|         62|
    |sigma_reg_234      |    9|          2|   64|        128|
    |sum_reg_257        |    9|          2|   64|        128|
    |t_reg_212          |    9|          2|   31|         62|
    |x_new_address0     |   27|          5|    4|         20|
    |x_new_d0           |   15|          3|   32|         96|
    |x_prev_address0    |   27|          5|    4|         20|
    |x_prev_d0          |   15|          3|   32|         96|
    +-------------------+-----+-----------+-----+-----------+
    |Total              |  731|        160|  519|       1529|
    +-------------------+-----+-----------+-----+-----------+

    * Register: 
    +-----------------------+-----+----+-----+-----------+
    |          Name         |  FF | LUT| Bits| Const Bits|
    +-----------------------+-----+----+-----+-----------+
    |J_load_reg_681         |   32|   0|   32|          0|
    |ap_CS_fsm              |  114|   0|  114|          0|
    |i1_cast_reg_652        |   31|   0|   32|          1|
    |i1_reg_223             |   31|   0|   31|          0|
    |i_2_reg_660            |   31|   0|   31|          0|
    |i_reg_201              |   31|   0|   31|          0|
    |j_1_reg_700            |   32|   0|   32|          0|
    |j_reg_246              |   32|   0|   32|          0|
    |p_Result_s_reg_735     |    1|   0|    1|          0|
    |p_Val2_5_reg_740       |   32|   0|   32|          0|
    |q_1_reg_749            |   31|   0|   31|          0|
    |q_reg_269              |   31|   0|   31|          0|
    |reg_306                |   64|   0|   64|          0|
    |reg_313                |   64|   0|   64|          0|
    |sigma_reg_234          |   64|   0|   64|          0|
    |sum_reg_257            |   64|   0|   64|          0|
    |t_1_reg_647            |   31|   0|   31|          0|
    |t_reg_212              |   31|   0|   31|          0|
    |tmp_11_reg_665         |   31|   0|   64|         33|
    |tmp_15_reg_725         |   64|   0|   64|          0|
    |tmp_16_reg_692         |   32|   0|   32|          0|
    |tmp_18_reg_705         |    1|   0|    1|          0|
    |tmp_2_reg_769          |   32|   0|   32|          0|
    |tmp_9_reg_775          |   32|   0|   32|          0|
    |tmp_s_reg_754          |   31|   0|   64|         33|
    |x_assign_reg_730       |   64|   0|   64|          0|
    |x_new_addr_1_reg_634   |    4|   0|    4|          0|
    |x_prev_addr_1_reg_639  |    4|   0|    4|          0|
    |x_prev_load_1_reg_687  |   32|   0|   32|          0|
    +-----------------------+-----+----+-----+-----------+
    |Total                  | 1074|   0| 1141|         67|
    +-----------------------+-----+----+-----+-----------+



================================================================
== Interface
================================================================
* Summary: 
+------------+-----+-----+------------+--------------+--------------+
|  RTL Ports | Dir | Bits|  Protocol  | Source Object|    C Type    |
+------------+-----+-----+------------+--------------+--------------+
|ap_clk      |  in |    1| ap_ctrl_hs |  jacobi_HLS  | return value |
|ap_rst      |  in |    1| ap_ctrl_hs |  jacobi_HLS  | return value |
|ap_start    |  in |    1| ap_ctrl_hs |  jacobi_HLS  | return value |
|ap_done     | out |    1| ap_ctrl_hs |  jacobi_HLS  | return value |
|ap_idle     | out |    1| ap_ctrl_hs |  jacobi_HLS  | return value |
|ap_ready    | out |    1| ap_ctrl_hs |  jacobi_HLS  | return value |
|ap_return   | out |   64| ap_ctrl_hs |  jacobi_HLS  | return value |
|J_address0  | out |    4|  ap_memory |       J      |     array    |
|J_ce0       | out |    1|  ap_memory |       J      |     array    |
|J_q0        |  in |   32|  ap_memory |       J      |     array    |
|b_address0  | out |    2|  ap_memory |       b      |     array    |
|b_ce0       | out |    1|  ap_memory |       b      |     array    |
|b_q0        |  in |   32|  ap_memory |       b      |     array    |
|n           |  in |   32|   ap_none  |       n      |    scalar    |
|iter        |  in |   32|   ap_none  |     iter     |    scalar    |
|x_address0  | out |    4|  ap_memory |       x      |     array    |
|x_ce0       | out |    1|  ap_memory |       x      |     array    |
|x_we0       | out |    1|  ap_memory |       x      |     array    |
|x_d0        | out |   32|  ap_memory |       x      |     array    |
+------------+-----+-----+------------+--------------+--------------+

