

================================================================
== Vivado HLS Report for 'jacobi_HLS'
================================================================
* Date:           Mon May 27 13:11:11 2019

* Version:        2018.3 (Build 2405991 on Thu Dec 06 23:56:15 MST 2018)
* Project:        Jacobi
* Solution:       solution6
* Product family: zynq
* Target device:  xc7z020clg400-1


================================================================
== Performance Estimates
================================================================
+ Timing (ns): 
    * Summary: 
    +--------+-------+----------+------------+
    |  Clock | Target| Estimated| Uncertainty|
    +--------+-------+----------+------------+
    |ap_clk  |  10.00|    10.355|        1.25|
    +--------+-------+----------+------------+

+ Latency (clock cycles): 
    * Summary: 
    +-----+-----+-----+-----+---------+
    |  Latency  |  Interval | Pipeline|
    | min | max | min | max |   Type  |
    +-----+-----+-----+-----+---------+
    |  183|  183|  183|  183|   none  |
    +-----+-----+-----+-----+---------+

    + Detail: 
        * Instance: 
        N/A

        * Loop: 
        +----------+-----+-----+----------+-----------+-----------+------+----------+
        |          |  Latency  | Iteration|  Initiation Interval  | Trip |          |
        | Loop Name| min | max |  Latency |  achieved |   target  | Count| Pipelined|
        +----------+-----+-----+----------+-----------+-----------+------+----------+
        |- Loop 1  |   16|   16|         1|          1|          1|    16|    yes   |
        +----------+-----+-----+----------+-----------+-----------+------+----------+



================================================================
== Utilization Estimates
================================================================
* Summary: 
+-----------------+---------+-------+--------+-------+
|       Name      | BRAM_18K| DSP48E|   FF   |  LUT  |
+-----------------+---------+-------+--------+-------+
|DSP              |        -|      -|       -|      -|
|Expression       |        -|     39|       0|   3741|
|FIFO             |        -|      -|       -|      -|
|Instance         |        -|     28|   11426|  15530|
|Memory           |        4|      -|       0|      0|
|Multiplexer      |        -|      -|       -|   1408|
|Register         |        -|      -|    2449|      -|
+-----------------+---------+-------+--------+-------+
|Total            |        4|     67|   13875|  20679|
+-----------------+---------+-------+--------+-------+
|Available        |      280|    220|  106400|  53200|
+-----------------+---------+-------+--------+-------+
|Utilization (%)  |        1|     30|      13|     38|
+-----------------+---------+-------+--------+-------+

+ Detail: 
    * Instance: 
    +--------------------------+----------------------+---------+-------+------+------+
    |         Instance         |        Module        | BRAM_18K| DSP48E|  FF  |  LUT |
    +--------------------------+----------------------+---------+-------+------+------+
    |jacobi_HLS_dadddsbkb_U1   |jacobi_HLS_dadddsbkb  |        0|      3|   445|  1149|
    |jacobi_HLS_ddiv_6eOg_U5   |jacobi_HLS_ddiv_6eOg  |        0|      0|  3211|  3658|
    |jacobi_HLS_ddiv_6eOg_U6   |jacobi_HLS_ddiv_6eOg  |        0|      0|  3211|  3658|
    |jacobi_HLS_dmul_6dEe_U3   |jacobi_HLS_dmul_6dEe  |        0|     11|   317|   578|
    |jacobi_HLS_dmul_6dEe_U4   |jacobi_HLS_dmul_6dEe  |        0|     11|   317|   578|
    |jacobi_HLS_dsqrt_g8j_U11  |jacobi_HLS_dsqrt_g8j  |        0|      0|  1832|  2180|
    |jacobi_HLS_dsub_6cud_U2   |jacobi_HLS_dsub_6cud  |        0|      3|   445|  1149|
    |jacobi_HLS_sitodpfYi_U7   |jacobi_HLS_sitodpfYi  |        0|      0|   412|   645|
    |jacobi_HLS_sitodpfYi_U8   |jacobi_HLS_sitodpfYi  |        0|      0|   412|   645|
    |jacobi_HLS_sitodpfYi_U9   |jacobi_HLS_sitodpfYi  |        0|      0|   412|   645|
    |jacobi_HLS_sitodpfYi_U10  |jacobi_HLS_sitodpfYi  |        0|      0|   412|   645|
    +--------------------------+----------------------+---------+-------+------+------+
    |Total                     |                      |        0|     28| 11426| 15530|
    +--------------------------+----------------------+---------+-------+------+------+

    * DSP48: 
    N/A

    * Memory: 
    +----------+-------------------+---------+---+----+------+-----+------+-------------+
    |  Memory  |       Module      | BRAM_18K| FF| LUT| Words| Bits| Banks| W*Bits*Banks|
    +----------+-------------------+---------+---+----+------+-----+------+-------------+
    |x_prev_U  |jacobi_HLS_x_prev  |        2|  0|   0|    16|   32|     1|          512|
    |x_new_U   |jacobi_HLS_x_prev  |        2|  0|   0|    16|   32|     1|          512|
    +----------+-------------------+---------+---+----+------+-----+------+-------------+
    |Total     |                   |        4|  0|   0|    32|   64|     2|         1024|
    +----------+-------------------+---------+---+----+------+-----+------+-------------+

    * FIFO: 
    N/A

    * Expression: 
    +------------------------+----------+-------+---+-----+------------+------------+
    |      Variable Name     | Operation| DSP48E| FF| LUT | Bitwidth P0| Bitwidth P1|
    +------------------------+----------+-------+---+-----+------------+------------+
    |grp_fu_791_p2           |     *    |      3|  0|   20|          32|          32|
    |grp_fu_797_p2           |     *    |      3|  0|   20|          32|          32|
    |tmp_15_0_1_1_fu_835_p2  |     *    |      3|  0|   20|          32|          32|
    |tmp_15_0_2_2_fu_839_p2  |     *    |      3|  0|   20|          32|          32|
    |tmp_15_0_3_3_fu_843_p2  |     *    |      3|  0|   20|          32|          32|
    |tmp_2_fu_831_p2         |     *    |      3|  0|   20|          32|          32|
    |tmp_4_12_fu_1456_p2     |     *    |      3|  0|   20|          32|          32|
    |tmp_4_13_fu_1460_p2     |     *    |      3|  0|   20|          32|          32|
    |tmp_4_14_fu_1469_p2     |     *    |      3|  0|   20|          32|          32|
    |tmp_4_1_fu_1142_p2      |     *    |      3|  0|   20|          32|          32|
    |tmp_4_2_fu_1292_p2      |     *    |      3|  0|   20|          32|          32|
    |tmp_4_3_fu_1442_p2      |     *    |      3|  0|   20|          32|          32|
    |tmp_4_fu_1138_p2        |     *    |      3|  0|   20|          32|          32|
    |i_1_fu_819_p2           |     +    |      0|  0|   15|           5|           1|
    |sh_assign_3_fu_1020_p2  |     +    |      0|  0|   12|          11|          12|
    |sh_assign_6_fu_1190_p2  |     +    |      0|  0|   12|          11|          12|
    |sh_assign_9_fu_1340_p2  |     +    |      0|  0|   12|          11|          12|
    |sh_assign_fu_891_p2     |     +    |      0|  0|   12|          11|          12|
    |grp_fu_725_p2           |     -    |      0|  0|   39|          32|          32|
    |grp_fu_731_p2           |     -    |      0|  0|   39|          32|          32|
    |result_V_1_fu_1106_p2   |     -    |      0|  0|   39|           1|          32|
    |result_V_3_fu_1117_p2   |     -    |      0|  0|   39|           1|          32|
    |result_V_5_fu_1276_p2   |     -    |      0|  0|   39|           1|          32|
    |result_V_7_fu_1426_p2   |     -    |      0|  0|   39|           1|          32|
    |tmp_3_12_fu_1451_p2     |     -    |      0|  0|   39|          32|          32|
    |tmp_3_13_fu_1446_p2     |     -    |      0|  0|   39|          32|          32|
    |tmp_3_14_fu_1464_p2     |     -    |      0|  0|   39|          32|          32|
    |tmp_3_1_fu_1133_p2      |     -    |      0|  0|   39|          32|          32|
    |tmp_3_2_fu_1287_p2      |     -    |      0|  0|   39|          32|          32|
    |tmp_3_3_fu_1437_p2      |     -    |      0|  0|   39|          32|          32|
    |tmp_3_fu_1128_p2        |     -    |      0|  0|   39|          32|          32|
    |tmp_i_i_i1_fu_1034_p2   |     -    |      0|  0|   13|          10|          11|
    |tmp_i_i_i2_fu_1204_p2   |     -    |      0|  0|   13|          10|          11|
    |tmp_i_i_i3_fu_1354_p2   |     -    |      0|  0|   13|          10|          11|
    |tmp_i_i_i_fu_905_p2     |     -    |      0|  0|   13|          10|          11|
    |exitcond4_fu_813_p2     |   icmp   |      0|  0|   11|           5|           6|
    |r_V_2_fu_1064_p2        |   lshr   |      0|  0|  162|          54|          54|
    |r_V_4_fu_1234_p2        |   lshr   |      0|  0|  162|          54|          54|
    |r_V_6_fu_1384_p2        |   lshr   |      0|  0|  162|          54|          54|
    |r_V_fu_935_p2           |   lshr   |      0|  0|  162|          54|          54|
    |p_Val2_20_fu_969_p3     |  select  |      0|  0|   32|           1|          32|
    |p_Val2_21_fu_1111_p3    |  select  |      0|  0|   32|           1|          32|
    |p_Val2_22_fu_1098_p3    |  select  |      0|  0|   32|           1|          32|
    |p_Val2_23_fu_1122_p3    |  select  |      0|  0|   32|           1|          32|
    |p_Val2_24_fu_1268_p3    |  select  |      0|  0|   32|           1|          32|
    |p_Val2_25_fu_1281_p3    |  select  |      0|  0|   32|           1|          32|
    |p_Val2_26_fu_1418_p3    |  select  |      0|  0|   32|           1|          32|
    |p_Val2_27_fu_1431_p3    |  select  |      0|  0|   32|           1|          32|
    |ush_1_fu_1044_p3        |  select  |      0|  0|   12|           1|          12|
    |ush_2_fu_1214_p3        |  select  |      0|  0|   12|           1|          12|
    |ush_3_fu_1364_p3        |  select  |      0|  0|   12|           1|          12|
    |ush_fu_915_p3           |  select  |      0|  0|   12|           1|          12|
    |r_V_1_fu_941_p2         |    shl   |      0|  0|  474|         137|         137|
    |r_V_3_fu_1070_p2        |    shl   |      0|  0|  474|         137|         137|
    |r_V_5_fu_1240_p2        |    shl   |      0|  0|  474|         137|         137|
    |r_V_7_fu_1390_p2        |    shl   |      0|  0|  474|         137|         137|
    +------------------------+----------+-------+---+-----+------------+------------+
    |Total                   |          |     39|  0| 3741|        1578|        1999|
    +------------------------+----------+-------+---+-----+------------+------------+

    * Multiplexer: 
    +-------------------+-----+-----------+-----+-----------+
    |        Name       | LUT | Input Size| Bits| Total Bits|
    +-------------------+-----+-----------+-----+-----------+
    |J_address0         |   15|          3|    4|         12|
    |J_address1         |   15|          3|    4|         12|
    |ap_NS_fsm          |  741|        169|    1|        169|
    |b_address0         |   15|          3|    2|          6|
    |b_address1         |   15|          3|    2|          6|
    |grp_fu_678_opcode  |   15|          3|    2|          6|
    |grp_fu_678_p0      |   33|          6|   64|        384|
    |grp_fu_678_p1      |   27|          5|   64|        320|
    |grp_fu_686_p0      |   15|          3|   64|        192|
    |grp_fu_686_p1      |   15|          3|   64|        192|
    |grp_fu_694_p1      |   21|          4|   64|        256|
    |grp_fu_704_p0      |   56|         13|   32|        416|
    |grp_fu_707_p0      |   27|          5|   32|        160|
    |grp_fu_711_p0      |   21|          4|   32|        128|
    |grp_fu_714_p0      |   15|          3|   32|         96|
    |i_reg_667          |    9|          2|    5|         10|
    |x_address0         |   56|         13|    4|         52|
    |x_address1         |   27|          5|    4|         20|
    |x_d0               |   21|          4|   32|        128|
    |x_d1               |   27|          5|   32|        160|
    |x_new_address0     |   59|         14|    4|         56|
    |x_new_address1     |   33|          6|    4|         24|
    |x_new_d0           |   21|          4|   32|        128|
    |x_new_d1           |   15|          3|   32|         96|
    |x_prev_address0    |   47|         10|    4|         40|
    |x_prev_address1    |   47|         10|    4|         40|
    +-------------------+-----+-----------+-----+-----------+
    |Total              | 1408|        306|  620|       3109|
    +-------------------+-----+-----------+-----+-----------+

    * Register: 
    +------------------------+-----+----+-----+-----------+
    |          Name          |  FF | LUT| Bits| Const Bits|
    +------------------------+-----+----+-----+-----------+
    |J_load_1_reg_1523       |   32|   0|   32|          0|
    |J_load_2_reg_1565       |   32|   0|   32|          0|
    |J_load_3_reg_1592       |   32|   0|   32|          0|
    |J_load_reg_1511         |   32|   0|   32|          0|
    |ap_CS_fsm               |  168|   0|  168|          0|
    |i_reg_667               |    5|   0|    5|          0|
    |p_Result_1_reg_1670     |    1|   0|    1|          0|
    |p_Result_2_reg_1715     |    1|   0|    1|          0|
    |p_Result_3_reg_1743     |    1|   0|    1|          0|
    |p_Result_s_reg_1659     |    1|   0|    1|          0|
    |p_Val2_20_reg_1664      |   32|   0|   32|          0|
    |p_Val2_21_reg_1681      |   32|   0|   32|          0|
    |p_Val2_22_reg_1675      |   32|   0|   32|          0|
    |p_Val2_23_reg_1687      |   32|   0|   32|          0|
    |p_Val2_24_reg_1720      |   32|   0|   32|          0|
    |p_Val2_25_reg_1726      |   32|   0|   32|          0|
    |p_Val2_26_reg_1748      |   32|   0|   32|          0|
    |p_Val2_27_reg_1754      |   32|   0|   32|          0|
    |reg_745                 |   64|   0|   64|          0|
    |reg_752                 |   64|   0|   64|          0|
    |reg_759                 |   64|   0|   64|          0|
    |reg_766                 |   64|   0|   64|          0|
    |reg_772                 |   64|   0|   64|          0|
    |reg_779                 |   64|   0|   64|          0|
    |reg_783                 |   32|   0|   32|          0|
    |reg_787                 |   32|   0|   32|          0|
    |reg_803                 |   32|   0|   32|          0|
    |reg_808                 |   32|   0|   32|          0|
    |tmp_10_0_1_reg_1639     |   64|   0|   64|          0|
    |tmp_10_0_2_reg_1644     |   64|   0|   64|          0|
    |tmp_10_0_3_reg_1649     |   64|   0|   64|          0|
    |tmp_15_0_1_1_reg_1545   |   32|   0|   32|          0|
    |tmp_15_0_2_2_reg_1577   |   32|   0|   32|          0|
    |tmp_15_0_3_3_reg_1604   |   32|   0|   32|          0|
    |tmp_16_0_3_3_reg_1629   |   64|   0|   64|          0|
    |tmp_2_reg_1535          |   32|   0|   32|          0|
    |tmp_3_12_reg_1912       |   32|   0|   32|          0|
    |tmp_3_13_reg_1901       |   32|   0|   32|          0|
    |tmp_3_14_reg_1933       |   32|   0|   32|          0|
    |tmp_3_1_reg_1699        |   32|   0|   32|          0|
    |tmp_3_2_reg_1732        |   32|   0|   32|          0|
    |tmp_3_3_reg_1760        |   32|   0|   32|          0|
    |tmp_3_reg_1693          |   32|   0|   32|          0|
    |tmp_4_12_reg_1918       |   32|   0|   32|          0|
    |tmp_4_13_reg_1923       |   32|   0|   32|          0|
    |tmp_4_14_reg_1939       |   32|   0|   32|          0|
    |tmp_4_1_reg_1710        |   32|   0|   32|          0|
    |tmp_4_2_reg_1738        |   32|   0|   32|          0|
    |tmp_4_3_reg_1766        |   32|   0|   32|          0|
    |tmp_4_reg_1705          |   32|   0|   32|          0|
    |tmp_6_0_2_reg_1619      |   64|   0|   64|          0|
    |tmp_8_0_1_reg_1614      |   64|   0|   64|          0|
    |tmp_8_0_2_reg_1624      |   64|   0|   64|          0|
    |tmp_s_reg_1634          |   64|   0|   64|          0|
    |x_assign_1_reg_1654     |   64|   0|   64|          0|
    |x_new_load_10_reg_1871  |   32|   0|   32|          0|
    |x_new_load_11_reg_1876  |   32|   0|   32|          0|
    |x_new_load_12_reg_1896  |   32|   0|   32|          0|
    |x_prev_load_1_reg_1529  |   32|   0|   32|          0|
    |x_prev_load_2_reg_1571  |   32|   0|   32|          0|
    |x_prev_load_3_reg_1598  |   32|   0|   32|          0|
    |x_prev_load_reg_1517    |   32|   0|   32|          0|
    +------------------------+-----+----+-----+-----------+
    |Total                   | 2449|   0| 2449|          0|
    +------------------------+-----+----+-----+-----------+



================================================================
== Interface
================================================================
* Summary: 
+------------+-----+-----+------------+--------------+--------------+
|  RTL Ports | Dir | Bits|  Protocol  | Source Object|    C Type    |
+------------+-----+-----+------------+--------------+--------------+
|ap_clk      |  in |    1| ap_ctrl_hs |  jacobi_HLS  | return value |
|ap_rst      |  in |    1| ap_ctrl_hs |  jacobi_HLS  | return value |
|ap_start    |  in |    1| ap_ctrl_hs |  jacobi_HLS  | return value |
|ap_done     | out |    1| ap_ctrl_hs |  jacobi_HLS  | return value |
|ap_idle     | out |    1| ap_ctrl_hs |  jacobi_HLS  | return value |
|ap_ready    | out |    1| ap_ctrl_hs |  jacobi_HLS  | return value |
|ap_return   | out |   64| ap_ctrl_hs |  jacobi_HLS  | return value |
|J_address0  | out |    4|  ap_memory |       J      |     array    |
|J_ce0       | out |    1|  ap_memory |       J      |     array    |
|J_q0        |  in |   32|  ap_memory |       J      |     array    |
|J_address1  | out |    4|  ap_memory |       J      |     array    |
|J_ce1       | out |    1|  ap_memory |       J      |     array    |
|J_q1        |  in |   32|  ap_memory |       J      |     array    |
|b_address0  | out |    2|  ap_memory |       b      |     array    |
|b_ce0       | out |    1|  ap_memory |       b      |     array    |
|b_q0        |  in |   32|  ap_memory |       b      |     array    |
|b_address1  | out |    2|  ap_memory |       b      |     array    |
|b_ce1       | out |    1|  ap_memory |       b      |     array    |
|b_q1        |  in |   32|  ap_memory |       b      |     array    |
|x_address0  | out |    4|  ap_memory |       x      |     array    |
|x_ce0       | out |    1|  ap_memory |       x      |     array    |
|x_we0       | out |    1|  ap_memory |       x      |     array    |
|x_d0        | out |   32|  ap_memory |       x      |     array    |
|x_address1  | out |    4|  ap_memory |       x      |     array    |
|x_ce1       | out |    1|  ap_memory |       x      |     array    |
|x_we1       | out |    1|  ap_memory |       x      |     array    |
|x_d1        | out |   32|  ap_memory |       x      |     array    |
+------------+-----+-----+------------+--------------+--------------+

