

================================================================
== Vivado HLS Report for 'jacobi_HLS'
================================================================
* Date:           Tue May 28 11:38:57 2019

* Version:        2018.3 (Build 2405991 on Thu Dec 06 23:56:15 MST 2018)
* Project:        Jacobi
* Solution:       solution3
* Product family: zynq
* Target device:  xc7z020clg400-1


================================================================
== Performance Estimates
================================================================
+ Timing (ns): 
    * Summary: 
    +--------+-------+----------+------------+
    |  Clock | Target| Estimated| Uncertainty|
    +--------+-------+----------+------------+
    |ap_clk  |  10.00|     9.811|        1.25|
    +--------+-------+----------+------------+

+ Latency (clock cycles): 
    * Summary: 
    +------+------+------+------+---------+
    |   Latency   |   Interval  | Pipeline|
    |  min |  max |  min |  max |   Type  |
    +------+------+------+------+---------+
    |  5866|  5866|  5866|  5866|   none  |
    +------+------+------+------+---------+

    + Detail: 
        * Instance: 
        +-----------------------------------+-----------------------+-----+-----+-----+-----+---------+
        |                                   |                       |  Latency  |  Interval | Pipeline|
        |              Instance             |         Module        | min | max | min | max |   Type  |
        +-----------------------------------+-----------------------+-----+-----+-----+-----+---------+
        |grp_p_hls_fptosi_double_s_fu_1237  |p_hls_fptosi_double_s  |    1|    1|    1|    1|   none  |
        +-----------------------------------+-----------------------+-----+-----+-----+-----+---------+

        * Loop: 
        +------------------+-----+-----+----------+-----------+-----------+------+----------+
        |                  |  Latency  | Iteration|  Initiation Interval  | Trip |          |
        |     Loop Name    | min | max |  Latency |  achieved |   target  | Count| Pipelined|
        +------------------+-----+-----+----------+-----------+-----------+------+----------+
        |- inicializacion  |   16|   16|         1|          1|          1|    16|    yes   |
        |- Columnas        |  356|  356|        89|          -|          -|     4|    no    |
        | + filas          |   28|   28|         7|          -|          -|     4|    no    |
        |- Columnas        |  356|  356|        89|          -|          -|     4|    no    |
        | + filas          |   28|   28|         7|          -|          -|     4|    no    |
        |- Columnas        |  356|  356|        89|          -|          -|     4|    no    |
        | + filas          |   28|   28|         7|          -|          -|     4|    no    |
        |- Columnas        |  356|  356|        89|          -|          -|     4|    no    |
        | + filas          |   28|   28|         7|          -|          -|     4|    no    |
        |- Columnas        |  356|  356|        89|          -|          -|     4|    no    |
        | + filas          |   28|   28|         7|          -|          -|     4|    no    |
        |- Columnas        |  356|  356|        89|          -|          -|     4|    no    |
        | + filas          |   28|   28|         7|          -|          -|     4|    no    |
        |- Columnas        |  356|  356|        89|          -|          -|     4|    no    |
        | + filas          |   28|   28|         7|          -|          -|     4|    no    |
        |- Columnas        |  356|  356|        89|          -|          -|     4|    no    |
        | + filas          |   28|   28|         7|          -|          -|     4|    no    |
        |- Columnas        |  356|  356|        89|          -|          -|     4|    no    |
        | + filas          |   28|   28|         7|          -|          -|     4|    no    |
        |- Columnas        |  356|  356|        89|          -|          -|     4|    no    |
        | + filas          |   28|   28|         7|          -|          -|     4|    no    |
        |- Columnas        |  356|  356|        89|          -|          -|     4|    no    |
        | + filas          |   28|   28|         7|          -|          -|     4|    no    |
        |- Columnas        |  356|  356|        89|          -|          -|     4|    no    |
        | + filas          |   28|   28|         7|          -|          -|     4|    no    |
        |- Columnas        |  356|  356|        89|          -|          -|     4|    no    |
        | + filas          |   28|   28|         7|          -|          -|     4|    no    |
        |- Columnas        |  356|  356|        89|          -|          -|     4|    no    |
        | + filas          |   28|   28|         7|          -|          -|     4|    no    |
        |- Columnas        |  356|  356|        89|          -|          -|     4|    no    |
        | + filas          |   28|   28|         7|          -|          -|     4|    no    |
        |- Columnas        |  356|  356|        89|          -|          -|     4|    no    |
        | + filas          |   28|   28|         7|          -|          -|     4|    no    |
        |- calculo_error   |   88|   88|        14|          5|          1|    16|    yes   |
        +------------------+-----+-----+----------+-----------+-----------+------+----------+



================================================================
== Utilization Estimates
================================================================
* Summary: 
+-----------------+---------+-------+--------+-------+
|       Name      | BRAM_18K| DSP48E|   FF   |  LUT  |
+-----------------+---------+-------+--------+-------+
|DSP              |        -|      -|       -|      -|
|Expression       |        -|      6|       0|   2405|
|FIFO             |        -|      -|       -|      -|
|Instance         |        -|     14|    6252|   9001|
|Memory           |        0|      -|     128|     16|
|Multiplexer      |        -|      -|       -|   3296|
|Register         |        0|      -|    2960|     32|
+-----------------+---------+-------+--------+-------+
|Total            |        0|     20|    9340|  14750|
+-----------------+---------+-------+--------+-------+
|Available        |      280|    220|  106400|  53200|
+-----------------+---------+-------+--------+-------+
|Utilization (%)  |        0|      9|       8|     27|
+-----------------+---------+-------+--------+-------+

+ Detail: 
    * Instance: 
    +-----------------------------------+-----------------------+---------+-------+------+------+
    |              Instance             |         Module        | BRAM_18K| DSP48E|  FF  |  LUT |
    +-----------------------------------+-----------------------+---------+-------+------+------+
    |jacobi_HLS_dadddsbkb_U2            |jacobi_HLS_dadddsbkb   |        0|      3|   445|  1149|
    |jacobi_HLS_ddiv_6dEe_U4            |jacobi_HLS_ddiv_6dEe   |        0|      0|  3211|  3658|
    |jacobi_HLS_dmul_6cud_U3            |jacobi_HLS_dmul_6cud   |        0|     11|   317|   578|
    |jacobi_HLS_dsqrt_fYi_U6            |jacobi_HLS_dsqrt_fYi   |        0|      0|  1832|  2180|
    |jacobi_HLS_sitodpeOg_U5            |jacobi_HLS_sitodpeOg   |        0|      0|   412|   645|
    |grp_p_hls_fptosi_double_s_fu_1237  |p_hls_fptosi_double_s  |        0|      0|    35|   791|
    +-----------------------------------+-----------------------+---------+-------+------+------+
    |Total                              |                       |        0|     14|  6252|  9001|
    +-----------------------------------+-----------------------+---------+-------+------+------+

    * DSP48: 
    N/A

    * Memory: 
    +----------+-------------------+---------+----+----+------+-----+------+-------------+
    |  Memory  |       Module      | BRAM_18K| FF | LUT| Words| Bits| Banks| W*Bits*Banks|
    +----------+-------------------+---------+----+----+------+-----+------+-------------+
    |x_prev_U  |jacobi_HLS_x_prev  |        0|  64|   8|    16|   32|     1|          512|
    |x_new_U   |jacobi_HLS_x_prev  |        0|  64|   8|    16|   32|     1|          512|
    +----------+-------------------+---------+----+----+------+-----+------+-------------+
    |Total     |                   |        0| 128|  16|    32|   64|     2|         1024|
    +----------+-------------------+---------+----+----+------+-----+------+-------------+

    * FIFO: 
    N/A

    * Expression: 
    +-------------------------+----------+-------+---+----+------------+------------+
    |      Variable Name      | Operation| DSP48E| FF| LUT| Bitwidth P0| Bitwidth P1|
    +-------------------------+----------+-------+---+----+------------+------------+
    |grp_fu_1336_p2           |     *    |      3|  0|  20|          32|          32|
    |tmp_4_fu_2589_p2         |     *    |      3|  0|  20|          32|          32|
    |i_1_fu_1353_p2           |     +    |      0|  0|  15|           5|           1|
    |i_2_10_fu_2196_p2        |     +    |      0|  0|  12|           3|           1|
    |i_2_11_fu_2271_p2        |     +    |      0|  0|  12|           3|           1|
    |i_2_12_fu_2346_p2        |     +    |      0|  0|  12|           3|           1|
    |i_2_13_fu_2421_p2        |     +    |      0|  0|  12|           3|           1|
    |i_2_14_fu_2496_p2        |     +    |      0|  0|  12|           3|           1|
    |i_2_1_fu_1446_p2         |     +    |      0|  0|  12|           3|           1|
    |i_2_2_fu_1521_p2         |     +    |      0|  0|  12|           3|           1|
    |i_2_3_fu_1596_p2         |     +    |      0|  0|  12|           3|           1|
    |i_2_4_fu_1671_p2         |     +    |      0|  0|  12|           3|           1|
    |i_2_5_fu_1746_p2         |     +    |      0|  0|  12|           3|           1|
    |i_2_6_fu_1821_p2         |     +    |      0|  0|  12|           3|           1|
    |i_2_7_fu_1896_p2         |     +    |      0|  0|  12|           3|           1|
    |i_2_8_fu_1971_p2         |     +    |      0|  0|  12|           3|           1|
    |i_2_9_fu_2046_p2         |     +    |      0|  0|  12|           3|           1|
    |i_2_fu_1371_p2           |     +    |      0|  0|  12|           3|           1|
    |i_2_s_fu_2121_p2         |     +    |      0|  0|  12|           3|           1|
    |j_1_10_fu_2246_p2        |     +    |      0|  0|  12|           3|           1|
    |j_1_11_fu_2321_p2        |     +    |      0|  0|  12|           3|           1|
    |j_1_12_fu_2396_p2        |     +    |      0|  0|  12|           3|           1|
    |j_1_13_fu_2471_p2        |     +    |      0|  0|  12|           3|           1|
    |j_1_14_fu_2546_p2        |     +    |      0|  0|  12|           3|           1|
    |j_1_1_fu_1496_p2         |     +    |      0|  0|  12|           3|           1|
    |j_1_2_fu_1571_p2         |     +    |      0|  0|  12|           3|           1|
    |j_1_3_fu_1646_p2         |     +    |      0|  0|  12|           3|           1|
    |j_1_4_fu_1721_p2         |     +    |      0|  0|  12|           3|           1|
    |j_1_5_fu_1796_p2         |     +    |      0|  0|  12|           3|           1|
    |j_1_6_fu_1871_p2         |     +    |      0|  0|  12|           3|           1|
    |j_1_7_fu_1946_p2         |     +    |      0|  0|  12|           3|           1|
    |j_1_8_fu_2021_p2         |     +    |      0|  0|  12|           3|           1|
    |j_1_9_fu_2096_p2         |     +    |      0|  0|  12|           3|           1|
    |j_1_fu_1421_p2           |     +    |      0|  0|  12|           3|           1|
    |j_1_s_fu_2171_p2         |     +    |      0|  0|  12|           3|           1|
    |q_1_fu_2571_p2           |     +    |      0|  0|  15|           5|           1|
    |tmp_50_fu_1404_p2        |     +    |      0|  0|  15|           6|           6|
    |tmp_52_fu_1479_p2        |     +    |      0|  0|  15|           6|           6|
    |tmp_54_fu_1554_p2        |     +    |      0|  0|  15|           6|           6|
    |tmp_56_fu_1629_p2        |     +    |      0|  0|  15|           6|           6|
    |tmp_58_fu_1704_p2        |     +    |      0|  0|  15|           6|           6|
    |tmp_60_fu_1779_p2        |     +    |      0|  0|  15|           6|           6|
    |tmp_62_fu_1854_p2        |     +    |      0|  0|  15|           6|           6|
    |tmp_64_fu_1929_p2        |     +    |      0|  0|  15|           6|           6|
    |tmp_66_fu_2004_p2        |     +    |      0|  0|  15|           6|           6|
    |tmp_68_fu_2079_p2        |     +    |      0|  0|  15|           6|           6|
    |tmp_70_fu_2154_p2        |     +    |      0|  0|  15|           6|           6|
    |tmp_72_fu_2229_p2        |     +    |      0|  0|  15|           6|           6|
    |tmp_74_fu_2304_p2        |     +    |      0|  0|  15|           6|           6|
    |tmp_76_fu_2379_p2        |     +    |      0|  0|  15|           6|           6|
    |tmp_78_fu_2454_p2        |     +    |      0|  0|  15|           6|           6|
    |tmp_80_fu_2529_p2        |     +    |      0|  0|  15|           6|           6|
    |tmp_9_10_fu_2202_p2      |     +    |      0|  0|  12|           3|           2|
    |tmp_9_11_fu_2277_p2      |     +    |      0|  0|  12|           3|           2|
    |tmp_9_12_fu_2352_p2      |     +    |      0|  0|  12|           3|           2|
    |tmp_9_13_fu_2427_p2      |     +    |      0|  0|  12|           3|           2|
    |tmp_9_14_fu_2502_p2      |     +    |      0|  0|  12|           3|           2|
    |tmp_9_1_fu_1452_p2       |     +    |      0|  0|  12|           3|           2|
    |tmp_9_2_fu_1527_p2       |     +    |      0|  0|  12|           3|           2|
    |tmp_9_3_fu_1602_p2       |     +    |      0|  0|  12|           3|           2|
    |tmp_9_4_fu_1677_p2       |     +    |      0|  0|  12|           3|           2|
    |tmp_9_5_fu_1752_p2       |     +    |      0|  0|  12|           3|           2|
    |tmp_9_6_fu_1827_p2       |     +    |      0|  0|  12|           3|           2|
    |tmp_9_7_fu_1902_p2       |     +    |      0|  0|  12|           3|           2|
    |tmp_9_8_fu_1977_p2       |     +    |      0|  0|  12|           3|           2|
    |tmp_9_9_fu_2052_p2       |     +    |      0|  0|  12|           3|           2|
    |tmp_9_fu_1377_p2         |     +    |      0|  0|  12|           3|           2|
    |tmp_9_s_fu_2127_p2       |     +    |      0|  0|  12|           3|           2|
    |tmp_3_fu_2583_p2         |     -    |      0|  0|  39|          32|          32|
    |exitcond1_10_fu_2240_p2  |   icmp   |      0|  0|   9|           3|           4|
    |exitcond1_11_fu_2315_p2  |   icmp   |      0|  0|   9|           3|           4|
    |exitcond1_12_fu_2390_p2  |   icmp   |      0|  0|   9|           3|           4|
    |exitcond1_13_fu_2465_p2  |   icmp   |      0|  0|   9|           3|           4|
    |exitcond1_14_fu_2540_p2  |   icmp   |      0|  0|   9|           3|           4|
    |exitcond1_1_fu_1490_p2   |   icmp   |      0|  0|   9|           3|           4|
    |exitcond1_2_fu_1565_p2   |   icmp   |      0|  0|   9|           3|           4|
    |exitcond1_3_fu_1640_p2   |   icmp   |      0|  0|   9|           3|           4|
    |exitcond1_4_fu_1715_p2   |   icmp   |      0|  0|   9|           3|           4|
    |exitcond1_5_fu_1790_p2   |   icmp   |      0|  0|   9|           3|           4|
    |exitcond1_6_fu_1865_p2   |   icmp   |      0|  0|   9|           3|           4|
    |exitcond1_7_fu_1940_p2   |   icmp   |      0|  0|   9|           3|           4|
    |exitcond1_8_fu_2015_p2   |   icmp   |      0|  0|   9|           3|           4|
    |exitcond1_9_fu_2090_p2   |   icmp   |      0|  0|   9|           3|           4|
    |exitcond1_fu_1415_p2     |   icmp   |      0|  0|   9|           3|           4|
    |exitcond1_s_fu_2165_p2   |   icmp   |      0|  0|   9|           3|           4|
    |exitcond2_10_fu_2190_p2  |   icmp   |      0|  0|   9|           3|           4|
    |exitcond2_11_fu_2265_p2  |   icmp   |      0|  0|   9|           3|           4|
    |exitcond2_12_fu_2340_p2  |   icmp   |      0|  0|   9|           3|           4|
    |exitcond2_13_fu_2415_p2  |   icmp   |      0|  0|   9|           3|           4|
    |exitcond2_14_fu_2490_p2  |   icmp   |      0|  0|   9|           3|           4|
    |exitcond2_1_fu_1440_p2   |   icmp   |      0|  0|   9|           3|           4|
    |exitcond2_2_fu_1515_p2   |   icmp   |      0|  0|   9|           3|           4|
    |exitcond2_3_fu_1590_p2   |   icmp   |      0|  0|   9|           3|           4|
    |exitcond2_4_fu_1665_p2   |   icmp   |      0|  0|   9|           3|           4|
    |exitcond2_5_fu_1740_p2   |   icmp   |      0|  0|   9|           3|           4|
    |exitcond2_6_fu_1815_p2   |   icmp   |      0|  0|   9|           3|           4|
    |exitcond2_7_fu_1890_p2   |   icmp   |      0|  0|   9|           3|           4|
    |exitcond2_8_fu_1965_p2   |   icmp   |      0|  0|   9|           3|           4|
    |exitcond2_9_fu_2040_p2   |   icmp   |      0|  0|   9|           3|           4|
    |exitcond2_fu_1365_p2     |   icmp   |      0|  0|   9|           3|           4|
    |exitcond2_s_fu_2115_p2   |   icmp   |      0|  0|   9|           3|           4|
    |exitcond4_fu_1347_p2     |   icmp   |      0|  0|  11|           5|           6|
    |exitcond_fu_2565_p2      |   icmp   |      0|  0|  11|           5|           6|
    |tmp_13_10_fu_2252_p2     |   icmp   |      0|  0|   9|           3|           3|
    |tmp_13_11_fu_2327_p2     |   icmp   |      0|  0|   9|           3|           3|
    |tmp_13_12_fu_2402_p2     |   icmp   |      0|  0|   9|           3|           3|
    |tmp_13_13_fu_2477_p2     |   icmp   |      0|  0|   9|           3|           3|
    |tmp_13_14_fu_2552_p2     |   icmp   |      0|  0|   9|           3|           3|
    |tmp_13_1_fu_1502_p2      |   icmp   |      0|  0|   9|           3|           3|
    |tmp_13_2_fu_1577_p2      |   icmp   |      0|  0|   9|           3|           3|
    |tmp_13_3_fu_1652_p2      |   icmp   |      0|  0|   9|           3|           3|
    |tmp_13_4_fu_1727_p2      |   icmp   |      0|  0|   9|           3|           3|
    |tmp_13_5_fu_1802_p2      |   icmp   |      0|  0|   9|           3|           3|
    |tmp_13_6_fu_1877_p2      |   icmp   |      0|  0|   9|           3|           3|
    |tmp_13_7_fu_1952_p2      |   icmp   |      0|  0|   9|           3|           3|
    |tmp_13_8_fu_2027_p2      |   icmp   |      0|  0|   9|           3|           3|
    |tmp_13_9_fu_2102_p2      |   icmp   |      0|  0|   9|           3|           3|
    |tmp_13_fu_1427_p2        |   icmp   |      0|  0|   9|           3|           3|
    |tmp_13_s_fu_2177_p2      |   icmp   |      0|  0|   9|           3|           3|
    |sigma_1_10_fu_2258_p3    |  select  |      0|  0|  64|           1|          64|
    |sigma_1_11_fu_2333_p3    |  select  |      0|  0|  64|           1|          64|
    |sigma_1_12_fu_2408_p3    |  select  |      0|  0|  64|           1|          64|
    |sigma_1_13_fu_2483_p3    |  select  |      0|  0|  64|           1|          64|
    |sigma_1_14_fu_2558_p3    |  select  |      0|  0|  64|           1|          64|
    |sigma_1_1_fu_1508_p3     |  select  |      0|  0|  64|           1|          64|
    |sigma_1_2_fu_1583_p3     |  select  |      0|  0|  64|           1|          64|
    |sigma_1_3_fu_1658_p3     |  select  |      0|  0|  64|           1|          64|
    |sigma_1_4_fu_1733_p3     |  select  |      0|  0|  64|           1|          64|
    |sigma_1_5_fu_1808_p3     |  select  |      0|  0|  64|           1|          64|
    |sigma_1_6_fu_1883_p3     |  select  |      0|  0|  64|           1|          64|
    |sigma_1_7_fu_1958_p3     |  select  |      0|  0|  64|           1|          64|
    |sigma_1_8_fu_2033_p3     |  select  |      0|  0|  64|           1|          64|
    |sigma_1_9_fu_2108_p3     |  select  |      0|  0|  64|           1|          64|
    |sigma_1_fu_1433_p3       |  select  |      0|  0|  64|           1|          64|
    |sigma_1_s_fu_2183_p3     |  select  |      0|  0|  64|           1|          64|
    |ap_enable_pp1            |    xor   |      0|  0|   2|           1|           2|
    +-------------------------+----------+-------+---+----+------------+------------+
    |Total                    |          |      6|  0|2405|         517|        1472|
    +-------------------------+----------+-------+---+----+------------+------------+

    * Multiplexer: 
    +-----------------------------+------+-----------+-----+-----------+
    |             Name            |  LUT | Input Size| Bits| Total Bits|
    +-----------------------------+------+-----------+-----+-----------+
    |J_address0                   |    85|         17|    4|         68|
    |ap_NS_fsm                    |  2193|       1112|    1|       1112|
    |ap_enable_reg_pp1_iter2      |     9|          2|    1|          2|
    |ap_phi_mux_q_phi_fu_1230_p4  |     9|          2|    5|         10|
    |b_address0                   |    85|         17|    2|         34|
    |grp_fu_1243_opcode           |    15|          3|    2|          6|
    |grp_fu_1243_p0               |    93|         19|   64|       1216|
    |grp_fu_1243_p1               |    89|         18|   64|       1152|
    |grp_fu_1289_p0               |    27|          5|   32|        160|
    |i1_10_reg_1039               |     9|          2|    3|          6|
    |i1_11_reg_1074               |     9|          2|    3|          6|
    |i1_12_reg_1109               |     9|          2|    3|          6|
    |i1_13_reg_1144               |     9|          2|    3|          6|
    |i1_14_reg_1179               |     9|          2|    3|          6|
    |i1_1_reg_689                 |     9|          2|    3|          6|
    |i1_2_reg_724                 |     9|          2|    3|          6|
    |i1_3_reg_759                 |     9|          2|    3|          6|
    |i1_4_reg_794                 |     9|          2|    3|          6|
    |i1_5_reg_829                 |     9|          2|    3|          6|
    |i1_6_reg_864                 |     9|          2|    3|          6|
    |i1_7_reg_899                 |     9|          2|    3|          6|
    |i1_8_reg_934                 |     9|          2|    3|          6|
    |i1_9_reg_969                 |     9|          2|    3|          6|
    |i1_reg_654                   |     9|          2|    3|          6|
    |i1_s_reg_1004                |     9|          2|    3|          6|
    |i_reg_643                    |     9|          2|    5|         10|
    |j_10_reg_1028                |     9|          2|    3|          6|
    |j_11_reg_1063                |     9|          2|    3|          6|
    |j_12_reg_1098                |     9|          2|    3|          6|
    |j_13_reg_1133                |     9|          2|    3|          6|
    |j_14_reg_1168                |     9|          2|    3|          6|
    |j_15_reg_1203                |     9|          2|    3|          6|
    |j_2_reg_748                  |     9|          2|    3|          6|
    |j_3_reg_783                  |     9|          2|    3|          6|
    |j_4_reg_818                  |     9|          2|    3|          6|
    |j_5_reg_853                  |     9|          2|    3|          6|
    |j_6_reg_888                  |     9|          2|    3|          6|
    |j_7_reg_923                  |     9|          2|    3|          6|
    |j_8_reg_958                  |     9|          2|    3|          6|
    |j_9_reg_993                  |     9|          2|    3|          6|
    |j_reg_678                    |     9|          2|    3|          6|
    |j_s_reg_713                  |     9|          2|    3|          6|
    |q_reg_1226                   |     9|          2|    5|         10|
    |sigma_10_reg_1016            |     9|          2|   64|        128|
    |sigma_11_reg_1051            |     9|          2|   64|        128|
    |sigma_12_reg_1086            |     9|          2|   64|        128|
    |sigma_13_reg_1121            |     9|          2|   64|        128|
    |sigma_14_reg_1156            |     9|          2|   64|        128|
    |sigma_15_reg_1191            |     9|          2|   64|        128|
    |sigma_16_reg_736             |     9|          2|   64|        128|
    |sigma_3_reg_771              |     9|          2|   64|        128|
    |sigma_4_reg_806              |     9|          2|   64|        128|
    |sigma_5_reg_841              |     9|          2|   64|        128|
    |sigma_6_reg_876              |     9|          2|   64|        128|
    |sigma_7_reg_911              |     9|          2|   64|        128|
    |sigma_8_reg_946              |     9|          2|   64|        128|
    |sigma_9_reg_981              |     9|          2|   64|        128|
    |sigma_reg_666                |     9|          2|   64|        128|
    |sigma_s_reg_701              |     9|          2|   64|        128|
    |sum_reg_1214                 |     9|          2|   64|        128|
    |x_new_address0               |   101|         21|    4|         84|
    |x_new_d0                     |    15|          3|   32|         96|
    |x_prev_address0              |   101|         21|    4|         84|
    |x_prev_d0                    |    15|          3|   32|         96|
    +-----------------------------+------+-----------+-----+-----------+
    |Total                        |  3296|       1345| 1441|       6508|
    +-----------------------------+------+-----------+-----+-----------+

    * Register: 
    +------------------------------------------------+------+----+------+-----------+
    |                      Name                      |  FF  | LUT| Bits | Const Bits|
    +------------------------------------------------+------+----+------+-----------+
    |ap_CS_fsm                                       |  1111|   0|  1111|          0|
    |ap_enable_reg_pp1_iter0                         |     1|   0|     1|          0|
    |ap_enable_reg_pp1_iter1                         |     1|   0|     1|          0|
    |ap_enable_reg_pp1_iter2                         |     1|   0|     1|          0|
    |exitcond_reg_3364                               |     1|   0|     1|          0|
    |grp_p_hls_fptosi_double_s_fu_1237_ap_start_reg  |     1|   0|     1|          0|
    |i1_10_reg_1039                                  |     3|   0|     3|          0|
    |i1_11_reg_1074                                  |     3|   0|     3|          0|
    |i1_12_reg_1109                                  |     3|   0|     3|          0|
    |i1_13_reg_1144                                  |     3|   0|     3|          0|
    |i1_14_reg_1179                                  |     3|   0|     3|          0|
    |i1_1_reg_689                                    |     3|   0|     3|          0|
    |i1_2_reg_724                                    |     3|   0|     3|          0|
    |i1_3_reg_759                                    |     3|   0|     3|          0|
    |i1_4_reg_794                                    |     3|   0|     3|          0|
    |i1_5_reg_829                                    |     3|   0|     3|          0|
    |i1_6_reg_864                                    |     3|   0|     3|          0|
    |i1_7_reg_899                                    |     3|   0|     3|          0|
    |i1_8_reg_934                                    |     3|   0|     3|          0|
    |i1_9_reg_969                                    |     3|   0|     3|          0|
    |i1_reg_654                                      |     3|   0|     3|          0|
    |i1_s_reg_1004                                   |     3|   0|     3|          0|
    |i_2_10_reg_3131                                 |     3|   0|     3|          0|
    |i_2_11_reg_3178                                 |     3|   0|     3|          0|
    |i_2_12_reg_3225                                 |     3|   0|     3|          0|
    |i_2_13_reg_3272                                 |     3|   0|     3|          0|
    |i_2_14_reg_3320                                 |     3|   0|     3|          0|
    |i_2_1_reg_2661                                  |     3|   0|     3|          0|
    |i_2_2_reg_2708                                  |     3|   0|     3|          0|
    |i_2_3_reg_2755                                  |     3|   0|     3|          0|
    |i_2_4_reg_2802                                  |     3|   0|     3|          0|
    |i_2_5_reg_2849                                  |     3|   0|     3|          0|
    |i_2_6_reg_2896                                  |     3|   0|     3|          0|
    |i_2_7_reg_2943                                  |     3|   0|     3|          0|
    |i_2_8_reg_2990                                  |     3|   0|     3|          0|
    |i_2_9_reg_3037                                  |     3|   0|     3|          0|
    |i_2_reg_2614                                    |     3|   0|     3|          0|
    |i_2_s_reg_3084                                  |     3|   0|     3|          0|
    |i_reg_643                                       |     5|   0|     5|          0|
    |j_10_reg_1028                                   |     3|   0|     3|          0|
    |j_11_reg_1063                                   |     3|   0|     3|          0|
    |j_12_reg_1098                                   |     3|   0|     3|          0|
    |j_13_reg_1133                                   |     3|   0|     3|          0|
    |j_14_reg_1168                                   |     3|   0|     3|          0|
    |j_15_reg_1203                                   |     3|   0|     3|          0|
    |j_1_10_reg_3155                                 |     3|   0|     3|          0|
    |j_1_11_reg_3202                                 |     3|   0|     3|          0|
    |j_1_12_reg_3249                                 |     3|   0|     3|          0|
    |j_1_13_reg_3296                                 |     3|   0|     3|          0|
    |j_1_14_reg_3344                                 |     3|   0|     3|          0|
    |j_1_1_reg_2685                                  |     3|   0|     3|          0|
    |j_1_2_reg_2732                                  |     3|   0|     3|          0|
    |j_1_3_reg_2779                                  |     3|   0|     3|          0|
    |j_1_4_reg_2826                                  |     3|   0|     3|          0|
    |j_1_5_reg_2873                                  |     3|   0|     3|          0|
    |j_1_6_reg_2920                                  |     3|   0|     3|          0|
    |j_1_7_reg_2967                                  |     3|   0|     3|          0|
    |j_1_8_reg_3014                                  |     3|   0|     3|          0|
    |j_1_9_reg_3061                                  |     3|   0|     3|          0|
    |j_1_reg_2638                                    |     3|   0|     3|          0|
    |j_1_s_reg_3108                                  |     3|   0|     3|          0|
    |j_2_reg_748                                     |     3|   0|     3|          0|
    |j_3_reg_783                                     |     3|   0|     3|          0|
    |j_4_reg_818                                     |     3|   0|     3|          0|
    |j_5_reg_853                                     |     3|   0|     3|          0|
    |j_6_reg_888                                     |     3|   0|     3|          0|
    |j_7_reg_923                                     |     3|   0|     3|          0|
    |j_8_reg_958                                     |     3|   0|     3|          0|
    |j_9_reg_993                                     |     3|   0|     3|          0|
    |j_reg_678                                       |     3|   0|     3|          0|
    |j_s_reg_713                                     |     3|   0|     3|          0|
    |q_1_reg_3368                                    |     5|   0|     5|          0|
    |q_reg_1226                                      |     5|   0|     5|          0|
    |reg_1299                                        |    32|   0|    32|          0|
    |reg_1304                                        |    32|   0|    32|          0|
    |reg_1308                                        |    64|   0|    64|          0|
    |reg_1315                                        |    64|   0|    64|          0|
    |reg_1326                                        |    64|   0|    64|          0|
    |reg_1331                                        |    64|   0|    64|          0|
    |reg_1342                                        |    32|   0|    32|          0|
    |sigma_10_reg_1016                               |    64|   0|    64|          0|
    |sigma_11_reg_1051                               |    64|   0|    64|          0|
    |sigma_12_reg_1086                               |    64|   0|    64|          0|
    |sigma_13_reg_1121                               |    64|   0|    64|          0|
    |sigma_14_reg_1156                               |    64|   0|    64|          0|
    |sigma_15_reg_1191                               |    64|   0|    64|          0|
    |sigma_16_reg_736                                |    64|   0|    64|          0|
    |sigma_3_reg_771                                 |    64|   0|    64|          0|
    |sigma_4_reg_806                                 |    64|   0|    64|          0|
    |sigma_5_reg_841                                 |    64|   0|    64|          0|
    |sigma_6_reg_876                                 |    64|   0|    64|          0|
    |sigma_7_reg_911                                 |    64|   0|    64|          0|
    |sigma_8_reg_946                                 |    64|   0|    64|          0|
    |sigma_9_reg_981                                 |    64|   0|    64|          0|
    |sigma_reg_666                                   |    64|   0|    64|          0|
    |sigma_s_reg_701                                 |    64|   0|    64|          0|
    |sum_reg_1214                                    |    64|   0|    64|          0|
    |tmp_13_10_reg_3160                              |     1|   0|     1|          0|
    |tmp_13_11_reg_3207                              |     1|   0|     1|          0|
    |tmp_13_12_reg_3254                              |     1|   0|     1|          0|
    |tmp_13_13_reg_3301                              |     1|   0|     1|          0|
    |tmp_13_14_reg_3349                              |     1|   0|     1|          0|
    |tmp_13_1_reg_2690                               |     1|   0|     1|          0|
    |tmp_13_2_reg_2737                               |     1|   0|     1|          0|
    |tmp_13_3_reg_2784                               |     1|   0|     1|          0|
    |tmp_13_4_reg_2831                               |     1|   0|     1|          0|
    |tmp_13_5_reg_2878                               |     1|   0|     1|          0|
    |tmp_13_6_reg_2925                               |     1|   0|     1|          0|
    |tmp_13_7_reg_2972                               |     1|   0|     1|          0|
    |tmp_13_8_reg_3019                               |     1|   0|     1|          0|
    |tmp_13_9_reg_3066                               |     1|   0|     1|          0|
    |tmp_13_reg_2643                                 |     1|   0|     1|          0|
    |tmp_13_s_reg_3113                               |     1|   0|     1|          0|
    |tmp_14_10_reg_3136                              |     3|   0|    64|         61|
    |tmp_14_11_reg_3183                              |     3|   0|    64|         61|
    |tmp_14_12_reg_3230                              |     3|   0|    64|         61|
    |tmp_14_13_reg_3277                              |     3|   0|    64|         61|
    |tmp_14_14_reg_3325                              |     3|   0|    64|         61|
    |tmp_14_1_reg_2666                               |     3|   0|    64|         61|
    |tmp_14_2_reg_2713                               |     3|   0|    64|         61|
    |tmp_14_3_reg_2760                               |     3|   0|    64|         61|
    |tmp_14_4_reg_2807                               |     3|   0|    64|         61|
    |tmp_14_5_reg_2854                               |     3|   0|    64|         61|
    |tmp_14_6_reg_2901                               |     3|   0|    64|         61|
    |tmp_14_7_reg_2948                               |     3|   0|    64|         61|
    |tmp_14_8_reg_2995                               |     3|   0|    64|         61|
    |tmp_14_9_reg_3042                               |     3|   0|    64|         61|
    |tmp_14_s_reg_3089                               |     3|   0|    64|         61|
    |tmp_2_reg_3373                                  |     5|   0|    64|         59|
    |tmp_3_reg_3388                                  |    32|   0|    32|          0|
    |tmp_4_reg_3394                                  |    32|   0|    32|          0|
    |tmp_s_reg_2619                                  |     3|   0|    64|         61|
    |exitcond_reg_3364                               |    64|  32|     1|          0|
    +------------------------------------------------+------+----+------+-----------+
    |Total                                           |  2960|  32|  3932|       1035|
    +------------------------------------------------+------+----+------+-----------+



================================================================
== Interface
================================================================
* Summary: 
+------------+-----+-----+------------+--------------+--------------+
|  RTL Ports | Dir | Bits|  Protocol  | Source Object|    C Type    |
+------------+-----+-----+------------+--------------+--------------+
|ap_clk      |  in |    1| ap_ctrl_hs |  jacobi_HLS  | return value |
|ap_rst      |  in |    1| ap_ctrl_hs |  jacobi_HLS  | return value |
|ap_start    |  in |    1| ap_ctrl_hs |  jacobi_HLS  | return value |
|ap_done     | out |    1| ap_ctrl_hs |  jacobi_HLS  | return value |
|ap_idle     | out |    1| ap_ctrl_hs |  jacobi_HLS  | return value |
|ap_ready    | out |    1| ap_ctrl_hs |  jacobi_HLS  | return value |
|ap_return   | out |   64| ap_ctrl_hs |  jacobi_HLS  | return value |
|J_address0  | out |    4|  ap_memory |       J      |     array    |
|J_ce0       | out |    1|  ap_memory |       J      |     array    |
|J_q0        |  in |   32|  ap_memory |       J      |     array    |
|b_address0  | out |    2|  ap_memory |       b      |     array    |
|b_ce0       | out |    1|  ap_memory |       b      |     array    |
|b_q0        |  in |   32|  ap_memory |       b      |     array    |
|x_address0  | out |    4|  ap_memory |       x      |     array    |
|x_ce0       | out |    1|  ap_memory |       x      |     array    |
|x_we0       | out |    1|  ap_memory |       x      |     array    |
|x_d0        | out |   32|  ap_memory |       x      |     array    |
+------------+-----+-----+------------+--------------+--------------+

