INFO-FLOW: Workspace H:/Jorge/UPM/master/2oCuatri/HLS/Proyectos/Proyectos/Ejercicio1/Jacobi/solution5 opened at Fri May 31 12:10:21 +0200 2019
Execute     config_clock -quiet -name default -period 10 -default=false 
INFO: [SYN 201-201] Setting up clock 'default' with a period of 10ns.
Execute     open_platform DefaultPlatform 
Execute     import_lib C:/Xilinx/Vivado/2018.3/common/technology/xilinx/zynq/zynq 
Execute       source C:/Xilinx/Vivado/2018.3/common/technology/xilinx/common/xilinx.lib 
Execute         source C:/Xilinx/Vivado/2018.3/common/technology/xilinx/interface/xilinx_interface.lib 
Execute           source C:/Xilinx/Vivado/2018.3/common/technology/xilinx/interface/plb46.lib 
Execute           source C:/Xilinx/Vivado/2018.3/common/technology/xilinx/interface/fsl.lib 
Execute           source C:/Xilinx/Vivado/2018.3/common/technology/xilinx/interface/axi4.lib 
Execute           source C:/Xilinx/Vivado/2018.3/common/technology/xilinx/interface/maxi.lib 
Execute           source C:/Xilinx/Vivado/2018.3/common/technology/xilinx/interface/saxilite.lib 
Execute         source C:/Xilinx/Vivado/2018.3/common/technology/xilinx/common/dsp48.lib 
Execute         source C:/Xilinx/Vivado/2018.3/common/technology/xilinx/ip/dds_compiler.lib 
Execute         source C:/Xilinx/Vivado/2018.3/common/technology/xilinx/ip/xfft.lib 
Execute         source C:/Xilinx/Vivado/2018.3/common/technology/xilinx/ip/xfir.lib 
Execute       source C:/Xilinx/Vivado/2018.3/common/technology/xilinx/common/xilinx_old.lib 
Execute       source C:/Xilinx/Vivado/2018.3/common/technology/xilinx/common/xilinx_vivado.lib 
Execute       source C:/Xilinx/Vivado/2018.3/common/technology/xilinx/common/xilinx.hlp 
Execute         source C:/Xilinx/Vivado/2018.3/common/technology/xilinx/common/target_info.tcl 
Execute         source C:/Xilinx/Vivado/2018.3/common/technology/xilinx/interface/xilinx_interface.hlp 
Execute           source C:/Xilinx/Vivado/2018.3/common/technology/xilinx/interface/maxi.hlp 
Execute           source C:/Xilinx/Vivado/2018.3/common/technology/xilinx/interface/saxilite.hlp 
Execute         source C:/Xilinx/Vivado/2018.3/common/technology/xilinx/common/dsp48.hlp 
Execute       source C:/Xilinx/Vivado/2018.3/common/technology/xilinx/zynq/dsp48e1.hlp 
Execute       get_default_platform 
Execute       config_chip_info -quiet -resource  {SLICE 13300}  {LUT 53200}     {FF 106400} {DSP48E 220}   {BRAM 280}  
Execute       config_chip_info -quiet -speed medium 
Execute       source C:/Xilinx/Vivado/2018.3/common/technology/xilinx/common/xilinx.hlp 
Execute         source C:/Xilinx/Vivado/2018.3/common/technology/xilinx/common/target_info.tcl 
Execute         source C:/Xilinx/Vivado/2018.3/common/technology/xilinx/interface/xilinx_interface.hlp 
Execute           source C:/Xilinx/Vivado/2018.3/common/technology/xilinx/interface/maxi.hlp 
Execute           source C:/Xilinx/Vivado/2018.3/common/technology/xilinx/interface/saxilite.hlp 
Execute         source C:/Xilinx/Vivado/2018.3/common/technology/xilinx/common/dsp48.hlp 
Execute     source C:/Xilinx/Vivado/2018.3/common/technology/xilinx/zynq/zynq.gen 
Execute       source C:/Xilinx/Vivado/2018.3/common/technology/xilinx/common/virtex.gen 
Execute         source C:/Xilinx/Vivado/2018.3/common/technology/xilinx/common/xilinx.gen 
Execute           source C:/Xilinx/Vivado/2018.3/common/technology/xilinx/interface/plb46.gen 
Execute           source C:/Xilinx/Vivado/2018.3/common/technology/xilinx/interface/fsl.gen 
Execute           source C:/Xilinx/Vivado/2018.3/common/technology/xilinx/interface/axi4.gen 
Execute           source C:/Xilinx/Vivado/2018.3/common/technology/xilinx/interface/nativeAXI4.gen 
Execute             source C:/Xilinx/Vivado/2018.3/common/technology/xilinx/interface/saxilite.gen 
Execute             source C:/Xilinx/Vivado/2018.3/common/technology/xilinx/interface/maxi.gen 
Execute           source C:/Xilinx/Vivado/2018.3/common/technology/xilinx/scripts/xilinxcoregen.gen 
Execute           source C:/Xilinx/Vivado/2018.3/common/technology/xilinx/interface/XilEDKCoreGen.gen 
Execute           source C:/Xilinx/Vivado/2018.3/common/technology/xilinx/ip/dds_compiler.gen 
Execute           source C:/Xilinx/Vivado/2018.3/common/technology/xilinx/ip/util.gen 
Execute           source C:/Xilinx/Vivado/2018.3/common/technology/xilinx/ip/xfft.gen 
Command           ap_source done; 0.101 sec.
Execute           source C:/Xilinx/Vivado/2018.3/common/technology/xilinx/ip/xfir.gen 
Command         ap_source done; 0.141 sec.
Execute         source C:/Xilinx/Vivado/2018.3/common/technology/xilinx/common/dsp48.gen 
Command       ap_source done; 0.144 sec.
Command     ap_source done; 0.144 sec.
Execute     open_platform DefaultPlatform 
Execute     import_lib C:/Xilinx/Vivado/2018.3/common/technology/xilinx/zynq/zynq_fpv6 
Execute       source C:/Xilinx/Vivado/2018.3/common/technology/xilinx/common/xilinx_fpv7.lib 
Execute         source C:/Xilinx/Vivado/2018.3/common/technology/xilinx/common/xilinx_hp.lib 
Execute       source C:/Xilinx/Vivado/2018.3/common/technology/xilinx/common/xilinx_fpv.hlp 
Execute         source C:/Xilinx/Vivado/2018.3/common/technology/xilinx/common/xilinx.hlp 
Execute           source C:/Xilinx/Vivado/2018.3/common/technology/xilinx/common/target_info.tcl 
Execute           source C:/Xilinx/Vivado/2018.3/common/technology/xilinx/interface/xilinx_interface.hlp 
Execute             source C:/Xilinx/Vivado/2018.3/common/technology/xilinx/interface/maxi.hlp 
Execute             source C:/Xilinx/Vivado/2018.3/common/technology/xilinx/interface/saxilite.hlp 
Execute           source C:/Xilinx/Vivado/2018.3/common/technology/xilinx/common/dsp48.hlp 
Execute       source C:/Xilinx/Vivado/2018.3/common/technology/xilinx/zynq/zynq_hp.hlp 
Execute     source C:/Xilinx/Vivado/2018.3/common/technology/xilinx/zynq/zynq_fpv6.gen 
Execute       source C:/Xilinx/Vivado/2018.3/common/technology/xilinx/common/xilinx_fpv6.gen 
Execute     set_part xc7z020clg400-1 
Execute       add_library xilinx/zynq/zynq:xc7z020:clg400:-1 
Execute         get_default_platform 
Execute         license_isbetapart xc7z020 
Command         license_isbetapart done; error code: 1; 
Execute         get_default_platform 
Execute         config_chip_info -quiet -resource  {SLICE 13300}  {LUT 53200}     {FF 106400} {DSP48E 220}   {BRAM 280}  
Execute         config_chip_info -quiet -speed slow 
Execute       add_library xilinx/zynq/zynq_fpv6 
Execute         get_default_platform 
INFO: [HLS 200-10] Setting target device to 'xc7z020clg400-1'
Execute       get_default_platform 
Execute     get_default_platform 
Execute     config_chip_info -quiet -resource  {SLICE 13300}  {LUT 53200}     {FF 106400} {DSP48E 220}   {BRAM 280}  
Execute     config_chip_info -quiet -speed slow 
Command   open_solution done; 0.255 sec.
Execute   set_part xc7z020clg400-1 
Execute     add_library xilinx/zynq/zynq:xc7z020:clg400:-1 
Execute       get_default_platform 
Execute       license_isbetapart xc7z020 
Command       license_isbetapart done; error code: 1; 
Execute       get_default_platform 
Execute       config_chip_info -quiet -resource  {SLICE 13300}  {LUT 53200}     {FF 106400} {DSP48E 220}   {BRAM 280}  
Execute       config_chip_info -quiet -speed slow 
Execute     add_library xilinx/zynq/zynq_fpv6 
Execute       get_default_platform 
Execute     get_default_platform 
Execute   create_clock -period 10 -name default 
Execute   source ./Jacobi/solution5/directives.tcl 
Execute     set_directive_pipeline jacobi_HLS/Iteracciones 
INFO-FLOW: Setting directive 'PIPELINE' 
Execute     set_directive_unroll jacobi_HLS/Columnas 
INFO-FLOW: Setting directive 'PIPELINE' 
INFO-FLOW: Setting directive 'UNROLL' 
Execute     set_directive_unroll jacobi_HLS/filas 
INFO-FLOW: Setting directive 'PIPELINE' 
INFO-FLOW: Setting directive 'UNROLL' 
INFO-FLOW: Setting directive 'UNROLL' 
Execute     set_directive_pipeline jacobi_HLS/inicializacion 
INFO-FLOW: Setting directive 'PIPELINE' 
INFO-FLOW: Setting directive 'UNROLL' 
INFO-FLOW: Setting directive 'UNROLL' 
INFO-FLOW: Setting directive 'PIPELINE' 
Execute     set_directive_pipeline jacobi_HLS/calculo_error 
INFO-FLOW: Setting directive 'PIPELINE' 
INFO-FLOW: Setting directive 'UNROLL' 
INFO-FLOW: Setting directive 'UNROLL' 
INFO-FLOW: Setting directive 'PIPELINE' 
INFO-FLOW: Setting directive 'PIPELINE' 
Execute     set_directive_unroll jacobi_HLS/Iteracciones 
INFO-FLOW: Setting directive 'PIPELINE' 
INFO-FLOW: Setting directive 'UNROLL' 
INFO-FLOW: Setting directive 'UNROLL' 
INFO-FLOW: Setting directive 'PIPELINE' 
INFO-FLOW: Setting directive 'PIPELINE' 
INFO-FLOW: Setting directive 'UNROLL' 
Execute     set_directive_pipeline jacobi_HLS/filas 
INFO-FLOW: Setting directive 'PIPELINE' 
INFO-FLOW: Setting directive 'UNROLL' 
INFO-FLOW: Setting directive 'UNROLL' 
INFO-FLOW: Setting directive 'PIPELINE' 
INFO-FLOW: Setting directive 'PIPELINE' 
INFO-FLOW: Setting directive 'UNROLL' 
INFO-FLOW: Setting directive 'PIPELINE' 
Execute   csynth_design 
Execute     get_config_compile -effort 
Execute     get_config_compile -enable_clang39 
Execute     get_config_compile -g 
Execute     get_config_compile -lm 
Execute     get_config_compile -ng 
Execute     get_config_compile -opt_fp 
Execute     get_config_compile -skip_cdt 
Execute     get_config_compile -skip_syncheck 
Execute     get_config_compile -skip_transform 
Execute     config_compile -blackbox  
Execute     get_config_compile -keep_printf 
Execute     elaborate -effort=medium -skip_syncheck=0 -keep_printf=0 -lm=0 -skip_cdt=0 -skip_transform=0 -ng=0 -g=0 -opt_fp=0 -from_csynth_design=1 
Execute       get_config_schedule -relax_ii_for_timing 
INFO: [SCHED 204-61] Option 'relax_ii_for_timing' is enabled, will increase II to preserve clock frequency constraints.
Execute       get_config_schedule -suppress_dependence_error_break 
INFO: [HLS 200-10] Analyzing design file 'Jacobi/main.c' ... 
INFO-FLOW: Compiling one TU...
Execute       is_m_axi_addr64 
INFO-FLOW: Handling Jacobi/main.c as C
Execute       get_default_platform 
Execute       is_encrypted Jacobi/main.c 
INFO-FLOW: Running: GCC PP
INFO-FLOW: Source preprocessing
Execute       clang  -fno-limit-debug-info -gcc-toolchain "C:/Xilinx/Vivado/2018.3/msys" -hls  -fno-exceptions  -D__llvm__  -E "Jacobi/main.c"     -fno-math-errno -c -emit-llvm -O0  -mllvm -disable-llvm-optzns -std=gnu89   -DAESL_SYN -D__SYNTHESIS__ -D__HLS_SYN__ -I "C:/Xilinx/Vivado/2018.3/common/technology/autopilot" -I "C:/Xilinx/Vivado/2018.3/common/technology/autopilot/ap_sysc" -include etc/autopilot_ssdm_op.h -D__DSP48E1__ -D__cdecl=  -o "H:/Jorge/UPM/master/2oCuatri/HLS/Proyectos/Proyectos/Ejercicio1/Jacobi/solution5/.autopilot/db/main.pp.0.c" 
INFO-FLOW: exec C:/Xilinx/Vivado/2018.3/win64/tools/clang/bin/clang -fno-limit-debug-info -gcc-toolchain C:/Xilinx/Vivado/2018.3/msys -hls -fno-exceptions -D__llvm__ -E Jacobi/main.c -fno-math-errno -c -emit-llvm -O0 -mllvm -disable-llvm-optzns -std=gnu89 -DAESL_SYN -D__SYNTHESIS__ -D__HLS_SYN__ -I C:/Xilinx/Vivado/2018.3/common/technology/autopilot -I C:/Xilinx/Vivado/2018.3/common/technology/autopilot/ap_sysc -include etc/autopilot_ssdm_op.h -D__DSP48E1__ -D__cdecl= -o H:/Jorge/UPM/master/2oCuatri/HLS/Proyectos/Proyectos/Ejercicio1/Jacobi/solution5/.autopilot/db/main.pp.0.c
Command       clang done; 0.948 sec.
Execute       tidy_31 xilinx-xfmat-array-geometry H:/Jorge/UPM/master/2oCuatri/HLS/Proyectos/Proyectos/Ejercicio1/Jacobi/solution5/.autopilot/db/main.pp.0.c std=gnu89 
INFO-FLOW: exec C:/Xilinx/Vivado/2018.3/win64/tools/clang-3.9-csynth/bin/tidy-3.1 -header-filter=.* -checks=-*,xilinx-xfmat-array-geometry -quiet -fix H:/Jorge/UPM/master/2oCuatri/HLS/Proyectos/Proyectos/Ejercicio1/Jacobi/solution5/.autopilot/db/main.pp.0.c -- -std=gnu89 -fhls -ferror-limit=0
INFO-FLOW: Syntax Checking before pre-processing...
Execute       clang -syntaxcheck -src H:/Jorge/UPM/master/2oCuatri/HLS/Proyectos/Proyectos/Ejercicio1/Jacobi/solution5/.autopilot/db/main.pp.0.c  -fno-limit-debug-info -gcc-toolchain "C:/Xilinx/Vivado/2018.3/msys" -hls    -fno-math-errno -c -emit-llvm -O0  -mllvm -disable-llvm-optzns -std=gnu89   -DAESL_SYN -D__SYNTHESIS__ -D__HLS_SYN__ -I "C:/Xilinx/Vivado/2018.3/common/technology/autopilot" -I "C:/Xilinx/Vivado/2018.3/common/technology/autopilot/ap_sysc" -include etc/autopilot_ssdm_op.h -D__DSP48E1__ -D__cdecl=  "H:/Jorge/UPM/master/2oCuatri/HLS/Proyectos/Proyectos/Ejercicio1/Jacobi/solution5/.autopilot/db/main.pp.0.c"  -o "H:/Jorge/UPM/master/2oCuatri/HLS/Proyectos/Proyectos/Ejercicio1/Jacobi/solution5/.autopilot/db/useless.bc"  
INFO-FLOW: exec C:/Xilinx/Vivado/2018.3/win64/tools/clang/bin/clang -fno-limit-debug-info -gcc-toolchain C:/Xilinx/Vivado/2018.3/msys -hls -fno-math-errno -c -emit-llvm -O0 -mllvm -disable-llvm-optzns -std=gnu89 -DAESL_SYN -D__SYNTHESIS__ -D__HLS_SYN__ -I C:/Xilinx/Vivado/2018.3/common/technology/autopilot -I C:/Xilinx/Vivado/2018.3/common/technology/autopilot/ap_sysc -include etc/autopilot_ssdm_op.h -D__DSP48E1__ -D__cdecl= H:/Jorge/UPM/master/2oCuatri/HLS/Proyectos/Proyectos/Ejercicio1/Jacobi/solution5/.autopilot/db/main.pp.0.c -o H:/Jorge/UPM/master/2oCuatri/HLS/Proyectos/Proyectos/Ejercicio1/Jacobi/solution5/.autopilot/db/useless.bc
WARNING: [HLS 200-40] In file included from Jacobi/main.c:1:
Jacobi/main.c:18:3: warning: array index 16 is past the end of the array (which contains 16 elements) [-Warray-bounds]
  x_prev[16]=x_new[16];
  ^      ~~
Jacobi/main.c:7:2: note: array 'x_prev' declared here
 int x_prev[16], x_new[16];
 ^
Jacobi/main.c:18:14: warning: array index 16 is past the end of the array (which contains 16 elements) [-Warray-bounds]
  x_prev[16]=x_new[16];
             ^     ~~
Jacobi/main.c:7:2: note: array 'x_new' declared here
 int x_prev[16], x_new[16];
 ^
2 warnings generated.
Command       clang done; 0.947 sec.
INFO-FLOW: Done: GCC PP time: 2 seconds per iteration
INFO-FLOW: Setting directive 'PIPELINE' 
INFO-FLOW: Setting directive 'UNROLL' 
INFO-FLOW: Setting directive 'UNROLL' 
INFO-FLOW: Setting directive 'PIPELINE' 
INFO-FLOW: Setting directive 'PIPELINE' 
INFO-FLOW: Setting directive 'UNROLL' 
INFO-FLOW: Setting directive 'PIPELINE' 
INFO-FLOW: Setting directive 'PIPELINE' 
INFO-FLOW: Setting directive 'UNROLL' 
INFO-FLOW: Setting directive 'UNROLL' 
INFO-FLOW: Setting directive 'PIPELINE' 
INFO-FLOW: Setting directive 'PIPELINE' 
INFO-FLOW: Setting directive 'UNROLL' 
INFO-FLOW: Setting directive 'PIPELINE' 
Execute       list_core -type functional_unit 
Execute       tidy_31 xilinx-systemc-detector H:/Jorge/UPM/master/2oCuatri/HLS/Proyectos/Proyectos/Ejercicio1/Jacobi/solution5/.autopilot/db/main.pp.0.c std=gnu89 -directive=H:/Jorge/UPM/master/2oCuatri/HLS/Proyectos/Proyectos/Ejercicio1/Jacobi/solution5/.autopilot/db/.systemc_flag 
INFO-FLOW: exec C:/Xilinx/Vivado/2018.3/win64/tools/clang-3.9-csynth/bin/tidy-3.1 -header-filter=.* -checks=-*,xilinx-systemc-detector -import-directive=H:/Jorge/UPM/master/2oCuatri/HLS/Proyectos/Proyectos/Ejercicio1/Jacobi/solution5/.autopilot/db/.systemc_flag -quiet -fix-errors H:/Jorge/UPM/master/2oCuatri/HLS/Proyectos/Proyectos/Ejercicio1/Jacobi/solution5/.autopilot/db/main.pp.0.c -- -std=gnu89 -fhls -ferror-limit=0
INFO-FLOW: Running: tidy-3.1 CDT preprocess
Execute       tidy_31 xilinx-directive2pragma H:/Jorge/UPM/master/2oCuatri/HLS/Proyectos/Proyectos/Ejercicio1/Jacobi/solution5/.autopilot/db/main.pp.0.c std=gnu89 -directive=H:/Jorge/UPM/master/2oCuatri/HLS/Proyectos/Proyectos/Ejercicio1/Jacobi/solution5/.autopilot/db/all.directive.json 
INFO-FLOW: exec C:/Xilinx/Vivado/2018.3/win64/tools/clang-3.9-csynth/bin/tidy-3.1 -header-filter=.* -checks=-*,xilinx-directive2pragma -import-directive=H:/Jorge/UPM/master/2oCuatri/HLS/Proyectos/Proyectos/Ejercicio1/Jacobi/solution5/.autopilot/db/all.directive.json -quiet -fix-errors H:/Jorge/UPM/master/2oCuatri/HLS/Proyectos/Proyectos/Ejercicio1/Jacobi/solution5/.autopilot/db/main.pp.0.c -- -std=gnu89 -fhls -ferror-limit=0
Execute       get_config_dataflow -strict_mode 
Execute       ap_eval exec -ignorestderr C:/Xilinx/Vivado/2018.3/win64/tools/clang-3.9-csynth/bin/xilinx-dataflow-lawyer -export-fixes=H:/Jorge/UPM/master/2oCuatri/HLS/Proyectos/Proyectos/Ejercicio1/Jacobi/solution5/.autopilot/db/xilinx-dataflow-lawyer.main.pp.0.c.diag.yml H:/Jorge/UPM/master/2oCuatri/HLS/Proyectos/Proyectos/Ejercicio1/Jacobi/solution5/.autopilot/db/main.pp.0.c -- -std=gnu99 -fhls -ferror-limit=0 -fstrict-dataflow > H:/Jorge/UPM/master/2oCuatri/HLS/Proyectos/Proyectos/Ejercicio1/Jacobi/solution5/.autopilot/db/xilinx-dataflow-lawyer.main.pp.0.c.out.log 2> H:/Jorge/UPM/master/2oCuatri/HLS/Proyectos/Proyectos/Ejercicio1/Jacobi/solution5/.autopilot/db/xilinx-dataflow-lawyer.main.pp.0.c.err.log 
Execute       tidy_31 -errorcheck xilinx-constantarray-param,xilinx-resource-pragma-transformer,xilinx-xfmat-array-geometry H:/Jorge/UPM/master/2oCuatri/HLS/Proyectos/Proyectos/Ejercicio1/Jacobi/solution5/.autopilot/db/main.pp.0.c std=gnu89 
Execute         ap_eval exec -ignorestderr C:/Xilinx/Vivado/2018.3/win64/tools/clang-3.9-csynth/bin/tidy-3.1 -export-fixes=H:/Jorge/UPM/master/2oCuatri/HLS/Proyectos/Proyectos/Ejercicio1/Jacobi/solution5/.autopilot/db/tidy-3.1.main.pp.0.c.diag.yml -header-filter=.* -checks=-*,xilinx-constantarray-param,xilinx-resource-pragma-transformer,xilinx-xfmat-array-geometry -quiet -fix-errors H:/Jorge/UPM/master/2oCuatri/HLS/Proyectos/Proyectos/Ejercicio1/Jacobi/solution5/.autopilot/db/main.pp.0.c -- -std=gnu89 -fhls -ferror-limit=0 > H:/Jorge/UPM/master/2oCuatri/HLS/Proyectos/Proyectos/Ejercicio1/Jacobi/solution5/.autopilot/db/tidy-3.1.main.pp.0.c.out.log 2> H:/Jorge/UPM/master/2oCuatri/HLS/Proyectos/Proyectos/Ejercicio1/Jacobi/solution5/.autopilot/db/tidy-3.1.main.pp.0.c.err.log 
Execute         ap_eval exec -ignorestderr C:/Xilinx/Vivado/2018.3/win64/tools/clang-3.9-csynth/bin/xilinx-legacy-rewriter H:/Jorge/UPM/master/2oCuatri/HLS/Proyectos/Proyectos/Ejercicio1/Jacobi/solution5/.autopilot/db/main.pp.0.c -- -std=gnu89 -fhls -ferror-limit=0 > H:/Jorge/UPM/master/2oCuatri/HLS/Proyectos/Proyectos/Ejercicio1/Jacobi/solution5/.autopilot/db/xilinx-legacy-rewriter.main.pp.0.c.out.log 2> H:/Jorge/UPM/master/2oCuatri/HLS/Proyectos/Proyectos/Ejercicio1/Jacobi/solution5/.autopilot/db/xilinx-legacy-rewriter.main.pp.0.c.err.log 
Command       tidy_31 done; 0.174 sec.
INFO-FLOW: Done: tidy-3.1 CDT preprocess time: 0.3 seconds per iteration
INFO-FLOW: Pragma Handling...
Execute       tidy_31 xilinx-ssdm-intrinsics-arguments H:/Jorge/UPM/master/2oCuatri/HLS/Proyectos/Proyectos/Ejercicio1/Jacobi/solution5/.autopilot/db/main.pragma.1.c std=gnu89 
INFO-FLOW: exec C:/Xilinx/Vivado/2018.3/win64/tools/clang-3.9-csynth/bin/tidy-3.1 -header-filter=.* -checks=-*,xilinx-ssdm-intrinsics-arguments -quiet -fix-errors H:/Jorge/UPM/master/2oCuatri/HLS/Proyectos/Proyectos/Ejercicio1/Jacobi/solution5/.autopilot/db/main.pragma.1.c -- -std=gnu89 -fhls -ferror-limit=0
Execute       get_default_platform 
INFO-FLOW: Processing labels
Execute       clang -src H:/Jorge/UPM/master/2oCuatri/HLS/Proyectos/Proyectos/Ejercicio1/Jacobi/solution5/.autopilot/db/main.pragma.2.c  -fno-limit-debug-info -gcc-toolchain C:/Xilinx/Vivado/2018.3/msys -hls -hls-analyze-label -hls-analyze-pragma -fno-exceptions  -D__llvm__  -w  "H:/Jorge/UPM/master/2oCuatri/HLS/Proyectos/Proyectos/Ejercicio1/Jacobi/solution5/.autopilot/db/main.pragma.2.c"    -fno-math-errno -c -emit-llvm -O0  -mllvm -disable-llvm-optzns -std=gnu89  -DAESL_SYN -D__SYNTHESIS__ -D__HLS_SYN__ -I "C:/Xilinx/Vivado/2018.3/common/technology/autopilot" -I "C:/Xilinx/Vivado/2018.3/common/technology/autopilot/ap_sysc" -include etc/autopilot_ssdm_op.h -D__DSP48E1__ -g -o "H:/Jorge/UPM/master/2oCuatri/HLS/Proyectos/Proyectos/Ejercicio1/Jacobi/solution5/.autopilot/db/main.bc" 
INFO-FLOW: exec C:/Xilinx/Vivado/2018.3/win64/tools/clang/bin/clang -fno-limit-debug-info -gcc-toolchain C:/Xilinx/Vivado/2018.3/msys -hls -hls-analyze-label -hls-analyze-pragma -fno-exceptions -D__llvm__ -w H:/Jorge/UPM/master/2oCuatri/HLS/Proyectos/Proyectos/Ejercicio1/Jacobi/solution5/.autopilot/db/main.pragma.2.c -fno-math-errno -c -emit-llvm -O0 -mllvm -disable-llvm-optzns -std=gnu89 -DAESL_SYN -D__SYNTHESIS__ -D__HLS_SYN__ -I C:/Xilinx/Vivado/2018.3/common/technology/autopilot -I C:/Xilinx/Vivado/2018.3/common/technology/autopilot/ap_sysc -include etc/autopilot_ssdm_op.h -D__DSP48E1__ -g -o H:/Jorge/UPM/master/2oCuatri/HLS/Proyectos/Proyectos/Ejercicio1/Jacobi/solution5/.autopilot/db/main.bc
Command       clang done; 0.954 sec.
INFO-FLOW: Linking Debug ...
Execute       llvm-ld H:/Jorge/UPM/master/2oCuatri/HLS/Proyectos/Proyectos/Ejercicio1/Jacobi/solution5/.autopilot/db/main.g.bc -hls-opt -except-internalize jacobi_HLS -LC:/Xilinx/Vivado/2018.3/win64/lib -lhlsm -lhlsmc++ -o H:/Jorge/UPM/master/2oCuatri/HLS/Proyectos/Proyectos/Ejercicio1/Jacobi/solution5/.autopilot/db/a.g 
Command       llvm-ld done; 0.995 sec.
INFO: [HLS 200-111] Finished Linking Time (s): cpu = 00:00:00 ; elapsed = 00:00:05 . Memory (MB): peak = 103.125 ; gain = 17.934
INFO: [HLS 200-111] Finished Checking Pragmas Time (s): cpu = 00:00:00 ; elapsed = 00:00:05 . Memory (MB): peak = 103.125 ; gain = 17.934
Execute       get_config_sdx -target 
Execute       opt_and_import_c a -opt_level=2 -skip_syncheck=0 -ng=0 -keep_printf=0 
Execute         cleanup_all_models 
INFO: [HLS 200-10] Starting code transformations ...
Execute         transform -promote-dbg-pointer H:/Jorge/UPM/master/2oCuatri/HLS/Proyectos/Proyectos/Ejercicio1/Jacobi/solution5/.autopilot/db/a.pp.bc -o H:/Jorge/UPM/master/2oCuatri/HLS/Proyectos/Proyectos/Ejercicio1/Jacobi/solution5/.autopilot/db/a.pp.0.bc -f 
Execute         llvm-ld H:/Jorge/UPM/master/2oCuatri/HLS/Proyectos/Proyectos/Ejercicio1/Jacobi/solution5/.autopilot/db/a.pp.0.bc -disable-opt -LC:/Xilinx/Vivado/2018.3/win64/lib -lfloatconversion -o H:/Jorge/UPM/master/2oCuatri/HLS/Proyectos/Proyectos/Ejercicio1/Jacobi/solution5/.autopilot/db/a.g.0 
Command         llvm-ld done; 1.186 sec.
INFO-FLOW: Running Standard Transforms...
Execute         transform -hls -share-std-xform -demangle-name -inline-byval-memcpy -always-inline -promote-dbg-pointer -interface-preproc -mem2reg -lower-blackbox -scalarrepl -mem2reg -keep-read-access -instcombine -dce -promote-dbg-pointer -bitop-raise -loop-simplify -indvarspre -indvars -loop-simplify -xunroll -constprop -instcombine -simplifycfg -indvars -simplifycfg -dce -globaldce -basicaa -simplifycfg -mem2reg -globalopt -global-constprop -deadargelim -instcombine -simplifycfg -prune-eh -simplifycfg -scalarrepl -instcombine -reassociate -licm -simplifycfg -loop-simplify -indvars -instcombine -simplifycfg -mem2reg -loop-simplify -indvars -instcombine -gvn -gvn -instcombine -adce -break-crit-edges -simplifycfg -loop-delete -global-array-opt -dce -dse -adce -find-syn-modules -top jacobi_HLS -deadargelim -mem2reg -instcombine -dce -presyn-prepare -auto-rom-infer -interface-preproc -syn-check -check-rec-only -find-region -simplifycfg -func-extr -function-inline -globaldce -mem2reg -instcombine -dce -gvn -globaldce -adce -adse -constprop -instcombine -bit-constprop -instcombine -dce -simplifycfg -bitop-raise -simplifycfg -dce -loop-delete -reassociate -globalopt -global-privatize -mem2reg -dce -global-constprop -pointer-simplify -constprop -dce -func-inst -deadargelim -auto-shift-reg-idiom -promote-dbg-pointer -norm-name H:/Jorge/UPM/master/2oCuatri/HLS/Proyectos/Proyectos/Ejercicio1/Jacobi/solution5/.autopilot/db/a.g.0.bc -o H:/Jorge/UPM/master/2oCuatri/HLS/Proyectos/Proyectos/Ejercicio1/Jacobi/solution5/.autopilot/db/a.g.1.bc -f -phase std-opt 
Command         transform done; 0.739 sec.
INFO: [HLS 200-111] Finished Standard Transforms Time (s): cpu = 00:00:01 ; elapsed = 00:00:07 . Memory (MB): peak = 151.629 ; gain = 66.438
INFO: [HLS 200-10] Checking synthesizability ...
INFO-FLOW: Checking Synthesizability 1/2..
Execute         transform -hls -syn-check -check-rec-only -disaggr -scalarrepl -norm-name -dce -mem2reg -instcombine -function-uniquify -directive-preproc -mem2reg -dse -dce -auto-rom-infer -dce -pag -array-normalize -instcombine -dce -warn-fifo-pointer -array-seg-normalize -instcombine -dce -array-flatten -instcombine -dce -array-burst -dce -deadargelim -promote-global-argument -simplifycfg -mem2reg -globaldce -resolve-double-ptr -dce -deadargelim -dce -instcombine -function-inline -globaldce -dce -doublePtrSimplify -doublePtrElim -dce -doublePtrSimplify -promote-dbg-pointer -dce -scalarrepl -dse -adse -instcombine -ptrLegalization -simplifycfg -dce -instcombine -pointer-simplify -ptrArgReplace -dce -instcombine -disaggr -scalarrepl -norm-name -dce -mem2reg -instcombine -ptrLegalization -simplifycfg -deadargelim -instcombine -dce -inst-simplify -function-uniquify -directive-preproc -mem2reg -dse -dce -globaldce -check-dspbuiltin H:/Jorge/UPM/master/2oCuatri/HLS/Proyectos/Proyectos/Ejercicio1/Jacobi/solution5/.autopilot/db/a.g.1.bc -o H:/Jorge/UPM/master/2oCuatri/HLS/Proyectos/Proyectos/Ejercicio1/Jacobi/solution5/.autopilot/db/a.g.2.prechk.bc -f 
