INFO: [HLS 200-10] Running 'C:/Xilinx/Vivado/2018.3/bin/unwrapped/win64.o/vivado_hls.exe'
INFO: [HLS 200-10] For user 'Jorjo80' on host 'desktop-3oce3q5' (Windows NT_amd64 version 6.2) on Thu Jun 27 18:23:24 +0200 2019
INFO: [HLS 200-10] In directory 'H:/Jorge/UPM/master/2oCuatri/HLS/Proyectos/Proyectos'
INFO: [HLS 200-10] Opening project 'H:/Jorge/UPM/master/2oCuatri/HLS/Proyectos/Proyectos/SystemC'.
INFO: [HLS 200-10] Opening solution 'H:/Jorge/UPM/master/2oCuatri/HLS/Proyectos/Proyectos/SystemC/solution1'.
INFO: [SYN 201-201] Setting up clock 'default' with a period of 10ns.
INFO: [HLS 200-10] Setting target device to 'xc7z020clg484-1'
INFO: [XFORM 203-1172] Optimizing floating point zeros and discarding its signedness.
INFO: [XFORM 203-1172] Optimizing floating point zeros and discarding its signedness.
INFO: [XFORM 203-1173] Reordering floating point operations aggressively.
INFO: [XFORM 203-1176] Optimizing floating point comparison without checking NaN.
INFO: [SIM 211-2] *************** CSIM start ***************
INFO: [SIM 211-4] CSIM will launch GCC as the compiler.
   Compiling ../../../hardware.cpp in debug mode
   Generating csim.exe

        SystemC 2.3.1-Accellera --- Oct 21 2017 13:39:34
        Copyright (c) 1996-2014 by all Contributors,
        ALL RIGHTS RESERVED
binding TOPINO.consumer_inst.port_3 to interface: 13stack_read_if
binding TOPINO.consumer_inst.port_2 to interface: 14stack_write_if
binding TOPINO.consumer_inst.port_1 to interface: 14stack_write_if
binding TOPINO.consumer_inst.port_0 to interface: 13stack_read_if
binding TOPINO.producer_inst.port_3 to interface: 14stack_write_if
binding TOPINO.producer_inst.port_2 to interface: 13stack_read_if
binding TOPINO.producer_inst.port_1 to interface: 13stack_read_if
binding TOPINO.producer_inst.port_0 to interface: 14stack_write_if

 Matrix A = 0.000000 2.000000 8.000000 18.000000 32.000000 50.000000 72.000000 98.000000 128.000000 162.000000 200.000000 242.000000 288.000000 338.000000 392.000000 450.000000 
 Matrix B = 0.000000 12.000000 24.000000 36.000000 
 
 fin jacobi 

 Matrix X= 1.000000 1.000000 1.000000 1.000000 1.000000 -2147483648.000000 -2147483648.000000 0.000000 0.000000 0.000000 1.000000 1.000000 1.000000 1.000000 1.000000 1.000000 
 error= 9645468358969285516624476741097415210242659050766854212447391377883381789968995983500705126582059008.000000 
INFO: [SIM 211-1] CSim done with 0 errors.
INFO: [SIM 211-3] *************** CSIM finish ***************
