

================================================================
== Vivado HLS Report for 'jacobi_HLS'
================================================================
* Date:           Mon May 27 12:32:58 2019

* Version:        2018.3 (Build 2405991 on Thu Dec 06 23:56:15 MST 2018)
* Project:        Jacobi
* Solution:       solution2
* Product family: zynq
* Target device:  xc7z020clg400-1


================================================================
== Performance Estimates
================================================================
+ Timing (ns): 
    * Summary: 
    +--------+-------+----------+------------+
    |  Clock | Target| Estimated| Uncertainty|
    +--------+-------+----------+------------+
    |ap_clk  |  10.00|     8.623|        1.25|
    +--------+-------+----------+------------+

+ Latency (clock cycles): 
    * Summary: 
    +-----+-----+-----+-----+---------+
    |  Latency  |  Interval | Pipeline|
    | min | max | min | max |   Type  |
    +-----+-----+-----+-----+---------+
    |    ?|    ?|    ?|    ?|   none  |
    +-----+-----+-----+-----+---------+

    + Detail: 
        * Instance: 
        N/A

        * Loop: 
        +-----------------+-----+-----+----------+-----------+-----------+------+----------+
        |                 |  Latency  | Iteration|  Initiation Interval  | Trip |          |
        |    Loop Name    | min | max |  Latency |  achieved |   target  | Count| Pipelined|
        +-----------------+-----+-----+----------+-----------+-----------+------+----------+
        |- Loop 1         |    ?|    ?|         1|          1|          1|     ?|    yes   |
        |- Loop 2         |    ?|    ?|         ?|          -|          -|     ?|    no    |
        | + Loop 2.1      |    ?|    ?|         ?|          -|          -|     ?|    no    |
        |  ++ Loop 2.1.1  |    ?|    ?|         7|          -|          -|     ?|    no    |
        |- Loop 3         |    ?|    ?|        14|          5|          1|     ?|    yes   |
        +-----------------+-----+-----+----------+-----------+-----------+------+----------+



================================================================
== Utilization Estimates
================================================================
* Summary: 
+-----------------+---------+-------+--------+-------+
|       Name      | BRAM_18K| DSP48E|   FF   |  LUT  |
+-----------------+---------+-------+--------+-------+
|DSP              |        -|      -|       -|      -|
|Expression       |        -|      6|       0|   1248|
|FIFO             |        -|      -|       -|      -|
|Instance         |        -|     14|    6217|   8210|
|Memory           |        0|      -|     128|     16|
|Multiplexer      |        -|      -|       -|    716|
|Register         |        0|      -|    1135|     32|
+-----------------+---------+-------+--------+-------+
|Total            |        0|     20|    7480|  10222|
+-----------------+---------+-------+--------+-------+
|Available        |      280|    220|  106400|  53200|
+-----------------+---------+-------+--------+-------+
|Utilization (%)  |        0|      9|       7|     19|
+-----------------+---------+-------+--------+-------+

+ Detail: 
    * Instance: 
    +-------------------------+----------------------+---------+-------+------+------+
    |         Instance        |        Module        | BRAM_18K| DSP48E|  FF  |  LUT |
    +-------------------------+----------------------+---------+-------+------+------+
    |jacobi_HLS_dadddsbkb_U1  |jacobi_HLS_dadddsbkb  |        0|      3|   445|  1149|
    |jacobi_HLS_ddiv_6dEe_U3  |jacobi_HLS_ddiv_6dEe  |        0|      0|  3211|  3658|
    |jacobi_HLS_dmul_6cud_U2  |jacobi_HLS_dmul_6cud  |        0|     11|   317|   578|
    |jacobi_HLS_dsqrt_fYi_U5  |jacobi_HLS_dsqrt_fYi  |        0|      0|  1832|  2180|
    |jacobi_HLS_sitodpeOg_U4  |jacobi_HLS_sitodpeOg  |        0|      0|   412|   645|
    +-------------------------+----------------------+---------+-------+------+------+
    |Total                    |                      |        0|     14|  6217|  8210|
    +-------------------------+----------------------+---------+-------+------+------+

    * DSP48: 
    N/A

    * Memory: 
    +----------+-------------------+---------+----+----+------+-----+------+-------------+
    |  Memory  |       Module      | BRAM_18K| FF | LUT| Words| Bits| Banks| W*Bits*Banks|
    +----------+-------------------+---------+----+----+------+-----+------+-------------+
    |x_prev_U  |jacobi_HLS_x_prev  |        0|  64|   8|    16|   32|     1|          512|
    |x_new_U   |jacobi_HLS_x_prev  |        0|  64|   8|    16|   32|     1|          512|
    +----------+-------------------+---------+----+----+------+-----+------+-------------+
    |Total     |                   |        0| 128|  16|    32|   64|     2|         1024|
    +----------+-------------------+---------+----+----+------+-----+------+-------------+

    * FIFO: 
    N/A

    * Expression: 
    +----------------------+----------+-------+---+-----+------------+------------+
    |     Variable Name    | Operation| DSP48E| FF| LUT | Bitwidth P0| Bitwidth P1|
    +----------------------+----------+-------+---+-----+------------+------------+
    |tmp_17_fu_427_p2      |     *    |      3|  0|   20|          32|          32|
    |tmp_9_fu_622_p2       |     *    |      3|  0|   20|          32|          32|
    |i_1_fu_342_p2         |     +    |      0|  0|   38|          31|           1|
    |i_2_fu_383_p2         |     +    |      0|  0|   38|          31|           1|
    |j_1_fu_436_p2         |     +    |      0|  0|   39|          32|           1|
    |q_1_fu_604_p2         |     +    |      0|  0|   38|          31|           1|
    |sh_assign_fu_497_p2   |     +    |      0|  0|   12|          11|          12|
    |t_1_fu_368_p2         |     +    |      0|  0|   38|          31|           1|
    |tmp_11_fu_393_p2      |     +    |      0|  0|   13|           2|           4|
    |tmp_22_fu_416_p2      |     +    |      0|  0|   15|           6|           6|
    |result_V_1_fu_583_p2  |     -    |      0|  0|   39|           1|          32|
    |tmp_2_fu_616_p2       |     -    |      0|  0|   39|          32|          32|
    |tmp_i_i_i_fu_511_p2   |     -    |      0|  0|   13|          10|          11|
    |exitcond_fu_431_p2    |   icmp   |      0|  0|   18|          32|          32|
    |tmp_18_fu_442_p2      |   icmp   |      0|  0|   18|          32|          32|
    |tmp_4_fu_363_p2       |   icmp   |      0|  0|   18|          32|          32|
    |tmp_5_fu_378_p2       |   icmp   |      0|  0|   18|          32|          32|
    |tmp_6_fu_599_p2       |   icmp   |      0|  0|   18|          32|          32|
    |tmp_fu_337_p2         |   icmp   |      0|  0|   18|          32|          32|
    |r_V_fu_541_p2         |   lshr   |      0|  0|  162|          54|          54|
    |p_Val2_5_fu_575_p3    |  select  |      0|  0|   32|           1|          32|
    |p_Val2_6_fu_588_p3    |  select  |      0|  0|   32|           1|          32|
    |sigma_1_fu_447_p3     |  select  |      0|  0|   64|           1|          64|
    |ush_fu_521_p3         |  select  |      0|  0|   12|           1|          12|
    |r_V_1_fu_547_p2       |    shl   |      0|  0|  474|         137|         137|
    |ap_enable_pp1         |    xor   |      0|  0|    2|           1|           2|
    +----------------------+----------+-------+---+-----+------------+------------+
    |Total                 |          |      6|  0| 1248|         670|         691|
    +----------------------+----------+-------+---+-----+------------+------------+

    * Multiplexer: 
    +----------------------------+-----+-----------+-----+-----------+
    |            Name            | LUT | Input Size| Bits| Total Bits|
    +----------------------------+-----+-----------+-----+-----------+
    |ap_NS_fsm                   |  473|        108|    1|        108|
    |ap_enable_reg_pp1_iter2     |    9|          2|    1|          2|
    |ap_phi_mux_q_phi_fu_287_p4  |    9|          2|   31|         62|
    |grp_fu_294_opcode           |   15|          3|    2|          6|
    |grp_fu_294_p0               |   21|          4|   64|        256|
    |grp_fu_294_p1               |   15|          3|   64|        192|
    |grp_fu_310_p0               |   27|          5|   32|        160|
    |i1_reg_237                  |    9|          2|   31|         62|
    |i_reg_215                   |    9|          2|   31|         62|
    |j_reg_260                   |    9|          2|   32|         64|
    |q_reg_283                   |    9|          2|   31|         62|
    |sigma_reg_248               |    9|          2|   64|        128|
    |sum_reg_271                 |    9|          2|   64|        128|
    |t_reg_226                   |    9|          2|   31|         62|
    |x_new_address0              |   27|          5|    4|         20|
    |x_new_d0                    |   15|          3|   32|         96|
    |x_prev_address0             |   27|          5|    4|         20|
    |x_prev_d0                   |   15|          3|   32|         96|
    +----------------------------+-----+-----------+-----+-----------+
    |Total                       |  716|        157|  551|       1586|
    +----------------------------+-----+-----------+-----+-----------+

    * Register: 
    +-------------------------+-----+----+-----+-----------+
    |           Name          |  FF | LUT| Bits| Const Bits|
    +-------------------------+-----+----+-----+-----------+
    |J_load_reg_696           |   32|   0|   32|          0|
    |ap_CS_fsm                |  107|   0|  107|          0|
    |ap_enable_reg_pp1_iter0  |    1|   0|    1|          0|
    |ap_enable_reg_pp1_iter1  |    1|   0|    1|          0|
    |ap_enable_reg_pp1_iter2  |    1|   0|    1|          0|
    |i1_cast_reg_667          |   31|   0|   32|          1|
    |i1_reg_237               |   31|   0|   31|          0|
    |i_2_reg_675              |   31|   0|   31|          0|
    |i_reg_215                |   31|   0|   31|          0|
    |j_1_reg_715              |   32|   0|   32|          0|
    |j_reg_260                |   32|   0|   32|          0|
    |p_Result_s_reg_750       |    1|   0|    1|          0|
    |p_Val2_5_reg_755         |   32|   0|   32|          0|
    |q_1_reg_765              |   31|   0|   31|          0|
    |q_reg_283                |   31|   0|   31|          0|
    |reg_320                  |   64|   0|   64|          0|
    |reg_327                  |   64|   0|   64|          0|
    |sigma_reg_248            |   64|   0|   64|          0|
    |sum_reg_271              |   64|   0|   64|          0|
    |t_1_reg_662              |   31|   0|   31|          0|
    |t_reg_226                |   31|   0|   31|          0|
    |tmp_15_reg_740           |   64|   0|   64|          0|
    |tmp_16_reg_680           |   31|   0|   64|         33|
    |tmp_17_reg_707           |   32|   0|   32|          0|
    |tmp_18_reg_720           |    1|   0|    1|          0|
    |tmp_2_reg_785            |   32|   0|   32|          0|
    |tmp_6_reg_761            |    1|   0|    1|          0|
    |tmp_9_reg_791            |   32|   0|   32|          0|
    |tmp_s_reg_770            |   31|   0|   64|         33|
    |x_assign_reg_745         |   64|   0|   64|          0|
    |x_new_addr_1_reg_648     |    4|   0|    4|          0|
    |x_prev_addr_1_reg_653    |    4|   0|    4|          0|
    |x_prev_load_1_reg_702    |   32|   0|   32|          0|
    |tmp_6_reg_761            |   64|  32|    1|          0|
    +-------------------------+-----+----+-----+-----------+
    |Total                    | 1135|  32| 1139|         67|
    +-------------------------+-----+----+-----+-----------+



================================================================
== Interface
================================================================
* Summary: 
+------------+-----+-----+------------+--------------+--------------+
|  RTL Ports | Dir | Bits|  Protocol  | Source Object|    C Type    |
+------------+-----+-----+------------+--------------+--------------+
|ap_clk      |  in |    1| ap_ctrl_hs |  jacobi_HLS  | return value |
|ap_rst      |  in |    1| ap_ctrl_hs |  jacobi_HLS  | return value |
|ap_start    |  in |    1| ap_ctrl_hs |  jacobi_HLS  | return value |
|ap_done     | out |    1| ap_ctrl_hs |  jacobi_HLS  | return value |
|ap_idle     | out |    1| ap_ctrl_hs |  jacobi_HLS  | return value |
|ap_ready    | out |    1| ap_ctrl_hs |  jacobi_HLS  | return value |
|ap_return   | out |   64| ap_ctrl_hs |  jacobi_HLS  | return value |
|J_address0  | out |    4|  ap_memory |       J      |     array    |
|J_ce0       | out |    1|  ap_memory |       J      |     array    |
|J_q0        |  in |   32|  ap_memory |       J      |     array    |
|b_address0  | out |    2|  ap_memory |       b      |     array    |
|b_ce0       | out |    1|  ap_memory |       b      |     array    |
|b_q0        |  in |   32|  ap_memory |       b      |     array    |
|n           |  in |   32|   ap_none  |       n      |    scalar    |
|iter        |  in |   32|   ap_none  |     iter     |    scalar    |
|x_address0  | out |    4|  ap_memory |       x      |     array    |
|x_ce0       | out |    1|  ap_memory |       x      |     array    |
|x_we0       | out |    1|  ap_memory |       x      |     array    |
|x_d0        | out |   32|  ap_memory |       x      |     array    |
+------------+-----+-----+------------+--------------+--------------+

