==============================================================
File generated on Fri May 24 09:56:09 +0200 2019
Vivado(TM) HLS - High-Level Synthesis from C, C++ and SystemC v2018.3 (64-bit)
SW Build 2405991 on Thu Dec  6 23:38:27 MST 2018
IP Build 2404404 on Fri Dec  7 01:43:56 MST 2018
Copyright 1986-2018 Xilinx, Inc. All Rights Reserved.
==============================================================
INFO: [SYN 201-201] Setting up clock 'default' with a period of 10ns.
INFO: [HLS 200-10] Setting target device to 'xc7z020clg400-1'
INFO: [SYN 201-201] Setting up clock 'default' with a period of 10ns.
INFO: [SCHED 204-61] Option 'relax_ii_for_timing' is enabled, will increase II to preserve clock frequency constraints.
INFO: [HLS 200-10] Analyzing design file 'Jacobi/main.c' ... 
ERROR: [HLS 200-70] Compilation errors found: In file included from Jacobi/main.c:1:
Jacobi/main.c:15:6: error: conflicting types for 'jacobi_HLS'
void jacobi_HLS(A,b,n,iter,x,error)
     ^
Jacobi/main.c:11:2: note: previous implicit declaration is here
 jacobi_HLS(A,b,n,iter,x,error);
 ^
Jacobi/main.c:24:10: error: redefinition of 'i'
 for(int i=0; i<iter;i++)
         ^
Jacobi/main.c:18:10: note: previous definition is here
 for(int i= 0;i<16;i++)
         ^
Jacobi/main.c:26:9: error: array type 'int [1][16]' is not assignable
  x_prev=x_new;
  ~~~~~~^
Jacobi/main.c:34:19: error: subscripted value is not an array, pointer, or vector
     sigma=sigma+A[i-1][j]*x_prev[j];
                 ~^~~~
Jacobi/main.c:37:19: error: subscripted value is not an array, pointer, or vector
   x_new[i]=(1/((A[i-1][i])*(b[i]-sigma)));
                 ~^~~~
Jacobi/main.c:37:31: error: subscripted value is not an array, pointer, or vector
   x_new[i]=(1/((A[i-1][i])*(b[i]-sigma)));
                             ~^~
Jacobi/main.c:41:3: warning: incompatible pointer to integer conversion assigning to 'int' from 'int [1][16]' [-Wint-conversion]
 x=x_new;
  ^~~~~~
1 warning and 6 errors generated.
==============================================================
File generated on Fri May 24 09:58:25 +0200 2019
Vivado(TM) HLS - High-Level Synthesis from C, C++ and SystemC v2018.3 (64-bit)
SW Build 2405991 on Thu Dec  6 23:38:27 MST 2018
IP Build 2404404 on Fri Dec  7 01:43:56 MST 2018
Copyright 1986-2018 Xilinx, Inc. All Rights Reserved.
==============================================================
INFO: [SYN 201-201] Setting up clock 'default' with a period of 10ns.
INFO: [HLS 200-10] Setting target device to 'xc7z020clg400-1'
INFO: [SCHED 204-61] Option 'relax_ii_for_timing' is enabled, will increase II to preserve clock frequency constraints.
INFO: [HLS 200-10] Analyzing design file 'Jacobi/main.c' ... 
ERROR: [HLS 200-70] Compilation errors found: In file included from Jacobi/main.c:1:
Jacobi/main.c:15:6: error: conflicting types for 'jacobi_HLS'
void jacobi_HLS(A,b,n,iter,x,error)
     ^
Jacobi/main.c:11:2: note: previous implicit declaration is here
 jacobi_HLS(A,b,n,iter,x,error);
 ^
Jacobi/main.c:26:9: error: array type 'int [1][16]' is not assignable
  x_prev=x_new;
  ~~~~~~^
Jacobi/main.c:34:19: error: subscripted value is not an array, pointer, or vector
     sigma=sigma+A[i-1][j]*x_prev[j];
                 ~^~~~
Jacobi/main.c:37:19: error: subscripted value is not an array, pointer, or vector
   x_new[i]=(1/((A[i-1][i])*(b[i]-sigma)));
                 ~^~~~
Jacobi/main.c:37:31: error: subscripted value is not an array, pointer, or vector
   x_new[i]=(1/((A[i-1][i])*(b[i]-sigma)));
                             ~^~
Jacobi/main.c:41:3: warning: incompatible pointer to integer conversion assigning to 'int' from 'int [1][16]' [-Wint-conversion]
 x=x_new;
  ^~~~~~
1 warning and 5 errors generated.
==============================================================
File generated on Fri May 24 09:58:48 +0200 2019
Vivado(TM) HLS - High-Level Synthesis from C, C++ and SystemC v2018.3 (64-bit)
SW Build 2405991 on Thu Dec  6 23:38:27 MST 2018
IP Build 2404404 on Fri Dec  7 01:43:56 MST 2018
Copyright 1986-2018 Xilinx, Inc. All Rights Reserved.
==============================================================
INFO: [SYN 201-201] Setting up clock 'default' with a period of 10ns.
INFO: [HLS 200-10] Setting target device to 'xc7z020clg400-1'
INFO: [SCHED 204-61] Option 'relax_ii_for_timing' is enabled, will increase II to preserve clock frequency constraints.
INFO: [HLS 200-10] Analyzing design file 'Jacobi/main.c' ... 
ERROR: [HLS 200-70] Compilation errors found: In file included from Jacobi/main.c:1:
Jacobi/main.c:15:6: error: conflicting types for 'jacobi_HLS'
void jacobi_HLS(A,b,n,iter,x,error)
     ^
Jacobi/main.c:11:2: note: previous implicit declaration is here
 jacobi_HLS(A,b,n,iter,x,error);
 ^
Jacobi/main.c:26:9: error: array type 'int [1][16]' is not assignable
  x_prev=x_new;
  ~~~~~~^
Jacobi/main.c:34:19: error: subscripted value is not an array, pointer, or vector
     sigma=sigma+A[i-1][j]*x_prev[j];
                 ~^~~~
Jacobi/main.c:37:19: error: subscripted value is not an array, pointer, or vector
   x_new[i]=(1/((A[i-1][i])*(b[i]-sigma)));
                 ~^~~~
Jacobi/main.c:37:31: error: subscripted value is not an array, pointer, or vector
   x_new[i]=(1/((A[i-1][i])*(b[i]-sigma)));
                             ~^~
Jacobi/main.c:41:3: warning: incompatible pointer to integer conversion assigning to 'int' from 'int [1][16]' [-Wint-conversion]
 x=x_new;
  ^~~~~~
1 warning and 5 errors generated.
==============================================================
File generated on Fri May 24 10:00:05 +0200 2019
Vivado(TM) HLS - High-Level Synthesis from C, C++ and SystemC v2018.3 (64-bit)
SW Build 2405991 on Thu Dec  6 23:38:27 MST 2018
IP Build 2404404 on Fri Dec  7 01:43:56 MST 2018
Copyright 1986-2018 Xilinx, Inc. All Rights Reserved.
==============================================================
INFO: [SYN 201-201] Setting up clock 'default' with a period of 10ns.
INFO: [HLS 200-10] Setting target device to 'xc7z020clg400-1'
INFO: [SCHED 204-61] Option 'relax_ii_for_timing' is enabled, will increase II to preserve clock frequency constraints.
INFO: [HLS 200-10] Analyzing design file 'Jacobi/main.c' ... 
ERROR: [HLS 200-70] Compilation errors found: In file included from Jacobi/main.c:1:
Jacobi/main.c:15:6: error: conflicting types for 'jacobi_HLS'
void jacobi_HLS(int *A,int *b,int n,int iter,int *x,double error)
     ^
Jacobi/main.c:11:2: note: previous implicit declaration is here
 jacobi_HLS(A,b,n,iter,x,error);
 ^
Jacobi/main.c:26:9: error: array type 'int [1][16]' is not assignable
  x_prev=x_new;
  ~~~~~~^
Jacobi/main.c:34:24: error: subscripted value is not an array, pointer, or vector
     sigma=sigma+A[i-1][j]*x_prev[j];
                 ~~~~~~^~
Jacobi/main.c:37:24: error: subscripted value is not an array, pointer, or vector
   x_new[i]=(1/((A[i-1][i])*(b[i]-sigma)));
                 ~~~~~~^~
Jacobi/main.c:41:3: warning: incompatible pointer types assigning to 'int *' from 'int [1][16]' [-Wincompatible-pointer-types]
 x=x_new;
  ^~~~~~
1 warning and 4 errors generated.
==============================================================
File generated on Fri May 24 10:01:00 +0200 2019
Vivado(TM) HLS - High-Level Synthesis from C, C++ and SystemC v2018.3 (64-bit)
SW Build 2405991 on Thu Dec  6 23:38:27 MST 2018
IP Build 2404404 on Fri Dec  7 01:43:56 MST 2018
Copyright 1986-2018 Xilinx, Inc. All Rights Reserved.
==============================================================
INFO: [SYN 201-201] Setting up clock 'default' with a period of 10ns.
INFO: [HLS 200-10] Setting target device to 'xc7z020clg400-1'
INFO: [SCHED 204-61] Option 'relax_ii_for_timing' is enabled, will increase II to preserve clock frequency constraints.
INFO: [HLS 200-10] Analyzing design file 'Jacobi/main.c' ... 
ERROR: [HLS 200-70] Compilation errors found: In file included from Jacobi/main.c:1:
Jacobi/main.c:15:9: error: array type 'int [1][16]' is not assignable
  x_prev=x_new;
  ~~~~~~^
Jacobi/main.c:23:24: error: subscripted value is not an array, pointer, or vector
     sigma=sigma+A[i-1][j]*x_prev[j];
                 ~~~~~~^~
Jacobi/main.c:26:24: error: subscripted value is not an array, pointer, or vector
   x_new[i]=(1/((A[i-1][i])*(b[i]-sigma)));
                 ~~~~~~^~
Jacobi/main.c:30:3: warning: incompatible pointer types assigning to 'int *' from 'int [1][16]' [-Wincompatible-pointer-types]
 x=x_new;
  ^~~~~~
Jacobi/main.c:41:13: warning: incompatible pointer types passing 'int [4][4]' to parameter of type 'int *' [-Wincompatible-pointer-types]
 jacobi_HLS(A,b,n,iter,x,error);
            ^
Jacobi/main.c:4:22: note: passing argument to parameter 'A' here
void jacobi_HLS(int *A,int *b,int n,int iter,int *x,double error)
                     ^
Jacobi/main.c:41:24: warning: incompatible pointer types passing 'int [1][16]' to parameter of type 'int *' [-Wincompatible-pointer-types]
 jacobi_HLS(A,b,n,iter,x,error);
                       ^
Jacobi/main.c:4:51: note: passing argument to parameter 'x' here
void jacobi_HLS(int *A,int *b,int n,int iter,int *x,double error)
                                                  ^
3 warnings and 3 errors generated.
==============================================================
File generated on Fri May 24 10:03:35 +0200 2019
Vivado(TM) HLS - High-Level Synthesis from C, C++ and SystemC v2018.3 (64-bit)
SW Build 2405991 on Thu Dec  6 23:38:27 MST 2018
IP Build 2404404 on Fri Dec  7 01:43:56 MST 2018
Copyright 1986-2018 Xilinx, Inc. All Rights Reserved.
==============================================================
INFO: [SYN 201-201] Setting up clock 'default' with a period of 10ns.
INFO: [HLS 200-10] Setting target device to 'xc7z020clg400-1'
INFO: [SCHED 204-61] Option 'relax_ii_for_timing' is enabled, will increase II to preserve clock frequency constraints.
INFO: [HLS 200-10] Analyzing design file 'Jacobi/main.c' ... 
ERROR: [HLS 200-70] Compilation errors found: In file included from Jacobi/main.c:1:
Jacobi/main.c:4:22: error: array has incomplete element type 'int []'
void jacobi_HLS(int A[][],int b[],int n,int iter,int x[][],double error)
                     ^
Jacobi/main.c:4:55: error: array has incomplete element type 'int []'
void jacobi_HLS(int A[][],int b[],int n,int iter,int x[][],double error)
                                                      ^
2 errors generated.
==============================================================
File generated on Fri May 24 10:04:24 +0200 2019
Vivado(TM) HLS - High-Level Synthesis from C, C++ and SystemC v2018.3 (64-bit)
SW Build 2405991 on Thu Dec  6 23:38:27 MST 2018
IP Build 2404404 on Fri Dec  7 01:43:56 MST 2018
Copyright 1986-2018 Xilinx, Inc. All Rights Reserved.
==============================================================
INFO: [SYN 201-201] Setting up clock 'default' with a period of 10ns.
INFO: [HLS 200-10] Setting target device to 'xc7z020clg400-1'
INFO: [SCHED 204-61] Option 'relax_ii_for_timing' is enabled, will increase II to preserve clock frequency constraints.
INFO: [HLS 200-10] Analyzing design file 'Jacobi/main.c' ... 
ERROR: [HLS 200-70] Compilation errors found: In file included from Jacobi/main.c:1:
Jacobi/main.c:23:27: error: invalid operands to binary expression ('int' and 'int *')
     sigma=sigma+A[i-1][j]*x_prev[j];
                 ~~~~~~~~~^~~~~~~~~~
Jacobi/main.c:26:12: error: array type 'int [16]' is not assignable
   x_new[i]=(1/((A[i-1][i])*(b[i]-sigma)));
   ~~~~~~~~^
Jacobi/main.c:30:3: warning: incompatible pointer types assigning to 'int **' from 'int [1][16]' [-Wincompatible-pointer-types]
 x=x_new;
  ^~~~~~
Jacobi/main.c:41:13: warning: incompatible pointer types passing 'int [4][4]' to parameter of type 'int **' [-Wincompatible-pointer-types]
 jacobi_HLS(A,b,n,iter,x,error);
            ^
Jacobi/main.c:4:22: note: passing argument to parameter 'A' here
void jacobi_HLS(int *A[],int b[],int n,int iter,int *x[],double error)
                     ^
Jacobi/main.c:41:24: warning: incompatible pointer types passing 'int [1][16]' to parameter of type 'int **' [-Wincompatible-pointer-types]
 jacobi_HLS(A,b,n,iter,x,error);
                       ^
Jacobi/main.c:4:54: note: passing argument to parameter 'x' here
void jacobi_HLS(int *A[],int b[],int n,int iter,int *x[],double error)
                                                     ^
3 warnings and 2 errors generated.
==============================================================
File generated on Fri May 24 10:05:29 +0200 2019
Vivado(TM) HLS - High-Level Synthesis from C, C++ and SystemC v2018.3 (64-bit)
SW Build 2405991 on Thu Dec  6 23:38:27 MST 2018
IP Build 2404404 on Fri Dec  7 01:43:56 MST 2018
Copyright 1986-2018 Xilinx, Inc. All Rights Reserved.
==============================================================
INFO: [SYN 201-201] Setting up clock 'default' with a period of 10ns.
INFO: [HLS 200-10] Setting target device to 'xc7z020clg400-1'
INFO: [SCHED 204-61] Option 'relax_ii_for_timing' is enabled, will increase II to preserve clock frequency constraints.
INFO: [HLS 200-10] Analyzing design file 'Jacobi/main.c' ... 
ERROR: [HLS 200-70] Compilation errors found: In file included from Jacobi/main.c:1:
Jacobi/main.c:13:6: error: conflicting types for 'jacobi_HLS'
void jacobi_HLS(int *A[],int b[],int n,int iter,int *x[],double error)
     ^
Jacobi/main.c:10:2: note: previous implicit declaration is here
 jacobi_HLS(A,b,n,iter,x,error);
 ^
Jacobi/main.c:32:27: error: invalid operands to binary expression ('int' and 'int *')
     sigma=sigma+A[i-1][j]*(x_prev[j]);
                 ~~~~~~~~~^~~~~~~~~~~~
Jacobi/main.c:35:12: error: array type 'int [16]' is not assignable
   x_new[i]=(1/((A[i-1][i])*(b[i]-sigma)));
   ~~~~~~~~^
Jacobi/main.c:39:3: warning: incompatible pointer types assigning to 'int **' from 'int [1][16]' [-Wincompatible-pointer-types]
 x=x_new;
  ^~~~~~
1 warning and 3 errors generated.
==============================================================
File generated on Fri May 24 10:06:24 +0200 2019
Vivado(TM) HLS - High-Level Synthesis from C, C++ and SystemC v2018.3 (64-bit)
SW Build 2405991 on Thu Dec  6 23:38:27 MST 2018
IP Build 2404404 on Fri Dec  7 01:43:56 MST 2018
Copyright 1986-2018 Xilinx, Inc. All Rights Reserved.
==============================================================
INFO: [SYN 201-201] Setting up clock 'default' with a period of 10ns.
INFO: [HLS 200-10] Setting target device to 'xc7z020clg400-1'
INFO: [SCHED 204-61] Option 'relax_ii_for_timing' is enabled, will increase II to preserve clock frequency constraints.
INFO: [HLS 200-10] Analyzing design file 'Jacobi/main.c' ... 
ERROR: [HLS 200-70] Compilation errors found: In file included from Jacobi/main.c:1:
Jacobi/main.c:13:22: error: array has incomplete element type 'int []'
void jacobi_HLS(int A[][],int b[],int n,int iter,int x[][], double error)
                     ^
Jacobi/main.c:13:55: error: array has incomplete element type 'int []'
void jacobi_HLS(int A[][],int b[],int n,int iter,int x[][], double error)
                                                      ^
2 errors generated.
==============================================================
File generated on Fri May 24 10:07:18 +0200 2019
Vivado(TM) HLS - High-Level Synthesis from C, C++ and SystemC v2018.3 (64-bit)
SW Build 2405991 on Thu Dec  6 23:38:27 MST 2018
IP Build 2404404 on Fri Dec  7 01:43:56 MST 2018
Copyright 1986-2018 Xilinx, Inc. All Rights Reserved.
==============================================================
INFO: [SYN 201-201] Setting up clock 'default' with a period of 10ns.
INFO: [HLS 200-10] Setting target device to 'xc7z020clg400-1'
INFO: [SCHED 204-61] Option 'relax_ii_for_timing' is enabled, will increase II to preserve clock frequency constraints.
INFO: [HLS 200-10] Analyzing design file 'Jacobi/main.c' ... 
ERROR: [HLS 200-70] Compilation errors found: In file included from Jacobi/main.c:1:
Jacobi/main.c:14:6: error: conflicting types for 'jacobi_HLS'
void jacobi_HLS(int A[4][4],int b[],int n,int iter,int x[1][16], double error)
     ^
Jacobi/main.c:10:2: note: previous implicit declaration is here
 jacobi_HLS(A,b,n,iter,x,error);
 ^
Jacobi/main.c:33:27: error: invalid operands to binary expression ('int' and 'int *')
     sigma=sigma+A[i-1][j]*(x_prev[j]);
                 ~~~~~~~~~^~~~~~~~~~~~
Jacobi/main.c:36:12: error: array type 'int [16]' is not assignable
   x_new[i]=(1/((A[i-1][i])*(b[i]-sigma)));
   ~~~~~~~~^
3 errors generated.
==============================================================
File generated on Fri May 24 10:07:47 +0200 2019
Vivado(TM) HLS - High-Level Synthesis from C, C++ and SystemC v2018.3 (64-bit)
SW Build 2405991 on Thu Dec  6 23:38:27 MST 2018
IP Build 2404404 on Fri Dec  7 01:43:56 MST 2018
Copyright 1986-2018 Xilinx, Inc. All Rights Reserved.
==============================================================
INFO: [SYN 201-201] Setting up clock 'default' with a period of 10ns.
INFO: [HLS 200-10] Setting target device to 'xc7z020clg400-1'
INFO: [SCHED 204-61] Option 'relax_ii_for_timing' is enabled, will increase II to preserve clock frequency constraints.
INFO: [HLS 200-10] Analyzing design file 'Jacobi/main.c' ... 
ERROR: [HLS 200-70] Compilation errors found: In file included from Jacobi/main.c:1:
Jacobi/main.c:14:6: error: conflicting types for 'jacobi_HLS'
void jacobi_HLS(int A[][4],int b[],int n,int iter,int x[][16], double error)
     ^
Jacobi/main.c:10:2: note: previous implicit declaration is here
 jacobi_HLS(A,b,n,iter,x,error);
 ^
Jacobi/main.c:33:27: error: invalid operands to binary expression ('int' and 'int *')
     sigma=sigma+A[i-1][j]*(x_prev[j]);
                 ~~~~~~~~~^~~~~~~~~~~~
Jacobi/main.c:36:12: error: array type 'int [16]' is not assignable
   x_new[i]=(1/((A[i-1][i])*(b[i]-sigma)));
   ~~~~~~~~^
3 errors generated.
==============================================================
File generated on Fri May 24 10:08:13 +0200 2019
Vivado(TM) HLS - High-Level Synthesis from C, C++ and SystemC v2018.3 (64-bit)
SW Build 2405991 on Thu Dec  6 23:38:27 MST 2018
IP Build 2404404 on Fri Dec  7 01:43:56 MST 2018
Copyright 1986-2018 Xilinx, Inc. All Rights Reserved.
==============================================================
INFO: [SYN 201-201] Setting up clock 'default' with a period of 10ns.
INFO: [HLS 200-10] Setting target device to 'xc7z020clg400-1'
INFO: [SCHED 204-61] Option 'relax_ii_for_timing' is enabled, will increase II to preserve clock frequency constraints.
INFO: [HLS 200-10] Analyzing design file 'Jacobi/main.c' ... 
ERROR: [HLS 200-70] Compilation errors found: In file included from Jacobi/main.c:1:
Jacobi/main.c:14:22: error: array has incomplete element type 'int []'
void jacobi_HLS(int A[][],int b[],int n,int iter,int x[][], double error)
                     ^
Jacobi/main.c:14:55: error: array has incomplete element type 'int []'
void jacobi_HLS(int A[][],int b[],int n,int iter,int x[][], double error)
                                                      ^
2 errors generated.
==============================================================
File generated on Fri May 24 10:08:43 +0200 2019
Vivado(TM) HLS - High-Level Synthesis from C, C++ and SystemC v2018.3 (64-bit)
SW Build 2405991 on Thu Dec  6 23:38:27 MST 2018
IP Build 2404404 on Fri Dec  7 01:43:56 MST 2018
Copyright 1986-2018 Xilinx, Inc. All Rights Reserved.
==============================================================
INFO: [SYN 201-201] Setting up clock 'default' with a period of 10ns.
INFO: [HLS 200-10] Setting target device to 'xc7z020clg400-1'
INFO: [SCHED 204-61] Option 'relax_ii_for_timing' is enabled, will increase II to preserve clock frequency constraints.
INFO: [HLS 200-10] Analyzing design file 'Jacobi/main.c' ... 
ERROR: [HLS 200-70] Compilation errors found: In file included from Jacobi/main.c:1:
Jacobi/main.c:14:6: error: conflicting types for 'jacobi_HLS'
void jacobi_HLS(int **A,int b[],int n,int iter,int **x, double error)
     ^
Jacobi/main.c:10:2: note: previous implicit declaration is here
 jacobi_HLS(A,b,n,iter,x,error);
 ^
Jacobi/main.c:33:27: error: invalid operands to binary expression ('int' and 'int *')
     sigma=sigma+A[i-1][j]*(x_prev[j]);
                 ~~~~~~~~~^~~~~~~~~~~~
Jacobi/main.c:36:12: error: array type 'int [16]' is not assignable
   x_new[i]=(1/((A[i-1][i])*(b[i]-sigma)));
   ~~~~~~~~^
Jacobi/main.c:40:3: warning: incompatible pointer types assigning to 'int **' from 'int [1][16]' [-Wincompatible-pointer-types]
 x=x_new;
  ^~~~~~
1 warning and 3 errors generated.
==============================================================
File generated on Fri May 24 10:09:15 +0200 2019
Vivado(TM) HLS - High-Level Synthesis from C, C++ and SystemC v2018.3 (64-bit)
SW Build 2405991 on Thu Dec  6 23:38:27 MST 2018
IP Build 2404404 on Fri Dec  7 01:43:56 MST 2018
Copyright 1986-2018 Xilinx, Inc. All Rights Reserved.
==============================================================
INFO: [SYN 201-201] Setting up clock 'default' with a period of 10ns.
INFO: [HLS 200-10] Setting target device to 'xc7z020clg400-1'
INFO: [SCHED 204-61] Option 'relax_ii_for_timing' is enabled, will increase II to preserve clock frequency constraints.
INFO: [HLS 200-10] Analyzing design file 'Jacobi/main.c' ... 
ERROR: [HLS 200-70] Compilation errors found: In file included from Jacobi/main.c:1:
Jacobi/main.c:14:6: error: conflicting types for 'jacobi_HLS'
void jacobi_HLS(int **A,int *b,int n,int iter,int **x, double error)
     ^
Jacobi/main.c:10:2: note: previous implicit declaration is here
 jacobi_HLS(A,b,n,iter,x,error);
 ^
Jacobi/main.c:33:27: error: invalid operands to binary expression ('int' and 'int *')
     sigma=sigma+A[i-1][j]*(x_prev[j]);
                 ~~~~~~~~~^~~~~~~~~~~~
Jacobi/main.c:36:12: error: array type 'int [16]' is not assignable
   x_new[i]=(1/((A[i-1][i])*(b[i]-sigma)));
   ~~~~~~~~^
Jacobi/main.c:40:3: warning: incompatible pointer types assigning to 'int **' from 'int [1][16]' [-Wincompatible-pointer-types]
 x=x_new;
  ^~~~~~
1 warning and 3 errors generated.
==============================================================
File generated on Fri May 24 10:10:30 +0200 2019
Vivado(TM) HLS - High-Level Synthesis from C, C++ and SystemC v2018.3 (64-bit)
SW Build 2405991 on Thu Dec  6 23:38:27 MST 2018
IP Build 2404404 on Fri Dec  7 01:43:56 MST 2018
Copyright 1986-2018 Xilinx, Inc. All Rights Reserved.
==============================================================
INFO: [SYN 201-201] Setting up clock 'default' with a period of 10ns.
INFO: [HLS 200-10] Setting target device to 'xc7z020clg400-1'
INFO: [SCHED 204-61] Option 'relax_ii_for_timing' is enabled, will increase II to preserve clock frequency constraints.
INFO: [HLS 200-10] Analyzing design file 'Jacobi/main.c' ... 
ERROR: [HLS 200-70] Compilation errors found: In file included from Jacobi/main.c:1:
Jacobi/main.c:14:6: error: conflicting types for 'jacobi_HLS'
void jacobi_HLS(int **A,int *b,int n,int iter,int **x, double error)
     ^
Jacobi/main.c:10:2: note: previous implicit declaration is here
 jacobi_HLS(A,b,n,iter,x,error);
 ^
Jacobi/main.c:33:27: error: invalid operands to binary expression ('int' and 'int *')
     sigma=sigma+A[i-1][j]*(x_prev[j]);
                 ~~~~~~~~~^~~~~~~~~~~~
Jacobi/main.c:36:12: error: array type 'int [16]' is not assignable
   x_new[i]=(1/((A[i-1][i])*(b[i]-sigma)));
   ~~~~~~~~^
Jacobi/main.c:40:3: warning: incompatible pointer types assigning to 'int **' from 'int [1][16]' [-Wincompatible-pointer-types]
 x=x_new;
  ^~~~~~
1 warning and 3 errors generated.
==============================================================
File generated on Fri May 24 10:11:25 +0200 2019
Vivado(TM) HLS - High-Level Synthesis from C, C++ and SystemC v2018.3 (64-bit)
SW Build 2405991 on Thu Dec  6 23:38:27 MST 2018
IP Build 2404404 on Fri Dec  7 01:43:56 MST 2018
Copyright 1986-2018 Xilinx, Inc. All Rights Reserved.
==============================================================
INFO: [SYN 201-201] Setting up clock 'default' with a period of 10ns.
INFO: [HLS 200-10] Setting target device to 'xc7z020clg400-1'
INFO: [SCHED 204-61] Option 'relax_ii_for_timing' is enabled, will increase II to preserve clock frequency constraints.
INFO: [HLS 200-10] Analyzing design file 'Jacobi/main.c' ... 
ERROR: [HLS 200-70] Compilation errors found: In file included from Jacobi/main.c:1:
Jacobi/main.c:15:6: error: conflicting types for 'jacobi_HLS'
void jacobi_HLS(int **A,int *b,int n,int iter,int **x, double error)
     ^
Jacobi/main.c:11:2: note: previous implicit declaration is here
 jacobi_HLS(A,b,n,iter,x,error);
 ^
Jacobi/main.c:34:27: error: invalid operands to binary expression ('int' and 'int *')
     sigma=sigma+A[i-1][j]*(x_prev[j]);
                 ~~~~~~~~~^~~~~~~~~~~~
Jacobi/main.c:37:12: error: array type 'int [16]' is not assignable
   x_new[i]=(1/((A[i-1][i])*(b[i]-sigma)));
   ~~~~~~~~^
Jacobi/main.c:41:3: warning: incompatible pointer types assigning to 'int **' from 'int [1][16]' [-Wincompatible-pointer-types]
 x=x_new;
  ^~~~~~
1 warning and 3 errors generated.
==============================================================
File generated on Fri May 24 10:12:44 +0200 2019
Vivado(TM) HLS - High-Level Synthesis from C, C++ and SystemC v2018.3 (64-bit)
SW Build 2405991 on Thu Dec  6 23:38:27 MST 2018
IP Build 2404404 on Fri Dec  7 01:43:56 MST 2018
Copyright 1986-2018 Xilinx, Inc. All Rights Reserved.
==============================================================
INFO: [SYN 201-201] Setting up clock 'default' with a period of 10ns.
INFO: [HLS 200-10] Setting target device to 'xc7z020clg400-1'
INFO: [SCHED 204-61] Option 'relax_ii_for_timing' is enabled, will increase II to preserve clock frequency constraints.
INFO: [HLS 200-10] Analyzing design file 'Jacobi/main.c' ... 
ERROR: [HLS 200-70] Compilation errors found: In file included from Jacobi/main.c:1:
Jacobi/main.c:15:6: error: conflicting types for 'jacobi_HLS'
void jacobi_HLS(int **J,int *b,int n,int iter,int **h, double p)
     ^
Jacobi/main.c:11:2: note: previous implicit declaration is here
 jacobi_HLS(A,b,n,iter,x,error);
 ^
Jacobi/main.c:34:27: error: invalid operands to binary expression ('int' and 'int *')
     sigma=sigma+J[i-1][j]*(x_prev[j]);
                 ~~~~~~~~~^~~~~~~~~~~~
Jacobi/main.c:37:12: error: array type 'int [16]' is not assignable
   x_new[i]=(1/((J[i-1][i])*(b[i]-sigma)));
   ~~~~~~~~^
Jacobi/main.c:41:3: warning: incompatible pointer types assigning to 'int **' from 'int [1][16]' [-Wincompatible-pointer-types]
 h=x_new;
  ^~~~~~
1 warning and 3 errors generated.
==============================================================
File generated on Fri May 24 10:13:15 +0200 2019
Vivado(TM) HLS - High-Level Synthesis from C, C++ and SystemC v2018.3 (64-bit)
SW Build 2405991 on Thu Dec  6 23:38:27 MST 2018
IP Build 2404404 on Fri Dec  7 01:43:56 MST 2018
Copyright 1986-2018 Xilinx, Inc. All Rights Reserved.
==============================================================
INFO: [SYN 201-201] Setting up clock 'default' with a period of 10ns.
INFO: [HLS 200-10] Setting target device to 'xc7z020clg400-1'
INFO: [SCHED 204-61] Option 'relax_ii_for_timing' is enabled, will increase II to preserve clock frequency constraints.
INFO: [HLS 200-10] Analyzing design file 'Jacobi/main.c' ... 
ERROR: [HLS 200-70] Compilation errors found: In file included from Jacobi/main.c:1:
Jacobi/main.c:23:27: error: invalid operands to binary expression ('int' and 'int *')
     sigma=sigma+J[i-1][j]*(x_prev[j]);
                 ~~~~~~~~~^~~~~~~~~~~~
Jacobi/main.c:26:12: error: array type 'int [16]' is not assignable
   x_new[i]=(1/((J[i-1][i])*(b[i]-sigma)));
   ~~~~~~~~^
Jacobi/main.c:30:3: warning: incompatible pointer types assigning to 'int **' from 'int [1][16]' [-Wincompatible-pointer-types]
 h=x_new;
  ^~~~~~
Jacobi/main.c:44:13: warning: incompatible pointer types passing 'int [4][4]' to parameter of type 'int **' [-Wincompatible-pointer-types]
 jacobi_HLS(A,b,n,iter,x,error);
            ^
Jacobi/main.c:4:23: note: passing argument to parameter 'J' here
void jacobi_HLS(int **J,int *b,int n,int iter,int **h, double p)
                      ^
Jacobi/main.c:44:24: warning: incompatible pointer types passing 'int [1][16]' to parameter of type 'int **' [-Wincompatible-pointer-types]
 jacobi_HLS(A,b,n,iter,x,error);
                       ^
Jacobi/main.c:4:53: note: passing argument to parameter 'h' here
void jacobi_HLS(int **J,int *b,int n,int iter,int **h, double p)
                                                    ^
3 warnings and 2 errors generated.
==============================================================
File generated on Fri May 24 10:14:23 +0200 2019
Vivado(TM) HLS - High-Level Synthesis from C, C++ and SystemC v2018.3 (64-bit)
SW Build 2405991 on Thu Dec  6 23:38:27 MST 2018
IP Build 2404404 on Fri Dec  7 01:43:56 MST 2018
Copyright 1986-2018 Xilinx, Inc. All Rights Reserved.
==============================================================
INFO: [SYN 201-201] Setting up clock 'default' with a period of 10ns.
INFO: [HLS 200-10] Setting target device to 'xc7z020clg400-1'
INFO: [SCHED 204-61] Option 'relax_ii_for_timing' is enabled, will increase II to preserve clock frequency constraints.
INFO: [HLS 200-10] Analyzing design file 'Jacobi/main.c' ... 
ERROR: [HLS 200-70] Compilation errors found: In file included from Jacobi/main.c:1:
Jacobi/main.c:23:27: error: invalid operands to binary expression ('int' and 'int *')
     sigma=sigma+J[i-1][j]*(x_prev[j]);
                 ~~~~~~~~~^~~~~~~~~~~~
Jacobi/main.c:26:12: error: array type 'int [16]' is not assignable
   x_new[i]=(1/((J[i-1][i])*(b[i]-sigma)));
   ~~~~~~~~^
2 errors generated.
==============================================================
File generated on Fri May 24 10:15:17 +0200 2019
Vivado(TM) HLS - High-Level Synthesis from C, C++ and SystemC v2018.3 (64-bit)
SW Build 2405991 on Thu Dec  6 23:38:27 MST 2018
IP Build 2404404 on Fri Dec  7 01:43:56 MST 2018
Copyright 1986-2018 Xilinx, Inc. All Rights Reserved.
==============================================================
INFO: [SYN 201-201] Setting up clock 'default' with a period of 10ns.
INFO: [HLS 200-10] Setting target device to 'xc7z020clg400-1'
INFO: [SCHED 204-61] Option 'relax_ii_for_timing' is enabled, will increase II to preserve clock frequency constraints.
INFO: [HLS 200-10] Analyzing design file 'Jacobi/main.c' ... 
ERROR: [HLS 200-70] Compilation errors found: In file included from Jacobi/main.c:1:
Jacobi/main.c:23:27: error: invalid operands to binary expression ('int' and 'int *')
     sigma=sigma+J[i-1][j]*(x_prev[j]);
                 ~~~~~~~~~^~~~~~~~~~~~
Jacobi/main.c:26:12: error: array type 'int [16]' is not assignable
   x_new[i]=(1/((J[i-1][i])*(b[i]-sigma)));
   ~~~~~~~~^
2 errors generated.
==============================================================
File generated on Fri May 24 10:15:36 +0200 2019
Vivado(TM) HLS - High-Level Synthesis from C, C++ and SystemC v2018.3 (64-bit)
SW Build 2405991 on Thu Dec  6 23:38:27 MST 2018
IP Build 2404404 on Fri Dec  7 01:43:56 MST 2018
Copyright 1986-2018 Xilinx, Inc. All Rights Reserved.
==============================================================
INFO: [SYN 201-201] Setting up clock 'default' with a period of 10ns.
INFO: [HLS 200-10] Setting target device to 'xc7z020clg400-1'
INFO: [SCHED 204-61] Option 'relax_ii_for_timing' is enabled, will increase II to preserve clock frequency constraints.
INFO: [HLS 200-10] Analyzing design file 'Jacobi/main.c' ... 
ERROR: [HLS 200-70] Compilation errors found: In file included from Jacobi/main.c:1:
Jacobi/main.c:23:27: error: invalid operands to binary expression ('int' and 'int *')
     sigma=sigma+J[i-1][j]*(x_prev[j]);
                 ~~~~~~~~~^~~~~~~~~~~~
Jacobi/main.c:26:12: error: array type 'int [16]' is not assignable
   x_new[i]=(1/((J[i-1][i])*(b[i]-sigma)));
   ~~~~~~~~^
2 errors generated.
==============================================================
File generated on Fri May 24 10:22:16 +0200 2019
Vivado(TM) HLS - High-Level Synthesis from C, C++ and SystemC v2018.3 (64-bit)
SW Build 2405991 on Thu Dec  6 23:38:27 MST 2018
IP Build 2404404 on Fri Dec  7 01:43:56 MST 2018
Copyright 1986-2018 Xilinx, Inc. All Rights Reserved.
==============================================================
INFO: [SYN 201-201] Setting up clock 'default' with a period of 10ns.
INFO: [HLS 200-10] Setting target device to 'xc7z020clg400-1'
INFO: [SCHED 204-61] Option 'relax_ii_for_timing' is enabled, will increase II to preserve clock frequency constraints.
INFO: [HLS 200-10] Analyzing design file 'Jacobi/main.c' ... 
ERROR: [HLS 200-70] Compilation errors found: In file included from Jacobi/main.c:1:
Jacobi/main.c:23:27: error: invalid operands to binary expression ('int' and 'int *')
     sigma=sigma+J[i-1][j]*(x_prev[j]);
                 ~~~~~~~~~^~~~~~~~~~~~
Jacobi/main.c:26:12: error: array type 'int [16]' is not assignable
   x_new[i]=(1/((J[i-1][i])*(b[i]-sigma)));
   ~~~~~~~~^
Jacobi/main.c:42:20: warning: excess elements in array initializer
 int x[1][16]={{1},{1},{1},{1},{1},{1},{1},{1},{1},{1},{1},{1},{1},{1},{1},{1}};
                   ^~~
1 warning and 2 errors generated.
==============================================================
File generated on Fri May 24 10:23:24 +0200 2019
Vivado(TM) HLS - High-Level Synthesis from C, C++ and SystemC v2018.3 (64-bit)
SW Build 2405991 on Thu Dec  6 23:38:27 MST 2018
IP Build 2404404 on Fri Dec  7 01:43:56 MST 2018
Copyright 1986-2018 Xilinx, Inc. All Rights Reserved.
==============================================================
INFO: [SYN 201-201] Setting up clock 'default' with a period of 10ns.
INFO: [HLS 200-10] Setting target device to 'xc7z020clg400-1'
INFO: [SCHED 204-61] Option 'relax_ii_for_timing' is enabled, will increase II to preserve clock frequency constraints.
INFO: [HLS 200-10] Analyzing design file 'Jacobi/main.c' ... 
ERROR: [HLS 200-70] Compilation errors found: In file included from Jacobi/main.c:1:
Jacobi/main.c:23:28: error: invalid operands to binary expression ('int' and 'int *')
     sigma=sigma+(J[i-1][j]*x_prev[j]);
                  ~~~~~~~~~^~~~~~~~~~
Jacobi/main.c:26:12: error: array type 'int [16]' is not assignable
   x_new[i]=(1/((J[i-1][i])*(b[i]-sigma)));
   ~~~~~~~~^
Jacobi/main.c:42:20: warning: excess elements in array initializer
 int x[1][16]={{1},{1},{1},{1},{1},{1},{1},{1},{1},{1},{1},{1},{1},{1},{1},{1}};
                   ^~~
1 warning and 2 errors generated.
==============================================================
File generated on Fri May 24 10:24:15 +0200 2019
Vivado(TM) HLS - High-Level Synthesis from C, C++ and SystemC v2018.3 (64-bit)
SW Build 2405991 on Thu Dec  6 23:38:27 MST 2018
IP Build 2404404 on Fri Dec  7 01:43:56 MST 2018
Copyright 1986-2018 Xilinx, Inc. All Rights Reserved.
==============================================================
INFO: [SYN 201-201] Setting up clock 'default' with a period of 10ns.
INFO: [HLS 200-10] Setting target device to 'xc7z020clg400-1'
INFO: [SCHED 204-61] Option 'relax_ii_for_timing' is enabled, will increase II to preserve clock frequency constraints.
INFO: [HLS 200-10] Analyzing design file 'Jacobi/main.c' ... 
ERROR: [HLS 200-70] Compilation errors found: In file included from Jacobi/main.c:1:
Jacobi/main.c:23:28: error: invalid operands to binary expression ('int' and 'int *')
     sigma=sigma+(J[i-1][j]*x_prev[j]);
                  ~~~~~~~~~^~~~~~~~~~
Jacobi/main.c:26:12: error: array type 'int [16]' is not assignable
   x_new[i]=(1/((J[i-1][i])*(b[i]-sigma)));
   ~~~~~~~~^
Jacobi/main.c:31:4: warning: implicitly declaring library function 'sqrt' with type 'double (double)'
 p=sqrt(sum((x_new-x_prev)*(x_new-x_prev)));
   ^
Jacobi/main.c:31:4: note: please include the header <math.h> or explicitly provide a declaration for 'sqrt'
Jacobi/main.c:42:20: warning: excess elements in array initializer
 int x[1][16]={{1},{1},{1},{1},{1},{1},{1},{1},{1},{1},{1},{1},{1},{1},{1},{1}};
                   ^~~
2 warnings and 2 errors generated.
==============================================================
File generated on Fri May 24 10:25:48 +0200 2019
Vivado(TM) HLS - High-Level Synthesis from C, C++ and SystemC v2018.3 (64-bit)
SW Build 2405991 on Thu Dec  6 23:38:27 MST 2018
IP Build 2404404 on Fri Dec  7 01:43:56 MST 2018
Copyright 1986-2018 Xilinx, Inc. All Rights Reserved.
==============================================================
INFO: [SYN 201-201] Setting up clock 'default' with a period of 10ns.
INFO: [HLS 200-10] Setting target device to 'xc7z020clg400-1'
INFO: [SCHED 204-61] Option 'relax_ii_for_timing' is enabled, will increase II to preserve clock frequency constraints.
INFO: [HLS 200-10] Analyzing design file 'Jacobi/main.c' ... 
INFO: [HLS 200-111] Finished Linking Time (s): cpu = 00:00:00 ; elapsed = 00:00:08 . Memory (MB): peak = 102.445 ; gain = 17.695
INFO: [HLS 200-111] Finished Checking Pragmas Time (s): cpu = 00:00:00 ; elapsed = 00:00:08 . Memory (MB): peak = 102.445 ; gain = 17.695
INFO: [HLS 200-10] Starting code transformations ...
INFO: [HLS 200-111] Finished Standard Transforms Time (s): cpu = 00:00:01 ; elapsed = 00:00:10 . Memory (MB): peak = 151.621 ; gain = 66.871
INFO: [HLS 200-10] Checking synthesizability ...
INFO: [XFORM 203-602] Inlining function 'fp_struct<double>::mantissa' into 'generic_cast_IEEE754<int, (ap_q_mode)6, double>' (r:/builds/2018.3/continuous/2018_12_06_2405991/src/products/hls/hls_lib/hlsmath/include/FloatingPoint\hls_case_IEEE754.h:14) automatically.
INFO: [XFORM 203-602] Inlining function 'fp_struct<double>::expv' into 'generic_cast_IEEE754<int, (ap_q_mode)6, double>' (r:/builds/2018.3/continuous/2018_12_06_2405991/src/products/hls/hls_lib/hlsmath/include/FloatingPoint\hls_case_IEEE754.h:17) automatically.
INFO: [XFORM 203-602] Inlining function 'fp_struct<double>::__signbit' into 'generic_cast_IEEE754<int, (ap_q_mode)6, double>' (r:/builds/2018.3/continuous/2018_12_06_2405991/src/products/hls/hls_lib/hlsmath/include/FloatingPoint\hls_case_IEEE754.h:58) automatically.
INFO: [XFORM 203-602] Inlining function 'generic_cast_IEEE754<int, (ap_q_mode)6, double>' into 'generic_cast_IEEE754<int, double>' (r:/builds/2018.3/continuous/2018_12_06_2405991/src/products/hls/hls_lib/hlsmath/include/FloatingPoint\hls_case_IEEE754.h:116) automatically.
INFO: [XFORM 203-602] Inlining function 'generic_cast_IEEE754<int, double>' into '__hls_fptosi_double_i32' (r:/builds/2018.3/continuous/2018_12_06_2405991/src/products/hls/hls_lib/hlsmath/src/lib_floatconversion.cpp:54) automatically.
INFO: [XFORM 203-602] Inlining function '__hls_fptosi_double_i32' into 'jacobi_HLS' (Jacobi/main.c:26) automatically.
ERROR: [SYNCHK 200-71] Jacobi/main.c:31: function 'sum' has no function body.
INFO: [SYNCHK 200-10] 1 error(s), 0 warning(s).
ERROR: [HLS 200-70] Synthesizability check failed.
==============================================================
File generated on Fri May 24 10:29:44 +0200 2019
Vivado(TM) HLS - High-Level Synthesis from C, C++ and SystemC v2018.3 (64-bit)
SW Build 2405991 on Thu Dec  6 23:38:27 MST 2018
IP Build 2404404 on Fri Dec  7 01:43:56 MST 2018
Copyright 1986-2018 Xilinx, Inc. All Rights Reserved.
==============================================================
INFO: [SYN 201-201] Setting up clock 'default' with a period of 10ns.
INFO: [HLS 200-10] Setting target device to 'xc7z020clg400-1'
INFO: [SCHED 204-61] Option 'relax_ii_for_timing' is enabled, will increase II to preserve clock frequency constraints.
INFO: [HLS 200-10] Analyzing design file 'Jacobi/main.c' ... 
ERROR: [HLS 200-70] Compilation errors found: In file included from Jacobi/main.c:1:
Jacobi/main.c:32:10: error: redefinition of 'i'
 for(int i=0;i<16;i++)
         ^
Jacobi/main.c:7:10: note: previous definition is here
 for(int i= 0;i<16;i++)
         ^
1 error generated.
==============================================================
File generated on Fri May 24 10:30:16 +0200 2019
Vivado(TM) HLS - High-Level Synthesis from C, C++ and SystemC v2018.3 (64-bit)
SW Build 2405991 on Thu Dec  6 23:38:27 MST 2018
IP Build 2404404 on Fri Dec  7 01:43:56 MST 2018
Copyright 1986-2018 Xilinx, Inc. All Rights Reserved.
==============================================================
INFO: [SYN 201-201] Setting up clock 'default' with a period of 10ns.
INFO: [HLS 200-10] Setting target device to 'xc7z020clg400-1'
INFO: [SCHED 204-61] Option 'relax_ii_for_timing' is enabled, will increase II to preserve clock frequency constraints.
INFO: [HLS 200-10] Analyzing design file 'Jacobi/main.c' ... 
INFO: [HLS 200-111] Finished Linking Time (s): cpu = 00:00:00 ; elapsed = 00:00:06 . Memory (MB): peak = 102.488 ; gain = 17.820
INFO: [HLS 200-111] Finished Checking Pragmas Time (s): cpu = 00:00:00 ; elapsed = 00:00:06 . Memory (MB): peak = 102.488 ; gain = 17.820
INFO: [HLS 200-10] Starting code transformations ...
INFO: [HLS 200-111] Finished Standard Transforms Time (s): cpu = 00:00:01 ; elapsed = 00:00:08 . Memory (MB): peak = 151.766 ; gain = 67.098
INFO: [HLS 200-10] Checking synthesizability ...
INFO: [XFORM 203-602] Inlining function 'fp_struct<double>::mantissa' into 'generic_cast_IEEE754<int, (ap_q_mode)6, double>' (r:/builds/2018.3/continuous/2018_12_06_2405991/src/products/hls/hls_lib/hlsmath/include/FloatingPoint\hls_case_IEEE754.h:14) automatically.
INFO: [XFORM 203-602] Inlining function 'fp_struct<double>::expv' into 'generic_cast_IEEE754<int, (ap_q_mode)6, double>' (r:/builds/2018.3/continuous/2018_12_06_2405991/src/products/hls/hls_lib/hlsmath/include/FloatingPoint\hls_case_IEEE754.h:17) automatically.
INFO: [XFORM 203-602] Inlining function 'fp_struct<double>::__signbit' into 'generic_cast_IEEE754<int, (ap_q_mode)6, double>' (r:/builds/2018.3/continuous/2018_12_06_2405991/src/products/hls/hls_lib/hlsmath/include/FloatingPoint\hls_case_IEEE754.h:58) automatically.
INFO: [XFORM 203-602] Inlining function 'generic_cast_IEEE754<int, (ap_q_mode)6, double>' into 'generic_cast_IEEE754<int, double>' (r:/builds/2018.3/continuous/2018_12_06_2405991/src/products/hls/hls_lib/hlsmath/include/FloatingPoint\hls_case_IEEE754.h:116) automatically.
INFO: [XFORM 203-602] Inlining function 'generic_cast_IEEE754<int, double>' into '__hls_fptosi_double_i32' (r:/builds/2018.3/continuous/2018_12_06_2405991/src/products/hls/hls_lib/hlsmath/src/lib_floatconversion.cpp:54) automatically.
INFO: [XFORM 203-602] Inlining function '__hls_fptosi_double_i32' into 'jacobi_HLS' (Jacobi/main.c:26) automatically.
INFO: [HLS 200-111] Finished Checking Synthesizability Time (s): cpu = 00:00:01 ; elapsed = 00:00:08 . Memory (MB): peak = 180.051 ; gain = 95.383
INFO: [XFORM 203-102] Automatically partitioning small array 'b' (Jacobi/main.c:46) completely based on array size.
INFO: [XFORM 203-101] Partitioning array 'b' (Jacobi/main.c:46) in dimension 1 completely.
INFO: [HLS 200-111] Finished Pre-synthesis Time (s): cpu = 00:00:02 ; elapsed = 00:00:09 . Memory (MB): peak = 237.711 ; gain = 153.043
INFO: [HLS 200-111] Finished Architecture Synthesis Time (s): cpu = 00:00:02 ; elapsed = 00:00:09 . Memory (MB): peak = 252.914 ; gain = 168.246
INFO: [HLS 200-10] Starting hardware synthesis ...
INFO: [HLS 200-10] Synthesizing 'main' ...
INFO: [HLS 200-10] ----------------------------------------------------------------
INFO: [HLS 200-42] -- Implementing module 'main' 
INFO: [HLS 200-10] ----------------------------------------------------------------
INFO: [SCHED 204-11] Starting scheduling ...
INFO: [SCHED 204-11] Finished scheduling.
INFO: [HLS 200-111]  Elapsed time: 9.049 seconds; current allocated memory: 189.816 MB.
INFO: [BIND 205-100] Starting micro-architecture generation ...
INFO: [BIND 205-101] Performing variable lifetime analysis.
INFO: [BIND 205-101] Exploring resource sharing.
INFO: [BIND 205-101] Binding ...
INFO: [BIND 205-100] Finished micro-architecture generation.
INFO: [HLS 200-111]  Elapsed time: 0.085 seconds; current allocated memory: 189.850 MB.
INFO: [HLS 200-10] ----------------------------------------------------------------
INFO: [HLS 200-10] -- Generating RTL for module 'main' 
INFO: [HLS 200-10] ----------------------------------------------------------------
INFO: [RTGEN 206-500] Setting interface mode on function 'main' to 'ap_ctrl_hs'.
INFO: [RTGEN 206-100] Finished creating RTL model for 'main'.
INFO: [HLS 200-111]  Elapsed time: 0.057 seconds; current allocated memory: 189.915 MB.
INFO: [HLS 200-111] Finished generating all RTL models Time (s): cpu = 00:00:03 ; elapsed = 00:00:10 . Memory (MB): peak = 252.914 ; gain = 168.246
INFO: [SYSC 207-301] Generating SystemC RTL for main.
INFO: [VHDL 208-304] Generating VHDL RTL for main.
INFO: [VLOG 209-307] Generating Verilog RTL for main.
INFO: [HLS 200-112] Total elapsed time: 9.79 seconds; peak allocated memory: 189.915 MB.
==============================================================
File generated on Fri May 24 10:38:22 +0200 2019
Vivado(TM) HLS - High-Level Synthesis from C, C++ and SystemC v2018.3 (64-bit)
SW Build 2405991 on Thu Dec  6 23:38:27 MST 2018
IP Build 2404404 on Fri Dec  7 01:43:56 MST 2018
Copyright 1986-2018 Xilinx, Inc. All Rights Reserved.
==============================================================
INFO: [SYN 201-201] Setting up clock 'default' with a period of 10ns.
INFO: [HLS 200-10] Setting target device to 'xc7z020clg400-1'
INFO: [SCHED 204-61] Option 'relax_ii_for_timing' is enabled, will increase II to preserve clock frequency constraints.
INFO: [HLS 200-10] Analyzing design file 'Jacobi/main.c' ... 
ERROR: [HLS 200-70] Compilation errors found: In file included from Jacobi/main.c:1:
Jacobi/main.c:35:3: error: array type 'int [16]' is not assignable
 h=x_new;
 ~^
1 error generated.
==============================================================
File generated on Fri May 24 10:38:49 +0200 2019
Vivado(TM) HLS - High-Level Synthesis from C, C++ and SystemC v2018.3 (64-bit)
SW Build 2405991 on Thu Dec  6 23:38:27 MST 2018
IP Build 2404404 on Fri Dec  7 01:43:56 MST 2018
Copyright 1986-2018 Xilinx, Inc. All Rights Reserved.
==============================================================
INFO: [SYN 201-201] Setting up clock 'default' with a period of 10ns.
INFO: [HLS 200-10] Setting target device to 'xc7z020clg400-1'
INFO: [SCHED 204-61] Option 'relax_ii_for_timing' is enabled, will increase II to preserve clock frequency constraints.
INFO: [HLS 200-10] Analyzing design file 'Jacobi/main.c' ... 
ERROR: [HLS 200-70] Compilation errors found: In file included from Jacobi/main.c:1:
Jacobi/main.c:35:3: error: array type 'int [16]' is not assignable
 h=x_new;
 ~^
1 error generated.
==============================================================
File generated on Fri May 24 10:39:38 +0200 2019
Vivado(TM) HLS - High-Level Synthesis from C, C++ and SystemC v2018.3 (64-bit)
SW Build 2405991 on Thu Dec  6 23:38:27 MST 2018
IP Build 2404404 on Fri Dec  7 01:43:56 MST 2018
Copyright 1986-2018 Xilinx, Inc. All Rights Reserved.
==============================================================
INFO: [SYN 201-201] Setting up clock 'default' with a period of 10ns.
INFO: [HLS 200-10] Setting target device to 'xc7z020clg400-1'
INFO: [SCHED 204-61] Option 'relax_ii_for_timing' is enabled, will increase II to preserve clock frequency constraints.
INFO: [HLS 200-10] Analyzing design file 'Jacobi/main.c' ... 
INFO: [HLS 200-111] Finished Linking Time (s): cpu = 00:00:00 ; elapsed = 00:00:05 . Memory (MB): peak = 102.594 ; gain = 17.395
INFO: [HLS 200-111] Finished Checking Pragmas Time (s): cpu = 00:00:00 ; elapsed = 00:00:05 . Memory (MB): peak = 102.594 ; gain = 17.395
INFO: [HLS 200-10] Starting code transformations ...
ERROR: [SYNCHK 200-79] Cannot find the top function 'main' in the design. Possible causes are: (1) the top function name is misspelled; (2) the top function is nonexistent or declared as static.
ERROR: [HLS 200-70] Synthesizability check failed.
==============================================================
File generated on Fri May 24 10:40:18 +0200 2019
Vivado(TM) HLS - High-Level Synthesis from C, C++ and SystemC v2018.3 (64-bit)
SW Build 2405991 on Thu Dec  6 23:38:27 MST 2018
IP Build 2404404 on Fri Dec  7 01:43:56 MST 2018
Copyright 1986-2018 Xilinx, Inc. All Rights Reserved.
==============================================================
INFO: [SYN 201-201] Setting up clock 'default' with a period of 10ns.
INFO: [HLS 200-10] Setting target device to 'xc7z020clg400-1'
INFO: [SYN 201-201] Setting up clock 'default' with a period of 10ns.
INFO: [SCHED 204-61] Option 'relax_ii_for_timing' is enabled, will increase II to preserve clock frequency constraints.
INFO: [HLS 200-10] Analyzing design file 'Jacobi/main.c' ... 
INFO: [HLS 200-111] Finished Linking Time (s): cpu = 00:00:00 ; elapsed = 00:00:06 . Memory (MB): peak = 102.336 ; gain = 17.191
INFO: [HLS 200-111] Finished Checking Pragmas Time (s): cpu = 00:00:00 ; elapsed = 00:00:06 . Memory (MB): peak = 102.336 ; gain = 17.191
INFO: [HLS 200-10] Starting code transformations ...
INFO: [HLS 200-111] Finished Standard Transforms Time (s): cpu = 00:00:01 ; elapsed = 00:00:08 . Memory (MB): peak = 152.047 ; gain = 66.902
INFO: [HLS 200-10] Checking synthesizability ...
INFO: [XFORM 203-602] Inlining function 'fp_struct<double>::mantissa' into 'generic_cast_IEEE754<int, (ap_q_mode)6, double>' (r:/builds/2018.3/continuous/2018_12_06_2405991/src/products/hls/hls_lib/hlsmath/include/FloatingPoint\hls_case_IEEE754.h:14) automatically.
INFO: [XFORM 203-602] Inlining function 'fp_struct<double>::expv' into 'generic_cast_IEEE754<int, (ap_q_mode)6, double>' (r:/builds/2018.3/continuous/2018_12_06_2405991/src/products/hls/hls_lib/hlsmath/include/FloatingPoint\hls_case_IEEE754.h:17) automatically.
INFO: [XFORM 203-602] Inlining function 'fp_struct<double>::__signbit' into 'generic_cast_IEEE754<int, (ap_q_mode)6, double>' (r:/builds/2018.3/continuous/2018_12_06_2405991/src/products/hls/hls_lib/hlsmath/include/FloatingPoint\hls_case_IEEE754.h:58) automatically.
INFO: [XFORM 203-602] Inlining function 'generic_cast_IEEE754<int, (ap_q_mode)6, double>' into 'generic_cast_IEEE754<int, double>' (r:/builds/2018.3/continuous/2018_12_06_2405991/src/products/hls/hls_lib/hlsmath/include/FloatingPoint\hls_case_IEEE754.h:116) automatically.
INFO: [XFORM 203-602] Inlining function 'generic_cast_IEEE754<int, double>' into '__hls_fptosi_double_i32' (r:/builds/2018.3/continuous/2018_12_06_2405991/src/products/hls/hls_lib/hlsmath/src/lib_floatconversion.cpp:54) automatically.
INFO: [XFORM 203-602] Inlining function '__hls_fptosi_double_i32' into 'jacobi_HLS' (Jacobi/main.c:31) automatically.
WARNING: [SYNCHK 200-77] The top function 'jacobi_HLS' (Jacobi/main.c:4) has no outputs. Possible cause(s) are: (1) Output parameters are passed by value; (2) intended outputs (parameters or global variables) are never written; (3) there are infinite loops.
INFO: [SYNCHK 200-10] 0 error(s), 1 warning(s).
INFO: [HLS 200-111] Finished Checking Synthesizability Time (s): cpu = 00:00:01 ; elapsed = 00:00:08 . Memory (MB): peak = 179.301 ; gain = 94.156
INFO: [XFORM 203-102] Automatically partitioning small array 'b' (Jacobi/main.c:7) completely based on array size.
INFO: [XFORM 203-101] Partitioning array 'b' (Jacobi/main.c:7) in dimension 1 completely.
INFO: [XFORM 203-602] Inlining function 'fp_struct<double>::mantissa' into 'generic_cast_IEEE754<int, (ap_q_mode)6, double>' (r:/builds/2018.3/continuous/2018_12_06_2405991/src/products/hls/hls_lib/hlsmath/include/FloatingPoint\hls_case_IEEE754.h:14) automatically.
INFO: [XFORM 203-602] Inlining function 'fp_struct<double>::expv' into 'generic_cast_IEEE754<int, (ap_q_mode)6, double>' (r:/builds/2018.3/continuous/2018_12_06_2405991/src/products/hls/hls_lib/hlsmath/include/FloatingPoint\hls_case_IEEE754.h:17) automatically.
INFO: [XFORM 203-602] Inlining function 'fp_struct<double>::__signbit' into 'generic_cast_IEEE754<int, (ap_q_mode)6, double>' (r:/builds/2018.3/continuous/2018_12_06_2405991/src/products/hls/hls_lib/hlsmath/include/FloatingPoint\hls_case_IEEE754.h:58) automatically.
INFO: [XFORM 203-602] Inlining function 'generic_cast_IEEE754<int, (ap_q_mode)6, double>' into 'generic_cast_IEEE754<int, double>' (r:/builds/2018.3/continuous/2018_12_06_2405991/src/products/hls/hls_lib/hlsmath/include/FloatingPoint\hls_case_IEEE754.h:116) automatically.
INFO: [XFORM 203-602] Inlining function 'generic_cast_IEEE754<int, double>' into '__hls_fptosi_double_i32' (r:/builds/2018.3/continuous/2018_12_06_2405991/src/products/hls/hls_lib/hlsmath/src/lib_floatconversion.cpp:54) automatically.
INFO: [XFORM 203-602] Inlining function '__hls_fptosi_double_i32' into 'jacobi_HLS' (Jacobi/main.c:31) automatically.
INFO: [HLS 200-111] Finished Pre-synthesis Time (s): cpu = 00:00:02 ; elapsed = 00:00:09 . Memory (MB): peak = 237.168 ; gain = 152.023
INFO: [HLS 200-111] Finished Architecture Synthesis Time (s): cpu = 00:00:02 ; elapsed = 00:00:09 . Memory (MB): peak = 251.848 ; gain = 166.703
INFO: [HLS 200-10] Starting hardware synthesis ...
INFO: [HLS 200-10] Synthesizing 'jacobi_HLS' ...
INFO: [HLS 200-10] ----------------------------------------------------------------
INFO: [HLS 200-42] -- Implementing module 'jacobi_HLS' 
INFO: [HLS 200-10] ----------------------------------------------------------------
INFO: [SCHED 204-11] Starting scheduling ...
INFO: [SCHED 204-11] Finished scheduling.
INFO: [HLS 200-111]  Elapsed time: 8.876 seconds; current allocated memory: 189.912 MB.
INFO: [BIND 205-100] Starting micro-architecture generation ...
INFO: [BIND 205-101] Performing variable lifetime analysis.
INFO: [BIND 205-101] Exploring resource sharing.
INFO: [BIND 205-101] Binding ...
INFO: [BIND 205-100] Finished micro-architecture generation.
INFO: [HLS 200-111]  Elapsed time: 0.041 seconds; current allocated memory: 189.944 MB.
INFO: [HLS 200-10] ----------------------------------------------------------------
INFO: [HLS 200-10] -- Generating RTL for module 'jacobi_HLS' 
INFO: [HLS 200-10] ----------------------------------------------------------------
INFO: [RTGEN 206-500] Setting interface mode on function 'jacobi_HLS' to 'ap_ctrl_hs'.
INFO: [RTGEN 206-100] Finished creating RTL model for 'jacobi_HLS'.
INFO: [HLS 200-111]  Elapsed time: 0.043 seconds; current allocated memory: 189.975 MB.
INFO: [HLS 200-111] Finished generating all RTL models Time (s): cpu = 00:00:03 ; elapsed = 00:00:10 . Memory (MB): peak = 251.848 ; gain = 166.703
INFO: [SYSC 207-301] Generating SystemC RTL for jacobi_HLS.
INFO: [VHDL 208-304] Generating VHDL RTL for jacobi_HLS.
INFO: [VLOG 209-307] Generating Verilog RTL for jacobi_HLS.
INFO: [HLS 200-112] Total elapsed time: 9.602 seconds; peak allocated memory: 189.975 MB.
