

================================================================
== Vivado HLS Report for 'jacobi_HLS'
================================================================
* Date:           Sun May 26 16:02:58 2019

* Version:        2018.3 (Build 2405991 on Thu Dec 06 23:56:15 MST 2018)
* Project:        Jacobi
* Solution:       solution1
* Product family: zynq
* Target device:  xc7z020clg400-1


================================================================
== Performance Estimates
================================================================
+ Timing (ns): 
    * Summary: 
    +--------+-------+----------+------------+
    |  Clock | Target| Estimated| Uncertainty|
    +--------+-------+----------+------------+
    |ap_clk  |  10.00|     8.621|        1.25|
    +--------+-------+----------+------------+

+ Latency (clock cycles): 
    * Summary: 
    +-----+-----+-----+-----+---------+
    |  Latency  |  Interval | Pipeline|
    | min | max | min | max |   Type  |
    +-----+-----+-----+-----+---------+
    |    ?|    ?|    ?|    ?|   none  |
    +-----+-----+-----+-----+---------+

    + Detail: 
        * Instance: 
        N/A

        * Loop: 
        +-----------------+-----+-----+----------+-----------+-----------+------+----------+
        |                 |  Latency  | Iteration|  Initiation Interval  | Trip |          |
        |    Loop Name    | min | max |  Latency |  achieved |   target  | Count| Pipelined|
        +-----------------+-----+-----+----------+-----------+-----------+------+----------+
        |- Loop 1         |   16|   16|         1|          -|          -|    16|    no    |
        |- Loop 2         |    ?|    ?|         ?|          -|          -|     ?|    no    |
        | + Loop 2.1      |    ?|    ?|         ?|          -|          -|     ?|    no    |
        |  ++ Loop 2.1.1  |    ?|    ?|         7|          -|          -|     ?|    no    |
        |- Loop 3         |   32|   32|         2|          -|          -|    16|    no    |
        +-----------------+-----+-----+----------+-----------+-----------+------+----------+

============================================================
+ Verbose Summary: Synthesis Manager
============================================================
InlineROM: 1
ExposeGlobal: 0
============================================================
+ Verbose Summary: CDFG Model
============================================================
IsTopModel: 1
ResetActiveHigh: 1
IsCombinational: 0
IsDatapathOnly: 0
HasWiredReturn: 1
HasMFsm: 0
HasVarLatency: 1
IsPipeline: 0
IsRtlPipelined: 0
IsInstanceOverlapped: 0
IsDontTouch: 0
HasImplIP: 0
IsGatedGlobalClock: 0


============================================================
+ Verbose Summary: Schedule
============================================================
* Number of FSM states : 63
* Pipeline : 0
* Dataflow Pipeline: 0

* FSM state transitions: 
1 --> 
	2  / true
2 --> 
	2  / (!exitcond2)
	3  / (exitcond2)
3 --> 
	4  / (tmp_2)
	62  / (!tmp_2)
4 --> 
	5  / (tmp_3)
	3  / (!tmp_3)
5 --> 
	6  / (!exitcond1)
	12  / (exitcond1)
6 --> 
	7  / true
7 --> 
	8  / true
8 --> 
	9  / true
9 --> 
	10  / true
10 --> 
	11  / true
11 --> 
	5  / true
12 --> 
	13  / true
13 --> 
	14  / true
14 --> 
	15  / true
15 --> 
	16  / true
16 --> 
	17  / true
17 --> 
	18  / true
18 --> 
	19  / true
19 --> 
	20  / true
20 --> 
	21  / true
21 --> 
	22  / true
22 --> 
	23  / true
23 --> 
	24  / true
24 --> 
	25  / true
25 --> 
	26  / true
26 --> 
	27  / true
27 --> 
	28  / true
28 --> 
	29  / true
29 --> 
	30  / true
30 --> 
	31  / true
31 --> 
	32  / true
32 --> 
	33  / true
33 --> 
	34  / true
34 --> 
	35  / true
35 --> 
	36  / true
36 --> 
	37  / true
37 --> 
	38  / true
38 --> 
	39  / true
39 --> 
	40  / true
40 --> 
	41  / true
41 --> 
	42  / true
42 --> 
	43  / true
43 --> 
	44  / true
44 --> 
	45  / true
45 --> 
	46  / true
46 --> 
	47  / true
47 --> 
	48  / true
48 --> 
	49  / true
49 --> 
	50  / true
50 --> 
	51  / true
51 --> 
	52  / true
52 --> 
	53  / true
53 --> 
	54  / true
54 --> 
	55  / true
55 --> 
	56  / true
56 --> 
	57  / true
57 --> 
	58  / true
58 --> 
	59  / true
59 --> 
	60  / true
60 --> 
	61  / true
61 --> 
	4  / true
62 --> 
	63  / (!exitcond)
63 --> 
	62  / true

* FSM state operations: 

State 1 <SV = 0> <Delay = 1.76>
ST_1 : Operation 64 [1/1] (0.00ns)   --->   "call void (...)* @_ssdm_op_SpecBitsMap([16 x i32]* %J) nounwind, !map !7"   --->   Operation 64 'specbitsmap' <Predicate = true> <Delay = 0.00>
ST_1 : Operation 65 [1/1] (0.00ns)   --->   "call void (...)* @_ssdm_op_SpecBitsMap([4 x i32]* %b) nounwind, !map !13"   --->   Operation 65 'specbitsmap' <Predicate = true> <Delay = 0.00>
ST_1 : Operation 66 [1/1] (0.00ns)   --->   "call void (...)* @_ssdm_op_SpecBitsMap(i32 %n) nounwind, !map !18"   --->   Operation 66 'specbitsmap' <Predicate = true> <Delay = 0.00>
ST_1 : Operation 67 [1/1] (0.00ns)   --->   "call void (...)* @_ssdm_op_SpecBitsMap(i32 %iter) nounwind, !map !24"   --->   Operation 67 'specbitsmap' <Predicate = true> <Delay = 0.00>
ST_1 : Operation 68 [1/1] (0.00ns)   --->   "call void (...)* @_ssdm_op_SpecBitsMap([16 x i32]* %x) nounwind, !map !28"   --->   Operation 68 'specbitsmap' <Predicate = true> <Delay = 0.00>
ST_1 : Operation 69 [1/1] (0.00ns)   --->   "call void (...)* @_ssdm_op_SpecBitsMap(double %error) nounwind, !map !34"   --->   Operation 69 'specbitsmap' <Predicate = true> <Delay = 0.00>
ST_1 : Operation 70 [1/1] (0.00ns)   --->   "call void (...)* @_ssdm_op_SpecTopModule([11 x i8]* @jacobi_HLS_str) nounwind"   --->   Operation 70 'spectopmodule' <Predicate = true> <Delay = 0.00>
ST_1 : Operation 71 [1/1] (0.00ns)   --->   "%iter_read = call i32 @_ssdm_op_Read.ap_auto.i32(i32 %iter) nounwind"   --->   Operation 71 'read' 'iter_read' <Predicate = true> <Delay = 0.00>
ST_1 : Operation 72 [1/1] (0.00ns)   --->   "%n_read = call i32 @_ssdm_op_Read.ap_auto.i32(i32 %n) nounwind"   --->   Operation 72 'read' 'n_read' <Predicate = true> <Delay = 0.00>
ST_1 : Operation 73 [1/1] (0.00ns)   --->   "%x_new = alloca [16 x i32], align 16" [Jacobi/main.c:7]   --->   Operation 73 'alloca' 'x_new' <Predicate = true> <Delay = 0.00> <Core = "RAM">   --->   Core 37 'RAM' <Latency = 1> <II = 1> <Delay = 2.32> <Storage> <Opcode : 'load' 'store'> <Ports = 2> <Width = 32> <Depth = 16> <RAM>
ST_1 : Operation 74 [1/1] (1.76ns)   --->   "br label %1" [Jacobi/main.c:9]   --->   Operation 74 'br' <Predicate = true> <Delay = 1.76>

State 2 <SV = 1> <Delay = 2.32>
ST_2 : Operation 75 [1/1] (0.00ns)   --->   "%i = phi i5 [ 0, %0 ], [ %i_1, %2 ]"   --->   Operation 75 'phi' 'i' <Predicate = true> <Delay = 0.00>
ST_2 : Operation 76 [1/1] (1.36ns)   --->   "%exitcond2 = icmp eq i5 %i, -16" [Jacobi/main.c:9]   --->   Operation 76 'icmp' 'exitcond2' <Predicate = true> <Delay = 1.36> <Core = "Cmp">   --->   Core 25 'Cmp' <Latency = 0> <II = 1> <Delay = 1.36> <FuncUnit> <Opcode : 'icmp'> <InPorts = 2> <OutPorts = 1>
ST_2 : Operation 77 [1/1] (0.00ns)   --->   "%empty = call i32 (...)* @_ssdm_op_SpecLoopTripCount(i64 16, i64 16, i64 16) nounwind"   --->   Operation 77 'speclooptripcount' 'empty' <Predicate = true> <Delay = 0.00>
ST_2 : Operation 78 [1/1] (1.78ns)   --->   "%i_1 = add i5 %i, 1" [Jacobi/main.c:9]   --->   Operation 78 'add' 'i_1' <Predicate = true> <Delay = 1.78> <Core = "AddSub">   --->   Core 14 'AddSub' <Latency = 0> <II = 1> <Delay = 1.78> <FuncUnit> <Opcode : 'add' 'sub'> <InPorts = 2> <OutPorts = 1>
ST_2 : Operation 79 [1/1] (0.00ns)   --->   "br i1 %exitcond2, label %.preheader5.preheader, label %2" [Jacobi/main.c:9]   --->   Operation 79 'br' <Predicate = true> <Delay = 0.00>
ST_2 : Operation 80 [1/1] (0.00ns)   --->   "%tmp = zext i5 %i to i64" [Jacobi/main.c:12]   --->   Operation 80 'zext' 'tmp' <Predicate = (!exitcond2)> <Delay = 0.00>
ST_2 : Operation 81 [1/1] (0.00ns)   --->   "%x_new_addr = getelementptr inbounds [16 x i32]* %x_new, i64 0, i64 %tmp" [Jacobi/main.c:13]   --->   Operation 81 'getelementptr' 'x_new_addr' <Predicate = (!exitcond2)> <Delay = 0.00>
ST_2 : Operation 82 [1/1] (2.32ns)   --->   "store i32 0, i32* %x_new_addr, align 4" [Jacobi/main.c:13]   --->   Operation 82 'store' <Predicate = (!exitcond2)> <Delay = 2.32> <Core = "RAM">   --->   Core 37 'RAM' <Latency = 1> <II = 1> <Delay = 2.32> <Storage> <Opcode : 'load' 'store'> <Ports = 2> <Width = 32> <Depth = 16> <RAM>
ST_2 : Operation 83 [1/1] (0.00ns)   --->   "br label %1" [Jacobi/main.c:9]   --->   Operation 83 'br' <Predicate = (!exitcond2)> <Delay = 0.00>
ST_2 : Operation 84 [1/1] (1.76ns)   --->   "br label %.preheader5" [Jacobi/main.c:16]   --->   Operation 84 'br' <Predicate = (exitcond2)> <Delay = 1.76>

State 3 <SV = 2> <Delay = 2.52>
ST_3 : Operation 85 [1/1] (0.00ns)   --->   "%t = phi i31 [ %t_1, %.preheader5.loopexit ], [ 0, %.preheader5.preheader ]"   --->   Operation 85 'phi' 't' <Predicate = true> <Delay = 0.00>
ST_3 : Operation 86 [1/1] (0.00ns)   --->   "%t_cast = zext i31 %t to i32" [Jacobi/main.c:16]   --->   Operation 86 'zext' 't_cast' <Predicate = true> <Delay = 0.00>
ST_3 : Operation 87 [1/1] (2.47ns)   --->   "%tmp_2 = icmp slt i32 %t_cast, %iter_read" [Jacobi/main.c:16]   --->   Operation 87 'icmp' 'tmp_2' <Predicate = true> <Delay = 2.47> <Core = "Cmp">   --->   Core 25 'Cmp' <Latency = 0> <II = 1> <Delay = 1.36> <FuncUnit> <Opcode : 'icmp'> <InPorts = 2> <OutPorts = 1>
ST_3 : Operation 88 [1/1] (2.52ns)   --->   "%t_1 = add i31 %t, 1" [Jacobi/main.c:16]   --->   Operation 88 'add' 't_1' <Predicate = true> <Delay = 2.52> <Core = "AddSub">   --->   Core 14 'AddSub' <Latency = 0> <II = 1> <Delay = 1.78> <FuncUnit> <Opcode : 'add' 'sub'> <InPorts = 2> <OutPorts = 1>
ST_3 : Operation 89 [1/1] (0.00ns)   --->   "br i1 %tmp_2, label %.preheader4.preheader, label %.preheader.preheader" [Jacobi/main.c:16]   --->   Operation 89 'br' <Predicate = true> <Delay = 0.00>
ST_3 : Operation 90 [1/1] (1.76ns)   --->   "br label %.preheader4" [Jacobi/main.c:18]   --->   Operation 90 'br' <Predicate = (tmp_2)> <Delay = 1.76>
ST_3 : Operation 91 [1/1] (1.76ns)   --->   "br label %.preheader" [Jacobi/main.c:33]   --->   Operation 91 'br' <Predicate = (!tmp_2)> <Delay = 1.76>

State 4 <SV = 3> <Delay = 2.52>
ST_4 : Operation 92 [1/1] (0.00ns)   --->   "%i1 = phi i31 [ %i_2, %3 ], [ 0, %.preheader4.preheader ]"   --->   Operation 92 'phi' 'i1' <Predicate = true> <Delay = 0.00>
ST_4 : Operation 93 [1/1] (0.00ns)   --->   "%i1_cast = zext i31 %i1 to i32" [Jacobi/main.c:18]   --->   Operation 93 'zext' 'i1_cast' <Predicate = true> <Delay = 0.00>
ST_4 : Operation 94 [1/1] (2.47ns)   --->   "%tmp_3 = icmp slt i32 %i1_cast, %n_read" [Jacobi/main.c:18]   --->   Operation 94 'icmp' 'tmp_3' <Predicate = true> <Delay = 2.47> <Core = "Cmp">   --->   Core 25 'Cmp' <Latency = 0> <II = 1> <Delay = 1.36> <FuncUnit> <Opcode : 'icmp'> <InPorts = 2> <OutPorts = 1>
ST_4 : Operation 95 [1/1] (2.52ns)   --->   "%i_2 = add i31 %i1, 1" [Jacobi/main.c:18]   --->   Operation 95 'add' 'i_2' <Predicate = true> <Delay = 2.52> <Core = "AddSub">   --->   Core 14 'AddSub' <Latency = 0> <II = 1> <Delay = 1.78> <FuncUnit> <Opcode : 'add' 'sub'> <InPorts = 2> <OutPorts = 1>
ST_4 : Operation 96 [1/1] (0.00ns)   --->   "br i1 %tmp_3, label %.preheader3.preheader, label %.preheader5.loopexit" [Jacobi/main.c:18]   --->   Operation 96 'br' <Predicate = true> <Delay = 0.00>
ST_4 : Operation 97 [1/1] (0.00ns)   --->   "%tmp_4 = trunc i31 %i1 to i4" [Jacobi/main.c:25]   --->   Operation 97 'trunc' 'tmp_4' <Predicate = (tmp_3)> <Delay = 0.00>
ST_4 : Operation 98 [1/1] (1.73ns)   --->   "%tmp_5 = add i4 -1, %tmp_4" [Jacobi/main.c:25]   --->   Operation 98 'add' 'tmp_5' <Predicate = (tmp_3)> <Delay = 1.73> <Core = "AddSub">   --->   Core 14 'AddSub' <Latency = 0> <II = 1> <Delay = 1.78> <FuncUnit> <Opcode : 'add' 'sub'> <InPorts = 2> <OutPorts = 1>
ST_4 : Operation 99 [1/1] (0.00ns)   --->   "%tmp_11_cast = call i6 @_ssdm_op_BitConcatenate.i6.i4.i2(i4 %tmp_5, i2 0)" [Jacobi/main.c:21]   --->   Operation 99 'bitconcatenate' 'tmp_11_cast' <Predicate = (tmp_3)> <Delay = 0.00>
ST_4 : Operation 100 [1/1] (1.76ns)   --->   "br label %.preheader3" [Jacobi/main.c:21]   --->   Operation 100 'br' <Predicate = (tmp_3)> <Delay = 1.76>
ST_4 : Operation 101 [1/1] (0.00ns)   --->   "br label %.preheader5"   --->   Operation 101 'br' <Predicate = (!tmp_3)> <Delay = 0.00>

State 5 <SV = 4> <Delay = 2.55>
ST_5 : Operation 102 [1/1] (0.00ns)   --->   "%sigma = phi double [ %sigma_1, %_ifconv ], [ 0.000000e+00, %.preheader3.preheader ]"   --->   Operation 102 'phi' 'sigma' <Predicate = true> <Delay = 0.00>
ST_5 : Operation 103 [1/1] (0.00ns)   --->   "%j = phi i32 [ %j_1, %_ifconv ], [ 0, %.preheader3.preheader ]"   --->   Operation 103 'phi' 'j' <Predicate = true> <Delay = 0.00>
ST_5 : Operation 104 [1/1] (2.47ns)   --->   "%exitcond1 = icmp eq i32 %j, %n_read" [Jacobi/main.c:21]   --->   Operation 104 'icmp' 'exitcond1' <Predicate = true> <Delay = 2.47> <Core = "Cmp">   --->   Core 25 'Cmp' <Latency = 0> <II = 1> <Delay = 1.36> <FuncUnit> <Opcode : 'icmp'> <InPorts = 2> <OutPorts = 1>
ST_5 : Operation 105 [1/1] (2.55ns)   --->   "%j_1 = add nsw i32 %j, 1" [Jacobi/main.c:21]   --->   Operation 105 'add' 'j_1' <Predicate = true> <Delay = 2.55> <Core = "AddSub">   --->   Core 14 'AddSub' <Latency = 0> <II = 1> <Delay = 1.78> <FuncUnit> <Opcode : 'add' 'sub'> <InPorts = 2> <OutPorts = 1>
ST_5 : Operation 106 [1/1] (0.00ns)   --->   "br i1 %exitcond1, label %3, label %_ifconv" [Jacobi/main.c:21]   --->   Operation 106 'br' <Predicate = true> <Delay = 0.00>
ST_5 : Operation 107 [1/1] (2.47ns)   --->   "%tmp_10 = icmp eq i32 %j, %i1_cast" [Jacobi/main.c:23]   --->   Operation 107 'icmp' 'tmp_10' <Predicate = (!exitcond1)> <Delay = 2.47> <Core = "Cmp">   --->   Core 25 'Cmp' <Latency = 0> <II = 1> <Delay = 1.36> <FuncUnit> <Opcode : 'icmp'> <InPorts = 2> <OutPorts = 1>
ST_5 : Operation 108 [1/1] (0.00ns)   --->   "%tmp_9 = zext i31 %i1 to i64" [Jacobi/main.c:28]   --->   Operation 108 'zext' 'tmp_9' <Predicate = (exitcond1)> <Delay = 0.00>
ST_5 : Operation 109 [1/1] (0.00ns)   --->   "%tmp_11 = trunc i31 %i1 to i6" [Jacobi/main.c:28]   --->   Operation 109 'trunc' 'tmp_11' <Predicate = (exitcond1)> <Delay = 0.00>
ST_5 : Operation 110 [1/1] (1.82ns)   --->   "%tmp_12 = add i6 %tmp_11, %tmp_11_cast" [Jacobi/main.c:28]   --->   Operation 110 'add' 'tmp_12' <Predicate = (exitcond1)> <Delay = 1.82> <Core = "AddSub">   --->   Core 14 'AddSub' <Latency = 0> <II = 1> <Delay = 1.78> <FuncUnit> <Opcode : 'add' 'sub'> <InPorts = 2> <OutPorts = 1>
ST_5 : Operation 111 [1/1] (0.00ns)   --->   "%b_addr = getelementptr [4 x i32]* %b, i64 0, i64 %tmp_9" [Jacobi/main.c:28]   --->   Operation 111 'getelementptr' 'b_addr' <Predicate = (exitcond1)> <Delay = 0.00>
ST_5 : Operation 112 [2/2] (2.32ns)   --->   "%b_load = load i32* %b_addr, align 4" [Jacobi/main.c:28]   --->   Operation 112 'load' 'b_load' <Predicate = (exitcond1)> <Delay = 2.32> <Core = "RAM">   --->   Core 37 'RAM' <Latency = 1> <II = 1> <Delay = 2.32> <Storage> <Opcode : 'load' 'store'> <Ports = 2> <Width = 32> <Depth = 16> <RAM>

State 6 <SV = 5> <Delay = 8.23>
ST_6 : Operation 113 [5/5] (8.23ns)   --->   "%sigma_2 = fadd double %sigma, 0.000000e+00" [Jacobi/main.c:25]   --->   Operation 113 'dadd' 'sigma_2' <Predicate = (tmp_10)> <Delay = 8.23> <Core = "DAddSub">   --->   Core 114 'DAddSub' <Latency = 4> <II = 1> <Delay = 8.23> <FuncUnit> <Opcode : 'dadd' 'dsub'> <InPorts = 2> <OutPorts = 1>

State 7 <SV = 6> <Delay = 8.23>
ST_7 : Operation 114 [4/5] (8.23ns)   --->   "%sigma_2 = fadd double %sigma, 0.000000e+00" [Jacobi/main.c:25]   --->   Operation 114 'dadd' 'sigma_2' <Predicate = (tmp_10)> <Delay = 8.23> <Core = "DAddSub">   --->   Core 114 'DAddSub' <Latency = 4> <II = 1> <Delay = 8.23> <FuncUnit> <Opcode : 'dadd' 'dsub'> <InPorts = 2> <OutPorts = 1>

State 8 <SV = 7> <Delay = 8.23>
ST_8 : Operation 115 [3/5] (8.23ns)   --->   "%sigma_2 = fadd double %sigma, 0.000000e+00" [Jacobi/main.c:25]   --->   Operation 115 'dadd' 'sigma_2' <Predicate = (tmp_10)> <Delay = 8.23> <Core = "DAddSub">   --->   Core 114 'DAddSub' <Latency = 4> <II = 1> <Delay = 8.23> <FuncUnit> <Opcode : 'dadd' 'dsub'> <InPorts = 2> <OutPorts = 1>

State 9 <SV = 8> <Delay = 8.23>
ST_9 : Operation 116 [2/5] (8.23ns)   --->   "%sigma_2 = fadd double %sigma, 0.000000e+00" [Jacobi/main.c:25]   --->   Operation 116 'dadd' 'sigma_2' <Predicate = (tmp_10)> <Delay = 8.23> <Core = "DAddSub">   --->   Core 114 'DAddSub' <Latency = 4> <II = 1> <Delay = 8.23> <FuncUnit> <Opcode : 'dadd' 'dsub'> <InPorts = 2> <OutPorts = 1>

State 10 <SV = 9> <Delay = 8.23>
ST_10 : Operation 117 [1/5] (8.23ns)   --->   "%sigma_2 = fadd double %sigma, 0.000000e+00" [Jacobi/main.c:25]   --->   Operation 117 'dadd' 'sigma_2' <Predicate = (tmp_10)> <Delay = 8.23> <Core = "DAddSub">   --->   Core 114 'DAddSub' <Latency = 4> <II = 1> <Delay = 8.23> <FuncUnit> <Opcode : 'dadd' 'dsub'> <InPorts = 2> <OutPorts = 1>

State 11 <SV = 10> <Delay = 1.48>
ST_11 : Operation 118 [1/1] (1.48ns)   --->   "%sigma_1 = select i1 %tmp_10, double %sigma_2, double %sigma" [Jacobi/main.c:23]   --->   Operation 118 'select' 'sigma_1' <Predicate = true> <Delay = 1.48> <Core = "Sel">   --->   Core 26 'Sel' <Latency = 0> <II = 1> <Delay = 0.69> <FuncUnit> <Opcode : 'select'> <InPorts = 3> <OutPorts = 1>
ST_11 : Operation 119 [1/1] (0.00ns)   --->   "br label %.preheader3" [Jacobi/main.c:21]   --->   Operation 119 'br' <Predicate = true> <Delay = 0.00>

State 12 <SV = 5> <Delay = 8.60>
ST_12 : Operation 120 [1/2] (2.32ns)   --->   "%b_load = load i32* %b_addr, align 4" [Jacobi/main.c:28]   --->   Operation 120 'load' 'b_load' <Predicate = true> <Delay = 2.32> <Core = "RAM">   --->   Core 37 'RAM' <Latency = 1> <II = 1> <Delay = 2.32> <Storage> <Opcode : 'load' 'store'> <Ports = 2> <Width = 32> <Depth = 16> <RAM>
ST_12 : Operation 121 [6/6] (6.28ns)   --->   "%tmp_1 = sitofp i32 %b_load to double" [Jacobi/main.c:28]   --->   Operation 121 'sitodp' 'tmp_1' <Predicate = true> <Delay = 6.28> <Core = "Int2Double">   --->   Core 121 'Int2Double' <Latency = 5> <II = 1> <Delay = 6.28> <FuncUnit> <Opcode : 'sitodp' 'uitodp'> <InPorts = 1> <OutPorts = 1>

State 13 <SV = 6> <Delay = 6.28>
ST_13 : Operation 122 [5/6] (6.28ns)   --->   "%tmp_1 = sitofp i32 %b_load to double" [Jacobi/main.c:28]   --->   Operation 122 'sitodp' 'tmp_1' <Predicate = true> <Delay = 6.28> <Core = "Int2Double">   --->   Core 121 'Int2Double' <Latency = 5> <II = 1> <Delay = 6.28> <FuncUnit> <Opcode : 'sitodp' 'uitodp'> <InPorts = 1> <OutPorts = 1>

State 14 <SV = 7> <Delay = 6.28>
ST_14 : Operation 123 [4/6] (6.28ns)   --->   "%tmp_1 = sitofp i32 %b_load to double" [Jacobi/main.c:28]   --->   Operation 123 'sitodp' 'tmp_1' <Predicate = true> <Delay = 6.28> <Core = "Int2Double">   --->   Core 121 'Int2Double' <Latency = 5> <II = 1> <Delay = 6.28> <FuncUnit> <Opcode : 'sitodp' 'uitodp'> <InPorts = 1> <OutPorts = 1>

State 15 <SV = 8> <Delay = 6.28>
ST_15 : Operation 124 [3/6] (6.28ns)   --->   "%tmp_1 = sitofp i32 %b_load to double" [Jacobi/main.c:28]   --->   Operation 124 'sitodp' 'tmp_1' <Predicate = true> <Delay = 6.28> <Core = "Int2Double">   --->   Core 121 'Int2Double' <Latency = 5> <II = 1> <Delay = 6.28> <FuncUnit> <Opcode : 'sitodp' 'uitodp'> <InPorts = 1> <OutPorts = 1>

State 16 <SV = 9> <Delay = 6.28>
ST_16 : Operation 125 [1/1] (0.00ns)   --->   "%tmp_12_cast = sext i6 %tmp_12 to i64" [Jacobi/main.c:28]   --->   Operation 125 'sext' 'tmp_12_cast' <Predicate = true> <Delay = 0.00>
ST_16 : Operation 126 [1/1] (0.00ns)   --->   "%J_addr = getelementptr [16 x i32]* %J, i64 0, i64 %tmp_12_cast" [Jacobi/main.c:28]   --->   Operation 126 'getelementptr' 'J_addr' <Predicate = true> <Delay = 0.00>
ST_16 : Operation 127 [2/2] (2.32ns)   --->   "%J_load = load i32* %J_addr, align 4" [Jacobi/main.c:28]   --->   Operation 127 'load' 'J_load' <Predicate = true> <Delay = 2.32> <Core = "RAM">   --->   Core 37 'RAM' <Latency = 1> <II = 1> <Delay = 2.32> <Storage> <Opcode : 'load' 'store'> <Ports = 2> <Width = 32> <Depth = 16> <RAM>
ST_16 : Operation 128 [2/6] (6.28ns)   --->   "%tmp_1 = sitofp i32 %b_load to double" [Jacobi/main.c:28]   --->   Operation 128 'sitodp' 'tmp_1' <Predicate = true> <Delay = 6.28> <Core = "Int2Double">   --->   Core 121 'Int2Double' <Latency = 5> <II = 1> <Delay = 6.28> <FuncUnit> <Opcode : 'sitodp' 'uitodp'> <InPorts = 1> <OutPorts = 1>

State 17 <SV = 10> <Delay = 8.60>
ST_17 : Operation 129 [1/2] (2.32ns)   --->   "%J_load = load i32* %J_addr, align 4" [Jacobi/main.c:28]   --->   Operation 129 'load' 'J_load' <Predicate = true> <Delay = 2.32> <Core = "RAM">   --->   Core 37 'RAM' <Latency = 1> <II = 1> <Delay = 2.32> <Storage> <Opcode : 'load' 'store'> <Ports = 2> <Width = 32> <Depth = 16> <RAM>
ST_17 : Operation 130 [6/6] (6.28ns)   --->   "%tmp_s = sitofp i32 %J_load to double" [Jacobi/main.c:28]   --->   Operation 130 'sitodp' 'tmp_s' <Predicate = true> <Delay = 6.28> <Core = "Int2Double">   --->   Core 121 'Int2Double' <Latency = 5> <II = 1> <Delay = 6.28> <FuncUnit> <Opcode : 'sitodp' 'uitodp'> <InPorts = 1> <OutPorts = 1>
ST_17 : Operation 131 [1/6] (6.28ns)   --->   "%tmp_1 = sitofp i32 %b_load to double" [Jacobi/main.c:28]   --->   Operation 131 'sitodp' 'tmp_1' <Predicate = true> <Delay = 6.28> <Core = "Int2Double">   --->   Core 121 'Int2Double' <Latency = 5> <II = 1> <Delay = 6.28> <FuncUnit> <Opcode : 'sitodp' 'uitodp'> <InPorts = 1> <OutPorts = 1>

State 18 <SV = 11> <Delay = 8.23>
ST_18 : Operation 132 [5/6] (6.28ns)   --->   "%tmp_s = sitofp i32 %J_load to double" [Jacobi/main.c:28]   --->   Operation 132 'sitodp' 'tmp_s' <Predicate = true> <Delay = 6.28> <Core = "Int2Double">   --->   Core 121 'Int2Double' <Latency = 5> <II = 1> <Delay = 6.28> <FuncUnit> <Opcode : 'sitodp' 'uitodp'> <InPorts = 1> <OutPorts = 1>
ST_18 : Operation 133 [5/5] (8.23ns)   --->   "%tmp_6 = fsub double %tmp_1, %sigma" [Jacobi/main.c:28]   --->   Operation 133 'dsub' 'tmp_6' <Predicate = true> <Delay = 8.23> <Core = "DAddSub">   --->   Core 114 'DAddSub' <Latency = 4> <II = 1> <Delay = 8.23> <FuncUnit> <Opcode : 'dadd' 'dsub'> <InPorts = 2> <OutPorts = 1>

State 19 <SV = 12> <Delay = 8.23>
ST_19 : Operation 134 [4/6] (6.28ns)   --->   "%tmp_s = sitofp i32 %J_load to double" [Jacobi/main.c:28]   --->   Operation 134 'sitodp' 'tmp_s' <Predicate = true> <Delay = 6.28> <Core = "Int2Double">   --->   Core 121 'Int2Double' <Latency = 5> <II = 1> <Delay = 6.28> <FuncUnit> <Opcode : 'sitodp' 'uitodp'> <InPorts = 1> <OutPorts = 1>
ST_19 : Operation 135 [4/5] (8.23ns)   --->   "%tmp_6 = fsub double %tmp_1, %sigma" [Jacobi/main.c:28]   --->   Operation 135 'dsub' 'tmp_6' <Predicate = true> <Delay = 8.23> <Core = "DAddSub">   --->   Core 114 'DAddSub' <Latency = 4> <II = 1> <Delay = 8.23> <FuncUnit> <Opcode : 'dadd' 'dsub'> <InPorts = 2> <OutPorts = 1>

State 20 <SV = 13> <Delay = 8.23>
ST_20 : Operation 136 [3/6] (6.28ns)   --->   "%tmp_s = sitofp i32 %J_load to double" [Jacobi/main.c:28]   --->   Operation 136 'sitodp' 'tmp_s' <Predicate = true> <Delay = 6.28> <Core = "Int2Double">   --->   Core 121 'Int2Double' <Latency = 5> <II = 1> <Delay = 6.28> <FuncUnit> <Opcode : 'sitodp' 'uitodp'> <InPorts = 1> <OutPorts = 1>
ST_20 : Operation 137 [3/5] (8.23ns)   --->   "%tmp_6 = fsub double %tmp_1, %sigma" [Jacobi/main.c:28]   --->   Operation 137 'dsub' 'tmp_6' <Predicate = true> <Delay = 8.23> <Core = "DAddSub">   --->   Core 114 'DAddSub' <Latency = 4> <II = 1> <Delay = 8.23> <FuncUnit> <Opcode : 'dadd' 'dsub'> <InPorts = 2> <OutPorts = 1>

State 21 <SV = 14> <Delay = 8.23>
ST_21 : Operation 138 [2/6] (6.28ns)   --->   "%tmp_s = sitofp i32 %J_load to double" [Jacobi/main.c:28]   --->   Operation 138 'sitodp' 'tmp_s' <Predicate = true> <Delay = 6.28> <Core = "Int2Double">   --->   Core 121 'Int2Double' <Latency = 5> <II = 1> <Delay = 6.28> <FuncUnit> <Opcode : 'sitodp' 'uitodp'> <InPorts = 1> <OutPorts = 1>
ST_21 : Operation 139 [2/5] (8.23ns)   --->   "%tmp_6 = fsub double %tmp_1, %sigma" [Jacobi/main.c:28]   --->   Operation 139 'dsub' 'tmp_6' <Predicate = true> <Delay = 8.23> <Core = "DAddSub">   --->   Core 114 'DAddSub' <Latency = 4> <II = 1> <Delay = 8.23> <FuncUnit> <Opcode : 'dadd' 'dsub'> <InPorts = 2> <OutPorts = 1>

State 22 <SV = 15> <Delay = 8.23>
ST_22 : Operation 140 [1/6] (6.28ns)   --->   "%tmp_s = sitofp i32 %J_load to double" [Jacobi/main.c:28]   --->   Operation 140 'sitodp' 'tmp_s' <Predicate = true> <Delay = 6.28> <Core = "Int2Double">   --->   Core 121 'Int2Double' <Latency = 5> <II = 1> <Delay = 6.28> <FuncUnit> <Opcode : 'sitodp' 'uitodp'> <InPorts = 1> <OutPorts = 1>
ST_22 : Operation 141 [1/5] (8.23ns)   --->   "%tmp_6 = fsub double %tmp_1, %sigma" [Jacobi/main.c:28]   --->   Operation 141 'dsub' 'tmp_6' <Predicate = true> <Delay = 8.23> <Core = "DAddSub">   --->   Core 114 'DAddSub' <Latency = 4> <II = 1> <Delay = 8.23> <FuncUnit> <Opcode : 'dadd' 'dsub'> <InPorts = 2> <OutPorts = 1>

State 23 <SV = 16> <Delay = 7.78>
ST_23 : Operation 142 [6/6] (7.78ns)   --->   "%tmp_8 = fmul double %tmp_s, %tmp_6" [Jacobi/main.c:28]   --->   Operation 142 'dmul' 'tmp_8' <Predicate = true> <Delay = 7.78> <Core = "DMul">   --->   Core 115 'DMul' <Latency = 5> <II = 1> <Delay = 7.78> <FuncUnit> <Opcode : 'dmul'> <InPorts = 2> <OutPorts = 1>

State 24 <SV = 17> <Delay = 7.78>
ST_24 : Operation 143 [5/6] (7.78ns)   --->   "%tmp_8 = fmul double %tmp_s, %tmp_6" [Jacobi/main.c:28]   --->   Operation 143 'dmul' 'tmp_8' <Predicate = true> <Delay = 7.78> <Core = "DMul">   --->   Core 115 'DMul' <Latency = 5> <II = 1> <Delay = 7.78> <FuncUnit> <Opcode : 'dmul'> <InPorts = 2> <OutPorts = 1>

State 25 <SV = 18> <Delay = 7.78>
ST_25 : Operation 144 [4/6] (7.78ns)   --->   "%tmp_8 = fmul double %tmp_s, %tmp_6" [Jacobi/main.c:28]   --->   Operation 144 'dmul' 'tmp_8' <Predicate = true> <Delay = 7.78> <Core = "DMul">   --->   Core 115 'DMul' <Latency = 5> <II = 1> <Delay = 7.78> <FuncUnit> <Opcode : 'dmul'> <InPorts = 2> <OutPorts = 1>

State 26 <SV = 19> <Delay = 7.78>
ST_26 : Operation 145 [3/6] (7.78ns)   --->   "%tmp_8 = fmul double %tmp_s, %tmp_6" [Jacobi/main.c:28]   --->   Operation 145 'dmul' 'tmp_8' <Predicate = true> <Delay = 7.78> <Core = "DMul">   --->   Core 115 'DMul' <Latency = 5> <II = 1> <Delay = 7.78> <FuncUnit> <Opcode : 'dmul'> <InPorts = 2> <OutPorts = 1>

State 27 <SV = 20> <Delay = 7.78>
ST_27 : Operation 146 [2/6] (7.78ns)   --->   "%tmp_8 = fmul double %tmp_s, %tmp_6" [Jacobi/main.c:28]   --->   Operation 146 'dmul' 'tmp_8' <Predicate = true> <Delay = 7.78> <Core = "DMul">   --->   Core 115 'DMul' <Latency = 5> <II = 1> <Delay = 7.78> <FuncUnit> <Opcode : 'dmul'> <InPorts = 2> <OutPorts = 1>

State 28 <SV = 21> <Delay = 7.78>
ST_28 : Operation 147 [1/6] (7.78ns)   --->   "%tmp_8 = fmul double %tmp_s, %tmp_6" [Jacobi/main.c:28]   --->   Operation 147 'dmul' 'tmp_8' <Predicate = true> <Delay = 7.78> <Core = "DMul">   --->   Core 115 'DMul' <Latency = 5> <II = 1> <Delay = 7.78> <FuncUnit> <Opcode : 'dmul'> <InPorts = 2> <OutPorts = 1>

State 29 <SV = 22> <Delay = 8.62>
ST_29 : Operation 148 [31/31] (8.62ns)   --->   "%x_assign = fdiv double 1.000000e+00, %tmp_8" [Jacobi/main.c:28]   --->   Operation 148 'ddiv' 'x_assign' <Predicate = true> <Delay = 8.62> <Core = "DDiv">   --->   Core 116 'DDiv' <Latency = 30> <II = 1> <Delay = 8.62> <FuncUnit> <Opcode : 'ddiv' 'drem'> <InPorts = 2> <OutPorts = 1>

State 30 <SV = 23> <Delay = 8.62>
ST_30 : Operation 149 [30/31] (8.62ns)   --->   "%x_assign = fdiv double 1.000000e+00, %tmp_8" [Jacobi/main.c:28]   --->   Operation 149 'ddiv' 'x_assign' <Predicate = true> <Delay = 8.62> <Core = "DDiv">   --->   Core 116 'DDiv' <Latency = 30> <II = 1> <Delay = 8.62> <FuncUnit> <Opcode : 'ddiv' 'drem'> <InPorts = 2> <OutPorts = 1>

State 31 <SV = 24> <Delay = 8.62>
ST_31 : Operation 150 [29/31] (8.62ns)   --->   "%x_assign = fdiv double 1.000000e+00, %tmp_8" [Jacobi/main.c:28]   --->   Operation 150 'ddiv' 'x_assign' <Predicate = true> <Delay = 8.62> <Core = "DDiv">   --->   Core 116 'DDiv' <Latency = 30> <II = 1> <Delay = 8.62> <FuncUnit> <Opcode : 'ddiv' 'drem'> <InPorts = 2> <OutPorts = 1>

State 32 <SV = 25> <Delay = 8.62>
ST_32 : Operation 151 [28/31] (8.62ns)   --->   "%x_assign = fdiv double 1.000000e+00, %tmp_8" [Jacobi/main.c:28]   --->   Operation 151 'ddiv' 'x_assign' <Predicate = true> <Delay = 8.62> <Core = "DDiv">   --->   Core 116 'DDiv' <Latency = 30> <II = 1> <Delay = 8.62> <FuncUnit> <Opcode : 'ddiv' 'drem'> <InPorts = 2> <OutPorts = 1>

State 33 <SV = 26> <Delay = 8.62>
ST_33 : Operation 152 [27/31] (8.62ns)   --->   "%x_assign = fdiv double 1.000000e+00, %tmp_8" [Jacobi/main.c:28]   --->   Operation 152 'ddiv' 'x_assign' <Predicate = true> <Delay = 8.62> <Core = "DDiv">   --->   Core 116 'DDiv' <Latency = 30> <II = 1> <Delay = 8.62> <FuncUnit> <Opcode : 'ddiv' 'drem'> <InPorts = 2> <OutPorts = 1>

State 34 <SV = 27> <Delay = 8.62>
ST_34 : Operation 153 [26/31] (8.62ns)   --->   "%x_assign = fdiv double 1.000000e+00, %tmp_8" [Jacobi/main.c:28]   --->   Operation 153 'ddiv' 'x_assign' <Predicate = true> <Delay = 8.62> <Core = "DDiv">   --->   Core 116 'DDiv' <Latency = 30> <II = 1> <Delay = 8.62> <FuncUnit> <Opcode : 'ddiv' 'drem'> <InPorts = 2> <OutPorts = 1>

State 35 <SV = 28> <Delay = 8.62>
ST_35 : Operation 154 [25/31] (8.62ns)   --->   "%x_assign = fdiv double 1.000000e+00, %tmp_8" [Jacobi/main.c:28]   --->   Operation 154 'ddiv' 'x_assign' <Predicate = true> <Delay = 8.62> <Core = "DDiv">   --->   Core 116 'DDiv' <Latency = 30> <II = 1> <Delay = 8.62> <FuncUnit> <Opcode : 'ddiv' 'drem'> <InPorts = 2> <OutPorts = 1>

State 36 <SV = 29> <Delay = 8.62>
ST_36 : Operation 155 [24/31] (8.62ns)   --->   "%x_assign = fdiv double 1.000000e+00, %tmp_8" [Jacobi/main.c:28]   --->   Operation 155 'ddiv' 'x_assign' <Predicate = true> <Delay = 8.62> <Core = "DDiv">   --->   Core 116 'DDiv' <Latency = 30> <II = 1> <Delay = 8.62> <FuncUnit> <Opcode : 'ddiv' 'drem'> <InPorts = 2> <OutPorts = 1>

State 37 <SV = 30> <Delay = 8.62>
ST_37 : Operation 156 [23/31] (8.62ns)   --->   "%x_assign = fdiv double 1.000000e+00, %tmp_8" [Jacobi/main.c:28]   --->   Operation 156 'ddiv' 'x_assign' <Predicate = true> <Delay = 8.62> <Core = "DDiv">   --->   Core 116 'DDiv' <Latency = 30> <II = 1> <Delay = 8.62> <FuncUnit> <Opcode : 'ddiv' 'drem'> <InPorts = 2> <OutPorts = 1>

State 38 <SV = 31> <Delay = 8.62>
ST_38 : Operation 157 [22/31] (8.62ns)   --->   "%x_assign = fdiv double 1.000000e+00, %tmp_8" [Jacobi/main.c:28]   --->   Operation 157 'ddiv' 'x_assign' <Predicate = true> <Delay = 8.62> <Core = "DDiv">   --->   Core 116 'DDiv' <Latency = 30> <II = 1> <Delay = 8.62> <FuncUnit> <Opcode : 'ddiv' 'drem'> <InPorts = 2> <OutPorts = 1>

State 39 <SV = 32> <Delay = 8.62>
ST_39 : Operation 158 [21/31] (8.62ns)   --->   "%x_assign = fdiv double 1.000000e+00, %tmp_8" [Jacobi/main.c:28]   --->   Operation 158 'ddiv' 'x_assign' <Predicate = true> <Delay = 8.62> <Core = "DDiv">   --->   Core 116 'DDiv' <Latency = 30> <II = 1> <Delay = 8.62> <FuncUnit> <Opcode : 'ddiv' 'drem'> <InPorts = 2> <OutPorts = 1>

State 40 <SV = 33> <Delay = 8.62>
ST_40 : Operation 159 [20/31] (8.62ns)   --->   "%x_assign = fdiv double 1.000000e+00, %tmp_8" [Jacobi/main.c:28]   --->   Operation 159 'ddiv' 'x_assign' <Predicate = true> <Delay = 8.62> <Core = "DDiv">   --->   Core 116 'DDiv' <Latency = 30> <II = 1> <Delay = 8.62> <FuncUnit> <Opcode : 'ddiv' 'drem'> <InPorts = 2> <OutPorts = 1>

State 41 <SV = 34> <Delay = 8.62>
ST_41 : Operation 160 [19/31] (8.62ns)   --->   "%x_assign = fdiv double 1.000000e+00, %tmp_8" [Jacobi/main.c:28]   --->   Operation 160 'ddiv' 'x_assign' <Predicate = true> <Delay = 8.62> <Core = "DDiv">   --->   Core 116 'DDiv' <Latency = 30> <II = 1> <Delay = 8.62> <FuncUnit> <Opcode : 'ddiv' 'drem'> <InPorts = 2> <OutPorts = 1>

State 42 <SV = 35> <Delay = 8.62>
ST_42 : Operation 161 [18/31] (8.62ns)   --->   "%x_assign = fdiv double 1.000000e+00, %tmp_8" [Jacobi/main.c:28]   --->   Operation 161 'ddiv' 'x_assign' <Predicate = true> <Delay = 8.62> <Core = "DDiv">   --->   Core 116 'DDiv' <Latency = 30> <II = 1> <Delay = 8.62> <FuncUnit> <Opcode : 'ddiv' 'drem'> <InPorts = 2> <OutPorts = 1>

State 43 <SV = 36> <Delay = 8.62>
ST_43 : Operation 162 [17/31] (8.62ns)   --->   "%x_assign = fdiv double 1.000000e+00, %tmp_8" [Jacobi/main.c:28]   --->   Operation 162 'ddiv' 'x_assign' <Predicate = true> <Delay = 8.62> <Core = "DDiv">   --->   Core 116 'DDiv' <Latency = 30> <II = 1> <Delay = 8.62> <FuncUnit> <Opcode : 'ddiv' 'drem'> <InPorts = 2> <OutPorts = 1>

State 44 <SV = 37> <Delay = 8.62>
ST_44 : Operation 163 [16/31] (8.62ns)   --->   "%x_assign = fdiv double 1.000000e+00, %tmp_8" [Jacobi/main.c:28]   --->   Operation 163 'ddiv' 'x_assign' <Predicate = true> <Delay = 8.62> <Core = "DDiv">   --->   Core 116 'DDiv' <Latency = 30> <II = 1> <Delay = 8.62> <FuncUnit> <Opcode : 'ddiv' 'drem'> <InPorts = 2> <OutPorts = 1>

State 45 <SV = 38> <Delay = 8.62>
ST_45 : Operation 164 [15/31] (8.62ns)   --->   "%x_assign = fdiv double 1.000000e+00, %tmp_8" [Jacobi/main.c:28]   --->   Operation 164 'ddiv' 'x_assign' <Predicate = true> <Delay = 8.62> <Core = "DDiv">   --->   Core 116 'DDiv' <Latency = 30> <II = 1> <Delay = 8.62> <FuncUnit> <Opcode : 'ddiv' 'drem'> <InPorts = 2> <OutPorts = 1>

State 46 <SV = 39> <Delay = 8.62>
ST_46 : Operation 165 [14/31] (8.62ns)   --->   "%x_assign = fdiv double 1.000000e+00, %tmp_8" [Jacobi/main.c:28]   --->   Operation 165 'ddiv' 'x_assign' <Predicate = true> <Delay = 8.62> <Core = "DDiv">   --->   Core 116 'DDiv' <Latency = 30> <II = 1> <Delay = 8.62> <FuncUnit> <Opcode : 'ddiv' 'drem'> <InPorts = 2> <OutPorts = 1>

State 47 <SV = 40> <Delay = 8.62>
ST_47 : Operation 166 [13/31] (8.62ns)   --->   "%x_assign = fdiv double 1.000000e+00, %tmp_8" [Jacobi/main.c:28]   --->   Operation 166 'ddiv' 'x_assign' <Predicate = true> <Delay = 8.62> <Core = "DDiv">   --->   Core 116 'DDiv' <Latency = 30> <II = 1> <Delay = 8.62> <FuncUnit> <Opcode : 'ddiv' 'drem'> <InPorts = 2> <OutPorts = 1>

State 48 <SV = 41> <Delay = 8.62>
ST_48 : Operation 167 [12/31] (8.62ns)   --->   "%x_assign = fdiv double 1.000000e+00, %tmp_8" [Jacobi/main.c:28]   --->   Operation 167 'ddiv' 'x_assign' <Predicate = true> <Delay = 8.62> <Core = "DDiv">   --->   Core 116 'DDiv' <Latency = 30> <II = 1> <Delay = 8.62> <FuncUnit> <Opcode : 'ddiv' 'drem'> <InPorts = 2> <OutPorts = 1>

State 49 <SV = 42> <Delay = 8.62>
ST_49 : Operation 168 [11/31] (8.62ns)   --->   "%x_assign = fdiv double 1.000000e+00, %tmp_8" [Jacobi/main.c:28]   --->   Operation 168 'ddiv' 'x_assign' <Predicate = true> <Delay = 8.62> <Core = "DDiv">   --->   Core 116 'DDiv' <Latency = 30> <II = 1> <Delay = 8.62> <FuncUnit> <Opcode : 'ddiv' 'drem'> <InPorts = 2> <OutPorts = 1>

State 50 <SV = 43> <Delay = 8.62>
ST_50 : Operation 169 [10/31] (8.62ns)   --->   "%x_assign = fdiv double 1.000000e+00, %tmp_8" [Jacobi/main.c:28]   --->   Operation 169 'ddiv' 'x_assign' <Predicate = true> <Delay = 8.62> <Core = "DDiv">   --->   Core 116 'DDiv' <Latency = 30> <II = 1> <Delay = 8.62> <FuncUnit> <Opcode : 'ddiv' 'drem'> <InPorts = 2> <OutPorts = 1>

State 51 <SV = 44> <Delay = 8.62>
ST_51 : Operation 170 [9/31] (8.62ns)   --->   "%x_assign = fdiv double 1.000000e+00, %tmp_8" [Jacobi/main.c:28]   --->   Operation 170 'ddiv' 'x_assign' <Predicate = true> <Delay = 8.62> <Core = "DDiv">   --->   Core 116 'DDiv' <Latency = 30> <II = 1> <Delay = 8.62> <FuncUnit> <Opcode : 'ddiv' 'drem'> <InPorts = 2> <OutPorts = 1>

State 52 <SV = 45> <Delay = 8.62>
ST_52 : Operation 171 [8/31] (8.62ns)   --->   "%x_assign = fdiv double 1.000000e+00, %tmp_8" [Jacobi/main.c:28]   --->   Operation 171 'ddiv' 'x_assign' <Predicate = true> <Delay = 8.62> <Core = "DDiv">   --->   Core 116 'DDiv' <Latency = 30> <II = 1> <Delay = 8.62> <FuncUnit> <Opcode : 'ddiv' 'drem'> <InPorts = 2> <OutPorts = 1>

State 53 <SV = 46> <Delay = 8.62>
ST_53 : Operation 172 [7/31] (8.62ns)   --->   "%x_assign = fdiv double 1.000000e+00, %tmp_8" [Jacobi/main.c:28]   --->   Operation 172 'ddiv' 'x_assign' <Predicate = true> <Delay = 8.62> <Core = "DDiv">   --->   Core 116 'DDiv' <Latency = 30> <II = 1> <Delay = 8.62> <FuncUnit> <Opcode : 'ddiv' 'drem'> <InPorts = 2> <OutPorts = 1>

State 54 <SV = 47> <Delay = 8.62>
ST_54 : Operation 173 [6/31] (8.62ns)   --->   "%x_assign = fdiv double 1.000000e+00, %tmp_8" [Jacobi/main.c:28]   --->   Operation 173 'ddiv' 'x_assign' <Predicate = true> <Delay = 8.62> <Core = "DDiv">   --->   Core 116 'DDiv' <Latency = 30> <II = 1> <Delay = 8.62> <FuncUnit> <Opcode : 'ddiv' 'drem'> <InPorts = 2> <OutPorts = 1>

State 55 <SV = 48> <Delay = 8.62>
ST_55 : Operation 174 [5/31] (8.62ns)   --->   "%x_assign = fdiv double 1.000000e+00, %tmp_8" [Jacobi/main.c:28]   --->   Operation 174 'ddiv' 'x_assign' <Predicate = true> <Delay = 8.62> <Core = "DDiv">   --->   Core 116 'DDiv' <Latency = 30> <II = 1> <Delay = 8.62> <FuncUnit> <Opcode : 'ddiv' 'drem'> <InPorts = 2> <OutPorts = 1>

State 56 <SV = 49> <Delay = 8.62>
ST_56 : Operation 175 [4/31] (8.62ns)   --->   "%x_assign = fdiv double 1.000000e+00, %tmp_8" [Jacobi/main.c:28]   --->   Operation 175 'ddiv' 'x_assign' <Predicate = true> <Delay = 8.62> <Core = "DDiv">   --->   Core 116 'DDiv' <Latency = 30> <II = 1> <Delay = 8.62> <FuncUnit> <Opcode : 'ddiv' 'drem'> <InPorts = 2> <OutPorts = 1>

State 57 <SV = 50> <Delay = 8.62>
ST_57 : Operation 176 [3/31] (8.62ns)   --->   "%x_assign = fdiv double 1.000000e+00, %tmp_8" [Jacobi/main.c:28]   --->   Operation 176 'ddiv' 'x_assign' <Predicate = true> <Delay = 8.62> <Core = "DDiv">   --->   Core 116 'DDiv' <Latency = 30> <II = 1> <Delay = 8.62> <FuncUnit> <Opcode : 'ddiv' 'drem'> <InPorts = 2> <OutPorts = 1>

State 58 <SV = 51> <Delay = 8.62>
ST_58 : Operation 177 [2/31] (8.62ns)   --->   "%x_assign = fdiv double 1.000000e+00, %tmp_8" [Jacobi/main.c:28]   --->   Operation 177 'ddiv' 'x_assign' <Predicate = true> <Delay = 8.62> <Core = "DDiv">   --->   Core 116 'DDiv' <Latency = 30> <II = 1> <Delay = 8.62> <FuncUnit> <Opcode : 'ddiv' 'drem'> <InPorts = 2> <OutPorts = 1>

State 59 <SV = 52> <Delay = 8.62>
ST_59 : Operation 178 [1/31] (8.62ns)   --->   "%x_assign = fdiv double 1.000000e+00, %tmp_8" [Jacobi/main.c:28]   --->   Operation 178 'ddiv' 'x_assign' <Predicate = true> <Delay = 8.62> <Core = "DDiv">   --->   Core 116 'DDiv' <Latency = 30> <II = 1> <Delay = 8.62> <FuncUnit> <Opcode : 'ddiv' 'drem'> <InPorts = 2> <OutPorts = 1>

State 60 <SV = 53> <Delay = 6.94>
ST_60 : Operation 179 [1/1] (0.00ns)   --->   "%p_Val2_s = bitcast double %x_assign to i64" [r:/builds/2018.3/continuous/2018_12_06_2405991/src/products/hls/hls_lib/src/hls\utils/x_hls_utils.h:475->r:/builds/2018.3/continuous/2018_12_06_2405991/src/products/hls/hls_lib/src/hls\utils/x_hls_utils.h:479->r:/builds/2018.3/continuous/2018_12_06_2405991/src/products/hls/hls_lib/hlsmath/include/FloatingPoint\hls_case_IEEE754.h:12->r:/builds/2018.3/continuous/2018_12_06_2405991/src/products/hls/hls_lib/hlsmath/include/FloatingPoint\hls_case_IEEE754.h:116->r:/builds/2018.3/continuous/2018_12_06_2405991/src/products/hls/hls_lib/hlsmath/src/lib_floatconversion.cpp:54->Jacobi/main.c:28]   --->   Operation 179 'bitcast' 'p_Val2_s' <Predicate = true> <Delay = 0.00>
ST_60 : Operation 180 [1/1] (0.00ns)   --->   "%p_Result_s = call i1 @_ssdm_op_BitSelect.i1.i64.i32(i64 %p_Val2_s, i32 63)" [r:/builds/2018.3/continuous/2018_12_06_2405991/src/products/hls/hls_lib/src/hls\utils/x_hls_utils.h:475->r:/builds/2018.3/continuous/2018_12_06_2405991/src/products/hls/hls_lib/src/hls\utils/x_hls_utils.h:479->r:/builds/2018.3/continuous/2018_12_06_2405991/src/products/hls/hls_lib/hlsmath/include/FloatingPoint\hls_case_IEEE754.h:12->r:/builds/2018.3/continuous/2018_12_06_2405991/src/products/hls/hls_lib/hlsmath/include/FloatingPoint\hls_case_IEEE754.h:116->r:/builds/2018.3/continuous/2018_12_06_2405991/src/products/hls/hls_lib/hlsmath/src/lib_floatconversion.cpp:54->Jacobi/main.c:28]   --->   Operation 180 'bitselect' 'p_Result_s' <Predicate = true> <Delay = 0.00>
ST_60 : Operation 181 [1/1] (0.00ns)   --->   "%tmp_V = call i11 @_ssdm_op_PartSelect.i11.i64.i32.i32(i64 %p_Val2_s, i32 52, i32 62) nounwind" [r:/builds/2018.3/continuous/2018_12_06_2405991/src/products/hls/hls_lib/src/hls\utils/x_hls_utils.h:477->r:/builds/2018.3/continuous/2018_12_06_2405991/src/products/hls/hls_lib/src/hls\utils/x_hls_utils.h:479->r:/builds/2018.3/continuous/2018_12_06_2405991/src/products/hls/hls_lib/hlsmath/include/FloatingPoint\hls_case_IEEE754.h:12->r:/builds/2018.3/continuous/2018_12_06_2405991/src/products/hls/hls_lib/hlsmath/include/FloatingPoint\hls_case_IEEE754.h:116->r:/builds/2018.3/continuous/2018_12_06_2405991/src/products/hls/hls_lib/hlsmath/src/lib_floatconversion.cpp:54->Jacobi/main.c:28]   --->   Operation 181 'partselect' 'tmp_V' <Predicate = true> <Delay = 0.00>
ST_60 : Operation 182 [1/1] (0.00ns)   --->   "%tmp_V_1 = trunc i64 %p_Val2_s to i52" [r:/builds/2018.3/continuous/2018_12_06_2405991/src/products/hls/hls_lib/src/hls\utils/x_hls_utils.h:478->r:/builds/2018.3/continuous/2018_12_06_2405991/src/products/hls/hls_lib/src/hls\utils/x_hls_utils.h:479->r:/builds/2018.3/continuous/2018_12_06_2405991/src/products/hls/hls_lib/hlsmath/include/FloatingPoint\hls_case_IEEE754.h:12->r:/builds/2018.3/continuous/2018_12_06_2405991/src/products/hls/hls_lib/hlsmath/include/FloatingPoint\hls_case_IEEE754.h:116->r:/builds/2018.3/continuous/2018_12_06_2405991/src/products/hls/hls_lib/hlsmath/src/lib_floatconversion.cpp:54->Jacobi/main.c:28]   --->   Operation 182 'trunc' 'tmp_V_1' <Predicate = true> <Delay = 0.00>
ST_60 : Operation 183 [1/1] (0.00ns)   --->   "%mantissa_V = call i54 @_ssdm_op_BitConcatenate.i54.i1.i52.i1(i1 true, i52 %tmp_V_1, i1 false)" [r:/builds/2018.3/continuous/2018_12_06_2405991/src/products/hls/hls_lib/hlsmath/include/FloatingPoint\hls_case_IEEE754.h:14->r:/builds/2018.3/continuous/2018_12_06_2405991/src/products/hls/hls_lib/hlsmath/include/FloatingPoint\hls_case_IEEE754.h:116->r:/builds/2018.3/continuous/2018_12_06_2405991/src/products/hls/hls_lib/hlsmath/src/lib_floatconversion.cpp:54->Jacobi/main.c:28]   --->   Operation 183 'bitconcatenate' 'mantissa_V' <Predicate = true> <Delay = 0.00>
ST_60 : Operation 184 [1/1] (0.00ns) (grouped into LUT with out node p_Val2_5)   --->   "%mantissa_V_1_cast = zext i54 %mantissa_V to i137" [r:/builds/2018.3/continuous/2018_12_06_2405991/src/products/hls/hls_lib/hlsmath/include/FloatingPoint\hls_case_IEEE754.h:14->r:/builds/2018.3/continuous/2018_12_06_2405991/src/products/hls/hls_lib/hlsmath/include/FloatingPoint\hls_case_IEEE754.h:116->r:/builds/2018.3/continuous/2018_12_06_2405991/src/products/hls/hls_lib/hlsmath/src/lib_floatconversion.cpp:54->Jacobi/main.c:28]   --->   Operation 184 'zext' 'mantissa_V_1_cast' <Predicate = true> <Delay = 0.00>
ST_60 : Operation 185 [1/1] (0.00ns)   --->   "%tmp_i_i_i_i_cast2 = zext i11 %tmp_V to i12" [r:/builds/2018.3/continuous/2018_12_06_2405991/src/products/hls/hls_lib/src/hls\utils/x_hls_utils.h:502->r:/builds/2018.3/continuous/2018_12_06_2405991/src/products/hls/hls_lib/hlsmath/include/FloatingPoint\hls_case_IEEE754.h:17->r:/builds/2018.3/continuous/2018_12_06_2405991/src/products/hls/hls_lib/hlsmath/include/FloatingPoint\hls_case_IEEE754.h:116->r:/builds/2018.3/continuous/2018_12_06_2405991/src/products/hls/hls_lib/hlsmath/src/lib_floatconversion.cpp:54->Jacobi/main.c:28]   --->   Operation 185 'zext' 'tmp_i_i_i_i_cast2' <Predicate = true> <Delay = 0.00>
ST_60 : Operation 186 [1/1] (1.63ns)   --->   "%sh_assign = add i12 -1023, %tmp_i_i_i_i_cast2" [r:/builds/2018.3/continuous/2018_12_06_2405991/src/products/hls/hls_lib/src/hls\utils/x_hls_utils.h:502->r:/builds/2018.3/continuous/2018_12_06_2405991/src/products/hls/hls_lib/hlsmath/include/FloatingPoint\hls_case_IEEE754.h:17->r:/builds/2018.3/continuous/2018_12_06_2405991/src/products/hls/hls_lib/hlsmath/include/FloatingPoint\hls_case_IEEE754.h:116->r:/builds/2018.3/continuous/2018_12_06_2405991/src/products/hls/hls_lib/hlsmath/src/lib_floatconversion.cpp:54->Jacobi/main.c:28]   --->   Operation 186 'add' 'sh_assign' <Predicate = true> <Delay = 1.63> <Core = "AddSub">   --->   Core 14 'AddSub' <Latency = 0> <II = 1> <Delay = 1.78> <FuncUnit> <Opcode : 'add' 'sub'> <InPorts = 2> <OutPorts = 1>
ST_60 : Operation 187 [1/1] (0.00ns)   --->   "%isNeg = call i1 @_ssdm_op_BitSelect.i1.i12.i32(i12 %sh_assign, i32 11)" [r:/builds/2018.3/continuous/2018_12_06_2405991/src/products/hls/hls_lib/hlsmath/include/FloatingPoint\hls_case_IEEE754.h:17->r:/builds/2018.3/continuous/2018_12_06_2405991/src/products/hls/hls_lib/hlsmath/include/FloatingPoint\hls_case_IEEE754.h:116->r:/builds/2018.3/continuous/2018_12_06_2405991/src/products/hls/hls_lib/hlsmath/src/lib_floatconversion.cpp:54->Jacobi/main.c:28]   --->   Operation 187 'bitselect' 'isNeg' <Predicate = true> <Delay = 0.00>
ST_60 : Operation 188 [1/1] (1.63ns)   --->   "%tmp_i_i_i = sub i11 1023, %tmp_V" [r:/builds/2018.3/continuous/2018_12_06_2405991/src/products/hls/hls_lib/hlsmath/include/FloatingPoint\hls_case_IEEE754.h:17->r:/builds/2018.3/continuous/2018_12_06_2405991/src/products/hls/hls_lib/hlsmath/include/FloatingPoint\hls_case_IEEE754.h:116->r:/builds/2018.3/continuous/2018_12_06_2405991/src/products/hls/hls_lib/hlsmath/src/lib_floatconversion.cpp:54->Jacobi/main.c:28]   --->   Operation 188 'sub' 'tmp_i_i_i' <Predicate = true> <Delay = 1.63> <Core = "AddSub">   --->   Core 14 'AddSub' <Latency = 0> <II = 1> <Delay = 1.78> <FuncUnit> <Opcode : 'add' 'sub'> <InPorts = 2> <OutPorts = 1>
ST_60 : Operation 189 [1/1] (0.00ns)   --->   "%tmp_i_i_i_cast = sext i11 %tmp_i_i_i to i12" [r:/builds/2018.3/continuous/2018_12_06_2405991/src/products/hls/hls_lib/hlsmath/include/FloatingPoint\hls_case_IEEE754.h:17->r:/builds/2018.3/continuous/2018_12_06_2405991/src/products/hls/hls_lib/hlsmath/include/FloatingPoint\hls_case_IEEE754.h:116->r:/builds/2018.3/continuous/2018_12_06_2405991/src/products/hls/hls_lib/hlsmath/src/lib_floatconversion.cpp:54->Jacobi/main.c:28]   --->   Operation 189 'sext' 'tmp_i_i_i_cast' <Predicate = true> <Delay = 0.00>
ST_60 : Operation 190 [1/1] (0.69ns)   --->   "%ush = select i1 %isNeg, i12 %tmp_i_i_i_cast, i12 %sh_assign" [r:/builds/2018.3/continuous/2018_12_06_2405991/src/products/hls/hls_lib/hlsmath/include/FloatingPoint\hls_case_IEEE754.h:17->r:/builds/2018.3/continuous/2018_12_06_2405991/src/products/hls/hls_lib/hlsmath/include/FloatingPoint\hls_case_IEEE754.h:116->r:/builds/2018.3/continuous/2018_12_06_2405991/src/products/hls/hls_lib/hlsmath/src/lib_floatconversion.cpp:54->Jacobi/main.c:28]   --->   Operation 190 'select' 'ush' <Predicate = true> <Delay = 0.69> <Core = "Sel">   --->   Core 26 'Sel' <Latency = 0> <II = 1> <Delay = 0.69> <FuncUnit> <Opcode : 'select'> <InPorts = 3> <OutPorts = 1>
ST_60 : Operation 191 [1/1] (0.00ns)   --->   "%sh_assign_2_cast = sext i12 %ush to i32" [r:/builds/2018.3/continuous/2018_12_06_2405991/src/products/hls/hls_lib/hlsmath/include/FloatingPoint\hls_case_IEEE754.h:17->r:/builds/2018.3/continuous/2018_12_06_2405991/src/products/hls/hls_lib/hlsmath/include/FloatingPoint\hls_case_IEEE754.h:116->r:/builds/2018.3/continuous/2018_12_06_2405991/src/products/hls/hls_lib/hlsmath/src/lib_floatconversion.cpp:54->Jacobi/main.c:28]   --->   Operation 191 'sext' 'sh_assign_2_cast' <Predicate = true> <Delay = 0.00>
ST_60 : Operation 192 [1/1] (0.00ns) (grouped into LUT with out node p_Val2_5)   --->   "%tmp_i_i_i_7 = zext i32 %sh_assign_2_cast to i137" [r:/builds/2018.3/continuous/2018_12_06_2405991/src/products/hls/hls_lib/hlsmath/include/FloatingPoint\hls_case_IEEE754.h:17->r:/builds/2018.3/continuous/2018_12_06_2405991/src/products/hls/hls_lib/hlsmath/include/FloatingPoint\hls_case_IEEE754.h:116->r:/builds/2018.3/continuous/2018_12_06_2405991/src/products/hls/hls_lib/hlsmath/src/lib_floatconversion.cpp:54->Jacobi/main.c:28]   --->   Operation 192 'zext' 'tmp_i_i_i_7' <Predicate = true> <Delay = 0.00>
ST_60 : Operation 193 [1/1] (0.00ns) (grouped into LUT with out node p_Val2_5)   --->   "%tmp_i_i_i_cast_8 = zext i32 %sh_assign_2_cast to i54" [r:/builds/2018.3/continuous/2018_12_06_2405991/src/products/hls/hls_lib/hlsmath/include/FloatingPoint\hls_case_IEEE754.h:17->r:/builds/2018.3/continuous/2018_12_06_2405991/src/products/hls/hls_lib/hlsmath/include/FloatingPoint\hls_case_IEEE754.h:116->r:/builds/2018.3/continuous/2018_12_06_2405991/src/products/hls/hls_lib/hlsmath/src/lib_floatconversion.cpp:54->Jacobi/main.c:28]   --->   Operation 193 'zext' 'tmp_i_i_i_cast_8' <Predicate = true> <Delay = 0.00>
ST_60 : Operation 194 [1/1] (0.00ns) (grouped into LUT with out node p_Val2_5)   --->   "%r_V = lshr i54 %mantissa_V, %tmp_i_i_i_cast_8" [r:/builds/2018.3/continuous/2018_12_06_2405991/src/products/hls/hls_lib/hlsmath/include/FloatingPoint\hls_case_IEEE754.h:17->r:/builds/2018.3/continuous/2018_12_06_2405991/src/products/hls/hls_lib/hlsmath/include/FloatingPoint\hls_case_IEEE754.h:116->r:/builds/2018.3/continuous/2018_12_06_2405991/src/products/hls/hls_lib/hlsmath/src/lib_floatconversion.cpp:54->Jacobi/main.c:28]   --->   Operation 194 'lshr' 'r_V' <Predicate = true> <Delay = 0.00> <Core = "Shift">   --->   Core 28 'Shift' <Latency = 0> <II = 1> <Delay = 4.61> <FuncUnit> <Opcode : 'shl' 'lshr' 'ashr'> <InPorts = 2> <OutPorts = 1>
ST_60 : Operation 195 [1/1] (0.00ns) (grouped into LUT with out node p_Val2_5)   --->   "%r_V_1 = shl i137 %mantissa_V_1_cast, %tmp_i_i_i_7" [r:/builds/2018.3/continuous/2018_12_06_2405991/src/products/hls/hls_lib/hlsmath/include/FloatingPoint\hls_case_IEEE754.h:17->r:/builds/2018.3/continuous/2018_12_06_2405991/src/products/hls/hls_lib/hlsmath/include/FloatingPoint\hls_case_IEEE754.h:116->r:/builds/2018.3/continuous/2018_12_06_2405991/src/products/hls/hls_lib/hlsmath/src/lib_floatconversion.cpp:54->Jacobi/main.c:28]   --->   Operation 195 'shl' 'r_V_1' <Predicate = true> <Delay = 0.00> <Core = "Shift">   --->   Core 28 'Shift' <Latency = 0> <II = 1> <Delay = 4.61> <FuncUnit> <Opcode : 'shl' 'lshr' 'ashr'> <InPorts = 2> <OutPorts = 1>
ST_60 : Operation 196 [1/1] (0.00ns) (grouped into LUT with out node p_Val2_5)   --->   "%tmp_18 = call i1 @_ssdm_op_BitSelect.i1.i54.i32(i54 %r_V, i32 53)" [r:/builds/2018.3/continuous/2018_12_06_2405991/src/products/hls/hls_lib/hlsmath/include/FloatingPoint\hls_case_IEEE754.h:20->r:/builds/2018.3/continuous/2018_12_06_2405991/src/products/hls/hls_lib/hlsmath/include/FloatingPoint\hls_case_IEEE754.h:116->r:/builds/2018.3/continuous/2018_12_06_2405991/src/products/hls/hls_lib/hlsmath/src/lib_floatconversion.cpp:54->Jacobi/main.c:28]   --->   Operation 196 'bitselect' 'tmp_18' <Predicate = true> <Delay = 0.00>
ST_60 : Operation 197 [1/1] (0.00ns) (grouped into LUT with out node p_Val2_5)   --->   "%tmp_13 = zext i1 %tmp_18 to i32" [r:/builds/2018.3/continuous/2018_12_06_2405991/src/products/hls/hls_lib/hlsmath/include/FloatingPoint\hls_case_IEEE754.h:20->r:/builds/2018.3/continuous/2018_12_06_2405991/src/products/hls/hls_lib/hlsmath/include/FloatingPoint\hls_case_IEEE754.h:116->r:/builds/2018.3/continuous/2018_12_06_2405991/src/products/hls/hls_lib/hlsmath/src/lib_floatconversion.cpp:54->Jacobi/main.c:28]   --->   Operation 197 'zext' 'tmp_13' <Predicate = true> <Delay = 0.00>
ST_60 : Operation 198 [1/1] (0.00ns) (grouped into LUT with out node p_Val2_5)   --->   "%tmp_14 = call i32 @_ssdm_op_PartSelect.i32.i137.i32.i32(i137 %r_V_1, i32 53, i32 84)" [r:/builds/2018.3/continuous/2018_12_06_2405991/src/products/hls/hls_lib/hlsmath/include/FloatingPoint\hls_case_IEEE754.h:20->r:/builds/2018.3/continuous/2018_12_06_2405991/src/products/hls/hls_lib/hlsmath/include/FloatingPoint\hls_case_IEEE754.h:116->r:/builds/2018.3/continuous/2018_12_06_2405991/src/products/hls/hls_lib/hlsmath/src/lib_floatconversion.cpp:54->Jacobi/main.c:28]   --->   Operation 198 'partselect' 'tmp_14' <Predicate = true> <Delay = 0.00>
ST_60 : Operation 199 [1/1] (4.61ns) (out node of the LUT)   --->   "%p_Val2_5 = select i1 %isNeg, i32 %tmp_13, i32 %tmp_14" [r:/builds/2018.3/continuous/2018_12_06_2405991/src/products/hls/hls_lib/hlsmath/include/FloatingPoint\hls_case_IEEE754.h:17->r:/builds/2018.3/continuous/2018_12_06_2405991/src/products/hls/hls_lib/hlsmath/include/FloatingPoint\hls_case_IEEE754.h:116->r:/builds/2018.3/continuous/2018_12_06_2405991/src/products/hls/hls_lib/hlsmath/src/lib_floatconversion.cpp:54->Jacobi/main.c:28]   --->   Operation 199 'select' 'p_Val2_5' <Predicate = true> <Delay = 4.61> <Core = "Sel">   --->   Core 26 'Sel' <Latency = 0> <II = 1> <Delay = 0.69> <FuncUnit> <Opcode : 'select'> <InPorts = 3> <OutPorts = 1>

State 61 <SV = 54> <Delay = 5.57>
ST_61 : Operation 200 [1/1] (2.55ns)   --->   "%result_V_1 = sub i32 0, %p_Val2_5" [r:/builds/2018.3/continuous/2018_12_06_2405991/src/products/hls/hls_lib/hlsmath/include/FloatingPoint\hls_case_IEEE754.h:58->r:/builds/2018.3/continuous/2018_12_06_2405991/src/products/hls/hls_lib/hlsmath/include/FloatingPoint\hls_case_IEEE754.h:116->r:/builds/2018.3/continuous/2018_12_06_2405991/src/products/hls/hls_lib/hlsmath/src/lib_floatconversion.cpp:54->Jacobi/main.c:28]   --->   Operation 200 'sub' 'result_V_1' <Predicate = (p_Result_s)> <Delay = 2.55> <Core = "AddSub">   --->   Core 14 'AddSub' <Latency = 0> <II = 1> <Delay = 1.78> <FuncUnit> <Opcode : 'add' 'sub'> <InPorts = 2> <OutPorts = 1>
ST_61 : Operation 201 [1/1] (0.69ns)   --->   "%p_Val2_6 = select i1 %p_Result_s, i32 %result_V_1, i32 %p_Val2_5" [r:/builds/2018.3/continuous/2018_12_06_2405991/src/products/hls/hls_lib/hlsmath/include/FloatingPoint\hls_case_IEEE754.h:58->r:/builds/2018.3/continuous/2018_12_06_2405991/src/products/hls/hls_lib/hlsmath/include/FloatingPoint\hls_case_IEEE754.h:116->r:/builds/2018.3/continuous/2018_12_06_2405991/src/products/hls/hls_lib/hlsmath/src/lib_floatconversion.cpp:54->Jacobi/main.c:28]   --->   Operation 201 'select' 'p_Val2_6' <Predicate = true> <Delay = 0.69> <Core = "Sel">   --->   Core 26 'Sel' <Latency = 0> <II = 1> <Delay = 0.69> <FuncUnit> <Opcode : 'select'> <InPorts = 3> <OutPorts = 1>
ST_61 : Operation 202 [1/1] (0.00ns)   --->   "%x_new_addr_2 = getelementptr inbounds [16 x i32]* %x_new, i64 0, i64 %tmp_9" [Jacobi/main.c:28]   --->   Operation 202 'getelementptr' 'x_new_addr_2' <Predicate = true> <Delay = 0.00>
ST_61 : Operation 203 [1/1] (2.32ns)   --->   "store i32 %p_Val2_6, i32* %x_new_addr_2, align 4" [Jacobi/main.c:28]   --->   Operation 203 'store' <Predicate = true> <Delay = 2.32> <Core = "RAM">   --->   Core 37 'RAM' <Latency = 1> <II = 1> <Delay = 2.32> <Storage> <Opcode : 'load' 'store'> <Ports = 2> <Width = 32> <Depth = 16> <RAM>
ST_61 : Operation 204 [1/1] (0.00ns)   --->   "br label %.preheader4" [Jacobi/main.c:18]   --->   Operation 204 'br' <Predicate = true> <Delay = 0.00>

State 62 <SV = 3> <Delay = 2.32>
ST_62 : Operation 205 [1/1] (0.00ns)   --->   "%q = phi i5 [ %q_1, %4 ], [ 0, %.preheader.preheader ]"   --->   Operation 205 'phi' 'q' <Predicate = true> <Delay = 0.00>
ST_62 : Operation 206 [1/1] (1.36ns)   --->   "%exitcond = icmp eq i5 %q, -16" [Jacobi/main.c:33]   --->   Operation 206 'icmp' 'exitcond' <Predicate = true> <Delay = 1.36> <Core = "Cmp">   --->   Core 25 'Cmp' <Latency = 0> <II = 1> <Delay = 1.36> <FuncUnit> <Opcode : 'icmp'> <InPorts = 2> <OutPorts = 1>
ST_62 : Operation 207 [1/1] (0.00ns)   --->   "%empty_9 = call i32 (...)* @_ssdm_op_SpecLoopTripCount(i64 16, i64 16, i64 16) nounwind"   --->   Operation 207 'speclooptripcount' 'empty_9' <Predicate = true> <Delay = 0.00>
ST_62 : Operation 208 [1/1] (1.78ns)   --->   "%q_1 = add i5 %q, 1" [Jacobi/main.c:33]   --->   Operation 208 'add' 'q_1' <Predicate = true> <Delay = 1.78> <Core = "AddSub">   --->   Core 14 'AddSub' <Latency = 0> <II = 1> <Delay = 1.78> <FuncUnit> <Opcode : 'add' 'sub'> <InPorts = 2> <OutPorts = 1>
ST_62 : Operation 209 [1/1] (0.00ns)   --->   "br i1 %exitcond, label %5, label %4" [Jacobi/main.c:33]   --->   Operation 209 'br' <Predicate = true> <Delay = 0.00>
ST_62 : Operation 210 [1/1] (0.00ns)   --->   "%tmp_7 = zext i5 %q to i64" [Jacobi/main.c:35]   --->   Operation 210 'zext' 'tmp_7' <Predicate = (!exitcond)> <Delay = 0.00>
ST_62 : Operation 211 [1/1] (0.00ns)   --->   "%x_new_addr_1 = getelementptr inbounds [16 x i32]* %x_new, i64 0, i64 %tmp_7" [Jacobi/main.c:35]   --->   Operation 211 'getelementptr' 'x_new_addr_1' <Predicate = (!exitcond)> <Delay = 0.00>
ST_62 : Operation 212 [2/2] (2.32ns)   --->   "%x_new_load = load i32* %x_new_addr_1, align 4" [Jacobi/main.c:35]   --->   Operation 212 'load' 'x_new_load' <Predicate = (!exitcond)> <Delay = 2.32> <Core = "RAM">   --->   Core 37 'RAM' <Latency = 1> <II = 1> <Delay = 2.32> <Storage> <Opcode : 'load' 'store'> <Ports = 2> <Width = 32> <Depth = 16> <RAM>
ST_62 : Operation 213 [1/1] (0.00ns)   --->   "ret void" [Jacobi/main.c:39]   --->   Operation 213 'ret' <Predicate = (exitcond)> <Delay = 0.00>

State 63 <SV = 4> <Delay = 4.64>
ST_63 : Operation 214 [1/2] (2.32ns)   --->   "%x_new_load = load i32* %x_new_addr_1, align 4" [Jacobi/main.c:35]   --->   Operation 214 'load' 'x_new_load' <Predicate = true> <Delay = 2.32> <Core = "RAM">   --->   Core 37 'RAM' <Latency = 1> <II = 1> <Delay = 2.32> <Storage> <Opcode : 'load' 'store'> <Ports = 2> <Width = 32> <Depth = 16> <RAM>
ST_63 : Operation 215 [1/1] (0.00ns)   --->   "%x_addr = getelementptr [16 x i32]* %x, i64 0, i64 %tmp_7" [Jacobi/main.c:35]   --->   Operation 215 'getelementptr' 'x_addr' <Predicate = true> <Delay = 0.00>
ST_63 : Operation 216 [1/1] (2.32ns)   --->   "store i32 %x_new_load, i32* %x_addr, align 4" [Jacobi/main.c:35]   --->   Operation 216 'store' <Predicate = true> <Delay = 2.32> <Core = "RAM">   --->   Core 37 'RAM' <Latency = 1> <II = 1> <Delay = 2.32> <Storage> <Opcode : 'load' 'store'> <Ports = 2> <Width = 32> <Depth = 16> <RAM>
ST_63 : Operation 217 [1/1] (0.00ns)   --->   "br label %.preheader" [Jacobi/main.c:33]   --->   Operation 217 'br' <Predicate = true> <Delay = 0.00>


============================================================
+ Verbose Summary: Timing violations
============================================================
Target clock period: 10ns, clock uncertainty: 1.25ns.

 <State 1>: 1.77ns
The critical path consists of the following:
	multiplexor before 'phi' operation ('i') with incoming values : ('i', Jacobi/main.c:9) [19]  (1.77 ns)

 <State 2>: 2.32ns
The critical path consists of the following:
	'phi' operation ('i') with incoming values : ('i', Jacobi/main.c:9) [19]  (0 ns)
	'getelementptr' operation ('x_new_addr', Jacobi/main.c:13) [26]  (0 ns)
	'store' operation (Jacobi/main.c:13) of constant 0 on array 'x_new', Jacobi/main.c:7 [27]  (2.32 ns)

 <State 3>: 2.52ns
The critical path consists of the following:
	'phi' operation ('t') with incoming values : ('t', Jacobi/main.c:16) [32]  (0 ns)
	'add' operation ('t', Jacobi/main.c:16) [35]  (2.52 ns)

 <State 4>: 2.52ns
The critical path consists of the following:
	'phi' operation ('i') with incoming values : ('i', Jacobi/main.c:18) [40]  (0 ns)
	'add' operation ('i', Jacobi/main.c:18) [43]  (2.52 ns)

 <State 5>: 2.55ns
The critical path consists of the following:
	'phi' operation ('j') with incoming values : ('j', Jacobi/main.c:21) [52]  (0 ns)
	'add' operation ('j', Jacobi/main.c:21) [54]  (2.55 ns)

 <State 6>: 8.23ns
The critical path consists of the following:
	'dadd' operation ('sigma', Jacobi/main.c:25) [58]  (8.23 ns)

 <State 7>: 8.23ns
The critical path consists of the following:
	'dadd' operation ('sigma', Jacobi/main.c:25) [58]  (8.23 ns)

 <State 8>: 8.23ns
The critical path consists of the following:
	'dadd' operation ('sigma', Jacobi/main.c:25) [58]  (8.23 ns)

 <State 9>: 8.23ns
The critical path consists of the following:
	'dadd' operation ('sigma', Jacobi/main.c:25) [58]  (8.23 ns)

 <State 10>: 8.23ns
The critical path consists of the following:
	'dadd' operation ('sigma', Jacobi/main.c:25) [58]  (8.23 ns)

 <State 11>: 1.48ns
The critical path consists of the following:
	'select' operation ('sigma', Jacobi/main.c:23) [59]  (1.48 ns)

 <State 12>: 8.6ns
The critical path consists of the following:
	'load' operation ('b_load', Jacobi/main.c:28) on array 'b' [70]  (2.32 ns)
	'sitodp' operation ('tmp_1', Jacobi/main.c:28) [71]  (6.28 ns)

 <State 13>: 6.28ns
The critical path consists of the following:
	'sitodp' operation ('tmp_1', Jacobi/main.c:28) [71]  (6.28 ns)

 <State 14>: 6.28ns
The critical path consists of the following:
	'sitodp' operation ('tmp_1', Jacobi/main.c:28) [71]  (6.28 ns)

 <State 15>: 6.28ns
The critical path consists of the following:
	'sitodp' operation ('tmp_1', Jacobi/main.c:28) [71]  (6.28 ns)

 <State 16>: 6.28ns
The critical path consists of the following:
	'sitodp' operation ('tmp_1', Jacobi/main.c:28) [71]  (6.28 ns)

 <State 17>: 8.6ns
The critical path consists of the following:
	'load' operation ('J_load', Jacobi/main.c:28) on array 'J' [67]  (2.32 ns)
	'sitodp' operation ('tmp_s', Jacobi/main.c:28) [68]  (6.28 ns)

 <State 18>: 8.23ns
The critical path consists of the following:
	'dsub' operation ('tmp_6', Jacobi/main.c:28) [72]  (8.23 ns)

 <State 19>: 8.23ns
The critical path consists of the following:
	'dsub' operation ('tmp_6', Jacobi/main.c:28) [72]  (8.23 ns)

 <State 20>: 8.23ns
The critical path consists of the following:
	'dsub' operation ('tmp_6', Jacobi/main.c:28) [72]  (8.23 ns)

 <State 21>: 8.23ns
The critical path consists of the following:
	'dsub' operation ('tmp_6', Jacobi/main.c:28) [72]  (8.23 ns)

 <State 22>: 8.23ns
The critical path consists of the following:
	'dsub' operation ('tmp_6', Jacobi/main.c:28) [72]  (8.23 ns)

 <State 23>: 7.79ns
The critical path consists of the following:
	'dmul' operation ('tmp_8', Jacobi/main.c:28) [73]  (7.79 ns)

 <State 24>: 7.79ns
The critical path consists of the following:
	'dmul' operation ('tmp_8', Jacobi/main.c:28) [73]  (7.79 ns)

 <State 25>: 7.79ns
The critical path consists of the following:
	'dmul' operation ('tmp_8', Jacobi/main.c:28) [73]  (7.79 ns)

 <State 26>: 7.79ns
The critical path consists of the following:
	'dmul' operation ('tmp_8', Jacobi/main.c:28) [73]  (7.79 ns)

 <State 27>: 7.79ns
The critical path consists of the following:
	'dmul' operation ('tmp_8', Jacobi/main.c:28) [73]  (7.79 ns)

 <State 28>: 7.79ns
The critical path consists of the following:
	'dmul' operation ('tmp_8', Jacobi/main.c:28) [73]  (7.79 ns)

 <State 29>: 8.62ns
The critical path consists of the following:
	'ddiv' operation ('x', Jacobi/main.c:28) [74]  (8.62 ns)

 <State 30>: 8.62ns
The critical path consists of the following:
	'ddiv' operation ('x', Jacobi/main.c:28) [74]  (8.62 ns)

 <State 31>: 8.62ns
The critical path consists of the following:
	'ddiv' operation ('x', Jacobi/main.c:28) [74]  (8.62 ns)

 <State 32>: 8.62ns
The critical path consists of the following:
	'ddiv' operation ('x', Jacobi/main.c:28) [74]  (8.62 ns)

 <State 33>: 8.62ns
The critical path consists of the following:
	'ddiv' operation ('x', Jacobi/main.c:28) [74]  (8.62 ns)

 <State 34>: 8.62ns
The critical path consists of the following:
	'ddiv' operation ('x', Jacobi/main.c:28) [74]  (8.62 ns)

 <State 35>: 8.62ns
The critical path consists of the following:
	'ddiv' operation ('x', Jacobi/main.c:28) [74]  (8.62 ns)

 <State 36>: 8.62ns
The critical path consists of the following:
	'ddiv' operation ('x', Jacobi/main.c:28) [74]  (8.62 ns)

 <State 37>: 8.62ns
The critical path consists of the following:
	'ddiv' operation ('x', Jacobi/main.c:28) [74]  (8.62 ns)

 <State 38>: 8.62ns
The critical path consists of the following:
	'ddiv' operation ('x', Jacobi/main.c:28) [74]  (8.62 ns)

 <State 39>: 8.62ns
The critical path consists of the following:
	'ddiv' operation ('x', Jacobi/main.c:28) [74]  (8.62 ns)

 <State 40>: 8.62ns
The critical path consists of the following:
	'ddiv' operation ('x', Jacobi/main.c:28) [74]  (8.62 ns)

 <State 41>: 8.62ns
The critical path consists of the following:
	'ddiv' operation ('x', Jacobi/main.c:28) [74]  (8.62 ns)

 <State 42>: 8.62ns
The critical path consists of the following:
	'ddiv' operation ('x', Jacobi/main.c:28) [74]  (8.62 ns)

 <State 43>: 8.62ns
The critical path consists of the following:
	'ddiv' operation ('x', Jacobi/main.c:28) [74]  (8.62 ns)

 <State 44>: 8.62ns
The critical path consists of the following:
	'ddiv' operation ('x', Jacobi/main.c:28) [74]  (8.62 ns)

 <State 45>: 8.62ns
The critical path consists of the following:
	'ddiv' operation ('x', Jacobi/main.c:28) [74]  (8.62 ns)

 <State 46>: 8.62ns
The critical path consists of the following:
	'ddiv' operation ('x', Jacobi/main.c:28) [74]  (8.62 ns)

 <State 47>: 8.62ns
The critical path consists of the following:
	'ddiv' operation ('x', Jacobi/main.c:28) [74]  (8.62 ns)

 <State 48>: 8.62ns
The critical path consists of the following:
	'ddiv' operation ('x', Jacobi/main.c:28) [74]  (8.62 ns)

 <State 49>: 8.62ns
The critical path consists of the following:
	'ddiv' operation ('x', Jacobi/main.c:28) [74]  (8.62 ns)

 <State 50>: 8.62ns
The critical path consists of the following:
	'ddiv' operation ('x', Jacobi/main.c:28) [74]  (8.62 ns)

 <State 51>: 8.62ns
The critical path consists of the following:
	'ddiv' operation ('x', Jacobi/main.c:28) [74]  (8.62 ns)

 <State 52>: 8.62ns
The critical path consists of the following:
	'ddiv' operation ('x', Jacobi/main.c:28) [74]  (8.62 ns)

 <State 53>: 8.62ns
The critical path consists of the following:
	'ddiv' operation ('x', Jacobi/main.c:28) [74]  (8.62 ns)

 <State 54>: 8.62ns
The critical path consists of the following:
	'ddiv' operation ('x', Jacobi/main.c:28) [74]  (8.62 ns)

 <State 55>: 8.62ns
The critical path consists of the following:
	'ddiv' operation ('x', Jacobi/main.c:28) [74]  (8.62 ns)

 <State 56>: 8.62ns
The critical path consists of the following:
	'ddiv' operation ('x', Jacobi/main.c:28) [74]  (8.62 ns)

 <State 57>: 8.62ns
The critical path consists of the following:
	'ddiv' operation ('x', Jacobi/main.c:28) [74]  (8.62 ns)

 <State 58>: 8.62ns
The critical path consists of the following:
	'ddiv' operation ('x', Jacobi/main.c:28) [74]  (8.62 ns)

 <State 59>: 8.62ns
The critical path consists of the following:
	'ddiv' operation ('x', Jacobi/main.c:28) [74]  (8.62 ns)

 <State 60>: 6.95ns
The critical path consists of the following:
	'add' operation ('sh', r:/builds/2018.3/continuous/2018_12_06_2405991/src/products/hls/hls_lib/src/hls\utils/x_hls_utils.h:502->r:/builds/2018.3/continuous/2018_12_06_2405991/src/products/hls/hls_lib/hlsmath/include/FloatingPoint\hls_case_IEEE754.h:17->r:/builds/2018.3/continuous/2018_12_06_2405991/src/products/hls/hls_lib/hlsmath/include/FloatingPoint\hls_case_IEEE754.h:116->r:/builds/2018.3/continuous/2018_12_06_2405991/src/products/hls/hls_lib/hlsmath/src/lib_floatconversion.cpp:54->Jacobi/main.c:28) [82]  (1.64 ns)
	'select' operation ('sh', r:/builds/2018.3/continuous/2018_12_06_2405991/src/products/hls/hls_lib/hlsmath/include/FloatingPoint\hls_case_IEEE754.h:17->r:/builds/2018.3/continuous/2018_12_06_2405991/src/products/hls/hls_lib/hlsmath/include/FloatingPoint\hls_case_IEEE754.h:116->r:/builds/2018.3/continuous/2018_12_06_2405991/src/products/hls/hls_lib/hlsmath/src/lib_floatconversion.cpp:54->Jacobi/main.c:28) [86]  (0.697 ns)
	'shl' operation ('r.V', r:/builds/2018.3/continuous/2018_12_06_2405991/src/products/hls/hls_lib/hlsmath/include/FloatingPoint\hls_case_IEEE754.h:17->r:/builds/2018.3/continuous/2018_12_06_2405991/src/products/hls/hls_lib/hlsmath/include/FloatingPoint\hls_case_IEEE754.h:116->r:/builds/2018.3/continuous/2018_12_06_2405991/src/products/hls/hls_lib/hlsmath/src/lib_floatconversion.cpp:54->Jacobi/main.c:28) [91]  (0 ns)
	'select' operation ('__Val2__', r:/builds/2018.3/continuous/2018_12_06_2405991/src/products/hls/hls_lib/hlsmath/include/FloatingPoint\hls_case_IEEE754.h:17->r:/builds/2018.3/continuous/2018_12_06_2405991/src/products/hls/hls_lib/hlsmath/include/FloatingPoint\hls_case_IEEE754.h:116->r:/builds/2018.3/continuous/2018_12_06_2405991/src/products/hls/hls_lib/hlsmath/src/lib_floatconversion.cpp:54->Jacobi/main.c:28) [95]  (4.61 ns)

 <State 61>: 5.57ns
The critical path consists of the following:
	'sub' operation ('result.V', r:/builds/2018.3/continuous/2018_12_06_2405991/src/products/hls/hls_lib/hlsmath/include/FloatingPoint\hls_case_IEEE754.h:58->r:/builds/2018.3/continuous/2018_12_06_2405991/src/products/hls/hls_lib/hlsmath/include/FloatingPoint\hls_case_IEEE754.h:116->r:/builds/2018.3/continuous/2018_12_06_2405991/src/products/hls/hls_lib/hlsmath/src/lib_floatconversion.cpp:54->Jacobi/main.c:28) [96]  (2.55 ns)
	'select' operation ('__Val2__', r:/builds/2018.3/continuous/2018_12_06_2405991/src/products/hls/hls_lib/hlsmath/include/FloatingPoint\hls_case_IEEE754.h:58->r:/builds/2018.3/continuous/2018_12_06_2405991/src/products/hls/hls_lib/hlsmath/include/FloatingPoint\hls_case_IEEE754.h:116->r:/builds/2018.3/continuous/2018_12_06_2405991/src/products/hls/hls_lib/hlsmath/src/lib_floatconversion.cpp:54->Jacobi/main.c:28) [97]  (0.698 ns)
	'store' operation (Jacobi/main.c:28) of variable '__Val2__', r:/builds/2018.3/continuous/2018_12_06_2405991/src/products/hls/hls_lib/hlsmath/include/FloatingPoint\hls_case_IEEE754.h:58->r:/builds/2018.3/continuous/2018_12_06_2405991/src/products/hls/hls_lib/hlsmath/include/FloatingPoint\hls_case_IEEE754.h:116->r:/builds/2018.3/continuous/2018_12_06_2405991/src/products/hls/hls_lib/hlsmath/src/lib_floatconversion.cpp:54->Jacobi/main.c:28 on array 'x_new', Jacobi/main.c:7 [99]  (2.32 ns)

 <State 62>: 2.32ns
The critical path consists of the following:
	'phi' operation ('q') with incoming values : ('q', Jacobi/main.c:33) [106]  (0 ns)
	'getelementptr' operation ('x_new_addr_1', Jacobi/main.c:35) [113]  (0 ns)
	'load' operation ('x_new_load', Jacobi/main.c:35) on array 'x_new', Jacobi/main.c:7 [114]  (2.32 ns)

 <State 63>: 4.64ns
The critical path consists of the following:
	'load' operation ('x_new_load', Jacobi/main.c:35) on array 'x_new', Jacobi/main.c:7 [114]  (2.32 ns)
	'store' operation (Jacobi/main.c:35) of variable 'x_new_load', Jacobi/main.c:35 on array 'x' [116]  (2.32 ns)


============================================================
+ Verbose Summary: Binding
============================================================
N/A
* FSMD analyzer results:
  - Output states:
 - Input state : 
  - Chain level:
	State 1
	State 2
	State 3
	State 4
	State 5
	State 6
	State 7
	State 8
	State 9
	State 10
	State 11
	State 12
	State 13
	State 14
	State 15
	State 16
	State 17
	State 18
	State 19
	State 20
	State 21
	State 22
	State 23
	State 24
	State 25
	State 26
	State 27
	State 28
	State 29
	State 30
	State 31
	State 32
	State 33
	State 34
	State 35
	State 36
	State 37
	State 38
	State 39
	State 40
	State 41
	State 42
	State 43
	State 44
	State 45
	State 46
	State 47
	State 48
	State 49
	State 50
	State 51
	State 52
	State 53
	State 54
	State 55
	State 56
	State 57
	State 58
	State 59
	State 60
	State 61
	State 62
	State 63


============================================================
+ Verbose Summary: Datapath Resource usage 
============================================================
N/A
