

================================================================
== Vivado HLS Report for 'producer_jacobi'
================================================================
* Date:           Mon Jun 24 16:24:45 2019

* Version:        2018.3 (Build 2405991 on Thu Dec 06 23:56:15 MST 2018)
* Project:        Jacobi_systemc
* Solution:       solution1
* Product family: zynq
* Target device:  xc7z020clg400-1


================================================================
== Performance Estimates
================================================================
+ Timing (ns): 
    * Summary: 
    +--------+-------+----------+------------+
    |  Clock | Target| Estimated| Uncertainty|
    +--------+-------+----------+------------+
    |ap_clk  |  10.00|     8.621|        1.25|
    +--------+-------+----------+------------+

+ Latency (clock cycles): 
    * Summary: 
    +------+------+------+------+---------+
    |   Latency   |   Interval  | Pipeline|
    |  min |  max |  min |  max |   Type  |
    +------+------+------+------+---------+
    |  4195|  7779|  4195|  7779|   none  |
    +------+------+------+------+---------+

    + Detail: 
        * Instance: 
        N/A

        * Loop: 
        +-------------+------+------+-----------+-----------+-----------+------+----------+
        |             |   Latency   | Iteration |  Initiation Interval  | Trip |          |
        |  Loop Name  |  min |  max |  Latency  |  achieved |   target  | Count| Pipelined|
        +-------------+------+------+-----------+-----------+-----------+------+----------+
        |- Loop 1     |    16|    16|          1|          -|          -|    16|    no    |
        |- Loop 2     |  3952|  7536| 247 ~ 471 |          -|          -|    16|    no    |
        | + Loop 2.1  |   244|   468|  61 ~ 117 |          -|          -|     4|    no    |
        |  ++ filas   |     8|    64|   2 ~ 16  |          -|          -|     4|    no    |
        |- Loop 3     |   224|   224|         14|          -|          -|    16|    no    |
        +-------------+------+------+-----------+-----------+-----------+------+----------+

============================================================
+ Verbose Summary: Synthesis Manager
============================================================
InlineROM: 1
ExposeGlobal: 0
============================================================
+ Verbose Summary: CDFG Model
============================================================
IsTopModel: 1
ResetActiveHigh: 1
IsCombinational: 0
IsDatapathOnly: 0
HasWiredReturn: 1
HasMFsm: 0
HasVarLatency: 1
IsPipeline: 0
IsRtlPipelined: 0
IsInstanceOverlapped: 0
IsDontTouch: 0
HasImplIP: 0
IsGatedGlobalClock: 0


============================================================
+ Verbose Summary: Schedule
============================================================
* Number of FSM states : 86
* Pipeline : 0
* Dataflow Pipeline: 0

* FSM state transitions: 
1 --> 
	2  / true
2 --> 
	2  / (!exitcond1)
	3  / (exitcond1)
3 --> 
	4  / (!exitcond2)
	73  / (exitcond2)
4 --> 
	5  / true
5 --> 
	6  / (!exitcond3)
	3  / (exitcond3)
6 --> 
	7  / true
7 --> 
	23  / (exitcond4)
	8  / (!exitcond4 & tmp_17)
	22  / (!exitcond4 & !tmp_17)
8 --> 
	9  / true
9 --> 
	10  / true
10 --> 
	11  / true
11 --> 
	12  / true
12 --> 
	13  / true
13 --> 
	14  / true
14 --> 
	15  / true
15 --> 
	16  / true
16 --> 
	17  / true
17 --> 
	18  / true
18 --> 
	19  / true
19 --> 
	20  / true
20 --> 
	21  / true
21 --> 
	22  / true
22 --> 
	7  / true
23 --> 
	24  / true
24 --> 
	25  / true
25 --> 
	26  / true
26 --> 
	27  / true
27 --> 
	28  / true
28 --> 
	29  / true
29 --> 
	30  / true
30 --> 
	31  / true
31 --> 
	32  / true
32 --> 
	33  / true
33 --> 
	34  / true
34 --> 
	35  / true
35 --> 
	36  / true
36 --> 
	37  / true
37 --> 
	38  / true
38 --> 
	39  / true
39 --> 
	40  / true
40 --> 
	41  / true
41 --> 
	42  / true
42 --> 
	43  / true
43 --> 
	44  / true
44 --> 
	45  / true
45 --> 
	46  / true
46 --> 
	47  / true
47 --> 
	48  / true
48 --> 
	49  / true
49 --> 
	50  / true
50 --> 
	51  / true
51 --> 
	52  / true
52 --> 
	53  / true
53 --> 
	54  / true
54 --> 
	55  / true
55 --> 
	56  / true
56 --> 
	57  / true
57 --> 
	58  / true
58 --> 
	59  / true
59 --> 
	60  / true
60 --> 
	61  / true
61 --> 
	62  / true
62 --> 
	63  / true
63 --> 
	64  / true
64 --> 
	65  / true
65 --> 
	66  / true
66 --> 
	67  / true
67 --> 
	68  / true
68 --> 
	69  / true
69 --> 
	70  / true
70 --> 
	71  / true
71 --> 
	72  / true
72 --> 
	5  / true
73 --> 
	74  / (!exitcond)
74 --> 
	75  / true
75 --> 
	76  / true
76 --> 
	77  / true
77 --> 
	78  / true
78 --> 
	79  / true
79 --> 
	80  / true
80 --> 
	81  / true
81 --> 
	82  / true
82 --> 
	83  / true
83 --> 
	84  / true
84 --> 
	85  / true
85 --> 
	86  / true
86 --> 
	73  / true

* FSM state operations: 

State 1 <SV = 0> <Delay = 1.76>
ST_1 : Operation 87 [1/1] (0.00ns)   --->   "call void (...)* @_ssdm_op_SpecBitsMap(double* %producer_sum_m_if_Val), !map !106"   --->   Operation 87 'specbitsmap' <Predicate = true> <Delay = 0.00>
ST_1 : Operation 88 [1/1] (0.00ns)   --->   "call void (...)* @_ssdm_op_SpecBitsMap([16 x i32]* %producer_x_m_if_Val), !map !110"   --->   Operation 88 'specbitsmap' <Predicate = true> <Delay = 0.00>
ST_1 : Operation 89 [1/1] (0.00ns)   --->   "call void (...)* @_ssdm_op_SpecBitsMap([4 x [4 x i32]]* %producer_A_m_if_Val), !map !114"   --->   Operation 89 'specbitsmap' <Predicate = true> <Delay = 0.00>
ST_1 : Operation 90 [1/1] (0.00ns)   --->   "call void (...)* @_ssdm_op_SpecBitsMap([4 x i32]* %producer_b_m_if_Val), !map !118"   --->   Operation 90 'specbitsmap' <Predicate = true> <Delay = 0.00>
ST_1 : Operation 91 [1/1] (0.00ns)   --->   "call void (...)* @_ssdm_op_SpecBitsMap(i1* %producer_clock_m_if_Val), !map !122"   --->   Operation 91 'specbitsmap' <Predicate = true> <Delay = 0.00>
ST_1 : Operation 92 [1/1] (0.00ns)   --->   "call void (...)* @_ssdm_op_SpecTopModule([17 x i8]* @producer_KD_KD_jaco)"   --->   Operation 92 'spectopmodule' <Predicate = true> <Delay = 0.00>
ST_1 : Operation 93 [1/1] (0.00ns)   --->   "%x_prev = alloca [16 x i32], align 16" [Jacobi_systemc/producer.cpp:5]   --->   Operation 93 'alloca' 'x_prev' <Predicate = true> <Delay = 0.00> <Core = "RAM">   --->   Core 37 'RAM' <Latency = 1> <II = 1> <Delay = 2.32> <Storage> <Opcode : 'load' 'store'> <Ports = 2> <Width = 32> <Depth = 16> <RAM>
ST_1 : Operation 94 [1/1] (0.00ns)   --->   "%x_new = alloca [16 x i32], align 16" [Jacobi_systemc/producer.cpp:5]   --->   Operation 94 'alloca' 'x_new' <Predicate = true> <Delay = 0.00> <Core = "RAM">   --->   Core 37 'RAM' <Latency = 1> <II = 1> <Delay = 2.32> <Storage> <Opcode : 'load' 'store'> <Ports = 2> <Width = 32> <Depth = 16> <RAM>
ST_1 : Operation 95 [1/1] (0.00ns)   --->   "call void (...)* @_ssdm_op_SpecInterface(double* @ssdm_ins_producer_0_s, [8 x i8]* @p_str12, i32 0, i32 0, [1 x i8]* @p_str11, i32 0, i32 0, [1 x i8]* @p_str11, [1 x i8]* @p_str11, [1 x i8]* @p_str11, i32 0, i32 0, i32 0, i32 0, [1 x i8]* @p_str11, [1 x i8]* @p_str11) nounwind" [Jacobi_systemc/producer.h:20]   --->   Operation 95 'specinterface' <Predicate = true> <Delay = 0.00>
ST_1 : Operation 96 [1/1] (0.00ns)   --->   "call void (...)* @_ssdm_op_SpecInterface(double* @ssdm_ins_consumer_1_s, [8 x i8]* @p_str1224, i32 0, i32 0, [1 x i8]* @p_str1123, i32 0, i32 0, [1 x i8]* @p_str1123, [1 x i8]* @p_str1123, [1 x i8]* @p_str1123, i32 0, i32 0, i32 0, i32 0, [1 x i8]* @p_str1123, [1 x i8]* @p_str1123) nounwind" [Jacobi_systemc/consumer.h:22]   --->   Operation 96 'specinterface' <Predicate = true> <Delay = 0.00>
ST_1 : Operation 97 [1/1] (1.76ns)   --->   "br label %1" [Jacobi_systemc/producer.cpp:6]   --->   Operation 97 'br' <Predicate = true> <Delay = 1.76>

State 2 <SV = 1> <Delay = 2.32>
ST_2 : Operation 98 [1/1] (0.00ns)   --->   "%i = phi i5 [ 0, %0 ], [ %i_1, %2 ]"   --->   Operation 98 'phi' 'i' <Predicate = true> <Delay = 0.00>
ST_2 : Operation 99 [1/1] (1.36ns)   --->   "%exitcond1 = icmp eq i5 %i, -16" [Jacobi_systemc/producer.cpp:6]   --->   Operation 99 'icmp' 'exitcond1' <Predicate = true> <Delay = 1.36> <Core = "Cmp">   --->   Core 25 'Cmp' <Latency = 0> <II = 1> <Delay = 1.36> <FuncUnit> <Opcode : 'icmp'> <InPorts = 2> <OutPorts = 1>
ST_2 : Operation 100 [1/1] (0.00ns)   --->   "%empty = call i32 (...)* @_ssdm_op_SpecLoopTripCount(i64 16, i64 16, i64 16)"   --->   Operation 100 'speclooptripcount' 'empty' <Predicate = true> <Delay = 0.00>
ST_2 : Operation 101 [1/1] (1.78ns)   --->   "%i_1 = add i5 %i, 1" [Jacobi_systemc/producer.cpp:6]   --->   Operation 101 'add' 'i_1' <Predicate = true> <Delay = 1.78> <Core = "AddSub">   --->   Core 14 'AddSub' <Latency = 0> <II = 1> <Delay = 2.55> <FuncUnit> <Opcode : 'add' 'sub'> <InPorts = 2> <OutPorts = 1>
ST_2 : Operation 102 [1/1] (0.00ns)   --->   "br i1 %exitcond1, label %.preheader26.preheader, label %2" [Jacobi_systemc/producer.cpp:6]   --->   Operation 102 'br' <Predicate = true> <Delay = 0.00>
ST_2 : Operation 103 [1/1] (0.00ns)   --->   "%tmp = zext i5 %i to i64" [Jacobi_systemc/producer.cpp:8]   --->   Operation 103 'zext' 'tmp' <Predicate = (!exitcond1)> <Delay = 0.00>
ST_2 : Operation 104 [1/1] (0.00ns)   --->   "%x_prev_addr = getelementptr inbounds [16 x i32]* %x_prev, i64 0, i64 %tmp" [Jacobi_systemc/producer.cpp:8]   --->   Operation 104 'getelementptr' 'x_prev_addr' <Predicate = (!exitcond1)> <Delay = 0.00>
ST_2 : Operation 105 [1/1] (2.32ns)   --->   "store i32 0, i32* %x_prev_addr, align 4" [Jacobi_systemc/producer.cpp:8]   --->   Operation 105 'store' <Predicate = (!exitcond1)> <Delay = 2.32> <Core = "RAM">   --->   Core 37 'RAM' <Latency = 1> <II = 1> <Delay = 2.32> <Storage> <Opcode : 'load' 'store'> <Ports = 2> <Width = 32> <Depth = 16> <RAM>
ST_2 : Operation 106 [1/1] (0.00ns)   --->   "%x_new_addr = getelementptr inbounds [16 x i32]* %x_new, i64 0, i64 %tmp" [Jacobi_systemc/producer.cpp:9]   --->   Operation 106 'getelementptr' 'x_new_addr' <Predicate = (!exitcond1)> <Delay = 0.00>
ST_2 : Operation 107 [1/1] (2.32ns)   --->   "store i32 1, i32* %x_new_addr, align 4" [Jacobi_systemc/producer.cpp:9]   --->   Operation 107 'store' <Predicate = (!exitcond1)> <Delay = 2.32> <Core = "RAM">   --->   Core 37 'RAM' <Latency = 1> <II = 1> <Delay = 2.32> <Storage> <Opcode : 'load' 'store'> <Ports = 2> <Width = 32> <Depth = 16> <RAM>
ST_2 : Operation 108 [1/1] (0.00ns)   --->   "br label %1" [Jacobi_systemc/producer.cpp:6]   --->   Operation 108 'br' <Predicate = (!exitcond1)> <Delay = 0.00>
ST_2 : Operation 109 [1/1] (1.76ns)   --->   "br label %.preheader26" [Jacobi_systemc/producer.cpp:12]   --->   Operation 109 'br' <Predicate = (exitcond1)> <Delay = 1.76>

State 3 <SV = 2> <Delay = 2.32>
ST_3 : Operation 110 [1/1] (0.00ns)   --->   "%i1 = phi i5 [ %i_3, %.preheader26.loopexit ], [ 0, %.preheader26.preheader ]"   --->   Operation 110 'phi' 'i1' <Predicate = true> <Delay = 0.00>
ST_3 : Operation 111 [1/1] (1.36ns)   --->   "%exitcond2 = icmp eq i5 %i1, -16" [Jacobi_systemc/producer.cpp:12]   --->   Operation 111 'icmp' 'exitcond2' <Predicate = true> <Delay = 1.36> <Core = "Cmp">   --->   Core 25 'Cmp' <Latency = 0> <II = 1> <Delay = 1.36> <FuncUnit> <Opcode : 'icmp'> <InPorts = 2> <OutPorts = 1>
ST_3 : Operation 112 [1/1] (0.00ns)   --->   "%empty_7 = call i32 (...)* @_ssdm_op_SpecLoopTripCount(i64 16, i64 16, i64 16)"   --->   Operation 112 'speclooptripcount' 'empty_7' <Predicate = true> <Delay = 0.00>
ST_3 : Operation 113 [1/1] (1.78ns)   --->   "%i_3 = add i5 %i1, 1" [Jacobi_systemc/producer.cpp:12]   --->   Operation 113 'add' 'i_3' <Predicate = true> <Delay = 1.78> <Core = "AddSub">   --->   Core 14 'AddSub' <Latency = 0> <II = 1> <Delay = 2.55> <FuncUnit> <Opcode : 'add' 'sub'> <InPorts = 2> <OutPorts = 1>
ST_3 : Operation 114 [1/1] (0.00ns)   --->   "br i1 %exitcond2, label %.preheader.preheader, label %3" [Jacobi_systemc/producer.cpp:12]   --->   Operation 114 'br' <Predicate = true> <Delay = 0.00>
ST_3 : Operation 115 [1/1] (0.00ns)   --->   "%tmp_2 = zext i5 %i1 to i64" [Jacobi_systemc/producer.cpp:15]   --->   Operation 115 'zext' 'tmp_2' <Predicate = (!exitcond2)> <Delay = 0.00>
ST_3 : Operation 116 [1/1] (0.00ns)   --->   "%x_new_addr_1 = getelementptr inbounds [16 x i32]* %x_new, i64 0, i64 %tmp_2" [Jacobi_systemc/producer.cpp:15]   --->   Operation 116 'getelementptr' 'x_new_addr_1' <Predicate = (!exitcond2)> <Delay = 0.00>
ST_3 : Operation 117 [2/2] (2.32ns)   --->   "%x_new_load = load i32* %x_new_addr_1, align 4" [Jacobi_systemc/producer.cpp:15]   --->   Operation 117 'load' 'x_new_load' <Predicate = (!exitcond2)> <Delay = 2.32> <Core = "RAM">   --->   Core 37 'RAM' <Latency = 1> <II = 1> <Delay = 2.32> <Storage> <Opcode : 'load' 'store'> <Ports = 2> <Width = 32> <Depth = 16> <RAM>
ST_3 : Operation 118 [1/1] (1.76ns)   --->   "br label %.preheader" [Jacobi_systemc/producer.cpp:33]   --->   Operation 118 'br' <Predicate = (exitcond2)> <Delay = 1.76>

State 4 <SV = 3> <Delay = 4.64>
ST_4 : Operation 119 [1/2] (2.32ns)   --->   "%x_new_load = load i32* %x_new_addr_1, align 4" [Jacobi_systemc/producer.cpp:15]   --->   Operation 119 'load' 'x_new_load' <Predicate = true> <Delay = 2.32> <Core = "RAM">   --->   Core 37 'RAM' <Latency = 1> <II = 1> <Delay = 2.32> <Storage> <Opcode : 'load' 'store'> <Ports = 2> <Width = 32> <Depth = 16> <RAM>
ST_4 : Operation 120 [1/1] (0.00ns)   --->   "%x_prev_addr_1 = getelementptr inbounds [16 x i32]* %x_prev, i64 0, i64 %tmp_2" [Jacobi_systemc/producer.cpp:15]   --->   Operation 120 'getelementptr' 'x_prev_addr_1' <Predicate = true> <Delay = 0.00>
ST_4 : Operation 121 [1/1] (2.32ns)   --->   "store i32 %x_new_load, i32* %x_prev_addr_1, align 4" [Jacobi_systemc/producer.cpp:15]   --->   Operation 121 'store' <Predicate = true> <Delay = 2.32> <Core = "RAM">   --->   Core 37 'RAM' <Latency = 1> <II = 1> <Delay = 2.32> <Storage> <Opcode : 'load' 'store'> <Ports = 2> <Width = 32> <Depth = 16> <RAM>
ST_4 : Operation 122 [1/1] (1.76ns)   --->   "br label %4" [Jacobi_systemc/producer.cpp:16]   --->   Operation 122 'br' <Predicate = true> <Delay = 1.76>

State 5 <SV = 4> <Delay = 2.32>
ST_5 : Operation 123 [1/1] (0.00ns)   --->   "%i2 = phi i3 [ 0, %3 ], [ %i_4, %7 ]"   --->   Operation 123 'phi' 'i2' <Predicate = true> <Delay = 0.00>
ST_5 : Operation 124 [1/1] (1.13ns)   --->   "%exitcond3 = icmp eq i3 %i2, -4" [Jacobi_systemc/producer.cpp:16]   --->   Operation 124 'icmp' 'exitcond3' <Predicate = true> <Delay = 1.13> <Core = "Cmp">   --->   Core 25 'Cmp' <Latency = 0> <II = 1> <Delay = 1.36> <FuncUnit> <Opcode : 'icmp'> <InPorts = 2> <OutPorts = 1>
ST_5 : Operation 125 [1/1] (0.00ns)   --->   "%empty_8 = call i32 (...)* @_ssdm_op_SpecLoopTripCount(i64 4, i64 4, i64 4)"   --->   Operation 125 'speclooptripcount' 'empty_8' <Predicate = true> <Delay = 0.00>
ST_5 : Operation 126 [1/1] (1.65ns)   --->   "%i_4 = add i3 %i2, 1" [Jacobi_systemc/producer.cpp:16]   --->   Operation 126 'add' 'i_4' <Predicate = true> <Delay = 1.65> <Core = "AddSub">   --->   Core 14 'AddSub' <Latency = 0> <II = 1> <Delay = 2.55> <FuncUnit> <Opcode : 'add' 'sub'> <InPorts = 2> <OutPorts = 1>
ST_5 : Operation 127 [1/1] (0.00ns)   --->   "br i1 %exitcond3, label %.preheader26.loopexit, label %.preheader25.preheader" [Jacobi_systemc/producer.cpp:16]   --->   Operation 127 'br' <Predicate = true> <Delay = 0.00>
ST_5 : Operation 128 [1/1] (0.00ns)   --->   "%tmp_9 = zext i3 %i2 to i64" [Jacobi_systemc/producer.cpp:24]   --->   Operation 128 'zext' 'tmp_9' <Predicate = (!exitcond3)> <Delay = 0.00>
ST_5 : Operation 129 [1/1] (0.00ns)   --->   "%x_prev_addr_3 = getelementptr inbounds [16 x i32]* %x_prev, i64 0, i64 %tmp_9" [Jacobi_systemc/producer.cpp:24]   --->   Operation 129 'getelementptr' 'x_prev_addr_3' <Predicate = (!exitcond3)> <Delay = 0.00>
ST_5 : Operation 130 [2/2] (2.32ns)   --->   "%x_prev_load_1 = load i32* %x_prev_addr_3, align 4" [Jacobi_systemc/producer.cpp:24]   --->   Operation 130 'load' 'x_prev_load_1' <Predicate = (!exitcond3)> <Delay = 2.32> <Core = "RAM">   --->   Core 37 'RAM' <Latency = 1> <II = 1> <Delay = 2.32> <Storage> <Opcode : 'load' 'store'> <Ports = 2> <Width = 32> <Depth = 16> <RAM>
ST_5 : Operation 131 [1/1] (0.00ns)   --->   "br label %.preheader26"   --->   Operation 131 'br' <Predicate = (exitcond3)> <Delay = 0.00>

State 6 <SV = 5> <Delay = 2.32>
ST_6 : Operation 132 [1/1] (1.65ns)   --->   "%tmp_s = add i3 %i2, -1" [Jacobi_systemc/producer.cpp:24]   --->   Operation 132 'add' 'tmp_s' <Predicate = true> <Delay = 1.65> <Core = "AddSub">   --->   Core 14 'AddSub' <Latency = 0> <II = 1> <Delay = 2.55> <FuncUnit> <Opcode : 'add' 'sub'> <InPorts = 2> <OutPorts = 1>
ST_6 : Operation 133 [1/1] (0.00ns)   --->   "%tmp_4 = sext i3 %tmp_s to i64" [Jacobi_systemc/producer.cpp:24]   --->   Operation 133 'sext' 'tmp_4' <Predicate = true> <Delay = 0.00>
ST_6 : Operation 134 [1/1] (0.00ns)   --->   "%producer_A_m_if_Val_s = getelementptr [4 x [4 x i32]]* %producer_A_m_if_Val, i64 0, i64 %tmp_4, i64 %tmp_9" [Jacobi_systemc/producer.cpp:24]   --->   Operation 134 'getelementptr' 'producer_A_m_if_Val_s' <Predicate = true> <Delay = 0.00>
ST_6 : Operation 135 [1/2] (2.32ns)   --->   "%x_prev_load_1 = load i32* %x_prev_addr_3, align 4" [Jacobi_systemc/producer.cpp:24]   --->   Operation 135 'load' 'x_prev_load_1' <Predicate = true> <Delay = 2.32> <Core = "RAM">   --->   Core 37 'RAM' <Latency = 1> <II = 1> <Delay = 2.32> <Storage> <Opcode : 'load' 'store'> <Ports = 2> <Width = 32> <Depth = 16> <RAM>
ST_6 : Operation 136 [1/1] (1.76ns)   --->   "br label %.preheader25" [Jacobi_systemc/producer.cpp:19]   --->   Operation 136 'br' <Predicate = true> <Delay = 1.76>

State 7 <SV = 6> <Delay = 2.89>
ST_7 : Operation 137 [1/1] (0.00ns)   --->   "%sigma = phi double [ 0.000000e+00, %.preheader25.preheader ], [ %sigma_be, %.preheader25.backedge ]" [Jacobi_systemc/producer.cpp:24]   --->   Operation 137 'phi' 'sigma' <Predicate = true> <Delay = 0.00>
ST_7 : Operation 138 [1/1] (0.00ns)   --->   "%j = phi i3 [ 0, %.preheader25.preheader ], [ %j_1, %.preheader25.backedge ]"   --->   Operation 138 'phi' 'j' <Predicate = true> <Delay = 0.00>
ST_7 : Operation 139 [1/1] (1.13ns)   --->   "%exitcond4 = icmp eq i3 %j, -4" [Jacobi_systemc/producer.cpp:19]   --->   Operation 139 'icmp' 'exitcond4' <Predicate = true> <Delay = 1.13> <Core = "Cmp">   --->   Core 25 'Cmp' <Latency = 0> <II = 1> <Delay = 1.36> <FuncUnit> <Opcode : 'icmp'> <InPorts = 2> <OutPorts = 1>
ST_7 : Operation 140 [1/1] (0.00ns)   --->   "%empty_9 = call i32 (...)* @_ssdm_op_SpecLoopTripCount(i64 4, i64 4, i64 4)"   --->   Operation 140 'speclooptripcount' 'empty_9' <Predicate = true> <Delay = 0.00>
ST_7 : Operation 141 [1/1] (1.65ns)   --->   "%j_1 = add i3 %j, 1" [Jacobi_systemc/producer.cpp:19]   --->   Operation 141 'add' 'j_1' <Predicate = true> <Delay = 1.65> <Core = "AddSub">   --->   Core 14 'AddSub' <Latency = 0> <II = 1> <Delay = 2.55> <FuncUnit> <Opcode : 'add' 'sub'> <InPorts = 2> <OutPorts = 1>
ST_7 : Operation 142 [1/1] (0.00ns)   --->   "br i1 %exitcond4, label %7, label %5" [Jacobi_systemc/producer.cpp:19]   --->   Operation 142 'br' <Predicate = true> <Delay = 0.00>
ST_7 : Operation 143 [1/1] (0.00ns)   --->   "call void (...)* @_ssdm_op_SpecLoopName([6 x i8]* @p_str) nounwind" [Jacobi_systemc/producer.cpp:20]   --->   Operation 143 'specloopname' <Predicate = (!exitcond4)> <Delay = 0.00>
ST_7 : Operation 144 [1/1] (1.13ns)   --->   "%tmp_17 = icmp eq i3 %j, %i2" [Jacobi_systemc/producer.cpp:22]   --->   Operation 144 'icmp' 'tmp_17' <Predicate = (!exitcond4)> <Delay = 1.13> <Core = "Cmp">   --->   Core 25 'Cmp' <Latency = 0> <II = 1> <Delay = 1.36> <FuncUnit> <Opcode : 'icmp'> <InPorts = 2> <OutPorts = 1>
ST_7 : Operation 145 [1/1] (1.76ns)   --->   "br i1 %tmp_17, label %6, label %.preheader25.backedge" [Jacobi_systemc/producer.cpp:22]   --->   Operation 145 'br' <Predicate = (!exitcond4)> <Delay = 1.76>
ST_7 : Operation 146 [2/2] (2.32ns)   --->   "%tmp_24 = load volatile i32* %producer_A_m_if_Val_s, align 4" [Jacobi_systemc/producer.cpp:24]   --->   Operation 146 'load' 'tmp_24' <Predicate = (!exitcond4 & tmp_17)> <Delay = 2.32> <Core = "RAM">   --->   Core 37 'RAM' <Latency = 1> <II = 1> <Delay = 2.32> <Storage> <Opcode : 'load' 'store'> <Ports = 2> <Width = 32> <Depth = 16> <RAM>
ST_7 : Operation 147 [1/1] (0.00ns)   --->   "%producer_b_m_if_Val_s = getelementptr [4 x i32]* %producer_b_m_if_Val, i64 0, i64 %tmp_9" [Jacobi_systemc/producer.cpp:27]   --->   Operation 147 'getelementptr' 'producer_b_m_if_Val_s' <Predicate = (exitcond4)> <Delay = 0.00>
ST_7 : Operation 148 [2/2] (2.32ns)   --->   "%tmp_11 = load volatile i32* %producer_b_m_if_Val_s, align 4" [Jacobi_systemc/producer.cpp:27]   --->   Operation 148 'load' 'tmp_11' <Predicate = (exitcond4)> <Delay = 2.32> <Core = "RAM">   --->   Core 37 'RAM' <Latency = 1> <II = 1> <Delay = 2.32> <Storage> <Opcode : 'load' 'store'> <Ports = 2> <Width = 32> <Depth = 16> <RAM>

State 8 <SV = 7> <Delay = 2.32>
ST_8 : Operation 149 [1/2] (2.32ns)   --->   "%tmp_24 = load volatile i32* %producer_A_m_if_Val_s, align 4" [Jacobi_systemc/producer.cpp:24]   --->   Operation 149 'load' 'tmp_24' <Predicate = true> <Delay = 2.32> <Core = "RAM">   --->   Core 37 'RAM' <Latency = 1> <II = 1> <Delay = 2.32> <Storage> <Opcode : 'load' 'store'> <Ports = 2> <Width = 32> <Depth = 16> <RAM>

State 9 <SV = 8> <Delay = 8.51>
ST_9 : Operation 150 [1/1] (8.51ns)   --->   "%tmp_18 = mul nsw i32 %tmp_24, %x_prev_load_1" [Jacobi_systemc/producer.cpp:24]   --->   Operation 150 'mul' 'tmp_18' <Predicate = true> <Delay = 8.51> <Core = "Mul">   --->   Core 16 'Mul' <Latency = 0> <II = 1> <Delay = 8.51> <FuncUnit> <Opcode : 'mul'> <InPorts = 2> <OutPorts = 1>

State 10 <SV = 9> <Delay = 6.28>
ST_10 : Operation 151 [6/6] (6.28ns)   --->   "%tmp_19 = sitofp i32 %tmp_18 to double" [Jacobi_systemc/producer.cpp:24]   --->   Operation 151 'sitodp' 'tmp_19' <Predicate = true> <Delay = 6.28> <Core = "Int2Double">   --->   Core 121 'Int2Double' <Latency = 5> <II = 1> <Delay = 6.28> <FuncUnit> <Opcode : 'sitodp' 'uitodp'> <InPorts = 1> <OutPorts = 1>

State 11 <SV = 10> <Delay = 6.28>
ST_11 : Operation 152 [5/6] (6.28ns)   --->   "%tmp_19 = sitofp i32 %tmp_18 to double" [Jacobi_systemc/producer.cpp:24]   --->   Operation 152 'sitodp' 'tmp_19' <Predicate = true> <Delay = 6.28> <Core = "Int2Double">   --->   Core 121 'Int2Double' <Latency = 5> <II = 1> <Delay = 6.28> <FuncUnit> <Opcode : 'sitodp' 'uitodp'> <InPorts = 1> <OutPorts = 1>

State 12 <SV = 11> <Delay = 6.28>
ST_12 : Operation 153 [4/6] (6.28ns)   --->   "%tmp_19 = sitofp i32 %tmp_18 to double" [Jacobi_systemc/producer.cpp:24]   --->   Operation 153 'sitodp' 'tmp_19' <Predicate = true> <Delay = 6.28> <Core = "Int2Double">   --->   Core 121 'Int2Double' <Latency = 5> <II = 1> <Delay = 6.28> <FuncUnit> <Opcode : 'sitodp' 'uitodp'> <InPorts = 1> <OutPorts = 1>

State 13 <SV = 12> <Delay = 6.28>
ST_13 : Operation 154 [3/6] (6.28ns)   --->   "%tmp_19 = sitofp i32 %tmp_18 to double" [Jacobi_systemc/producer.cpp:24]   --->   Operation 154 'sitodp' 'tmp_19' <Predicate = true> <Delay = 6.28> <Core = "Int2Double">   --->   Core 121 'Int2Double' <Latency = 5> <II = 1> <Delay = 6.28> <FuncUnit> <Opcode : 'sitodp' 'uitodp'> <InPorts = 1> <OutPorts = 1>

State 14 <SV = 13> <Delay = 6.28>
ST_14 : Operation 155 [2/6] (6.28ns)   --->   "%tmp_19 = sitofp i32 %tmp_18 to double" [Jacobi_systemc/producer.cpp:24]   --->   Operation 155 'sitodp' 'tmp_19' <Predicate = true> <Delay = 6.28> <Core = "Int2Double">   --->   Core 121 'Int2Double' <Latency = 5> <II = 1> <Delay = 6.28> <FuncUnit> <Opcode : 'sitodp' 'uitodp'> <InPorts = 1> <OutPorts = 1>

State 15 <SV = 14> <Delay = 6.28>
ST_15 : Operation 156 [1/6] (6.28ns)   --->   "%tmp_19 = sitofp i32 %tmp_18 to double" [Jacobi_systemc/producer.cpp:24]   --->   Operation 156 'sitodp' 'tmp_19' <Predicate = true> <Delay = 6.28> <Core = "Int2Double">   --->   Core 121 'Int2Double' <Latency = 5> <II = 1> <Delay = 6.28> <FuncUnit> <Opcode : 'sitodp' 'uitodp'> <InPorts = 1> <OutPorts = 1>

State 16 <SV = 15> <Delay = 8.23>
ST_16 : Operation 157 [5/5] (8.23ns)   --->   "%sigma_1 = fadd double %sigma, %tmp_19" [Jacobi_systemc/producer.cpp:24]   --->   Operation 157 'dadd' 'sigma_1' <Predicate = true> <Delay = 8.23> <Core = "DAddSub">   --->   Core 114 'DAddSub' <Latency = 4> <II = 1> <Delay = 8.23> <FuncUnit> <Opcode : 'dadd' 'dsub'> <InPorts = 2> <OutPorts = 1>

State 17 <SV = 16> <Delay = 8.23>
ST_17 : Operation 158 [4/5] (8.23ns)   --->   "%sigma_1 = fadd double %sigma, %tmp_19" [Jacobi_systemc/producer.cpp:24]   --->   Operation 158 'dadd' 'sigma_1' <Predicate = true> <Delay = 8.23> <Core = "DAddSub">   --->   Core 114 'DAddSub' <Latency = 4> <II = 1> <Delay = 8.23> <FuncUnit> <Opcode : 'dadd' 'dsub'> <InPorts = 2> <OutPorts = 1>

State 18 <SV = 17> <Delay = 8.23>
ST_18 : Operation 159 [3/5] (8.23ns)   --->   "%sigma_1 = fadd double %sigma, %tmp_19" [Jacobi_systemc/producer.cpp:24]   --->   Operation 159 'dadd' 'sigma_1' <Predicate = true> <Delay = 8.23> <Core = "DAddSub">   --->   Core 114 'DAddSub' <Latency = 4> <II = 1> <Delay = 8.23> <FuncUnit> <Opcode : 'dadd' 'dsub'> <InPorts = 2> <OutPorts = 1>

State 19 <SV = 18> <Delay = 8.23>
ST_19 : Operation 160 [2/5] (8.23ns)   --->   "%sigma_1 = fadd double %sigma, %tmp_19" [Jacobi_systemc/producer.cpp:24]   --->   Operation 160 'dadd' 'sigma_1' <Predicate = true> <Delay = 8.23> <Core = "DAddSub">   --->   Core 114 'DAddSub' <Latency = 4> <II = 1> <Delay = 8.23> <FuncUnit> <Opcode : 'dadd' 'dsub'> <InPorts = 2> <OutPorts = 1>

State 20 <SV = 19> <Delay = 8.23>
ST_20 : Operation 161 [1/5] (8.23ns)   --->   "%sigma_1 = fadd double %sigma, %tmp_19" [Jacobi_systemc/producer.cpp:24]   --->   Operation 161 'dadd' 'sigma_1' <Predicate = true> <Delay = 8.23> <Core = "DAddSub">   --->   Core 114 'DAddSub' <Latency = 4> <II = 1> <Delay = 8.23> <FuncUnit> <Opcode : 'dadd' 'dsub'> <InPorts = 2> <OutPorts = 1>

State 21 <SV = 20> <Delay = 1.76>
ST_21 : Operation 162 [1/1] (1.76ns)   --->   "br label %.preheader25.backedge" [Jacobi_systemc/producer.cpp:25]   --->   Operation 162 'br' <Predicate = true> <Delay = 1.76>

State 22 <SV = 21> <Delay = 0.00>
ST_22 : Operation 163 [1/1] (0.00ns)   --->   "%sigma_be = phi double [ %sigma_1, %6 ], [ %sigma, %5 ]"   --->   Operation 163 'phi' 'sigma_be' <Predicate = true> <Delay = 0.00>
ST_22 : Operation 164 [1/1] (0.00ns)   --->   "br label %.preheader25"   --->   Operation 164 'br' <Predicate = true> <Delay = 0.00>

State 23 <SV = 7> <Delay = 8.60>
ST_23 : Operation 165 [1/2] (2.32ns)   --->   "%tmp_11 = load volatile i32* %producer_b_m_if_Val_s, align 4" [Jacobi_systemc/producer.cpp:27]   --->   Operation 165 'load' 'tmp_11' <Predicate = true> <Delay = 2.32> <Core = "RAM">   --->   Core 37 'RAM' <Latency = 1> <II = 1> <Delay = 2.32> <Storage> <Opcode : 'load' 'store'> <Ports = 2> <Width = 32> <Depth = 16> <RAM>
ST_23 : Operation 166 [6/6] (6.28ns)   --->   "%tmp_12 = sitofp i32 %tmp_11 to double" [Jacobi_systemc/producer.cpp:27]   --->   Operation 166 'sitodp' 'tmp_12' <Predicate = true> <Delay = 6.28> <Core = "Int2Double">   --->   Core 121 'Int2Double' <Latency = 5> <II = 1> <Delay = 6.28> <FuncUnit> <Opcode : 'sitodp' 'uitodp'> <InPorts = 1> <OutPorts = 1>

State 24 <SV = 8> <Delay = 6.28>
ST_24 : Operation 167 [5/6] (6.28ns)   --->   "%tmp_12 = sitofp i32 %tmp_11 to double" [Jacobi_systemc/producer.cpp:27]   --->   Operation 167 'sitodp' 'tmp_12' <Predicate = true> <Delay = 6.28> <Core = "Int2Double">   --->   Core 121 'Int2Double' <Latency = 5> <II = 1> <Delay = 6.28> <FuncUnit> <Opcode : 'sitodp' 'uitodp'> <InPorts = 1> <OutPorts = 1>

State 25 <SV = 9> <Delay = 6.28>
ST_25 : Operation 168 [4/6] (6.28ns)   --->   "%tmp_12 = sitofp i32 %tmp_11 to double" [Jacobi_systemc/producer.cpp:27]   --->   Operation 168 'sitodp' 'tmp_12' <Predicate = true> <Delay = 6.28> <Core = "Int2Double">   --->   Core 121 'Int2Double' <Latency = 5> <II = 1> <Delay = 6.28> <FuncUnit> <Opcode : 'sitodp' 'uitodp'> <InPorts = 1> <OutPorts = 1>

State 26 <SV = 10> <Delay = 6.28>
ST_26 : Operation 169 [3/6] (6.28ns)   --->   "%tmp_12 = sitofp i32 %tmp_11 to double" [Jacobi_systemc/producer.cpp:27]   --->   Operation 169 'sitodp' 'tmp_12' <Predicate = true> <Delay = 6.28> <Core = "Int2Double">   --->   Core 121 'Int2Double' <Latency = 5> <II = 1> <Delay = 6.28> <FuncUnit> <Opcode : 'sitodp' 'uitodp'> <InPorts = 1> <OutPorts = 1>

State 27 <SV = 11> <Delay = 6.28>
ST_27 : Operation 170 [2/2] (2.32ns)   --->   "%tmp_3 = load volatile i32* %producer_A_m_if_Val_s, align 4" [Jacobi_systemc/producer.cpp:27]   --->   Operation 170 'load' 'tmp_3' <Predicate = true> <Delay = 2.32> <Core = "RAM">   --->   Core 37 'RAM' <Latency = 1> <II = 1> <Delay = 2.32> <Storage> <Opcode : 'load' 'store'> <Ports = 2> <Width = 32> <Depth = 16> <RAM>
ST_27 : Operation 171 [2/6] (6.28ns)   --->   "%tmp_12 = sitofp i32 %tmp_11 to double" [Jacobi_systemc/producer.cpp:27]   --->   Operation 171 'sitodp' 'tmp_12' <Predicate = true> <Delay = 6.28> <Core = "Int2Double">   --->   Core 121 'Int2Double' <Latency = 5> <II = 1> <Delay = 6.28> <FuncUnit> <Opcode : 'sitodp' 'uitodp'> <InPorts = 1> <OutPorts = 1>

State 28 <SV = 12> <Delay = 8.60>
ST_28 : Operation 172 [1/2] (2.32ns)   --->   "%tmp_3 = load volatile i32* %producer_A_m_if_Val_s, align 4" [Jacobi_systemc/producer.cpp:27]   --->   Operation 172 'load' 'tmp_3' <Predicate = true> <Delay = 2.32> <Core = "RAM">   --->   Core 37 'RAM' <Latency = 1> <II = 1> <Delay = 2.32> <Storage> <Opcode : 'load' 'store'> <Ports = 2> <Width = 32> <Depth = 16> <RAM>
ST_28 : Operation 173 [6/6] (6.28ns)   --->   "%tmp_10 = sitofp i32 %tmp_3 to double" [Jacobi_systemc/producer.cpp:27]   --->   Operation 173 'sitodp' 'tmp_10' <Predicate = true> <Delay = 6.28> <Core = "Int2Double">   --->   Core 121 'Int2Double' <Latency = 5> <II = 1> <Delay = 6.28> <FuncUnit> <Opcode : 'sitodp' 'uitodp'> <InPorts = 1> <OutPorts = 1>
ST_28 : Operation 174 [1/6] (6.28ns)   --->   "%tmp_12 = sitofp i32 %tmp_11 to double" [Jacobi_systemc/producer.cpp:27]   --->   Operation 174 'sitodp' 'tmp_12' <Predicate = true> <Delay = 6.28> <Core = "Int2Double">   --->   Core 121 'Int2Double' <Latency = 5> <II = 1> <Delay = 6.28> <FuncUnit> <Opcode : 'sitodp' 'uitodp'> <InPorts = 1> <OutPorts = 1>

State 29 <SV = 13> <Delay = 8.23>
ST_29 : Operation 175 [5/6] (6.28ns)   --->   "%tmp_10 = sitofp i32 %tmp_3 to double" [Jacobi_systemc/producer.cpp:27]   --->   Operation 175 'sitodp' 'tmp_10' <Predicate = true> <Delay = 6.28> <Core = "Int2Double">   --->   Core 121 'Int2Double' <Latency = 5> <II = 1> <Delay = 6.28> <FuncUnit> <Opcode : 'sitodp' 'uitodp'> <InPorts = 1> <OutPorts = 1>
ST_29 : Operation 176 [5/5] (8.23ns)   --->   "%tmp_13 = fsub double %tmp_12, %sigma" [Jacobi_systemc/producer.cpp:27]   --->   Operation 176 'dsub' 'tmp_13' <Predicate = true> <Delay = 8.23> <Core = "DAddSub">   --->   Core 114 'DAddSub' <Latency = 4> <II = 1> <Delay = 8.23> <FuncUnit> <Opcode : 'dadd' 'dsub'> <InPorts = 2> <OutPorts = 1>

State 30 <SV = 14> <Delay = 8.23>
ST_30 : Operation 177 [4/6] (6.28ns)   --->   "%tmp_10 = sitofp i32 %tmp_3 to double" [Jacobi_systemc/producer.cpp:27]   --->   Operation 177 'sitodp' 'tmp_10' <Predicate = true> <Delay = 6.28> <Core = "Int2Double">   --->   Core 121 'Int2Double' <Latency = 5> <II = 1> <Delay = 6.28> <FuncUnit> <Opcode : 'sitodp' 'uitodp'> <InPorts = 1> <OutPorts = 1>
ST_30 : Operation 178 [4/5] (8.23ns)   --->   "%tmp_13 = fsub double %tmp_12, %sigma" [Jacobi_systemc/producer.cpp:27]   --->   Operation 178 'dsub' 'tmp_13' <Predicate = true> <Delay = 8.23> <Core = "DAddSub">   --->   Core 114 'DAddSub' <Latency = 4> <II = 1> <Delay = 8.23> <FuncUnit> <Opcode : 'dadd' 'dsub'> <InPorts = 2> <OutPorts = 1>

State 31 <SV = 15> <Delay = 8.23>
ST_31 : Operation 179 [3/6] (6.28ns)   --->   "%tmp_10 = sitofp i32 %tmp_3 to double" [Jacobi_systemc/producer.cpp:27]   --->   Operation 179 'sitodp' 'tmp_10' <Predicate = true> <Delay = 6.28> <Core = "Int2Double">   --->   Core 121 'Int2Double' <Latency = 5> <II = 1> <Delay = 6.28> <FuncUnit> <Opcode : 'sitodp' 'uitodp'> <InPorts = 1> <OutPorts = 1>
ST_31 : Operation 180 [3/5] (8.23ns)   --->   "%tmp_13 = fsub double %tmp_12, %sigma" [Jacobi_systemc/producer.cpp:27]   --->   Operation 180 'dsub' 'tmp_13' <Predicate = true> <Delay = 8.23> <Core = "DAddSub">   --->   Core 114 'DAddSub' <Latency = 4> <II = 1> <Delay = 8.23> <FuncUnit> <Opcode : 'dadd' 'dsub'> <InPorts = 2> <OutPorts = 1>

State 32 <SV = 16> <Delay = 8.23>
ST_32 : Operation 181 [2/6] (6.28ns)   --->   "%tmp_10 = sitofp i32 %tmp_3 to double" [Jacobi_systemc/producer.cpp:27]   --->   Operation 181 'sitodp' 'tmp_10' <Predicate = true> <Delay = 6.28> <Core = "Int2Double">   --->   Core 121 'Int2Double' <Latency = 5> <II = 1> <Delay = 6.28> <FuncUnit> <Opcode : 'sitodp' 'uitodp'> <InPorts = 1> <OutPorts = 1>
ST_32 : Operation 182 [2/5] (8.23ns)   --->   "%tmp_13 = fsub double %tmp_12, %sigma" [Jacobi_systemc/producer.cpp:27]   --->   Operation 182 'dsub' 'tmp_13' <Predicate = true> <Delay = 8.23> <Core = "DAddSub">   --->   Core 114 'DAddSub' <Latency = 4> <II = 1> <Delay = 8.23> <FuncUnit> <Opcode : 'dadd' 'dsub'> <InPorts = 2> <OutPorts = 1>

State 33 <SV = 17> <Delay = 8.23>
ST_33 : Operation 183 [1/6] (6.28ns)   --->   "%tmp_10 = sitofp i32 %tmp_3 to double" [Jacobi_systemc/producer.cpp:27]   --->   Operation 183 'sitodp' 'tmp_10' <Predicate = true> <Delay = 6.28> <Core = "Int2Double">   --->   Core 121 'Int2Double' <Latency = 5> <II = 1> <Delay = 6.28> <FuncUnit> <Opcode : 'sitodp' 'uitodp'> <InPorts = 1> <OutPorts = 1>
ST_33 : Operation 184 [1/5] (8.23ns)   --->   "%tmp_13 = fsub double %tmp_12, %sigma" [Jacobi_systemc/producer.cpp:27]   --->   Operation 184 'dsub' 'tmp_13' <Predicate = true> <Delay = 8.23> <Core = "DAddSub">   --->   Core 114 'DAddSub' <Latency = 4> <II = 1> <Delay = 8.23> <FuncUnit> <Opcode : 'dadd' 'dsub'> <InPorts = 2> <OutPorts = 1>

State 34 <SV = 18> <Delay = 7.78>
ST_34 : Operation 185 [6/6] (7.78ns)   --->   "%tmp_14 = fmul double %tmp_10, %tmp_13" [Jacobi_systemc/producer.cpp:27]   --->   Operation 185 'dmul' 'tmp_14' <Predicate = true> <Delay = 7.78> <Core = "DMul">   --->   Core 115 'DMul' <Latency = 5> <II = 1> <Delay = 7.78> <FuncUnit> <Opcode : 'dmul'> <InPorts = 2> <OutPorts = 1>

State 35 <SV = 19> <Delay = 7.78>
ST_35 : Operation 186 [5/6] (7.78ns)   --->   "%tmp_14 = fmul double %tmp_10, %tmp_13" [Jacobi_systemc/producer.cpp:27]   --->   Operation 186 'dmul' 'tmp_14' <Predicate = true> <Delay = 7.78> <Core = "DMul">   --->   Core 115 'DMul' <Latency = 5> <II = 1> <Delay = 7.78> <FuncUnit> <Opcode : 'dmul'> <InPorts = 2> <OutPorts = 1>

State 36 <SV = 20> <Delay = 7.78>
ST_36 : Operation 187 [4/6] (7.78ns)   --->   "%tmp_14 = fmul double %tmp_10, %tmp_13" [Jacobi_systemc/producer.cpp:27]   --->   Operation 187 'dmul' 'tmp_14' <Predicate = true> <Delay = 7.78> <Core = "DMul">   --->   Core 115 'DMul' <Latency = 5> <II = 1> <Delay = 7.78> <FuncUnit> <Opcode : 'dmul'> <InPorts = 2> <OutPorts = 1>

State 37 <SV = 21> <Delay = 7.78>
ST_37 : Operation 188 [3/6] (7.78ns)   --->   "%tmp_14 = fmul double %tmp_10, %tmp_13" [Jacobi_systemc/producer.cpp:27]   --->   Operation 188 'dmul' 'tmp_14' <Predicate = true> <Delay = 7.78> <Core = "DMul">   --->   Core 115 'DMul' <Latency = 5> <II = 1> <Delay = 7.78> <FuncUnit> <Opcode : 'dmul'> <InPorts = 2> <OutPorts = 1>

State 38 <SV = 22> <Delay = 7.78>
ST_38 : Operation 189 [2/6] (7.78ns)   --->   "%tmp_14 = fmul double %tmp_10, %tmp_13" [Jacobi_systemc/producer.cpp:27]   --->   Operation 189 'dmul' 'tmp_14' <Predicate = true> <Delay = 7.78> <Core = "DMul">   --->   Core 115 'DMul' <Latency = 5> <II = 1> <Delay = 7.78> <FuncUnit> <Opcode : 'dmul'> <InPorts = 2> <OutPorts = 1>

State 39 <SV = 23> <Delay = 7.78>
ST_39 : Operation 190 [1/6] (7.78ns)   --->   "%tmp_14 = fmul double %tmp_10, %tmp_13" [Jacobi_systemc/producer.cpp:27]   --->   Operation 190 'dmul' 'tmp_14' <Predicate = true> <Delay = 7.78> <Core = "DMul">   --->   Core 115 'DMul' <Latency = 5> <II = 1> <Delay = 7.78> <FuncUnit> <Opcode : 'dmul'> <InPorts = 2> <OutPorts = 1>

State 40 <SV = 24> <Delay = 8.62>
ST_40 : Operation 191 [31/31] (8.62ns)   --->   "%x_assign = fdiv double 1.000000e+00, %tmp_14" [Jacobi_systemc/producer.cpp:27]   --->   Operation 191 'ddiv' 'x_assign' <Predicate = true> <Delay = 8.62> <Core = "DDiv">   --->   Core 116 'DDiv' <Latency = 30> <II = 1> <Delay = 8.62> <FuncUnit> <Opcode : 'ddiv' 'drem'> <InPorts = 2> <OutPorts = 1>

State 41 <SV = 25> <Delay = 8.62>
ST_41 : Operation 192 [30/31] (8.62ns)   --->   "%x_assign = fdiv double 1.000000e+00, %tmp_14" [Jacobi_systemc/producer.cpp:27]   --->   Operation 192 'ddiv' 'x_assign' <Predicate = true> <Delay = 8.62> <Core = "DDiv">   --->   Core 116 'DDiv' <Latency = 30> <II = 1> <Delay = 8.62> <FuncUnit> <Opcode : 'ddiv' 'drem'> <InPorts = 2> <OutPorts = 1>

State 42 <SV = 26> <Delay = 8.62>
ST_42 : Operation 193 [29/31] (8.62ns)   --->   "%x_assign = fdiv double 1.000000e+00, %tmp_14" [Jacobi_systemc/producer.cpp:27]   --->   Operation 193 'ddiv' 'x_assign' <Predicate = true> <Delay = 8.62> <Core = "DDiv">   --->   Core 116 'DDiv' <Latency = 30> <II = 1> <Delay = 8.62> <FuncUnit> <Opcode : 'ddiv' 'drem'> <InPorts = 2> <OutPorts = 1>

State 43 <SV = 27> <Delay = 8.62>
ST_43 : Operation 194 [28/31] (8.62ns)   --->   "%x_assign = fdiv double 1.000000e+00, %tmp_14" [Jacobi_systemc/producer.cpp:27]   --->   Operation 194 'ddiv' 'x_assign' <Predicate = true> <Delay = 8.62> <Core = "DDiv">   --->   Core 116 'DDiv' <Latency = 30> <II = 1> <Delay = 8.62> <FuncUnit> <Opcode : 'ddiv' 'drem'> <InPorts = 2> <OutPorts = 1>

State 44 <SV = 28> <Delay = 8.62>
ST_44 : Operation 195 [27/31] (8.62ns)   --->   "%x_assign = fdiv double 1.000000e+00, %tmp_14" [Jacobi_systemc/producer.cpp:27]   --->   Operation 195 'ddiv' 'x_assign' <Predicate = true> <Delay = 8.62> <Core = "DDiv">   --->   Core 116 'DDiv' <Latency = 30> <II = 1> <Delay = 8.62> <FuncUnit> <Opcode : 'ddiv' 'drem'> <InPorts = 2> <OutPorts = 1>

State 45 <SV = 29> <Delay = 8.62>
ST_45 : Operation 196 [26/31] (8.62ns)   --->   "%x_assign = fdiv double 1.000000e+00, %tmp_14" [Jacobi_systemc/producer.cpp:27]   --->   Operation 196 'ddiv' 'x_assign' <Predicate = true> <Delay = 8.62> <Core = "DDiv">   --->   Core 116 'DDiv' <Latency = 30> <II = 1> <Delay = 8.62> <FuncUnit> <Opcode : 'ddiv' 'drem'> <InPorts = 2> <OutPorts = 1>

State 46 <SV = 30> <Delay = 8.62>
ST_46 : Operation 197 [25/31] (8.62ns)   --->   "%x_assign = fdiv double 1.000000e+00, %tmp_14" [Jacobi_systemc/producer.cpp:27]   --->   Operation 197 'ddiv' 'x_assign' <Predicate = true> <Delay = 8.62> <Core = "DDiv">   --->   Core 116 'DDiv' <Latency = 30> <II = 1> <Delay = 8.62> <FuncUnit> <Opcode : 'ddiv' 'drem'> <InPorts = 2> <OutPorts = 1>

State 47 <SV = 31> <Delay = 8.62>
ST_47 : Operation 198 [24/31] (8.62ns)   --->   "%x_assign = fdiv double 1.000000e+00, %tmp_14" [Jacobi_systemc/producer.cpp:27]   --->   Operation 198 'ddiv' 'x_assign' <Predicate = true> <Delay = 8.62> <Core = "DDiv">   --->   Core 116 'DDiv' <Latency = 30> <II = 1> <Delay = 8.62> <FuncUnit> <Opcode : 'ddiv' 'drem'> <InPorts = 2> <OutPorts = 1>

State 48 <SV = 32> <Delay = 8.62>
ST_48 : Operation 199 [23/31] (8.62ns)   --->   "%x_assign = fdiv double 1.000000e+00, %tmp_14" [Jacobi_systemc/producer.cpp:27]   --->   Operation 199 'ddiv' 'x_assign' <Predicate = true> <Delay = 8.62> <Core = "DDiv">   --->   Core 116 'DDiv' <Latency = 30> <II = 1> <Delay = 8.62> <FuncUnit> <Opcode : 'ddiv' 'drem'> <InPorts = 2> <OutPorts = 1>

State 49 <SV = 33> <Delay = 8.62>
ST_49 : Operation 200 [22/31] (8.62ns)   --->   "%x_assign = fdiv double 1.000000e+00, %tmp_14" [Jacobi_systemc/producer.cpp:27]   --->   Operation 200 'ddiv' 'x_assign' <Predicate = true> <Delay = 8.62> <Core = "DDiv">   --->   Core 116 'DDiv' <Latency = 30> <II = 1> <Delay = 8.62> <FuncUnit> <Opcode : 'ddiv' 'drem'> <InPorts = 2> <OutPorts = 1>

State 50 <SV = 34> <Delay = 8.62>
ST_50 : Operation 201 [21/31] (8.62ns)   --->   "%x_assign = fdiv double 1.000000e+00, %tmp_14" [Jacobi_systemc/producer.cpp:27]   --->   Operation 201 'ddiv' 'x_assign' <Predicate = true> <Delay = 8.62> <Core = "DDiv">   --->   Core 116 'DDiv' <Latency = 30> <II = 1> <Delay = 8.62> <FuncUnit> <Opcode : 'ddiv' 'drem'> <InPorts = 2> <OutPorts = 1>

State 51 <SV = 35> <Delay = 8.62>
ST_51 : Operation 202 [20/31] (8.62ns)   --->   "%x_assign = fdiv double 1.000000e+00, %tmp_14" [Jacobi_systemc/producer.cpp:27]   --->   Operation 202 'ddiv' 'x_assign' <Predicate = true> <Delay = 8.62> <Core = "DDiv">   --->   Core 116 'DDiv' <Latency = 30> <II = 1> <Delay = 8.62> <FuncUnit> <Opcode : 'ddiv' 'drem'> <InPorts = 2> <OutPorts = 1>

State 52 <SV = 36> <Delay = 8.62>
ST_52 : Operation 203 [19/31] (8.62ns)   --->   "%x_assign = fdiv double 1.000000e+00, %tmp_14" [Jacobi_systemc/producer.cpp:27]   --->   Operation 203 'ddiv' 'x_assign' <Predicate = true> <Delay = 8.62> <Core = "DDiv">   --->   Core 116 'DDiv' <Latency = 30> <II = 1> <Delay = 8.62> <FuncUnit> <Opcode : 'ddiv' 'drem'> <InPorts = 2> <OutPorts = 1>

State 53 <SV = 37> <Delay = 8.62>
ST_53 : Operation 204 [18/31] (8.62ns)   --->   "%x_assign = fdiv double 1.000000e+00, %tmp_14" [Jacobi_systemc/producer.cpp:27]   --->   Operation 204 'ddiv' 'x_assign' <Predicate = true> <Delay = 8.62> <Core = "DDiv">   --->   Core 116 'DDiv' <Latency = 30> <II = 1> <Delay = 8.62> <FuncUnit> <Opcode : 'ddiv' 'drem'> <InPorts = 2> <OutPorts = 1>

State 54 <SV = 38> <Delay = 8.62>
ST_54 : Operation 205 [17/31] (8.62ns)   --->   "%x_assign = fdiv double 1.000000e+00, %tmp_14" [Jacobi_systemc/producer.cpp:27]   --->   Operation 205 'ddiv' 'x_assign' <Predicate = true> <Delay = 8.62> <Core = "DDiv">   --->   Core 116 'DDiv' <Latency = 30> <II = 1> <Delay = 8.62> <FuncUnit> <Opcode : 'ddiv' 'drem'> <InPorts = 2> <OutPorts = 1>

State 55 <SV = 39> <Delay = 8.62>
ST_55 : Operation 206 [16/31] (8.62ns)   --->   "%x_assign = fdiv double 1.000000e+00, %tmp_14" [Jacobi_systemc/producer.cpp:27]   --->   Operation 206 'ddiv' 'x_assign' <Predicate = true> <Delay = 8.62> <Core = "DDiv">   --->   Core 116 'DDiv' <Latency = 30> <II = 1> <Delay = 8.62> <FuncUnit> <Opcode : 'ddiv' 'drem'> <InPorts = 2> <OutPorts = 1>

State 56 <SV = 40> <Delay = 8.62>
ST_56 : Operation 207 [15/31] (8.62ns)   --->   "%x_assign = fdiv double 1.000000e+00, %tmp_14" [Jacobi_systemc/producer.cpp:27]   --->   Operation 207 'ddiv' 'x_assign' <Predicate = true> <Delay = 8.62> <Core = "DDiv">   --->   Core 116 'DDiv' <Latency = 30> <II = 1> <Delay = 8.62> <FuncUnit> <Opcode : 'ddiv' 'drem'> <InPorts = 2> <OutPorts = 1>

State 57 <SV = 41> <Delay = 8.62>
ST_57 : Operation 208 [14/31] (8.62ns)   --->   "%x_assign = fdiv double 1.000000e+00, %tmp_14" [Jacobi_systemc/producer.cpp:27]   --->   Operation 208 'ddiv' 'x_assign' <Predicate = true> <Delay = 8.62> <Core = "DDiv">   --->   Core 116 'DDiv' <Latency = 30> <II = 1> <Delay = 8.62> <FuncUnit> <Opcode : 'ddiv' 'drem'> <InPorts = 2> <OutPorts = 1>

State 58 <SV = 42> <Delay = 8.62>
ST_58 : Operation 209 [13/31] (8.62ns)   --->   "%x_assign = fdiv double 1.000000e+00, %tmp_14" [Jacobi_systemc/producer.cpp:27]   --->   Operation 209 'ddiv' 'x_assign' <Predicate = true> <Delay = 8.62> <Core = "DDiv">   --->   Core 116 'DDiv' <Latency = 30> <II = 1> <Delay = 8.62> <FuncUnit> <Opcode : 'ddiv' 'drem'> <InPorts = 2> <OutPorts = 1>

State 59 <SV = 43> <Delay = 8.62>
ST_59 : Operation 210 [12/31] (8.62ns)   --->   "%x_assign = fdiv double 1.000000e+00, %tmp_14" [Jacobi_systemc/producer.cpp:27]   --->   Operation 210 'ddiv' 'x_assign' <Predicate = true> <Delay = 8.62> <Core = "DDiv">   --->   Core 116 'DDiv' <Latency = 30> <II = 1> <Delay = 8.62> <FuncUnit> <Opcode : 'ddiv' 'drem'> <InPorts = 2> <OutPorts = 1>

State 60 <SV = 44> <Delay = 8.62>
ST_60 : Operation 211 [11/31] (8.62ns)   --->   "%x_assign = fdiv double 1.000000e+00, %tmp_14" [Jacobi_systemc/producer.cpp:27]   --->   Operation 211 'ddiv' 'x_assign' <Predicate = true> <Delay = 8.62> <Core = "DDiv">   --->   Core 116 'DDiv' <Latency = 30> <II = 1> <Delay = 8.62> <FuncUnit> <Opcode : 'ddiv' 'drem'> <InPorts = 2> <OutPorts = 1>

State 61 <SV = 45> <Delay = 8.62>
ST_61 : Operation 212 [10/31] (8.62ns)   --->   "%x_assign = fdiv double 1.000000e+00, %tmp_14" [Jacobi_systemc/producer.cpp:27]   --->   Operation 212 'ddiv' 'x_assign' <Predicate = true> <Delay = 8.62> <Core = "DDiv">   --->   Core 116 'DDiv' <Latency = 30> <II = 1> <Delay = 8.62> <FuncUnit> <Opcode : 'ddiv' 'drem'> <InPorts = 2> <OutPorts = 1>

State 62 <SV = 46> <Delay = 8.62>
ST_62 : Operation 213 [9/31] (8.62ns)   --->   "%x_assign = fdiv double 1.000000e+00, %tmp_14" [Jacobi_systemc/producer.cpp:27]   --->   Operation 213 'ddiv' 'x_assign' <Predicate = true> <Delay = 8.62> <Core = "DDiv">   --->   Core 116 'DDiv' <Latency = 30> <II = 1> <Delay = 8.62> <FuncUnit> <Opcode : 'ddiv' 'drem'> <InPorts = 2> <OutPorts = 1>

State 63 <SV = 47> <Delay = 8.62>
ST_63 : Operation 214 [8/31] (8.62ns)   --->   "%x_assign = fdiv double 1.000000e+00, %tmp_14" [Jacobi_systemc/producer.cpp:27]   --->   Operation 214 'ddiv' 'x_assign' <Predicate = true> <Delay = 8.62> <Core = "DDiv">   --->   Core 116 'DDiv' <Latency = 30> <II = 1> <Delay = 8.62> <FuncUnit> <Opcode : 'ddiv' 'drem'> <InPorts = 2> <OutPorts = 1>

State 64 <SV = 48> <Delay = 8.62>
ST_64 : Operation 215 [7/31] (8.62ns)   --->   "%x_assign = fdiv double 1.000000e+00, %tmp_14" [Jacobi_systemc/producer.cpp:27]   --->   Operation 215 'ddiv' 'x_assign' <Predicate = true> <Delay = 8.62> <Core = "DDiv">   --->   Core 116 'DDiv' <Latency = 30> <II = 1> <Delay = 8.62> <FuncUnit> <Opcode : 'ddiv' 'drem'> <InPorts = 2> <OutPorts = 1>

State 65 <SV = 49> <Delay = 8.62>
ST_65 : Operation 216 [6/31] (8.62ns)   --->   "%x_assign = fdiv double 1.000000e+00, %tmp_14" [Jacobi_systemc/producer.cpp:27]   --->   Operation 216 'ddiv' 'x_assign' <Predicate = true> <Delay = 8.62> <Core = "DDiv">   --->   Core 116 'DDiv' <Latency = 30> <II = 1> <Delay = 8.62> <FuncUnit> <Opcode : 'ddiv' 'drem'> <InPorts = 2> <OutPorts = 1>

State 66 <SV = 50> <Delay = 8.62>
ST_66 : Operation 217 [5/31] (8.62ns)   --->   "%x_assign = fdiv double 1.000000e+00, %tmp_14" [Jacobi_systemc/producer.cpp:27]   --->   Operation 217 'ddiv' 'x_assign' <Predicate = true> <Delay = 8.62> <Core = "DDiv">   --->   Core 116 'DDiv' <Latency = 30> <II = 1> <Delay = 8.62> <FuncUnit> <Opcode : 'ddiv' 'drem'> <InPorts = 2> <OutPorts = 1>

State 67 <SV = 51> <Delay = 8.62>
ST_67 : Operation 218 [4/31] (8.62ns)   --->   "%x_assign = fdiv double 1.000000e+00, %tmp_14" [Jacobi_systemc/producer.cpp:27]   --->   Operation 218 'ddiv' 'x_assign' <Predicate = true> <Delay = 8.62> <Core = "DDiv">   --->   Core 116 'DDiv' <Latency = 30> <II = 1> <Delay = 8.62> <FuncUnit> <Opcode : 'ddiv' 'drem'> <InPorts = 2> <OutPorts = 1>

State 68 <SV = 52> <Delay = 8.62>
ST_68 : Operation 219 [3/31] (8.62ns)   --->   "%x_assign = fdiv double 1.000000e+00, %tmp_14" [Jacobi_systemc/producer.cpp:27]   --->   Operation 219 'ddiv' 'x_assign' <Predicate = true> <Delay = 8.62> <Core = "DDiv">   --->   Core 116 'DDiv' <Latency = 30> <II = 1> <Delay = 8.62> <FuncUnit> <Opcode : 'ddiv' 'drem'> <InPorts = 2> <OutPorts = 1>

State 69 <SV = 53> <Delay = 8.62>
ST_69 : Operation 220 [2/31] (8.62ns)   --->   "%x_assign = fdiv double 1.000000e+00, %tmp_14" [Jacobi_systemc/producer.cpp:27]   --->   Operation 220 'ddiv' 'x_assign' <Predicate = true> <Delay = 8.62> <Core = "DDiv">   --->   Core 116 'DDiv' <Latency = 30> <II = 1> <Delay = 8.62> <FuncUnit> <Opcode : 'ddiv' 'drem'> <InPorts = 2> <OutPorts = 1>

State 70 <SV = 54> <Delay = 8.62>
ST_70 : Operation 221 [1/31] (8.62ns)   --->   "%x_assign = fdiv double 1.000000e+00, %tmp_14" [Jacobi_systemc/producer.cpp:27]   --->   Operation 221 'ddiv' 'x_assign' <Predicate = true> <Delay = 8.62> <Core = "DDiv">   --->   Core 116 'DDiv' <Latency = 30> <II = 1> <Delay = 8.62> <FuncUnit> <Opcode : 'ddiv' 'drem'> <InPorts = 2> <OutPorts = 1>

State 71 <SV = 55> <Delay = 6.94>
ST_71 : Operation 222 [1/1] (0.00ns)   --->   "%p_Val2_s = bitcast double %x_assign to i64" [r:/builds/2018.3/continuous/2018_12_06_2405991/src/products/hls/hls_lib/src/hls\utils/x_hls_utils.h:475->r:/builds/2018.3/continuous/2018_12_06_2405991/src/products/hls/hls_lib/src/hls\utils/x_hls_utils.h:479->r:/builds/2018.3/continuous/2018_12_06_2405991/src/products/hls/hls_lib/hlsmath/include/FloatingPoint\hls_case_IEEE754.h:12->r:/builds/2018.3/continuous/2018_12_06_2405991/src/products/hls/hls_lib/hlsmath/include/FloatingPoint\hls_case_IEEE754.h:116->r:/builds/2018.3/continuous/2018_12_06_2405991/src/products/hls/hls_lib/hlsmath/src/lib_floatconversion.cpp:54->Jacobi_systemc/producer.cpp:27]   --->   Operation 222 'bitcast' 'p_Val2_s' <Predicate = true> <Delay = 0.00>
ST_71 : Operation 223 [1/1] (0.00ns)   --->   "%p_Result_s = call i1 @_ssdm_op_BitSelect.i1.i64.i32(i64 %p_Val2_s, i32 63)" [r:/builds/2018.3/continuous/2018_12_06_2405991/src/products/hls/hls_lib/src/hls\utils/x_hls_utils.h:475->r:/builds/2018.3/continuous/2018_12_06_2405991/src/products/hls/hls_lib/src/hls\utils/x_hls_utils.h:479->r:/builds/2018.3/continuous/2018_12_06_2405991/src/products/hls/hls_lib/hlsmath/include/FloatingPoint\hls_case_IEEE754.h:12->r:/builds/2018.3/continuous/2018_12_06_2405991/src/products/hls/hls_lib/hlsmath/include/FloatingPoint\hls_case_IEEE754.h:116->r:/builds/2018.3/continuous/2018_12_06_2405991/src/products/hls/hls_lib/hlsmath/src/lib_floatconversion.cpp:54->Jacobi_systemc/producer.cpp:27]   --->   Operation 223 'bitselect' 'p_Result_s' <Predicate = true> <Delay = 0.00>
ST_71 : Operation 224 [1/1] (0.00ns)   --->   "%tmp_V = call i11 @_ssdm_op_PartSelect.i11.i64.i32.i32(i64 %p_Val2_s, i32 52, i32 62) nounwind" [r:/builds/2018.3/continuous/2018_12_06_2405991/src/products/hls/hls_lib/src/hls\utils/x_hls_utils.h:477->r:/builds/2018.3/continuous/2018_12_06_2405991/src/products/hls/hls_lib/src/hls\utils/x_hls_utils.h:479->r:/builds/2018.3/continuous/2018_12_06_2405991/src/products/hls/hls_lib/hlsmath/include/FloatingPoint\hls_case_IEEE754.h:12->r:/builds/2018.3/continuous/2018_12_06_2405991/src/products/hls/hls_lib/hlsmath/include/FloatingPoint\hls_case_IEEE754.h:116->r:/builds/2018.3/continuous/2018_12_06_2405991/src/products/hls/hls_lib/hlsmath/src/lib_floatconversion.cpp:54->Jacobi_systemc/producer.cpp:27]   --->   Operation 224 'partselect' 'tmp_V' <Predicate = true> <Delay = 0.00>
ST_71 : Operation 225 [1/1] (0.00ns)   --->   "%tmp_V_1 = trunc i64 %p_Val2_s to i52" [r:/builds/2018.3/continuous/2018_12_06_2405991/src/products/hls/hls_lib/src/hls\utils/x_hls_utils.h:478->r:/builds/2018.3/continuous/2018_12_06_2405991/src/products/hls/hls_lib/src/hls\utils/x_hls_utils.h:479->r:/builds/2018.3/continuous/2018_12_06_2405991/src/products/hls/hls_lib/hlsmath/include/FloatingPoint\hls_case_IEEE754.h:12->r:/builds/2018.3/continuous/2018_12_06_2405991/src/products/hls/hls_lib/hlsmath/include/FloatingPoint\hls_case_IEEE754.h:116->r:/builds/2018.3/continuous/2018_12_06_2405991/src/products/hls/hls_lib/hlsmath/src/lib_floatconversion.cpp:54->Jacobi_systemc/producer.cpp:27]   --->   Operation 225 'trunc' 'tmp_V_1' <Predicate = true> <Delay = 0.00>
ST_71 : Operation 226 [1/1] (0.00ns)   --->   "%mantissa_V = call i54 @_ssdm_op_BitConcatenate.i54.i1.i52.i1(i1 true, i52 %tmp_V_1, i1 false)" [r:/builds/2018.3/continuous/2018_12_06_2405991/src/products/hls/hls_lib/hlsmath/include/FloatingPoint\hls_case_IEEE754.h:14->r:/builds/2018.3/continuous/2018_12_06_2405991/src/products/hls/hls_lib/hlsmath/include/FloatingPoint\hls_case_IEEE754.h:116->r:/builds/2018.3/continuous/2018_12_06_2405991/src/products/hls/hls_lib/hlsmath/src/lib_floatconversion.cpp:54->Jacobi_systemc/producer.cpp:27]   --->   Operation 226 'bitconcatenate' 'mantissa_V' <Predicate = true> <Delay = 0.00>
ST_71 : Operation 227 [1/1] (0.00ns) (grouped into LUT with out node p_Val2_5)   --->   "%mantissa_V_1_cast = zext i54 %mantissa_V to i137" [r:/builds/2018.3/continuous/2018_12_06_2405991/src/products/hls/hls_lib/hlsmath/include/FloatingPoint\hls_case_IEEE754.h:14->r:/builds/2018.3/continuous/2018_12_06_2405991/src/products/hls/hls_lib/hlsmath/include/FloatingPoint\hls_case_IEEE754.h:116->r:/builds/2018.3/continuous/2018_12_06_2405991/src/products/hls/hls_lib/hlsmath/src/lib_floatconversion.cpp:54->Jacobi_systemc/producer.cpp:27]   --->   Operation 227 'zext' 'mantissa_V_1_cast' <Predicate = true> <Delay = 0.00>
ST_71 : Operation 228 [1/1] (0.00ns)   --->   "%tmp_i_i_i_i_cast2 = zext i11 %tmp_V to i12" [r:/builds/2018.3/continuous/2018_12_06_2405991/src/products/hls/hls_lib/src/hls\utils/x_hls_utils.h:502->r:/builds/2018.3/continuous/2018_12_06_2405991/src/products/hls/hls_lib/hlsmath/include/FloatingPoint\hls_case_IEEE754.h:17->r:/builds/2018.3/continuous/2018_12_06_2405991/src/products/hls/hls_lib/hlsmath/include/FloatingPoint\hls_case_IEEE754.h:116->r:/builds/2018.3/continuous/2018_12_06_2405991/src/products/hls/hls_lib/hlsmath/src/lib_floatconversion.cpp:54->Jacobi_systemc/producer.cpp:27]   --->   Operation 228 'zext' 'tmp_i_i_i_i_cast2' <Predicate = true> <Delay = 0.00>
ST_71 : Operation 229 [1/1] (1.63ns)   --->   "%sh_assign = add i12 -1023, %tmp_i_i_i_i_cast2" [r:/builds/2018.3/continuous/2018_12_06_2405991/src/products/hls/hls_lib/src/hls\utils/x_hls_utils.h:502->r:/builds/2018.3/continuous/2018_12_06_2405991/src/products/hls/hls_lib/hlsmath/include/FloatingPoint\hls_case_IEEE754.h:17->r:/builds/2018.3/continuous/2018_12_06_2405991/src/products/hls/hls_lib/hlsmath/include/FloatingPoint\hls_case_IEEE754.h:116->r:/builds/2018.3/continuous/2018_12_06_2405991/src/products/hls/hls_lib/hlsmath/src/lib_floatconversion.cpp:54->Jacobi_systemc/producer.cpp:27]   --->   Operation 229 'add' 'sh_assign' <Predicate = true> <Delay = 1.63> <Core = "AddSub">   --->   Core 14 'AddSub' <Latency = 0> <II = 1> <Delay = 2.55> <FuncUnit> <Opcode : 'add' 'sub'> <InPorts = 2> <OutPorts = 1>
ST_71 : Operation 230 [1/1] (0.00ns)   --->   "%isNeg = call i1 @_ssdm_op_BitSelect.i1.i12.i32(i12 %sh_assign, i32 11)" [r:/builds/2018.3/continuous/2018_12_06_2405991/src/products/hls/hls_lib/hlsmath/include/FloatingPoint\hls_case_IEEE754.h:17->r:/builds/2018.3/continuous/2018_12_06_2405991/src/products/hls/hls_lib/hlsmath/include/FloatingPoint\hls_case_IEEE754.h:116->r:/builds/2018.3/continuous/2018_12_06_2405991/src/products/hls/hls_lib/hlsmath/src/lib_floatconversion.cpp:54->Jacobi_systemc/producer.cpp:27]   --->   Operation 230 'bitselect' 'isNeg' <Predicate = true> <Delay = 0.00>
ST_71 : Operation 231 [1/1] (1.63ns)   --->   "%tmp_i_i_i = sub i11 1023, %tmp_V" [r:/builds/2018.3/continuous/2018_12_06_2405991/src/products/hls/hls_lib/hlsmath/include/FloatingPoint\hls_case_IEEE754.h:17->r:/builds/2018.3/continuous/2018_12_06_2405991/src/products/hls/hls_lib/hlsmath/include/FloatingPoint\hls_case_IEEE754.h:116->r:/builds/2018.3/continuous/2018_12_06_2405991/src/products/hls/hls_lib/hlsmath/src/lib_floatconversion.cpp:54->Jacobi_systemc/producer.cpp:27]   --->   Operation 231 'sub' 'tmp_i_i_i' <Predicate = true> <Delay = 1.63> <Core = "AddSub">   --->   Core 14 'AddSub' <Latency = 0> <II = 1> <Delay = 2.55> <FuncUnit> <Opcode : 'add' 'sub'> <InPorts = 2> <OutPorts = 1>
ST_71 : Operation 232 [1/1] (0.00ns)   --->   "%tmp_i_i_i_cast = sext i11 %tmp_i_i_i to i12" [r:/builds/2018.3/continuous/2018_12_06_2405991/src/products/hls/hls_lib/hlsmath/include/FloatingPoint\hls_case_IEEE754.h:17->r:/builds/2018.3/continuous/2018_12_06_2405991/src/products/hls/hls_lib/hlsmath/include/FloatingPoint\hls_case_IEEE754.h:116->r:/builds/2018.3/continuous/2018_12_06_2405991/src/products/hls/hls_lib/hlsmath/src/lib_floatconversion.cpp:54->Jacobi_systemc/producer.cpp:27]   --->   Operation 232 'sext' 'tmp_i_i_i_cast' <Predicate = true> <Delay = 0.00>
ST_71 : Operation 233 [1/1] (0.69ns)   --->   "%ush = select i1 %isNeg, i12 %tmp_i_i_i_cast, i12 %sh_assign" [r:/builds/2018.3/continuous/2018_12_06_2405991/src/products/hls/hls_lib/hlsmath/include/FloatingPoint\hls_case_IEEE754.h:17->r:/builds/2018.3/continuous/2018_12_06_2405991/src/products/hls/hls_lib/hlsmath/include/FloatingPoint\hls_case_IEEE754.h:116->r:/builds/2018.3/continuous/2018_12_06_2405991/src/products/hls/hls_lib/hlsmath/src/lib_floatconversion.cpp:54->Jacobi_systemc/producer.cpp:27]   --->   Operation 233 'select' 'ush' <Predicate = true> <Delay = 0.69> <Core = "Sel">   --->   Core 26 'Sel' <Latency = 0> <II = 1> <Delay = 0.69> <FuncUnit> <Opcode : 'select'> <InPorts = 3> <OutPorts = 1>
ST_71 : Operation 234 [1/1] (0.00ns)   --->   "%sh_assign_2_cast = sext i12 %ush to i32" [r:/builds/2018.3/continuous/2018_12_06_2405991/src/products/hls/hls_lib/hlsmath/include/FloatingPoint\hls_case_IEEE754.h:17->r:/builds/2018.3/continuous/2018_12_06_2405991/src/products/hls/hls_lib/hlsmath/include/FloatingPoint\hls_case_IEEE754.h:116->r:/builds/2018.3/continuous/2018_12_06_2405991/src/products/hls/hls_lib/hlsmath/src/lib_floatconversion.cpp:54->Jacobi_systemc/producer.cpp:27]   --->   Operation 234 'sext' 'sh_assign_2_cast' <Predicate = true> <Delay = 0.00>
ST_71 : Operation 235 [1/1] (0.00ns) (grouped into LUT with out node p_Val2_5)   --->   "%tmp_i_i_i_10 = zext i32 %sh_assign_2_cast to i137" [r:/builds/2018.3/continuous/2018_12_06_2405991/src/products/hls/hls_lib/hlsmath/include/FloatingPoint\hls_case_IEEE754.h:17->r:/builds/2018.3/continuous/2018_12_06_2405991/src/products/hls/hls_lib/hlsmath/include/FloatingPoint\hls_case_IEEE754.h:116->r:/builds/2018.3/continuous/2018_12_06_2405991/src/products/hls/hls_lib/hlsmath/src/lib_floatconversion.cpp:54->Jacobi_systemc/producer.cpp:27]   --->   Operation 235 'zext' 'tmp_i_i_i_10' <Predicate = true> <Delay = 0.00>
ST_71 : Operation 236 [1/1] (0.00ns) (grouped into LUT with out node p_Val2_5)   --->   "%tmp_i_i_i_cast_11 = zext i32 %sh_assign_2_cast to i54" [r:/builds/2018.3/continuous/2018_12_06_2405991/src/products/hls/hls_lib/hlsmath/include/FloatingPoint\hls_case_IEEE754.h:17->r:/builds/2018.3/continuous/2018_12_06_2405991/src/products/hls/hls_lib/hlsmath/include/FloatingPoint\hls_case_IEEE754.h:116->r:/builds/2018.3/continuous/2018_12_06_2405991/src/products/hls/hls_lib/hlsmath/src/lib_floatconversion.cpp:54->Jacobi_systemc/producer.cpp:27]   --->   Operation 236 'zext' 'tmp_i_i_i_cast_11' <Predicate = true> <Delay = 0.00>
ST_71 : Operation 237 [1/1] (0.00ns) (grouped into LUT with out node p_Val2_5)   --->   "%r_V = lshr i54 %mantissa_V, %tmp_i_i_i_cast_11" [r:/builds/2018.3/continuous/2018_12_06_2405991/src/products/hls/hls_lib/hlsmath/include/FloatingPoint\hls_case_IEEE754.h:17->r:/builds/2018.3/continuous/2018_12_06_2405991/src/products/hls/hls_lib/hlsmath/include/FloatingPoint\hls_case_IEEE754.h:116->r:/builds/2018.3/continuous/2018_12_06_2405991/src/products/hls/hls_lib/hlsmath/src/lib_floatconversion.cpp:54->Jacobi_systemc/producer.cpp:27]   --->   Operation 237 'lshr' 'r_V' <Predicate = true> <Delay = 0.00> <Core = "Shift">   --->   Core 28 'Shift' <Latency = 0> <II = 1> <Delay = 4.61> <FuncUnit> <Opcode : 'shl' 'lshr' 'ashr'> <InPorts = 2> <OutPorts = 1>
ST_71 : Operation 238 [1/1] (0.00ns) (grouped into LUT with out node p_Val2_5)   --->   "%r_V_1 = shl i137 %mantissa_V_1_cast, %tmp_i_i_i_10" [r:/builds/2018.3/continuous/2018_12_06_2405991/src/products/hls/hls_lib/hlsmath/include/FloatingPoint\hls_case_IEEE754.h:17->r:/builds/2018.3/continuous/2018_12_06_2405991/src/products/hls/hls_lib/hlsmath/include/FloatingPoint\hls_case_IEEE754.h:116->r:/builds/2018.3/continuous/2018_12_06_2405991/src/products/hls/hls_lib/hlsmath/src/lib_floatconversion.cpp:54->Jacobi_systemc/producer.cpp:27]   --->   Operation 238 'shl' 'r_V_1' <Predicate = true> <Delay = 0.00> <Core = "Shift">   --->   Core 28 'Shift' <Latency = 0> <II = 1> <Delay = 4.61> <FuncUnit> <Opcode : 'shl' 'lshr' 'ashr'> <InPorts = 2> <OutPorts = 1>
ST_71 : Operation 239 [1/1] (0.00ns) (grouped into LUT with out node p_Val2_5)   --->   "%tmp_23 = call i1 @_ssdm_op_BitSelect.i1.i54.i32(i54 %r_V, i32 53)" [r:/builds/2018.3/continuous/2018_12_06_2405991/src/products/hls/hls_lib/hlsmath/include/FloatingPoint\hls_case_IEEE754.h:20->r:/builds/2018.3/continuous/2018_12_06_2405991/src/products/hls/hls_lib/hlsmath/include/FloatingPoint\hls_case_IEEE754.h:116->r:/builds/2018.3/continuous/2018_12_06_2405991/src/products/hls/hls_lib/hlsmath/src/lib_floatconversion.cpp:54->Jacobi_systemc/producer.cpp:27]   --->   Operation 239 'bitselect' 'tmp_23' <Predicate = true> <Delay = 0.00>
ST_71 : Operation 240 [1/1] (0.00ns) (grouped into LUT with out node p_Val2_5)   --->   "%tmp_15 = zext i1 %tmp_23 to i32" [r:/builds/2018.3/continuous/2018_12_06_2405991/src/products/hls/hls_lib/hlsmath/include/FloatingPoint\hls_case_IEEE754.h:20->r:/builds/2018.3/continuous/2018_12_06_2405991/src/products/hls/hls_lib/hlsmath/include/FloatingPoint\hls_case_IEEE754.h:116->r:/builds/2018.3/continuous/2018_12_06_2405991/src/products/hls/hls_lib/hlsmath/src/lib_floatconversion.cpp:54->Jacobi_systemc/producer.cpp:27]   --->   Operation 240 'zext' 'tmp_15' <Predicate = true> <Delay = 0.00>
ST_71 : Operation 241 [1/1] (0.00ns) (grouped into LUT with out node p_Val2_5)   --->   "%tmp_16 = call i32 @_ssdm_op_PartSelect.i32.i137.i32.i32(i137 %r_V_1, i32 53, i32 84)" [r:/builds/2018.3/continuous/2018_12_06_2405991/src/products/hls/hls_lib/hlsmath/include/FloatingPoint\hls_case_IEEE754.h:20->r:/builds/2018.3/continuous/2018_12_06_2405991/src/products/hls/hls_lib/hlsmath/include/FloatingPoint\hls_case_IEEE754.h:116->r:/builds/2018.3/continuous/2018_12_06_2405991/src/products/hls/hls_lib/hlsmath/src/lib_floatconversion.cpp:54->Jacobi_systemc/producer.cpp:27]   --->   Operation 241 'partselect' 'tmp_16' <Predicate = true> <Delay = 0.00>
ST_71 : Operation 242 [1/1] (4.61ns) (out node of the LUT)   --->   "%p_Val2_5 = select i1 %isNeg, i32 %tmp_15, i32 %tmp_16" [r:/builds/2018.3/continuous/2018_12_06_2405991/src/products/hls/hls_lib/hlsmath/include/FloatingPoint\hls_case_IEEE754.h:17->r:/builds/2018.3/continuous/2018_12_06_2405991/src/products/hls/hls_lib/hlsmath/include/FloatingPoint\hls_case_IEEE754.h:116->r:/builds/2018.3/continuous/2018_12_06_2405991/src/products/hls/hls_lib/hlsmath/src/lib_floatconversion.cpp:54->Jacobi_systemc/producer.cpp:27]   --->   Operation 242 'select' 'p_Val2_5' <Predicate = true> <Delay = 4.61> <Core = "Sel">   --->   Core 26 'Sel' <Latency = 0> <II = 1> <Delay = 0.69> <FuncUnit> <Opcode : 'select'> <InPorts = 3> <OutPorts = 1>

State 72 <SV = 56> <Delay = 5.57>
ST_72 : Operation 243 [1/1] (2.55ns)   --->   "%result_V_1 = sub i32 0, %p_Val2_5" [r:/builds/2018.3/continuous/2018_12_06_2405991/src/products/hls/hls_lib/hlsmath/include/FloatingPoint\hls_case_IEEE754.h:58->r:/builds/2018.3/continuous/2018_12_06_2405991/src/products/hls/hls_lib/hlsmath/include/FloatingPoint\hls_case_IEEE754.h:116->r:/builds/2018.3/continuous/2018_12_06_2405991/src/products/hls/hls_lib/hlsmath/src/lib_floatconversion.cpp:54->Jacobi_systemc/producer.cpp:27]   --->   Operation 243 'sub' 'result_V_1' <Predicate = (p_Result_s)> <Delay = 2.55> <Core = "AddSub">   --->   Core 14 'AddSub' <Latency = 0> <II = 1> <Delay = 2.55> <FuncUnit> <Opcode : 'add' 'sub'> <InPorts = 2> <OutPorts = 1>
ST_72 : Operation 244 [1/1] (0.69ns)   --->   "%p_Val2_6 = select i1 %p_Result_s, i32 %result_V_1, i32 %p_Val2_5" [r:/builds/2018.3/continuous/2018_12_06_2405991/src/products/hls/hls_lib/hlsmath/include/FloatingPoint\hls_case_IEEE754.h:58->r:/builds/2018.3/continuous/2018_12_06_2405991/src/products/hls/hls_lib/hlsmath/include/FloatingPoint\hls_case_IEEE754.h:116->r:/builds/2018.3/continuous/2018_12_06_2405991/src/products/hls/hls_lib/hlsmath/src/lib_floatconversion.cpp:54->Jacobi_systemc/producer.cpp:27]   --->   Operation 244 'select' 'p_Val2_6' <Predicate = true> <Delay = 0.69> <Core = "Sel">   --->   Core 26 'Sel' <Latency = 0> <II = 1> <Delay = 0.69> <FuncUnit> <Opcode : 'select'> <InPorts = 3> <OutPorts = 1>
ST_72 : Operation 245 [1/1] (0.00ns)   --->   "%x_new_addr_3 = getelementptr inbounds [16 x i32]* %x_new, i64 0, i64 %tmp_9" [Jacobi_systemc/producer.cpp:27]   --->   Operation 245 'getelementptr' 'x_new_addr_3' <Predicate = true> <Delay = 0.00>
ST_72 : Operation 246 [1/1] (2.32ns)   --->   "store i32 %p_Val2_6, i32* %x_new_addr_3, align 4" [Jacobi_systemc/producer.cpp:27]   --->   Operation 246 'store' <Predicate = true> <Delay = 2.32> <Core = "RAM">   --->   Core 37 'RAM' <Latency = 1> <II = 1> <Delay = 2.32> <Storage> <Opcode : 'load' 'store'> <Ports = 2> <Width = 32> <Depth = 16> <RAM>
ST_72 : Operation 247 [1/1] (0.00ns)   --->   "br label %4" [Jacobi_systemc/producer.cpp:16]   --->   Operation 247 'br' <Predicate = true> <Delay = 0.00>

State 73 <SV = 3> <Delay = 2.32>
ST_73 : Operation 248 [1/1] (0.00ns)   --->   "%tmp_1 = phi double [ %sumatorio, %8 ], [ 0.000000e+00, %.preheader.preheader ]"   --->   Operation 248 'phi' 'tmp_1' <Predicate = true> <Delay = 0.00>
ST_73 : Operation 249 [1/1] (0.00ns)   --->   "%i3 = phi i5 [ %i_2, %8 ], [ 0, %.preheader.preheader ]"   --->   Operation 249 'phi' 'i3' <Predicate = true> <Delay = 0.00>
ST_73 : Operation 250 [1/1] (1.36ns)   --->   "%exitcond = icmp eq i5 %i3, -16" [Jacobi_systemc/producer.cpp:33]   --->   Operation 250 'icmp' 'exitcond' <Predicate = true> <Delay = 1.36> <Core = "Cmp">   --->   Core 25 'Cmp' <Latency = 0> <II = 1> <Delay = 1.36> <FuncUnit> <Opcode : 'icmp'> <InPorts = 2> <OutPorts = 1>
ST_73 : Operation 251 [1/1] (0.00ns)   --->   "%empty_12 = call i32 (...)* @_ssdm_op_SpecLoopTripCount(i64 16, i64 16, i64 16)"   --->   Operation 251 'speclooptripcount' 'empty_12' <Predicate = true> <Delay = 0.00>
ST_73 : Operation 252 [1/1] (1.78ns)   --->   "%i_2 = add i5 %i3, 1" [Jacobi_systemc/producer.cpp:33]   --->   Operation 252 'add' 'i_2' <Predicate = true> <Delay = 1.78> <Core = "AddSub">   --->   Core 14 'AddSub' <Latency = 0> <II = 1> <Delay = 2.55> <FuncUnit> <Opcode : 'add' 'sub'> <InPorts = 2> <OutPorts = 1>
ST_73 : Operation 253 [1/1] (0.00ns)   --->   "br i1 %exitcond, label %9, label %8" [Jacobi_systemc/producer.cpp:33]   --->   Operation 253 'br' <Predicate = true> <Delay = 0.00>
ST_73 : Operation 254 [1/1] (0.00ns)   --->   "%tmp_5 = zext i5 %i3 to i64" [Jacobi_systemc/producer.cpp:35]   --->   Operation 254 'zext' 'tmp_5' <Predicate = (!exitcond)> <Delay = 0.00>
ST_73 : Operation 255 [1/1] (0.00ns)   --->   "%x_new_addr_2 = getelementptr inbounds [16 x i32]* %x_new, i64 0, i64 %tmp_5" [Jacobi_systemc/producer.cpp:35]   --->   Operation 255 'getelementptr' 'x_new_addr_2' <Predicate = (!exitcond)> <Delay = 0.00>
ST_73 : Operation 256 [2/2] (2.32ns)   --->   "%x_new_load_1 = load i32* %x_new_addr_2, align 4" [Jacobi_systemc/producer.cpp:35]   --->   Operation 256 'load' 'x_new_load_1' <Predicate = (!exitcond)> <Delay = 2.32> <Core = "RAM">   --->   Core 37 'RAM' <Latency = 1> <II = 1> <Delay = 2.32> <Storage> <Opcode : 'load' 'store'> <Ports = 2> <Width = 32> <Depth = 16> <RAM>
ST_73 : Operation 257 [1/1] (0.00ns)   --->   "%x_prev_addr_2 = getelementptr inbounds [16 x i32]* %x_prev, i64 0, i64 %tmp_5" [Jacobi_systemc/producer.cpp:36]   --->   Operation 257 'getelementptr' 'x_prev_addr_2' <Predicate = (!exitcond)> <Delay = 0.00>
ST_73 : Operation 258 [2/2] (2.32ns)   --->   "%x_prev_load = load i32* %x_prev_addr_2, align 4" [Jacobi_systemc/producer.cpp:36]   --->   Operation 258 'load' 'x_prev_load' <Predicate = (!exitcond)> <Delay = 2.32> <Core = "RAM">   --->   Core 37 'RAM' <Latency = 1> <II = 1> <Delay = 2.32> <Storage> <Opcode : 'load' 'store'> <Ports = 2> <Width = 32> <Depth = 16> <RAM>
ST_73 : Operation 259 [1/1] (0.00ns)   --->   "call void @_ssdm_op_Write.ap_auto.volatile.doubleP(double* %producer_sum_m_if_Val, double %tmp_1)" [Jacobi_systemc/producer.cpp:38]   --->   Operation 259 'write' <Predicate = (exitcond)> <Delay = 0.00>
ST_73 : Operation 260 [1/1] (0.00ns)   --->   "ret void" [Jacobi_systemc/producer.cpp:39]   --->   Operation 260 'ret' <Predicate = (exitcond)> <Delay = 0.00>

State 74 <SV = 4> <Delay = 4.87>
ST_74 : Operation 261 [1/1] (0.00ns)   --->   "%producer_x_m_if_Val_s = getelementptr [16 x i32]* %producer_x_m_if_Val, i64 0, i64 %tmp_5" [Jacobi_systemc/producer.cpp:35]   --->   Operation 261 'getelementptr' 'producer_x_m_if_Val_s' <Predicate = true> <Delay = 0.00>
ST_74 : Operation 262 [1/2] (2.32ns)   --->   "%x_new_load_1 = load i32* %x_new_addr_2, align 4" [Jacobi_systemc/producer.cpp:35]   --->   Operation 262 'load' 'x_new_load_1' <Predicate = true> <Delay = 2.32> <Core = "RAM">   --->   Core 37 'RAM' <Latency = 1> <II = 1> <Delay = 2.32> <Storage> <Opcode : 'load' 'store'> <Ports = 2> <Width = 32> <Depth = 16> <RAM>
ST_74 : Operation 263 [1/1] (2.32ns)   --->   "store volatile i32 %x_new_load_1, i32* %producer_x_m_if_Val_s, align 4" [Jacobi_systemc/producer.cpp:35]   --->   Operation 263 'store' <Predicate = true> <Delay = 2.32> <Core = "RAM">   --->   Core 37 'RAM' <Latency = 1> <II = 1> <Delay = 2.32> <Storage> <Opcode : 'load' 'store'> <Ports = 2> <Width = 32> <Depth = 16> <RAM>
ST_74 : Operation 264 [1/2] (2.32ns)   --->   "%x_prev_load = load i32* %x_prev_addr_2, align 4" [Jacobi_systemc/producer.cpp:36]   --->   Operation 264 'load' 'x_prev_load' <Predicate = true> <Delay = 2.32> <Core = "RAM">   --->   Core 37 'RAM' <Latency = 1> <II = 1> <Delay = 2.32> <Storage> <Opcode : 'load' 'store'> <Ports = 2> <Width = 32> <Depth = 16> <RAM>
ST_74 : Operation 265 [1/1] (2.55ns)   --->   "%tmp_6 = sub nsw i32 %x_new_load_1, %x_prev_load" [Jacobi_systemc/producer.cpp:36]   --->   Operation 265 'sub' 'tmp_6' <Predicate = true> <Delay = 2.55> <Core = "AddSub">   --->   Core 14 'AddSub' <Latency = 0> <II = 1> <Delay = 2.55> <FuncUnit> <Opcode : 'add' 'sub'> <InPorts = 2> <OutPorts = 1>

State 75 <SV = 5> <Delay = 8.51>
ST_75 : Operation 266 [1/1] (8.51ns)   --->   "%tmp_7 = mul nsw i32 %tmp_6, %tmp_6" [Jacobi_systemc/producer.cpp:36]   --->   Operation 266 'mul' 'tmp_7' <Predicate = true> <Delay = 8.51> <Core = "Mul">   --->   Core 16 'Mul' <Latency = 0> <II = 1> <Delay = 8.51> <FuncUnit> <Opcode : 'mul'> <InPorts = 2> <OutPorts = 1>

State 76 <SV = 6> <Delay = 6.28>
ST_76 : Operation 267 [6/6] (6.28ns)   --->   "%tmp_8 = sitofp i32 %tmp_7 to double" [Jacobi_systemc/producer.cpp:36]   --->   Operation 267 'sitodp' 'tmp_8' <Predicate = true> <Delay = 6.28> <Core = "Int2Double">   --->   Core 121 'Int2Double' <Latency = 5> <II = 1> <Delay = 6.28> <FuncUnit> <Opcode : 'sitodp' 'uitodp'> <InPorts = 1> <OutPorts = 1>

State 77 <SV = 7> <Delay = 6.28>
ST_77 : Operation 268 [5/6] (6.28ns)   --->   "%tmp_8 = sitofp i32 %tmp_7 to double" [Jacobi_systemc/producer.cpp:36]   --->   Operation 268 'sitodp' 'tmp_8' <Predicate = true> <Delay = 6.28> <Core = "Int2Double">   --->   Core 121 'Int2Double' <Latency = 5> <II = 1> <Delay = 6.28> <FuncUnit> <Opcode : 'sitodp' 'uitodp'> <InPorts = 1> <OutPorts = 1>

State 78 <SV = 8> <Delay = 6.28>
ST_78 : Operation 269 [4/6] (6.28ns)   --->   "%tmp_8 = sitofp i32 %tmp_7 to double" [Jacobi_systemc/producer.cpp:36]   --->   Operation 269 'sitodp' 'tmp_8' <Predicate = true> <Delay = 6.28> <Core = "Int2Double">   --->   Core 121 'Int2Double' <Latency = 5> <II = 1> <Delay = 6.28> <FuncUnit> <Opcode : 'sitodp' 'uitodp'> <InPorts = 1> <OutPorts = 1>

State 79 <SV = 9> <Delay = 6.28>
ST_79 : Operation 270 [3/6] (6.28ns)   --->   "%tmp_8 = sitofp i32 %tmp_7 to double" [Jacobi_systemc/producer.cpp:36]   --->   Operation 270 'sitodp' 'tmp_8' <Predicate = true> <Delay = 6.28> <Core = "Int2Double">   --->   Core 121 'Int2Double' <Latency = 5> <II = 1> <Delay = 6.28> <FuncUnit> <Opcode : 'sitodp' 'uitodp'> <InPorts = 1> <OutPorts = 1>

State 80 <SV = 10> <Delay = 6.28>
ST_80 : Operation 271 [2/6] (6.28ns)   --->   "%tmp_8 = sitofp i32 %tmp_7 to double" [Jacobi_systemc/producer.cpp:36]   --->   Operation 271 'sitodp' 'tmp_8' <Predicate = true> <Delay = 6.28> <Core = "Int2Double">   --->   Core 121 'Int2Double' <Latency = 5> <II = 1> <Delay = 6.28> <FuncUnit> <Opcode : 'sitodp' 'uitodp'> <InPorts = 1> <OutPorts = 1>

State 81 <SV = 11> <Delay = 6.28>
ST_81 : Operation 272 [1/6] (6.28ns)   --->   "%tmp_8 = sitofp i32 %tmp_7 to double" [Jacobi_systemc/producer.cpp:36]   --->   Operation 272 'sitodp' 'tmp_8' <Predicate = true> <Delay = 6.28> <Core = "Int2Double">   --->   Core 121 'Int2Double' <Latency = 5> <II = 1> <Delay = 6.28> <FuncUnit> <Opcode : 'sitodp' 'uitodp'> <InPorts = 1> <OutPorts = 1>

State 82 <SV = 12> <Delay = 8.23>
ST_82 : Operation 273 [5/5] (8.23ns)   --->   "%sumatorio = fadd double %tmp_1, %tmp_8" [Jacobi_systemc/producer.cpp:36]   --->   Operation 273 'dadd' 'sumatorio' <Predicate = true> <Delay = 8.23> <Core = "DAddSub">   --->   Core 114 'DAddSub' <Latency = 4> <II = 1> <Delay = 8.23> <FuncUnit> <Opcode : 'dadd' 'dsub'> <InPorts = 2> <OutPorts = 1>

State 83 <SV = 13> <Delay = 8.23>
ST_83 : Operation 274 [4/5] (8.23ns)   --->   "%sumatorio = fadd double %tmp_1, %tmp_8" [Jacobi_systemc/producer.cpp:36]   --->   Operation 274 'dadd' 'sumatorio' <Predicate = true> <Delay = 8.23> <Core = "DAddSub">   --->   Core 114 'DAddSub' <Latency = 4> <II = 1> <Delay = 8.23> <FuncUnit> <Opcode : 'dadd' 'dsub'> <InPorts = 2> <OutPorts = 1>

State 84 <SV = 14> <Delay = 8.23>
ST_84 : Operation 275 [3/5] (8.23ns)   --->   "%sumatorio = fadd double %tmp_1, %tmp_8" [Jacobi_systemc/producer.cpp:36]   --->   Operation 275 'dadd' 'sumatorio' <Predicate = true> <Delay = 8.23> <Core = "DAddSub">   --->   Core 114 'DAddSub' <Latency = 4> <II = 1> <Delay = 8.23> <FuncUnit> <Opcode : 'dadd' 'dsub'> <InPorts = 2> <OutPorts = 1>

State 85 <SV = 15> <Delay = 8.23>
ST_85 : Operation 276 [2/5] (8.23ns)   --->   "%sumatorio = fadd double %tmp_1, %tmp_8" [Jacobi_systemc/producer.cpp:36]   --->   Operation 276 'dadd' 'sumatorio' <Predicate = true> <Delay = 8.23> <Core = "DAddSub">   --->   Core 114 'DAddSub' <Latency = 4> <II = 1> <Delay = 8.23> <FuncUnit> <Opcode : 'dadd' 'dsub'> <InPorts = 2> <OutPorts = 1>

State 86 <SV = 16> <Delay = 8.23>
ST_86 : Operation 277 [1/5] (8.23ns)   --->   "%sumatorio = fadd double %tmp_1, %tmp_8" [Jacobi_systemc/producer.cpp:36]   --->   Operation 277 'dadd' 'sumatorio' <Predicate = true> <Delay = 8.23> <Core = "DAddSub">   --->   Core 114 'DAddSub' <Latency = 4> <II = 1> <Delay = 8.23> <FuncUnit> <Opcode : 'dadd' 'dsub'> <InPorts = 2> <OutPorts = 1>
ST_86 : Operation 278 [1/1] (0.00ns)   --->   "br label %.preheader" [Jacobi_systemc/producer.cpp:33]   --->   Operation 278 'br' <Predicate = true> <Delay = 0.00>


============================================================
+ Verbose Summary: Timing violations
============================================================
Target clock period: 10ns, clock uncertainty: 1.25ns.

 <State 1>: 1.77ns
The critical path consists of the following:
	multiplexor before 'phi' operation ('i') with incoming values : ('i', Jacobi_systemc/producer.cpp:6) [18]  (1.77 ns)

 <State 2>: 2.32ns
The critical path consists of the following:
	'phi' operation ('i') with incoming values : ('i', Jacobi_systemc/producer.cpp:6) [18]  (0 ns)
	'getelementptr' operation ('x_prev_addr', Jacobi_systemc/producer.cpp:8) [25]  (0 ns)
	'store' operation (Jacobi_systemc/producer.cpp:8) of constant 0 on array 'x_prev', Jacobi_systemc/producer.cpp:5 [26]  (2.32 ns)

 <State 3>: 2.32ns
The critical path consists of the following:
	'phi' operation ('i') with incoming values : ('i', Jacobi_systemc/producer.cpp:12) [33]  (0 ns)
	'getelementptr' operation ('x_new_addr_1', Jacobi_systemc/producer.cpp:15) [40]  (0 ns)
	'load' operation ('x_new_load', Jacobi_systemc/producer.cpp:15) on array 'x_new', Jacobi_systemc/producer.cpp:5 [41]  (2.32 ns)

 <State 4>: 4.64ns
The critical path consists of the following:
	'load' operation ('x_new_load', Jacobi_systemc/producer.cpp:15) on array 'x_new', Jacobi_systemc/producer.cpp:5 [41]  (2.32 ns)
	'store' operation (Jacobi_systemc/producer.cpp:15) of variable 'x_new_load', Jacobi_systemc/producer.cpp:15 on array 'x_prev', Jacobi_systemc/producer.cpp:5 [43]  (2.32 ns)

 <State 5>: 2.32ns
The critical path consists of the following:
	'phi' operation ('i') with incoming values : ('i', Jacobi_systemc/producer.cpp:16) [46]  (0 ns)
	'getelementptr' operation ('x_prev_addr_3', Jacobi_systemc/producer.cpp:24) [56]  (0 ns)
	'load' operation ('x_prev_load_1', Jacobi_systemc/producer.cpp:24) on array 'x_prev', Jacobi_systemc/producer.cpp:5 [57]  (2.32 ns)

 <State 6>: 2.32ns
The critical path consists of the following:
	'load' operation ('x_prev_load_1', Jacobi_systemc/producer.cpp:24) on array 'x_prev', Jacobi_systemc/producer.cpp:5 [57]  (2.32 ns)

 <State 7>: 2.9ns
The critical path consists of the following:
	'phi' operation ('j') with incoming values : ('j', Jacobi_systemc/producer.cpp:19) [61]  (0 ns)
	'icmp' operation ('tmp_17', Jacobi_systemc/producer.cpp:22) [68]  (1.13 ns)
	multiplexor before 'phi' operation ('sigma') with incoming values : ('sigma', Jacobi_systemc/producer.cpp:24) [77]  (1.77 ns)

 <State 8>: 2.32ns
The critical path consists of the following:
	'load' operation ('tmp', Jacobi_systemc/producer.cpp:24) on array 'producer_A_m_if_Val' [71]  (2.32 ns)

 <State 9>: 8.51ns
The critical path consists of the following:
	'mul' operation ('tmp_18', Jacobi_systemc/producer.cpp:24) [72]  (8.51 ns)

 <State 10>: 6.28ns
The critical path consists of the following:
	'sitodp' operation ('tmp_19', Jacobi_systemc/producer.cpp:24) [73]  (6.28 ns)

 <State 11>: 6.28ns
The critical path consists of the following:
	'sitodp' operation ('tmp_19', Jacobi_systemc/producer.cpp:24) [73]  (6.28 ns)

 <State 12>: 6.28ns
The critical path consists of the following:
	'sitodp' operation ('tmp_19', Jacobi_systemc/producer.cpp:24) [73]  (6.28 ns)

 <State 13>: 6.28ns
The critical path consists of the following:
	'sitodp' operation ('tmp_19', Jacobi_systemc/producer.cpp:24) [73]  (6.28 ns)

 <State 14>: 6.28ns
The critical path consists of the following:
	'sitodp' operation ('tmp_19', Jacobi_systemc/producer.cpp:24) [73]  (6.28 ns)

 <State 15>: 6.28ns
The critical path consists of the following:
	'sitodp' operation ('tmp_19', Jacobi_systemc/producer.cpp:24) [73]  (6.28 ns)

 <State 16>: 8.23ns
The critical path consists of the following:
	'dadd' operation ('sigma', Jacobi_systemc/producer.cpp:24) [74]  (8.23 ns)

 <State 17>: 8.23ns
The critical path consists of the following:
	'dadd' operation ('sigma', Jacobi_systemc/producer.cpp:24) [74]  (8.23 ns)

 <State 18>: 8.23ns
The critical path consists of the following:
	'dadd' operation ('sigma', Jacobi_systemc/producer.cpp:24) [74]  (8.23 ns)

 <State 19>: 8.23ns
The critical path consists of the following:
	'dadd' operation ('sigma', Jacobi_systemc/producer.cpp:24) [74]  (8.23 ns)

 <State 20>: 8.23ns
The critical path consists of the following:
	'dadd' operation ('sigma', Jacobi_systemc/producer.cpp:24) [74]  (8.23 ns)

 <State 21>: 1.77ns
The critical path consists of the following:
	multiplexor before 'phi' operation ('sigma') with incoming values : ('sigma', Jacobi_systemc/producer.cpp:24) [77]  (1.77 ns)

 <State 22>: 0ns
The critical path consists of the following:

 <State 23>: 8.6ns
The critical path consists of the following:
	'load' operation ('tmp', Jacobi_systemc/producer.cpp:27) on array 'producer_b_m_if_Val' [83]  (2.32 ns)
	'sitodp' operation ('tmp_12', Jacobi_systemc/producer.cpp:27) [84]  (6.28 ns)

 <State 24>: 6.28ns
The critical path consists of the following:
	'sitodp' operation ('tmp_12', Jacobi_systemc/producer.cpp:27) [84]  (6.28 ns)

 <State 25>: 6.28ns
The critical path consists of the following:
	'sitodp' operation ('tmp_12', Jacobi_systemc/producer.cpp:27) [84]  (6.28 ns)

 <State 26>: 6.28ns
The critical path consists of the following:
	'sitodp' operation ('tmp_12', Jacobi_systemc/producer.cpp:27) [84]  (6.28 ns)

 <State 27>: 6.28ns
The critical path consists of the following:
	'sitodp' operation ('tmp_12', Jacobi_systemc/producer.cpp:27) [84]  (6.28 ns)

 <State 28>: 8.6ns
The critical path consists of the following:
	'load' operation ('tmp', Jacobi_systemc/producer.cpp:27) on array 'producer_A_m_if_Val' [80]  (2.32 ns)
	'sitodp' operation ('tmp_10', Jacobi_systemc/producer.cpp:27) [81]  (6.28 ns)

 <State 29>: 8.23ns
The critical path consists of the following:
	'dsub' operation ('tmp_13', Jacobi_systemc/producer.cpp:27) [85]  (8.23 ns)

 <State 30>: 8.23ns
The critical path consists of the following:
	'dsub' operation ('tmp_13', Jacobi_systemc/producer.cpp:27) [85]  (8.23 ns)

 <State 31>: 8.23ns
The critical path consists of the following:
	'dsub' operation ('tmp_13', Jacobi_systemc/producer.cpp:27) [85]  (8.23 ns)

 <State 32>: 8.23ns
The critical path consists of the following:
	'dsub' operation ('tmp_13', Jacobi_systemc/producer.cpp:27) [85]  (8.23 ns)

 <State 33>: 8.23ns
The critical path consists of the following:
	'dsub' operation ('tmp_13', Jacobi_systemc/producer.cpp:27) [85]  (8.23 ns)

 <State 34>: 7.79ns
The critical path consists of the following:
	'dmul' operation ('tmp_14', Jacobi_systemc/producer.cpp:27) [86]  (7.79 ns)

 <State 35>: 7.79ns
The critical path consists of the following:
	'dmul' operation ('tmp_14', Jacobi_systemc/producer.cpp:27) [86]  (7.79 ns)

 <State 36>: 7.79ns
The critical path consists of the following:
	'dmul' operation ('tmp_14', Jacobi_systemc/producer.cpp:27) [86]  (7.79 ns)

 <State 37>: 7.79ns
The critical path consists of the following:
	'dmul' operation ('tmp_14', Jacobi_systemc/producer.cpp:27) [86]  (7.79 ns)

 <State 38>: 7.79ns
The critical path consists of the following:
	'dmul' operation ('tmp_14', Jacobi_systemc/producer.cpp:27) [86]  (7.79 ns)

 <State 39>: 7.79ns
The critical path consists of the following:
	'dmul' operation ('tmp_14', Jacobi_systemc/producer.cpp:27) [86]  (7.79 ns)

 <State 40>: 8.62ns
The critical path consists of the following:
	'ddiv' operation ('x', Jacobi_systemc/producer.cpp:27) [87]  (8.62 ns)

 <State 41>: 8.62ns
The critical path consists of the following:
	'ddiv' operation ('x', Jacobi_systemc/producer.cpp:27) [87]  (8.62 ns)

 <State 42>: 8.62ns
The critical path consists of the following:
	'ddiv' operation ('x', Jacobi_systemc/producer.cpp:27) [87]  (8.62 ns)

 <State 43>: 8.62ns
The critical path consists of the following:
	'ddiv' operation ('x', Jacobi_systemc/producer.cpp:27) [87]  (8.62 ns)

 <State 44>: 8.62ns
The critical path consists of the following:
	'ddiv' operation ('x', Jacobi_systemc/producer.cpp:27) [87]  (8.62 ns)

 <State 45>: 8.62ns
The critical path consists of the following:
	'ddiv' operation ('x', Jacobi_systemc/producer.cpp:27) [87]  (8.62 ns)

 <State 46>: 8.62ns
The critical path consists of the following:
	'ddiv' operation ('x', Jacobi_systemc/producer.cpp:27) [87]  (8.62 ns)

 <State 47>: 8.62ns
The critical path consists of the following:
	'ddiv' operation ('x', Jacobi_systemc/producer.cpp:27) [87]  (8.62 ns)

 <State 48>: 8.62ns
The critical path consists of the following:
	'ddiv' operation ('x', Jacobi_systemc/producer.cpp:27) [87]  (8.62 ns)

 <State 49>: 8.62ns
The critical path consists of the following:
	'ddiv' operation ('x', Jacobi_systemc/producer.cpp:27) [87]  (8.62 ns)

 <State 50>: 8.62ns
The critical path consists of the following:
	'ddiv' operation ('x', Jacobi_systemc/producer.cpp:27) [87]  (8.62 ns)

 <State 51>: 8.62ns
The critical path consists of the following:
	'ddiv' operation ('x', Jacobi_systemc/producer.cpp:27) [87]  (8.62 ns)

 <State 52>: 8.62ns
The critical path consists of the following:
	'ddiv' operation ('x', Jacobi_systemc/producer.cpp:27) [87]  (8.62 ns)

 <State 53>: 8.62ns
The critical path consists of the following:
	'ddiv' operation ('x', Jacobi_systemc/producer.cpp:27) [87]  (8.62 ns)

 <State 54>: 8.62ns
The critical path consists of the following:
	'ddiv' operation ('x', Jacobi_systemc/producer.cpp:27) [87]  (8.62 ns)

 <State 55>: 8.62ns
The critical path consists of the following:
	'ddiv' operation ('x', Jacobi_systemc/producer.cpp:27) [87]  (8.62 ns)

 <State 56>: 8.62ns
The critical path consists of the following:
	'ddiv' operation ('x', Jacobi_systemc/producer.cpp:27) [87]  (8.62 ns)

 <State 57>: 8.62ns
The critical path consists of the following:
	'ddiv' operation ('x', Jacobi_systemc/producer.cpp:27) [87]  (8.62 ns)

 <State 58>: 8.62ns
The critical path consists of the following:
	'ddiv' operation ('x', Jacobi_systemc/producer.cpp:27) [87]  (8.62 ns)

 <State 59>: 8.62ns
The critical path consists of the following:
	'ddiv' operation ('x', Jacobi_systemc/producer.cpp:27) [87]  (8.62 ns)

 <State 60>: 8.62ns
The critical path consists of the following:
	'ddiv' operation ('x', Jacobi_systemc/producer.cpp:27) [87]  (8.62 ns)

 <State 61>: 8.62ns
The critical path consists of the following:
	'ddiv' operation ('x', Jacobi_systemc/producer.cpp:27) [87]  (8.62 ns)

 <State 62>: 8.62ns
The critical path consists of the following:
	'ddiv' operation ('x', Jacobi_systemc/producer.cpp:27) [87]  (8.62 ns)

 <State 63>: 8.62ns
The critical path consists of the following:
	'ddiv' operation ('x', Jacobi_systemc/producer.cpp:27) [87]  (8.62 ns)

 <State 64>: 8.62ns
The critical path consists of the following:
	'ddiv' operation ('x', Jacobi_systemc/producer.cpp:27) [87]  (8.62 ns)

 <State 65>: 8.62ns
The critical path consists of the following:
	'ddiv' operation ('x', Jacobi_systemc/producer.cpp:27) [87]  (8.62 ns)

 <State 66>: 8.62ns
The critical path consists of the following:
	'ddiv' operation ('x', Jacobi_systemc/producer.cpp:27) [87]  (8.62 ns)

 <State 67>: 8.62ns
The critical path consists of the following:
	'ddiv' operation ('x', Jacobi_systemc/producer.cpp:27) [87]  (8.62 ns)

 <State 68>: 8.62ns
The critical path consists of the following:
	'ddiv' operation ('x', Jacobi_systemc/producer.cpp:27) [87]  (8.62 ns)

 <State 69>: 8.62ns
The critical path consists of the following:
	'ddiv' operation ('x', Jacobi_systemc/producer.cpp:27) [87]  (8.62 ns)

 <State 70>: 8.62ns
The critical path consists of the following:
	'ddiv' operation ('x', Jacobi_systemc/producer.cpp:27) [87]  (8.62 ns)

 <State 71>: 6.95ns
The critical path consists of the following:
	'sub' operation ('tmp_i_i_i', r:/builds/2018.3/continuous/2018_12_06_2405991/src/products/hls/hls_lib/hlsmath/include/FloatingPoint\hls_case_IEEE754.h:17->r:/builds/2018.3/continuous/2018_12_06_2405991/src/products/hls/hls_lib/hlsmath/include/FloatingPoint\hls_case_IEEE754.h:116->r:/builds/2018.3/continuous/2018_12_06_2405991/src/products/hls/hls_lib/hlsmath/src/lib_floatconversion.cpp:54->Jacobi_systemc/producer.cpp:27) [97]  (1.64 ns)
	'select' operation ('sh', r:/builds/2018.3/continuous/2018_12_06_2405991/src/products/hls/hls_lib/hlsmath/include/FloatingPoint\hls_case_IEEE754.h:17->r:/builds/2018.3/continuous/2018_12_06_2405991/src/products/hls/hls_lib/hlsmath/include/FloatingPoint\hls_case_IEEE754.h:116->r:/builds/2018.3/continuous/2018_12_06_2405991/src/products/hls/hls_lib/hlsmath/src/lib_floatconversion.cpp:54->Jacobi_systemc/producer.cpp:27) [99]  (0.697 ns)
	'shl' operation ('r.V', r:/builds/2018.3/continuous/2018_12_06_2405991/src/products/hls/hls_lib/hlsmath/include/FloatingPoint\hls_case_IEEE754.h:17->r:/builds/2018.3/continuous/2018_12_06_2405991/src/products/hls/hls_lib/hlsmath/include/FloatingPoint\hls_case_IEEE754.h:116->r:/builds/2018.3/continuous/2018_12_06_2405991/src/products/hls/hls_lib/hlsmath/src/lib_floatconversion.cpp:54->Jacobi_systemc/producer.cpp:27) [104]  (0 ns)
	'select' operation ('__Val2__', r:/builds/2018.3/continuous/2018_12_06_2405991/src/products/hls/hls_lib/hlsmath/include/FloatingPoint\hls_case_IEEE754.h:17->r:/builds/2018.3/continuous/2018_12_06_2405991/src/products/hls/hls_lib/hlsmath/include/FloatingPoint\hls_case_IEEE754.h:116->r:/builds/2018.3/continuous/2018_12_06_2405991/src/products/hls/hls_lib/hlsmath/src/lib_floatconversion.cpp:54->Jacobi_systemc/producer.cpp:27) [108]  (4.61 ns)

 <State 72>: 5.57ns
The critical path consists of the following:
	'sub' operation ('result.V', r:/builds/2018.3/continuous/2018_12_06_2405991/src/products/hls/hls_lib/hlsmath/include/FloatingPoint\hls_case_IEEE754.h:58->r:/builds/2018.3/continuous/2018_12_06_2405991/src/products/hls/hls_lib/hlsmath/include/FloatingPoint\hls_case_IEEE754.h:116->r:/builds/2018.3/continuous/2018_12_06_2405991/src/products/hls/hls_lib/hlsmath/src/lib_floatconversion.cpp:54->Jacobi_systemc/producer.cpp:27) [109]  (2.55 ns)
	'select' operation ('__Val2__', r:/builds/2018.3/continuous/2018_12_06_2405991/src/products/hls/hls_lib/hlsmath/include/FloatingPoint\hls_case_IEEE754.h:58->r:/builds/2018.3/continuous/2018_12_06_2405991/src/products/hls/hls_lib/hlsmath/include/FloatingPoint\hls_case_IEEE754.h:116->r:/builds/2018.3/continuous/2018_12_06_2405991/src/products/hls/hls_lib/hlsmath/src/lib_floatconversion.cpp:54->Jacobi_systemc/producer.cpp:27) [110]  (0.698 ns)
	'store' operation (Jacobi_systemc/producer.cpp:27) of variable '__Val2__', r:/builds/2018.3/continuous/2018_12_06_2405991/src/products/hls/hls_lib/hlsmath/include/FloatingPoint\hls_case_IEEE754.h:58->r:/builds/2018.3/continuous/2018_12_06_2405991/src/products/hls/hls_lib/hlsmath/include/FloatingPoint\hls_case_IEEE754.h:116->r:/builds/2018.3/continuous/2018_12_06_2405991/src/products/hls/hls_lib/hlsmath/src/lib_floatconversion.cpp:54->Jacobi_systemc/producer.cpp:27 on array 'x_new', Jacobi_systemc/producer.cpp:5 [112]  (2.32 ns)

 <State 73>: 2.32ns
The critical path consists of the following:
	'phi' operation ('i') with incoming values : ('i', Jacobi_systemc/producer.cpp:33) [120]  (0 ns)
	'getelementptr' operation ('t', Jacobi_systemc/producer.cpp:35) [127]  (0 ns)
	'load' operation ('x_new_load_1', Jacobi_systemc/producer.cpp:35) on array 'x_new', Jacobi_systemc/producer.cpp:5 [129]  (2.32 ns)

 <State 74>: 4.87ns
The critical path consists of the following:
	'load' operation ('x_new_load_1', Jacobi_systemc/producer.cpp:35) on array 'x_new', Jacobi_systemc/producer.cpp:5 [129]  (2.32 ns)
	'sub' operation ('tmp_6', Jacobi_systemc/producer.cpp:36) [133]  (2.55 ns)

 <State 75>: 8.51ns
The critical path consists of the following:
	'mul' operation ('tmp_7', Jacobi_systemc/producer.cpp:36) [134]  (8.51 ns)

 <State 76>: 6.28ns
The critical path consists of the following:
	'sitodp' operation ('tmp_8', Jacobi_systemc/producer.cpp:36) [135]  (6.28 ns)

 <State 77>: 6.28ns
The critical path consists of the following:
	'sitodp' operation ('tmp_8', Jacobi_systemc/producer.cpp:36) [135]  (6.28 ns)

 <State 78>: 6.28ns
The critical path consists of the following:
	'sitodp' operation ('tmp_8', Jacobi_systemc/producer.cpp:36) [135]  (6.28 ns)

 <State 79>: 6.28ns
The critical path consists of the following:
	'sitodp' operation ('tmp_8', Jacobi_systemc/producer.cpp:36) [135]  (6.28 ns)

 <State 80>: 6.28ns
The critical path consists of the following:
	'sitodp' operation ('tmp_8', Jacobi_systemc/producer.cpp:36) [135]  (6.28 ns)

 <State 81>: 6.28ns
The critical path consists of the following:
	'sitodp' operation ('tmp_8', Jacobi_systemc/producer.cpp:36) [135]  (6.28 ns)

 <State 82>: 8.23ns
The critical path consists of the following:
	'dadd' operation ('sumatorio', Jacobi_systemc/producer.cpp:36) [136]  (8.23 ns)

 <State 83>: 8.23ns
The critical path consists of the following:
	'dadd' operation ('sumatorio', Jacobi_systemc/producer.cpp:36) [136]  (8.23 ns)

 <State 84>: 8.23ns
The critical path consists of the following:
	'dadd' operation ('sumatorio', Jacobi_systemc/producer.cpp:36) [136]  (8.23 ns)

 <State 85>: 8.23ns
The critical path consists of the following:
	'dadd' operation ('sumatorio', Jacobi_systemc/producer.cpp:36) [136]  (8.23 ns)

 <State 86>: 8.23ns
The critical path consists of the following:
	'dadd' operation ('sumatorio', Jacobi_systemc/producer.cpp:36) [136]  (8.23 ns)


============================================================
+ Verbose Summary: Binding
============================================================
N/A
* FSMD analyzer results:
  - Output states:
 - Input state : 
  - Chain level:
	State 1
	State 2
	State 3
	State 4
	State 5
	State 6
	State 7
	State 8
	State 9
	State 10
	State 11
	State 12
	State 13
	State 14
	State 15
	State 16
	State 17
	State 18
	State 19
	State 20
	State 21
	State 22
	State 23
	State 24
	State 25
	State 26
	State 27
	State 28
	State 29
	State 30
	State 31
	State 32
	State 33
	State 34
	State 35
	State 36
	State 37
	State 38
	State 39
	State 40
	State 41
	State 42
	State 43
	State 44
	State 45
	State 46
	State 47
	State 48
	State 49
	State 50
	State 51
	State 52
	State 53
	State 54
	State 55
	State 56
	State 57
	State 58
	State 59
	State 60
	State 61
	State 62
	State 63
	State 64
	State 65
	State 66
	State 67
	State 68
	State 69
	State 70
	State 71
	State 72
	State 73
	State 74
	State 75
	State 76
	State 77
	State 78
	State 79
	State 80
	State 81
	State 82
	State 83
	State 84
	State 85
	State 86


============================================================
+ Verbose Summary: Datapath Resource usage 
============================================================
N/A
