<<<<<<< Updated upstream
INFO-FLOW: Workspace H:/Jorge/UPM/master/2oCuatri/HLS/Proyectos/Proyectos/Ejercicio3/Jacobi_systemc/solution1 opened at Mon Jun 24 16:41:47 +0200 2019
=======
INFO-FLOW: Workspace H:/Jorge/UPM/master/2oCuatri/HLS/Proyectos/Proyectos/Ejercicio3/Jacobi_systemc/solution1 opened at Mon Jun 24 18:07:31 +0200 2019
>>>>>>> Stashed changes
Execute     config_clock -quiet -name default -period 10 -default=false 
INFO: [SYN 201-201] Setting up clock 'default' with a period of 10ns.
Execute     open_platform DefaultPlatform 
Execute     import_lib C:/Xilinx/Vivado/2018.3/common/technology/xilinx/zynq/zynq 
Execute       source C:/Xilinx/Vivado/2018.3/common/technology/xilinx/common/xilinx.lib 
Execute         source C:/Xilinx/Vivado/2018.3/common/technology/xilinx/interface/xilinx_interface.lib 
Execute           source C:/Xilinx/Vivado/2018.3/common/technology/xilinx/interface/plb46.lib 
Execute           source C:/Xilinx/Vivado/2018.3/common/technology/xilinx/interface/fsl.lib 
Execute           source C:/Xilinx/Vivado/2018.3/common/technology/xilinx/interface/axi4.lib 
Execute           source C:/Xilinx/Vivado/2018.3/common/technology/xilinx/interface/maxi.lib 
Execute           source C:/Xilinx/Vivado/2018.3/common/technology/xilinx/interface/saxilite.lib 
Execute         source C:/Xilinx/Vivado/2018.3/common/technology/xilinx/common/dsp48.lib 
Execute         source C:/Xilinx/Vivado/2018.3/common/technology/xilinx/ip/dds_compiler.lib 
Execute         source C:/Xilinx/Vivado/2018.3/common/technology/xilinx/ip/xfft.lib 
Execute         source C:/Xilinx/Vivado/2018.3/common/technology/xilinx/ip/xfir.lib 
Execute       source C:/Xilinx/Vivado/2018.3/common/technology/xilinx/common/xilinx_old.lib 
Execute       source C:/Xilinx/Vivado/2018.3/common/technology/xilinx/common/xilinx_vivado.lib 
Execute       source C:/Xilinx/Vivado/2018.3/common/technology/xilinx/common/xilinx.hlp 
Execute         source C:/Xilinx/Vivado/2018.3/common/technology/xilinx/common/target_info.tcl 
Execute         source C:/Xilinx/Vivado/2018.3/common/technology/xilinx/interface/xilinx_interface.hlp 
Execute           source C:/Xilinx/Vivado/2018.3/common/technology/xilinx/interface/maxi.hlp 
Execute           source C:/Xilinx/Vivado/2018.3/common/technology/xilinx/interface/saxilite.hlp 
Execute         source C:/Xilinx/Vivado/2018.3/common/technology/xilinx/common/dsp48.hlp 
Execute       source C:/Xilinx/Vivado/2018.3/common/technology/xilinx/zynq/dsp48e1.hlp 
Execute       get_default_platform 
Execute       config_chip_info -quiet -resource  {SLICE 13300}  {LUT 53200}     {FF 106400} {DSP48E 220}   {BRAM 280}  
Execute       config_chip_info -quiet -speed medium 
Execute       source C:/Xilinx/Vivado/2018.3/common/technology/xilinx/common/xilinx.hlp 
Execute         source C:/Xilinx/Vivado/2018.3/common/technology/xilinx/common/target_info.tcl 
Execute         source C:/Xilinx/Vivado/2018.3/common/technology/xilinx/interface/xilinx_interface.hlp 
Execute           source C:/Xilinx/Vivado/2018.3/common/technology/xilinx/interface/maxi.hlp 
Execute           source C:/Xilinx/Vivado/2018.3/common/technology/xilinx/interface/saxilite.hlp 
Execute         source C:/Xilinx/Vivado/2018.3/common/technology/xilinx/common/dsp48.hlp 
Execute     source C:/Xilinx/Vivado/2018.3/common/technology/xilinx/zynq/zynq.gen 
Execute       source C:/Xilinx/Vivado/2018.3/common/technology/xilinx/common/virtex.gen 
Execute         source C:/Xilinx/Vivado/2018.3/common/technology/xilinx/common/xilinx.gen 
Execute           source C:/Xilinx/Vivado/2018.3/common/technology/xilinx/interface/plb46.gen 
Execute           source C:/Xilinx/Vivado/2018.3/common/technology/xilinx/interface/fsl.gen 
Execute           source C:/Xilinx/Vivado/2018.3/common/technology/xilinx/interface/axi4.gen 
Execute           source C:/Xilinx/Vivado/2018.3/common/technology/xilinx/interface/nativeAXI4.gen 
Execute             source C:/Xilinx/Vivado/2018.3/common/technology/xilinx/interface/saxilite.gen 
Execute             source C:/Xilinx/Vivado/2018.3/common/technology/xilinx/interface/maxi.gen 
Execute           source C:/Xilinx/Vivado/2018.3/common/technology/xilinx/scripts/xilinxcoregen.gen 
Execute           source C:/Xilinx/Vivado/2018.3/common/technology/xilinx/interface/XilEDKCoreGen.gen 
Execute           source C:/Xilinx/Vivado/2018.3/common/technology/xilinx/ip/dds_compiler.gen 
Execute           source C:/Xilinx/Vivado/2018.3/common/technology/xilinx/ip/util.gen 
Execute           source C:/Xilinx/Vivado/2018.3/common/technology/xilinx/ip/xfft.gen 
<<<<<<< Updated upstream
Command           ap_source done; 0.101 sec.
Execute           source C:/Xilinx/Vivado/2018.3/common/technology/xilinx/ip/xfir.gen 
Command         ap_source done; 0.142 sec.
Execute         source C:/Xilinx/Vivado/2018.3/common/technology/xilinx/common/dsp48.gen 
Command       ap_source done; 0.145 sec.
Command     ap_source done; 0.145 sec.
=======
Command           ap_source done; 0.106 sec.
Execute           source C:/Xilinx/Vivado/2018.3/common/technology/xilinx/ip/xfir.gen 
Command         ap_source done; 0.152 sec.
Execute         source C:/Xilinx/Vivado/2018.3/common/technology/xilinx/common/dsp48.gen 
Command       ap_source done; 0.155 sec.
Command     ap_source done; 0.155 sec.
>>>>>>> Stashed changes
Execute     open_platform DefaultPlatform 
Execute     import_lib C:/Xilinx/Vivado/2018.3/common/technology/xilinx/zynq/zynq_fpv6 
Execute       source C:/Xilinx/Vivado/2018.3/common/technology/xilinx/common/xilinx_fpv7.lib 
Execute         source C:/Xilinx/Vivado/2018.3/common/technology/xilinx/common/xilinx_hp.lib 
Execute       source C:/Xilinx/Vivado/2018.3/common/technology/xilinx/common/xilinx_fpv.hlp 
Execute         source C:/Xilinx/Vivado/2018.3/common/technology/xilinx/common/xilinx.hlp 
Execute           source C:/Xilinx/Vivado/2018.3/common/technology/xilinx/common/target_info.tcl 
Execute           source C:/Xilinx/Vivado/2018.3/common/technology/xilinx/interface/xilinx_interface.hlp 
Execute             source C:/Xilinx/Vivado/2018.3/common/technology/xilinx/interface/maxi.hlp 
Execute             source C:/Xilinx/Vivado/2018.3/common/technology/xilinx/interface/saxilite.hlp 
Execute           source C:/Xilinx/Vivado/2018.3/common/technology/xilinx/common/dsp48.hlp 
Execute       source C:/Xilinx/Vivado/2018.3/common/technology/xilinx/zynq/zynq_hp.hlp 
Execute     source C:/Xilinx/Vivado/2018.3/common/technology/xilinx/zynq/zynq_fpv6.gen 
Execute       source C:/Xilinx/Vivado/2018.3/common/technology/xilinx/common/xilinx_fpv6.gen 
Execute     set_part xc7z020clg400-1 
Execute       add_library xilinx/zynq/zynq:xc7z020:clg400:-1 
Execute         get_default_platform 
Execute         license_isbetapart xc7z020 
Command         license_isbetapart done; error code: 1; 
Execute         get_default_platform 
Execute         config_chip_info -quiet -resource  {SLICE 13300}  {LUT 53200}     {FF 106400} {DSP48E 220}   {BRAM 280}  
Execute         config_chip_info -quiet -speed slow 
Execute       add_library xilinx/zynq/zynq_fpv6 
Execute         get_default_platform 
INFO: [HLS 200-10] Setting target device to 'xc7z020clg400-1'
Execute       get_default_platform 
Execute     get_default_platform 
Execute     config_chip_info -quiet -resource  {SLICE 13300}  {LUT 53200}     {FF 106400} {DSP48E 220}   {BRAM 280}  
Execute     config_chip_info -quiet -speed slow 
<<<<<<< Updated upstream
Command   open_solution done; 0.259 sec.
=======
Command   open_solution done; 0.272 sec.
>>>>>>> Stashed changes
Execute   set_part xc7z020clg400-1 -tool vivado 
Execute     add_library xilinx/zynq/zynq:xc7z020:clg400:-1 
Execute       get_default_platform 
Execute       license_isbetapart xc7z020 
Command       license_isbetapart done; error code: 1; 
Execute       get_default_platform 
Execute       config_chip_info -quiet -resource  {SLICE 13300}  {LUT 53200}     {FF 106400} {DSP48E 220}   {BRAM 280}  
Execute       config_chip_info -quiet -speed slow 
Execute     add_library xilinx/zynq/zynq_fpv6 
Execute       get_default_platform 
Execute     get_default_platform 
Execute   create_clock -period 10 -name default 
Execute   csynth_design 
Execute     get_config_compile -effort 
Execute     get_config_compile -enable_clang39 
Execute     get_config_compile -g 
Execute     get_config_compile -lm 
Execute     get_config_compile -ng 
Execute     get_config_compile -opt_fp 
Execute     get_config_compile -skip_cdt 
Execute     get_config_compile -skip_syncheck 
Execute     get_config_compile -skip_transform 
Execute     config_compile -blackbox  
Execute     get_config_compile -keep_printf 
Execute     elaborate -effort=medium -skip_syncheck=0 -keep_printf=0 -lm=0 -skip_cdt=0 -skip_transform=0 -ng=0 -g=0 -opt_fp=0 -from_csynth_design=1 
Execute       get_config_schedule -relax_ii_for_timing 
INFO: [SCHED 204-61] Option 'relax_ii_for_timing' is enabled, will increase II to preserve clock frequency constraints.
Execute       get_config_schedule -suppress_dependence_error_break 
INFO: [HLS 200-10] Analyzing design file 'Jacobi_systemc/consumer.cpp' ... 
INFO-FLOW: Compiling one TU...
Execute       is_m_axi_addr64 
INFO-FLOW: Handling Jacobi_systemc/consumer.cpp as C++
Execute       get_default_platform 
Execute       is_encrypted Jacobi_systemc/consumer.cpp 
Execute       get_default_platform 
INFO-FLOW: Running: GCC PP
INFO-FLOW: Source preprocessing
Execute       clang  -fno-limit-debug-info -gcc-toolchain "C:/Xilinx/Vivado/2018.3/msys" -hls  -fno-exceptions  -D__llvm__  -E "Jacobi_systemc/consumer.cpp"     -fno-math-errno -c -emit-llvm -O0  -mllvm -disable-llvm-optzns -fno-threadsafe-statics  -fno-use-cxa-atexit  -fno-threadsafe-statics -fno-use-cxa-atexit -D__CLANG_3_1__ -D__cdecl= -DAESL_SYN -D__SYNTHESIS__ -D__HLS_SYN__ -I "C:/Xilinx/Vivado/2018.3/common/technology/autopilot" -I "C:/Xilinx/Vivado/2018.3/common/technology/autopilot/ap_sysc" -include etc/autopilot_ssdm_op.h -D__DSP48E1__  -o "H:/Jorge/UPM/master/2oCuatri/HLS/Proyectos/Proyectos/Ejercicio3/Jacobi_systemc/solution1/.autopilot/db/consumer.pp.0.cpp" 
INFO-FLOW: exec C:/Xilinx/Vivado/2018.3/win64/tools/clang/bin/clang -fno-limit-debug-info -gcc-toolchain C:/Xilinx/Vivado/2018.3/msys -hls -fno-exceptions -D__llvm__ -E Jacobi_systemc/consumer.cpp -fno-math-errno -c -emit-llvm -O0 -mllvm -disable-llvm-optzns -fno-threadsafe-statics -fno-use-cxa-atexit -fno-threadsafe-statics -fno-use-cxa-atexit -D__CLANG_3_1__ -D__cdecl= -DAESL_SYN -D__SYNTHESIS__ -D__HLS_SYN__ -I C:/Xilinx/Vivado/2018.3/common/technology/autopilot -I C:/Xilinx/Vivado/2018.3/common/technology/autopilot/ap_sysc -include etc/autopilot_ssdm_op.h -D__DSP48E1__ -o H:/Jorge/UPM/master/2oCuatri/HLS/Proyectos/Proyectos/Ejercicio3/Jacobi_systemc/solution1/.autopilot/db/consumer.pp.0.cpp
<<<<<<< Updated upstream
Command       clang done; 1.037 sec.
Execute       tidy_31 xilinx-xfmat-array-geometry H:/Jorge/UPM/master/2oCuatri/HLS/Proyectos/Proyectos/Ejercicio3/Jacobi_systemc/solution1/.autopilot/db/consumer.pp.0.cpp std=gnu++98 
INFO-FLOW: exec C:/Xilinx/Vivado/2018.3/win64/tools/clang-3.9-csynth/bin/tidy-3.1 -header-filter=.* -checks=-*,xilinx-xfmat-array-geometry -quiet -fix H:/Jorge/UPM/master/2oCuatri/HLS/Proyectos/Proyectos/Ejercicio3/Jacobi_systemc/solution1/.autopilot/db/consumer.pp.0.cpp -- -std=gnu++98 -fhls -ferror-limit=0
Command       tidy_31 done; 0.556 sec.
INFO-FLOW: Syntax Checking before pre-processing...
Execute       clang -syntaxcheck -src H:/Jorge/UPM/master/2oCuatri/HLS/Proyectos/Proyectos/Ejercicio3/Jacobi_systemc/solution1/.autopilot/db/consumer.pp.0.cpp  -fno-limit-debug-info -gcc-toolchain "C:/Xilinx/Vivado/2018.3/msys" -hls    -fno-math-errno -c -emit-llvm -O0  -mllvm -disable-llvm-optzns -fno-threadsafe-statics  -fno-use-cxa-atexit  -fno-threadsafe-statics -fno-use-cxa-atexit -D__CLANG_3_1__ -D__cdecl= -DAESL_SYN -D__SYNTHESIS__ -D__HLS_SYN__ -I "C:/Xilinx/Vivado/2018.3/common/technology/autopilot" -I "C:/Xilinx/Vivado/2018.3/common/technology/autopilot/ap_sysc" -include etc/autopilot_ssdm_op.h -D__DSP48E1__  "H:/Jorge/UPM/master/2oCuatri/HLS/Proyectos/Proyectos/Ejercicio3/Jacobi_systemc/solution1/.autopilot/db/consumer.pp.0.cpp"  -o "H:/Jorge/UPM/master/2oCuatri/HLS/Proyectos/Proyectos/Ejercicio3/Jacobi_systemc/solution1/.autopilot/db/useless.bc"  
INFO-FLOW: exec C:/Xilinx/Vivado/2018.3/win64/tools/clang/bin/clang -fno-limit-debug-info -gcc-toolchain C:/Xilinx/Vivado/2018.3/msys -hls -fno-math-errno -c -emit-llvm -O0 -mllvm -disable-llvm-optzns -fno-threadsafe-statics -fno-use-cxa-atexit -fno-threadsafe-statics -fno-use-cxa-atexit -D__CLANG_3_1__ -D__cdecl= -DAESL_SYN -D__SYNTHESIS__ -D__HLS_SYN__ -I C:/Xilinx/Vivado/2018.3/common/technology/autopilot -I C:/Xilinx/Vivado/2018.3/common/technology/autopilot/ap_sysc -include etc/autopilot_ssdm_op.h -D__DSP48E1__ H:/Jorge/UPM/master/2oCuatri/HLS/Proyectos/Proyectos/Ejercicio3/Jacobi_systemc/solution1/.autopilot/db/consumer.pp.0.cpp -o H:/Jorge/UPM/master/2oCuatri/HLS/Proyectos/Proyectos/Ejercicio3/Jacobi_systemc/solution1/.autopilot/db/useless.bc
ERROR: [HLS 200-70] SC_THREAD is unsynthesizable; please turn it to SC_CTHREAD or SC_METHOD, or use #ifndef _SYNTHESIS_ to guard it from synthesis.
Command       clang done; error code: 2; 1.397 sec.
Command     elaborate done; error code: 2; 3.008 sec.
Command   csynth_design done; error code: 2; 3.019 sec.
Command ap_source done; error code: 1; 3.349 sec.
Execute cleanup_all 
INFO-FLOW: Workspace H:/Jorge/UPM/master/2oCuatri/HLS/Proyectos/Proyectos/Ejercicio3/Jacobi_systemc/solution1 opened at Mon Jun 24 16:42:45 +0200 2019
Execute     config_clock -quiet -name default -period 10 -default=false 
INFO: [SYN 201-201] Setting up clock 'default' with a period of 10ns.
Execute     open_platform DefaultPlatform 
Execute     import_lib C:/Xilinx/Vivado/2018.3/common/technology/xilinx/zynq/zynq 
Execute       source C:/Xilinx/Vivado/2018.3/common/technology/xilinx/common/xilinx.lib 
Execute         source C:/Xilinx/Vivado/2018.3/common/technology/xilinx/interface/xilinx_interface.lib 
Execute           source C:/Xilinx/Vivado/2018.3/common/technology/xilinx/interface/plb46.lib 
Execute           source C:/Xilinx/Vivado/2018.3/common/technology/xilinx/interface/fsl.lib 
Execute           source C:/Xilinx/Vivado/2018.3/common/technology/xilinx/interface/axi4.lib 
Execute           source C:/Xilinx/Vivado/2018.3/common/technology/xilinx/interface/maxi.lib 
Execute           source C:/Xilinx/Vivado/2018.3/common/technology/xilinx/interface/saxilite.lib 
Execute         source C:/Xilinx/Vivado/2018.3/common/technology/xilinx/common/dsp48.lib 
Execute         source C:/Xilinx/Vivado/2018.3/common/technology/xilinx/ip/dds_compiler.lib 
Execute         source C:/Xilinx/Vivado/2018.3/common/technology/xilinx/ip/xfft.lib 
Execute         source C:/Xilinx/Vivado/2018.3/common/technology/xilinx/ip/xfir.lib 
Execute       source C:/Xilinx/Vivado/2018.3/common/technology/xilinx/common/xilinx_old.lib 
Execute       source C:/Xilinx/Vivado/2018.3/common/technology/xilinx/common/xilinx_vivado.lib 
Execute       source C:/Xilinx/Vivado/2018.3/common/technology/xilinx/common/xilinx.hlp 
Execute         source C:/Xilinx/Vivado/2018.3/common/technology/xilinx/common/target_info.tcl 
Execute         source C:/Xilinx/Vivado/2018.3/common/technology/xilinx/interface/xilinx_interface.hlp 
Execute           source C:/Xilinx/Vivado/2018.3/common/technology/xilinx/interface/maxi.hlp 
Execute           source C:/Xilinx/Vivado/2018.3/common/technology/xilinx/interface/saxilite.hlp 
Execute         source C:/Xilinx/Vivado/2018.3/common/technology/xilinx/common/dsp48.hlp 
Execute       source C:/Xilinx/Vivado/2018.3/common/technology/xilinx/zynq/dsp48e1.hlp 
Execute       get_default_platform 
=======
Command       clang done; 1.083 sec.
Execute       tidy_31 xilinx-xfmat-array-geometry H:/Jorge/UPM/master/2oCuatri/HLS/Proyectos/Proyectos/Ejercicio3/Jacobi_systemc/solution1/.autopilot/db/consumer.pp.0.cpp std=gnu++98 
INFO-FLOW: exec C:/Xilinx/Vivado/2018.3/win64/tools/clang-3.9-csynth/bin/tidy-3.1 -header-filter=.* -checks=-*,xilinx-xfmat-array-geometry -quiet -fix H:/Jorge/UPM/master/2oCuatri/HLS/Proyectos/Proyectos/Ejercicio3/Jacobi_systemc/solution1/.autopilot/db/consumer.pp.0.cpp -- -std=gnu++98 -fhls -ferror-limit=0
Command       tidy_31 done; 0.565 sec.
INFO-FLOW: Syntax Checking before pre-processing...
Execute       clang -syntaxcheck -src H:/Jorge/UPM/master/2oCuatri/HLS/Proyectos/Proyectos/Ejercicio3/Jacobi_systemc/solution1/.autopilot/db/consumer.pp.0.cpp  -fno-limit-debug-info -gcc-toolchain "C:/Xilinx/Vivado/2018.3/msys" -hls    -fno-math-errno -c -emit-llvm -O0  -mllvm -disable-llvm-optzns -fno-threadsafe-statics  -fno-use-cxa-atexit  -fno-threadsafe-statics -fno-use-cxa-atexit -D__CLANG_3_1__ -D__cdecl= -DAESL_SYN -D__SYNTHESIS__ -D__HLS_SYN__ -I "C:/Xilinx/Vivado/2018.3/common/technology/autopilot" -I "C:/Xilinx/Vivado/2018.3/common/technology/autopilot/ap_sysc" -include etc/autopilot_ssdm_op.h -D__DSP48E1__  "H:/Jorge/UPM/master/2oCuatri/HLS/Proyectos/Proyectos/Ejercicio3/Jacobi_systemc/solution1/.autopilot/db/consumer.pp.0.cpp"  -o "H:/Jorge/UPM/master/2oCuatri/HLS/Proyectos/Proyectos/Ejercicio3/Jacobi_systemc/solution1/.autopilot/db/useless.bc"  
INFO-FLOW: exec C:/Xilinx/Vivado/2018.3/win64/tools/clang/bin/clang -fno-limit-debug-info -gcc-toolchain C:/Xilinx/Vivado/2018.3/msys -hls -fno-math-errno -c -emit-llvm -O0 -mllvm -disable-llvm-optzns -fno-threadsafe-statics -fno-use-cxa-atexit -fno-threadsafe-statics -fno-use-cxa-atexit -D__CLANG_3_1__ -D__cdecl= -DAESL_SYN -D__SYNTHESIS__ -D__HLS_SYN__ -I C:/Xilinx/Vivado/2018.3/common/technology/autopilot -I C:/Xilinx/Vivado/2018.3/common/technology/autopilot/ap_sysc -include etc/autopilot_ssdm_op.h -D__DSP48E1__ H:/Jorge/UPM/master/2oCuatri/HLS/Proyectos/Proyectos/Ejercicio3/Jacobi_systemc/solution1/.autopilot/db/consumer.pp.0.cpp -o H:/Jorge/UPM/master/2oCuatri/HLS/Proyectos/Proyectos/Ejercicio3/Jacobi_systemc/solution1/.autopilot/db/useless.bc
Command       clang done; 1.384 sec.
INFO-FLOW: Done: GCC PP time: 3 seconds per iteration
Execute       list_core -type functional_unit 
Execute       tidy_31 xilinx-systemc-detector H:/Jorge/UPM/master/2oCuatri/HLS/Proyectos/Proyectos/Ejercicio3/Jacobi_systemc/solution1/.autopilot/db/consumer.pp.0.cpp std=gnu++98 -directive=H:/Jorge/UPM/master/2oCuatri/HLS/Proyectos/Proyectos/Ejercicio3/Jacobi_systemc/solution1/.autopilot/db/.systemc_flag 
INFO-FLOW: exec C:/Xilinx/Vivado/2018.3/win64/tools/clang-3.9-csynth/bin/tidy-3.1 -header-filter=.* -checks=-*,xilinx-systemc-detector -import-directive=H:/Jorge/UPM/master/2oCuatri/HLS/Proyectos/Proyectos/Ejercicio3/Jacobi_systemc/solution1/.autopilot/db/.systemc_flag -quiet -fix-errors H:/Jorge/UPM/master/2oCuatri/HLS/Proyectos/Proyectos/Ejercicio3/Jacobi_systemc/solution1/.autopilot/db/consumer.pp.0.cpp -- -std=gnu++98 -fhls -ferror-limit=0
Command       tidy_31 done; 0.53 sec.
INFO-FLOW: CDT Preprocessing without tidy-3.1...
INFO-FLOW: Marker-Pragma convertor: H:/Jorge/UPM/master/2oCuatri/HLS/Proyectos/Proyectos/Ejercicio3/Jacobi_systemc/solution1/.autopilot/db/consumer.pp.0.cpp H:/Jorge/UPM/master/2oCuatri/HLS/Proyectos/Proyectos/Ejercicio3/Jacobi_systemc/solution1/.autopilot/db/consumer.pp.0.cpp.ap-line.cpp H:/Jorge/UPM/master/2oCuatri/HLS/Proyectos/Proyectos/Ejercicio3/Jacobi_systemc/solution1/.autopilot/db/consumer.pp.0.cpp.ap-line.cpp.CXX 1
INFO-FLOW: Converting Markers to Pragmas...
Execute       cdt  "H:/Jorge/UPM/master/2oCuatri/HLS/Proyectos/Proyectos/Ejercicio3/Jacobi_systemc/solution1/.autopilot/db/consumer.pp.0.cpp.ap-line.cpp"  -m "producer::jacobi" -o "H:/Jorge/UPM/master/2oCuatri/HLS/Proyectos/Proyectos/Ejercicio3/Jacobi_systemc/solution1/.autopilot/db/consumer.pp.0.cpp.ap-cdt.cpp" --pp --directive H:/Jorge/UPM/master/2oCuatri/HLS/Proyectos/Proyectos/Ejercicio3/Jacobi_systemc/solution1/solution1.directive --source H:/Jorge/UPM/master/2oCuatri/HLS/Proyectos/Proyectos/Ejercicio3/Jacobi_systemc/consumer.cpp --error H:/Jorge/UPM/master/2oCuatri/HLS/Proyectos/Proyectos/Ejercicio3/Jacobi_systemc/solution1/.autopilot/db --funcunit "AddSub AddSub_DSP AddSubnS DAddSub_fulldsp DAddSub_nodsp DDiv DExp_fulldsp DExp_meddsp DExp_nodsp DLog_fulldsp DLog_meddsp DLog_nodsp DMul_fulldsp DMul_maxdsp DMul_meddsp DMul_nodsp DRSqrt DRecip DSP_Macro DSqrt DivnS FAddSub_fulldsp FAddSub_nodsp FDiv FExp_fulldsp FExp_meddsp FExp_nodsp FLog_fulldsp FLog_meddsp FLog_nodsp FMul_fulldsp FMul_maxdsp FMul_meddsp FMul_nodsp FRSqrt_fulldsp FRSqrt_nodsp FRecip_fulldsp FRecip_nodsp FSqrt HAddSub_fulldsp HAddSub_meddsp HAddSub_nodsp HDiv HMul_fulldsp HMul_maxdsp HMul_nodsp HSqrt Mul Mul2S Mul3S Mul4S Mul5S Mul6S Mul_LUT MulnS MuxnS" --ve --vetcl H:/Jorge/UPM/master/2oCuatri/HLS/Proyectos/Proyectos/Ejercicio3/Jacobi_systemc/solution1/.autopilot/db --ca --es --gf --pd --p2d H:/Jorge/UPM/master/2oCuatri/HLS/Proyectos/Proyectos/Ejercicio3/Jacobi_systemc/solution1/.autopilot/db --sd --scff H:/Jorge/UPM/master/2oCuatri/HLS/Proyectos/Proyectos/Ejercicio3/Jacobi_systemc/solution1/.autopilot/db/.systemc_flag --ad 
INFO-FLOW: WARNING: An illegal reflective access operation has occurred
WARNING: Illegal reflective access by org.eclipse.emf.ecore.xmi.impl.XMLHandler (file:/C:/Xilinx/Vivado/2018.3/win64/tools/eclipse/plugins/org.eclipse.emf.ecore.xmi_2.13.0.v20170609-0707.jar) to method com.sun.org.apache.xerces.internal.parsers.AbstractSAXParser$LocatorProxy.getEncoding()
WARNING: Please consider reporting this to the maintainers of org.eclipse.emf.ecore.xmi.impl.XMLHandler
WARNING: Use --illegal-access=warn to enable warnings of further illegal reflective access operations
WARNING: All illegal access operations will be denied in a future release
Command       cdt done; 7.105 sec.
INFO-FLOW: Marker-Pragma convertor: H:/Jorge/UPM/master/2oCuatri/HLS/Proyectos/Proyectos/Ejercicio3/Jacobi_systemc/solution1/.autopilot/db/consumer.pp.0.cpp.ap-cdt.cpp H:/Jorge/UPM/master/2oCuatri/HLS/Proyectos/Proyectos/Ejercicio3/Jacobi_systemc/solution1/.autopilot/db/consumer.pragma.0.cpp H:/Jorge/UPM/master/2oCuatri/HLS/Proyectos/Proyectos/Ejercicio3/Jacobi_systemc/solution1/.autopilot/db/consumer.pragma.0.cpp.ap-line.CXX 0
INFO-FLOW: Converting Pragmas to Markers...
Execute       source H:/Jorge/UPM/master/2oCuatri/HLS/Proyectos/Proyectos/Ejercicio3/Jacobi_systemc/solution1/.autopilot/db/pragma.status.tcl 
INFO-FLOW: Pragma Handling...
INFO-FLOW: SystemC Checker
Execute       ap_eval exec C:/Xilinx/Vivado/2018.3/win64/tools/clang/bin/clang++ -gcc-toolchain C:/Xilinx/Vivado/2018.3/msys -hls -DAP_PRE  -I "C:/Xilinx/Vivado/2018.3/win64/tools/systemc/include" -I "C:/Xilinx/Vivado/2018.3/include" -I "C:/Xilinx/Vivado/2018.3/include/ap_sysc" -S "Jacobi_systemc/consumer.cpp" -o H:/Jorge/UPM/master/2oCuatri/HLS/Proyectos/Proyectos/Ejercicio3/Jacobi_systemc/solution1/.autopilot/db/consumer.pp.00.o 
Command       ap_eval done; 1.4 sec.
INFO-FLOW: Marker-Pragma convertor: H:/Jorge/UPM/master/2oCuatri/HLS/Proyectos/Proyectos/Ejercicio3/Jacobi_systemc/solution1/.autopilot/db/consumer.pragma.1.cpp H:/Jorge/UPM/master/2oCuatri/HLS/Proyectos/Proyectos/Ejercicio3/Jacobi_systemc/solution1/.autopilot/db/consumer.scpp.0.cpp H:/Jorge/UPM/master/2oCuatri/HLS/Proyectos/Proyectos/Ejercicio3/Jacobi_systemc/solution1/.autopilot/db/consumer.scpp.0.cpp.line_pre.CXX 1
INFO-FLOW: Converting Markers to Pragmas...
INFO-FLOW: SystemC preprocessor
Execute       ap_eval exec C:/Xilinx/Vivado/2018.3/tps/win64/jre9.0.4/bin/java -Xmx512m -classpath "C:/Xilinx/Vivado/2018.3/lib/classes/org.eclipse.cdt.core_5.0.0.200806171202.jar;C:/Xilinx/Vivado/2018.3/lib/classes/jargs.jar;C:/Xilinx/Vivado/2018.3/lib/classes/org.eclipse.core.runtime_3.4.0.v20080512.jar;C:/Xilinx/Vivado/2018.3/lib/classes/org.eclipse.equinox.common_3.4.0.v20080421-2006.jar;C:/Xilinx/Vivado/2018.3/lib/classes/autopilot.scelaborator.jar"  autopilot.scelaborator.ScParser  -S "C:/Xilinx/Vivado/2018.3/common/technology/autopilot/ap_sysc" --force-inline  -o "H:/Jorge/UPM/master/2oCuatri/HLS/Proyectos/Proyectos/Ejercicio3/Jacobi_systemc/solution1/.autopilot/db/" "H:/Jorge/UPM/master/2oCuatri/HLS/Proyectos/Proyectos/Ejercicio3/Jacobi_systemc/solution1/.autopilot/db/consumer.scpp.0.cpp" --mi-suffix=0 -d -t 
Command       ap_eval done; error code: 1; 9.596 sec.
INFO-FLOW: Marker-Pragma convertor: H:/Jorge/UPM/master/2oCuatri/HLS/Proyectos/Proyectos/Ejercicio3/Jacobi_systemc/solution1/.autopilot/db/consumer.scpp.0.cpp.ssdm.cpp H:/Jorge/UPM/master/2oCuatri/HLS/Proyectos/Proyectos/Ejercicio3/Jacobi_systemc/solution1/.autopilot/db/consumer.scpp.1.cpp H:/Jorge/UPM/master/2oCuatri/HLS/Proyectos/Proyectos/Ejercicio3/Jacobi_systemc/solution1/.autopilot/db/consumer.scpp.1.cpp.line_post.CXX 0
INFO-FLOW: Converting Pragmas to Markers...
Execute       get_default_platform 
INFO-FLOW: Processing labels
Execute       clang -src H:/Jorge/UPM/master/2oCuatri/HLS/Proyectos/Proyectos/Ejercicio3/Jacobi_systemc/solution1/.autopilot/db/consumer.pragma.2.cpp  -fno-limit-debug-info -gcc-toolchain C:/Xilinx/Vivado/2018.3/msys -hls -hls-analyze-label -hls-analyze-pragma -fno-exceptions  -D__llvm__  -w  "H:/Jorge/UPM/master/2oCuatri/HLS/Proyectos/Proyectos/Ejercicio3/Jacobi_systemc/solution1/.autopilot/db/consumer.pragma.2.cpp"    -fno-math-errno -c -emit-llvm -O0  -mllvm -disable-llvm-optzns -fno-threadsafe-statics  -fno-use-cxa-atexit -DAESL_SYN -D__SYNTHESIS__ -D__HLS_SYN__ -I "C:/Xilinx/Vivado/2018.3/common/technology/autopilot" -I "C:/Xilinx/Vivado/2018.3/common/technology/autopilot/ap_sysc" -include etc/autopilot_ssdm_op.h -D__DSP48E1__ -g -o "H:/Jorge/UPM/master/2oCuatri/HLS/Proyectos/Proyectos/Ejercicio3/Jacobi_systemc/solution1/.autopilot/db/consumer.bc" 
INFO-FLOW: exec C:/Xilinx/Vivado/2018.3/win64/tools/clang/bin/clang -fno-limit-debug-info -gcc-toolchain C:/Xilinx/Vivado/2018.3/msys -hls -hls-analyze-label -hls-analyze-pragma -fno-exceptions -D__llvm__ -w H:/Jorge/UPM/master/2oCuatri/HLS/Proyectos/Proyectos/Ejercicio3/Jacobi_systemc/solution1/.autopilot/db/consumer.pragma.2.cpp -fno-math-errno -c -emit-llvm -O0 -mllvm -disable-llvm-optzns -fno-threadsafe-statics -fno-use-cxa-atexit -DAESL_SYN -D__SYNTHESIS__ -D__HLS_SYN__ -I C:/Xilinx/Vivado/2018.3/common/technology/autopilot -I C:/Xilinx/Vivado/2018.3/common/technology/autopilot/ap_sysc -include etc/autopilot_ssdm_op.h -D__DSP48E1__ -g -o H:/Jorge/UPM/master/2oCuatri/HLS/Proyectos/Proyectos/Ejercicio3/Jacobi_systemc/solution1/.autopilot/db/consumer.bc
Command       clang done; 1.437 sec.
INFO: [HLS 200-10] Analyzing design file 'Jacobi_systemc/producer.cpp' ... 
INFO-FLOW: Compiling one TU...
Execute       is_m_axi_addr64 
INFO-FLOW: Handling Jacobi_systemc/producer.cpp as C++
Execute       get_default_platform 
Execute       is_encrypted Jacobi_systemc/producer.cpp 
Execute       get_default_platform 
INFO-FLOW: Running: GCC PP
INFO-FLOW: Source preprocessing
Execute       clang  -fno-limit-debug-info -gcc-toolchain "C:/Xilinx/Vivado/2018.3/msys" -hls  -fno-exceptions  -D__llvm__  -E "Jacobi_systemc/producer.cpp"     -fno-math-errno -c -emit-llvm -O0  -mllvm -disable-llvm-optzns -fno-threadsafe-statics  -fno-use-cxa-atexit  -fno-threadsafe-statics -fno-use-cxa-atexit -D__CLANG_3_1__ -D__cdecl= -DAESL_SYN -D__SYNTHESIS__ -D__HLS_SYN__ -I "C:/Xilinx/Vivado/2018.3/common/technology/autopilot" -I "C:/Xilinx/Vivado/2018.3/common/technology/autopilot/ap_sysc" -include etc/autopilot_ssdm_op.h -D__DSP48E1__  -o "H:/Jorge/UPM/master/2oCuatri/HLS/Proyectos/Proyectos/Ejercicio3/Jacobi_systemc/solution1/.autopilot/db/producer.pp.0.cpp" 
INFO-FLOW: exec C:/Xilinx/Vivado/2018.3/win64/tools/clang/bin/clang -fno-limit-debug-info -gcc-toolchain C:/Xilinx/Vivado/2018.3/msys -hls -fno-exceptions -D__llvm__ -E Jacobi_systemc/producer.cpp -fno-math-errno -c -emit-llvm -O0 -mllvm -disable-llvm-optzns -fno-threadsafe-statics -fno-use-cxa-atexit -fno-threadsafe-statics -fno-use-cxa-atexit -D__CLANG_3_1__ -D__cdecl= -DAESL_SYN -D__SYNTHESIS__ -D__HLS_SYN__ -I C:/Xilinx/Vivado/2018.3/common/technology/autopilot -I C:/Xilinx/Vivado/2018.3/common/technology/autopilot/ap_sysc -include etc/autopilot_ssdm_op.h -D__DSP48E1__ -o H:/Jorge/UPM/master/2oCuatri/HLS/Proyectos/Proyectos/Ejercicio3/Jacobi_systemc/solution1/.autopilot/db/producer.pp.0.cpp
Command       clang done; 1.043 sec.
INFO-FLOW: Done: GCC PP time: 1 seconds per iteration
Execute       list_core -type functional_unit 
Execute       tidy_31 xilinx-systemc-detector H:/Jorge/UPM/master/2oCuatri/HLS/Proyectos/Proyectos/Ejercicio3/Jacobi_systemc/solution1/.autopilot/db/producer.pp.0.cpp std=gnu++98 -directive=H:/Jorge/UPM/master/2oCuatri/HLS/Proyectos/Proyectos/Ejercicio3/Jacobi_systemc/solution1/.autopilot/db/.systemc_flag 
INFO-FLOW: exec C:/Xilinx/Vivado/2018.3/win64/tools/clang-3.9-csynth/bin/tidy-3.1 -header-filter=.* -checks=-*,xilinx-systemc-detector -import-directive=H:/Jorge/UPM/master/2oCuatri/HLS/Proyectos/Proyectos/Ejercicio3/Jacobi_systemc/solution1/.autopilot/db/.systemc_flag -quiet -fix-errors H:/Jorge/UPM/master/2oCuatri/HLS/Proyectos/Proyectos/Ejercicio3/Jacobi_systemc/solution1/.autopilot/db/producer.pp.0.cpp -- -std=gnu++98 -fhls -ferror-limit=0
Command       tidy_31 done; 0.541 sec.
INFO-FLOW: CDT Preprocessing without tidy-3.1...
INFO-FLOW: Marker-Pragma convertor: H:/Jorge/UPM/master/2oCuatri/HLS/Proyectos/Proyectos/Ejercicio3/Jacobi_systemc/solution1/.autopilot/db/producer.pp.0.cpp H:/Jorge/UPM/master/2oCuatri/HLS/Proyectos/Proyectos/Ejercicio3/Jacobi_systemc/solution1/.autopilot/db/producer.pp.0.cpp.ap-line.cpp H:/Jorge/UPM/master/2oCuatri/HLS/Proyectos/Proyectos/Ejercicio3/Jacobi_systemc/solution1/.autopilot/db/producer.pp.0.cpp.ap-line.cpp.CXX 1
INFO-FLOW: Converting Markers to Pragmas...
Execute       cdt  "H:/Jorge/UPM/master/2oCuatri/HLS/Proyectos/Proyectos/Ejercicio3/Jacobi_systemc/solution1/.autopilot/db/producer.pp.0.cpp.ap-line.cpp"  -m "producer::jacobi" -o "H:/Jorge/UPM/master/2oCuatri/HLS/Proyectos/Proyectos/Ejercicio3/Jacobi_systemc/solution1/.autopilot/db/producer.pp.0.cpp.ap-cdt.cpp" --pp --directive H:/Jorge/UPM/master/2oCuatri/HLS/Proyectos/Proyectos/Ejercicio3/Jacobi_systemc/solution1/solution1.directive --source H:/Jorge/UPM/master/2oCuatri/HLS/Proyectos/Proyectos/Ejercicio3/Jacobi_systemc/producer.cpp --error H:/Jorge/UPM/master/2oCuatri/HLS/Proyectos/Proyectos/Ejercicio3/Jacobi_systemc/solution1/.autopilot/db --funcunit "AddSub AddSub_DSP AddSubnS DAddSub_fulldsp DAddSub_nodsp DDiv DExp_fulldsp DExp_meddsp DExp_nodsp DLog_fulldsp DLog_meddsp DLog_nodsp DMul_fulldsp DMul_maxdsp DMul_meddsp DMul_nodsp DRSqrt DRecip DSP_Macro DSqrt DivnS FAddSub_fulldsp FAddSub_nodsp FDiv FExp_fulldsp FExp_meddsp FExp_nodsp FLog_fulldsp FLog_meddsp FLog_nodsp FMul_fulldsp FMul_maxdsp FMul_meddsp FMul_nodsp FRSqrt_fulldsp FRSqrt_nodsp FRecip_fulldsp FRecip_nodsp FSqrt HAddSub_fulldsp HAddSub_meddsp HAddSub_nodsp HDiv HMul_fulldsp HMul_maxdsp HMul_nodsp HSqrt Mul Mul2S Mul3S Mul4S Mul5S Mul6S Mul_LUT MulnS MuxnS" --ve --vetcl H:/Jorge/UPM/master/2oCuatri/HLS/Proyectos/Proyectos/Ejercicio3/Jacobi_systemc/solution1/.autopilot/db --ca --es --gf --pd --p2d H:/Jorge/UPM/master/2oCuatri/HLS/Proyectos/Proyectos/Ejercicio3/Jacobi_systemc/solution1/.autopilot/db --sd --scff H:/Jorge/UPM/master/2oCuatri/HLS/Proyectos/Proyectos/Ejercicio3/Jacobi_systemc/solution1/.autopilot/db/.systemc_flag --ad 
INFO-FLOW: Workspace H:/Jorge/UPM/master/2oCuatri/HLS/Proyectos/Proyectos/Ejercicio3/Jacobi_systemc/solution1 opened at Mon Jun 24 18:08:05 +0200 2019
Execute     config_clock -quiet -name default -period 10 -default=false 
INFO: [SYN 201-201] Setting up clock 'default' with a period of 10ns.
Execute     open_platform DefaultPlatform 
Execute     import_lib C:/Xilinx/Vivado/2018.3/common/technology/xilinx/zynq/zynq 
Execute       source C:/Xilinx/Vivado/2018.3/common/technology/xilinx/common/xilinx.lib 
Execute         source C:/Xilinx/Vivado/2018.3/common/technology/xilinx/interface/xilinx_interface.lib 
Execute           source C:/Xilinx/Vivado/2018.3/common/technology/xilinx/interface/plb46.lib 
Execute           source C:/Xilinx/Vivado/2018.3/common/technology/xilinx/interface/fsl.lib 
Execute           source C:/Xilinx/Vivado/2018.3/common/technology/xilinx/interface/axi4.lib 
Execute           source C:/Xilinx/Vivado/2018.3/common/technology/xilinx/interface/maxi.lib 
Execute           source C:/Xilinx/Vivado/2018.3/common/technology/xilinx/interface/saxilite.lib 
Execute         source C:/Xilinx/Vivado/2018.3/common/technology/xilinx/common/dsp48.lib 
Execute         source C:/Xilinx/Vivado/2018.3/common/technology/xilinx/ip/dds_compiler.lib 
Execute         source C:/Xilinx/Vivado/2018.3/common/technology/xilinx/ip/xfft.lib 
Execute         source C:/Xilinx/Vivado/2018.3/common/technology/xilinx/ip/xfir.lib 
Execute       source C:/Xilinx/Vivado/2018.3/common/technology/xilinx/common/xilinx_old.lib 
Execute       source C:/Xilinx/Vivado/2018.3/common/technology/xilinx/common/xilinx_vivado.lib 
Execute       source C:/Xilinx/Vivado/2018.3/common/technology/xilinx/common/xilinx.hlp 
Execute         source C:/Xilinx/Vivado/2018.3/common/technology/xilinx/common/target_info.tcl 
Execute         source C:/Xilinx/Vivado/2018.3/common/technology/xilinx/interface/xilinx_interface.hlp 
Execute           source C:/Xilinx/Vivado/2018.3/common/technology/xilinx/interface/maxi.hlp 
Execute           source C:/Xilinx/Vivado/2018.3/common/technology/xilinx/interface/saxilite.hlp 
Execute         source C:/Xilinx/Vivado/2018.3/common/technology/xilinx/common/dsp48.hlp 
Execute       source C:/Xilinx/Vivado/2018.3/common/technology/xilinx/zynq/dsp48e1.hlp 
Execute       get_default_platform 
>>>>>>> Stashed changes
Execute       config_chip_info -quiet -resource  {SLICE 13300}  {LUT 53200}     {FF 106400} {DSP48E 220}   {BRAM 280}  
Execute       config_chip_info -quiet -speed medium 
Execute       source C:/Xilinx/Vivado/2018.3/common/technology/xilinx/common/xilinx.hlp 
Execute         source C:/Xilinx/Vivado/2018.3/common/technology/xilinx/common/target_info.tcl 
Execute         source C:/Xilinx/Vivado/2018.3/common/technology/xilinx/interface/xilinx_interface.hlp 
Execute           source C:/Xilinx/Vivado/2018.3/common/technology/xilinx/interface/maxi.hlp 
Execute           source C:/Xilinx/Vivado/2018.3/common/technology/xilinx/interface/saxilite.hlp 
Execute         source C:/Xilinx/Vivado/2018.3/common/technology/xilinx/common/dsp48.hlp 
Execute     source C:/Xilinx/Vivado/2018.3/common/technology/xilinx/zynq/zynq.gen 
Execute       source C:/Xilinx/Vivado/2018.3/common/technology/xilinx/common/virtex.gen 
Execute         source C:/Xilinx/Vivado/2018.3/common/technology/xilinx/common/xilinx.gen 
Execute           source C:/Xilinx/Vivado/2018.3/common/technology/xilinx/interface/plb46.gen 
Execute           source C:/Xilinx/Vivado/2018.3/common/technology/xilinx/interface/fsl.gen 
Execute           source C:/Xilinx/Vivado/2018.3/common/technology/xilinx/interface/axi4.gen 
Execute           source C:/Xilinx/Vivado/2018.3/common/technology/xilinx/interface/nativeAXI4.gen 
Execute             source C:/Xilinx/Vivado/2018.3/common/technology/xilinx/interface/saxilite.gen 
Execute             source C:/Xilinx/Vivado/2018.3/common/technology/xilinx/interface/maxi.gen 
Execute           source C:/Xilinx/Vivado/2018.3/common/technology/xilinx/scripts/xilinxcoregen.gen 
Execute           source C:/Xilinx/Vivado/2018.3/common/technology/xilinx/interface/XilEDKCoreGen.gen 
Execute           source C:/Xilinx/Vivado/2018.3/common/technology/xilinx/ip/dds_compiler.gen 
Execute           source C:/Xilinx/Vivado/2018.3/common/technology/xilinx/ip/util.gen 
Execute           source C:/Xilinx/Vivado/2018.3/common/technology/xilinx/ip/xfft.gen 
<<<<<<< Updated upstream
Command           ap_source done; 0.128 sec.
Execute           source C:/Xilinx/Vivado/2018.3/common/technology/xilinx/ip/xfir.gen 
Command         ap_source done; 0.175 sec.
Execute         source C:/Xilinx/Vivado/2018.3/common/technology/xilinx/common/dsp48.gen 
Command       ap_source done; 0.179 sec.
Command     ap_source done; 0.179 sec.
=======
Command           ap_source done; 0.159 sec.
Execute           source C:/Xilinx/Vivado/2018.3/common/technology/xilinx/ip/xfir.gen 
Command         ap_source done; 0.22 sec.
Execute         source C:/Xilinx/Vivado/2018.3/common/technology/xilinx/common/dsp48.gen 
Command       ap_source done; 0.225 sec.
Command     ap_source done; 0.225 sec.
>>>>>>> Stashed changes
Execute     open_platform DefaultPlatform 
Execute     import_lib C:/Xilinx/Vivado/2018.3/common/technology/xilinx/zynq/zynq_fpv6 
Execute       source C:/Xilinx/Vivado/2018.3/common/technology/xilinx/common/xilinx_fpv7.lib 
Execute         source C:/Xilinx/Vivado/2018.3/common/technology/xilinx/common/xilinx_hp.lib 
Execute       source C:/Xilinx/Vivado/2018.3/common/technology/xilinx/common/xilinx_fpv.hlp 
Execute         source C:/Xilinx/Vivado/2018.3/common/technology/xilinx/common/xilinx.hlp 
Execute           source C:/Xilinx/Vivado/2018.3/common/technology/xilinx/common/target_info.tcl 
Execute           source C:/Xilinx/Vivado/2018.3/common/technology/xilinx/interface/xilinx_interface.hlp 
Execute             source C:/Xilinx/Vivado/2018.3/common/technology/xilinx/interface/maxi.hlp 
Execute             source C:/Xilinx/Vivado/2018.3/common/technology/xilinx/interface/saxilite.hlp 
Execute           source C:/Xilinx/Vivado/2018.3/common/technology/xilinx/common/dsp48.hlp 
Execute       source C:/Xilinx/Vivado/2018.3/common/technology/xilinx/zynq/zynq_hp.hlp 
Execute     source C:/Xilinx/Vivado/2018.3/common/technology/xilinx/zynq/zynq_fpv6.gen 
Execute       source C:/Xilinx/Vivado/2018.3/common/technology/xilinx/common/xilinx_fpv6.gen 
Execute     set_part xc7z020clg400-1 
Execute       add_library xilinx/zynq/zynq:xc7z020:clg400:-1 
Execute         get_default_platform 
Execute         license_isbetapart xc7z020 
Command         license_isbetapart done; error code: 1; 
Execute         get_default_platform 
Execute         config_chip_info -quiet -resource  {SLICE 13300}  {LUT 53200}     {FF 106400} {DSP48E 220}   {BRAM 280}  
Execute         config_chip_info -quiet -speed slow 
Execute       add_library xilinx/zynq/zynq_fpv6 
Execute         get_default_platform 
INFO: [HLS 200-10] Setting target device to 'xc7z020clg400-1'
Execute       get_default_platform 
Execute     get_default_platform 
Execute     config_chip_info -quiet -resource  {SLICE 13300}  {LUT 53200}     {FF 106400} {DSP48E 220}   {BRAM 280}  
Execute     config_chip_info -quiet -speed slow 
<<<<<<< Updated upstream
Command   open_solution done; 0.296 sec.
Execute   csim_design -quiet 
Command   csim_design done; error code: 2; 
Command ap_source done; error code: 1; 0.319 sec.
=======
Command   open_solution done; 0.382 sec.
Execute   csim_design -quiet 
Command   csim_design done; error code: 2; 
Command ap_source done; error code: 1; 0.429 sec.
>>>>>>> Stashed changes
Execute cleanup_all 
