==============================================================
File generated on Mon May 27 13:02:52 +0200 2019
Vivado(TM) HLS - High-Level Synthesis from C, C++ and SystemC v2018.3 (64-bit)
SW Build 2405991 on Thu Dec  6 23:38:27 MST 2018
IP Build 2404404 on Fri Dec  7 01:43:56 MST 2018
Copyright 1986-2018 Xilinx, Inc. All Rights Reserved.
==============================================================
INFO: [SYN 201-201] Setting up clock 'default' with a period of 10ns.
INFO: [HLS 200-10] Setting target device to 'xc7z020clg400-1'
INFO: [SCHED 204-61] Option 'relax_ii_for_timing' is enabled, will increase II to preserve clock frequency constraints.
INFO: [HLS 200-10] Analyzing design file 'Jacobi/main.c' ... 
WARNING: [HLS 200-40] In file included from Jacobi/main.c:1:
Jacobi/main.c:20:2: warning: array index 16 is past the end of the array (which contains 16 elements) [-Warray-bounds]
 x_prev[16]=x_new[16];
 ^      ~~
Jacobi/main.c:7:2: note: array 'x_prev' declared here
 int x_prev[16], x_new[16];
 ^
Jacobi/main.c:20:13: warning: array index 16 is past the end of the array (which contains 16 elements) [-Warray-bounds]
 x_prev[16]=x_new[16];
            ^     ~~
Jacobi/main.c:7:2: note: array 'x_new' declared here
 int x_prev[16], x_new[16];
 ^
2 warnings generated.
INFO: [HLS 200-111] Finished Linking Time (s): cpu = 00:00:00 ; elapsed = 00:00:05 . Memory (MB): peak = 102.590 ; gain = 17.320
INFO: [HLS 200-111] Finished Checking Pragmas Time (s): cpu = 00:00:00 ; elapsed = 00:00:05 . Memory (MB): peak = 102.590 ; gain = 17.320
INFO: [HLS 200-10] Starting code transformations ...
INFO: [HLS 200-111] Finished Standard Transforms Time (s): cpu = 00:00:01 ; elapsed = 00:00:07 . Memory (MB): peak = 151.148 ; gain = 65.879
INFO: [HLS 200-10] Checking synthesizability ...
INFO: [XFORM 203-602] Inlining function 'fp_struct<double>::mantissa' into 'generic_cast_IEEE754<int, (ap_q_mode)6, double>' (r:/builds/2018.3/continuous/2018_12_06_2405991/src/products/hls/hls_lib/hlsmath/include/FloatingPoint\hls_case_IEEE754.h:14) automatically.
INFO: [XFORM 203-602] Inlining function 'fp_struct<double>::expv' into 'generic_cast_IEEE754<int, (ap_q_mode)6, double>' (r:/builds/2018.3/continuous/2018_12_06_2405991/src/products/hls/hls_lib/hlsmath/include/FloatingPoint\hls_case_IEEE754.h:17) automatically.
INFO: [XFORM 203-602] Inlining function 'fp_struct<double>::__signbit' into 'generic_cast_IEEE754<int, (ap_q_mode)6, double>' (r:/builds/2018.3/continuous/2018_12_06_2405991/src/products/hls/hls_lib/hlsmath/include/FloatingPoint\hls_case_IEEE754.h:58) automatically.
INFO: [XFORM 203-602] Inlining function 'generic_cast_IEEE754<int, (ap_q_mode)6, double>' into 'generic_cast_IEEE754<int, double>' (r:/builds/2018.3/continuous/2018_12_06_2405991/src/products/hls/hls_lib/hlsmath/include/FloatingPoint\hls_case_IEEE754.h:116) automatically.
INFO: [XFORM 203-602] Inlining function 'generic_cast_IEEE754<int, double>' into '__hls_fptosi_double_i32' (r:/builds/2018.3/continuous/2018_12_06_2405991/src/products/hls/hls_lib/hlsmath/src/lib_floatconversion.cpp:54) automatically.
INFO: [XFORM 203-602] Inlining function '__hls_fptosi_double_i32' into 'jacobi_HLS' (Jacobi/main.c:32) automatically.
WARNING: [SYNCHK 200-62] Jacobi/main.c:20: warning: out of bound array access on variable 'x_new'.
INFO: [SYNCHK 200-10] 0 error(s), 1 warning(s).
INFO: [HLS 200-111] Finished Checking Synthesizability Time (s): cpu = 00:00:01 ; elapsed = 00:00:08 . Memory (MB): peak = 180.070 ; gain = 94.801
INFO: [HLS 200-489] Unrolling loop 'Loop-2' (Jacobi/main.c:16) in function 'jacobi_HLS' completely with a factor of 16.
INFO: [XFORM 203-602] Inlining function 'fp_struct<double>::mantissa' into 'generic_cast_IEEE754<int, (ap_q_mode)6, double>' (r:/builds/2018.3/continuous/2018_12_06_2405991/src/products/hls/hls_lib/hlsmath/include/FloatingPoint\hls_case_IEEE754.h:14) automatically.
INFO: [XFORM 203-602] Inlining function 'fp_struct<double>::expv' into 'generic_cast_IEEE754<int, (ap_q_mode)6, double>' (r:/builds/2018.3/continuous/2018_12_06_2405991/src/products/hls/hls_lib/hlsmath/include/FloatingPoint\hls_case_IEEE754.h:17) automatically.
INFO: [XFORM 203-602] Inlining function 'fp_struct<double>::__signbit' into 'generic_cast_IEEE754<int, (ap_q_mode)6, double>' (r:/builds/2018.3/continuous/2018_12_06_2405991/src/products/hls/hls_lib/hlsmath/include/FloatingPoint\hls_case_IEEE754.h:58) automatically.
INFO: [XFORM 203-602] Inlining function 'generic_cast_IEEE754<int, (ap_q_mode)6, double>' into 'generic_cast_IEEE754<int, double>' (r:/builds/2018.3/continuous/2018_12_06_2405991/src/products/hls/hls_lib/hlsmath/include/FloatingPoint\hls_case_IEEE754.h:116) automatically.
INFO: [XFORM 203-602] Inlining function 'generic_cast_IEEE754<int, double>' into '__hls_fptosi_double_i32' (r:/builds/2018.3/continuous/2018_12_06_2405991/src/products/hls/hls_lib/hlsmath/src/lib_floatconversion.cpp:54) automatically.
INFO: [XFORM 203-401] Performing if-conversion on hyperblock from (Jacobi/main.c:27:5) to (Jacobi/main.c:24:21) in function 'jacobi_HLS'... converting 3 basic blocks.
INFO: [XFORM 203-401] Performing if-conversion on hyperblock from (Jacobi/main.c:27:5) to (Jacobi/main.c:24:21) in function 'jacobi_HLS'... converting 3 basic blocks.
INFO: [XFORM 203-401] Performing if-conversion on hyperblock from (Jacobi/main.c:27:5) to (Jacobi/main.c:24:21) in function 'jacobi_HLS'... converting 3 basic blocks.
INFO: [XFORM 203-401] Performing if-conversion on hyperblock from (Jacobi/main.c:27:5) to (Jacobi/main.c:24:21) in function 'jacobi_HLS'... converting 3 basic blocks.
INFO: [XFORM 203-401] Performing if-conversion on hyperblock from (Jacobi/main.c:27:5) to (Jacobi/main.c:24:21) in function 'jacobi_HLS'... converting 3 basic blocks.
INFO: [XFORM 203-401] Performing if-conversion on hyperblock from (Jacobi/main.c:27:5) to (Jacobi/main.c:24:21) in function 'jacobi_HLS'... converting 3 basic blocks.
INFO: [XFORM 203-401] Performing if-conversion on hyperblock from (Jacobi/main.c:27:5) to (Jacobi/main.c:24:21) in function 'jacobi_HLS'... converting 3 basic blocks.
INFO: [XFORM 203-401] Performing if-conversion on hyperblock from (Jacobi/main.c:27:5) to (Jacobi/main.c:24:21) in function 'jacobi_HLS'... converting 3 basic blocks.
INFO: [XFORM 203-401] Performing if-conversion on hyperblock from (Jacobi/main.c:27:5) to (Jacobi/main.c:24:21) in function 'jacobi_HLS'... converting 3 basic blocks.
INFO: [XFORM 203-401] Performing if-conversion on hyperblock from (Jacobi/main.c:27:5) to (Jacobi/main.c:24:21) in function 'jacobi_HLS'... converting 3 basic blocks.
INFO: [XFORM 203-401] Performing if-conversion on hyperblock from (Jacobi/main.c:27:5) to (Jacobi/main.c:24:21) in function 'jacobi_HLS'... converting 3 basic blocks.
INFO: [XFORM 203-401] Performing if-conversion on hyperblock from (Jacobi/main.c:27:5) to (Jacobi/main.c:24:21) in function 'jacobi_HLS'... converting 3 basic blocks.
INFO: [XFORM 203-401] Performing if-conversion on hyperblock from (Jacobi/main.c:27:5) to (Jacobi/main.c:24:21) in function 'jacobi_HLS'... converting 3 basic blocks.
INFO: [XFORM 203-401] Performing if-conversion on hyperblock from (Jacobi/main.c:27:5) to (Jacobi/main.c:24:21) in function 'jacobi_HLS'... converting 3 basic blocks.
INFO: [XFORM 203-401] Performing if-conversion on hyperblock from (Jacobi/main.c:27:5) to (Jacobi/main.c:24:21) in function 'jacobi_HLS'... converting 3 basic blocks.
INFO: [XFORM 203-401] Performing if-conversion on hyperblock from (Jacobi/main.c:27:5) to (Jacobi/main.c:24:21) in function 'jacobi_HLS'... converting 3 basic blocks.
INFO: [HLS 200-111] Finished Pre-synthesis Time (s): cpu = 00:00:02 ; elapsed = 00:00:09 . Memory (MB): peak = 240.637 ; gain = 155.367
WARNING: [XFORM 203-631] Renaming function '__hls_fptosi_double_i32' to '__hls_fptosi_double_' (r:/builds/2018.3/continuous/2018_12_06_2405991/src/products/hls/hls_lib/hlsmath/src/lib_floatconversion.cpp:14:56)
INFO: [HLS 200-111] Finished Architecture Synthesis Time (s): cpu = 00:00:03 ; elapsed = 00:00:10 . Memory (MB): peak = 260.027 ; gain = 174.758
INFO: [HLS 200-10] Starting hardware synthesis ...
INFO: [HLS 200-10] Synthesizing 'jacobi_HLS' ...
WARNING: [SYN 201-103] Legalizing function name '__hls_fptosi_double_' to 'p_hls_fptosi_double_s'.
INFO: [HLS 200-10] ----------------------------------------------------------------
INFO: [HLS 200-42] -- Implementing module 'p_hls_fptosi_double_s' 
INFO: [HLS 200-10] ----------------------------------------------------------------
INFO: [SCHED 204-11] Starting scheduling ...
INFO: [SCHED 204-11] Finished scheduling.
INFO: [HLS 200-111]  Elapsed time: 9.637 seconds; current allocated memory: 206.160 MB.
INFO: [BIND 205-100] Starting micro-architecture generation ...
INFO: [BIND 205-101] Performing variable lifetime analysis.
INFO: [BIND 205-101] Exploring resource sharing.
INFO: [BIND 205-101] Binding ...
INFO: [BIND 205-100] Finished micro-architecture generation.
INFO: [HLS 200-111]  Elapsed time: 0.082 seconds; current allocated memory: 206.266 MB.
INFO: [HLS 200-10] ----------------------------------------------------------------
INFO: [HLS 200-42] -- Implementing module 'jacobi_HLS' 
INFO: [HLS 200-10] ----------------------------------------------------------------
INFO: [SCHED 204-11] Starting scheduling ...
INFO: [SCHED 204-61] Pipelining loop 'Loop 1'.
INFO: [SCHED 204-61] Pipelining result : Target II = 1, Final II = 1, Depth = 1.
INFO: [SCHED 204-61] Pipelining loop 'Loop 18'.
WARNING: [SCHED 204-68] Unable to enforce a carried constraint (II = 1)
   between 'dadd' operation ('sum', Jacobi/main.c:41) and 'dadd' operation ('sum', Jacobi/main.c:41).
WARNING: [SCHED 204-68] Unable to enforce a carried constraint (II = 2)
   between 'dadd' operation ('sum', Jacobi/main.c:41) and 'dadd' operation ('sum', Jacobi/main.c:41).
WARNING: [SCHED 204-68] Unable to enforce a carried constraint (II = 3)
   between 'dadd' operation ('sum', Jacobi/main.c:41) and 'dadd' operation ('sum', Jacobi/main.c:41).
WARNING: [SCHED 204-68] Unable to enforce a carried constraint (II = 4)
   between 'dadd' operation ('sum', Jacobi/main.c:41) and 'dadd' operation ('sum', Jacobi/main.c:41).
INFO: [SCHED 204-61] Pipelining result : Target II = 1, Final II = 5, Depth = 14.
INFO: [SCHED 204-11] Finished scheduling.
INFO: [HLS 200-111]  Elapsed time: 1.766 seconds; current allocated memory: 210.720 MB.
INFO: [HLS 200-434] Only 2 loops out of a total 34 loops have been pipelined in this design.
INFO: [BIND 205-100] Starting micro-architecture generation ...
INFO: [BIND 205-101] Performing variable lifetime analysis.
INFO: [BIND 205-101] Exploring resource sharing.
INFO: [BIND 205-101] Binding ...
INFO: [BIND 205-100] Finished micro-architecture generation.
INFO: [HLS 200-111]  Elapsed time: 3.891 seconds; current allocated memory: 221.817 MB.
INFO: [HLS 200-10] ----------------------------------------------------------------
INFO: [HLS 200-10] -- Generating RTL for module 'p_hls_fptosi_double_s' 
INFO: [HLS 200-10] ----------------------------------------------------------------
INFO: [RTGEN 206-100] Finished creating RTL model for 'p_hls_fptosi_double_s'.
INFO: [HLS 200-111]  Elapsed time: 1.92 seconds; current allocated memory: 222.431 MB.
INFO: [HLS 200-10] ----------------------------------------------------------------
INFO: [HLS 200-10] -- Generating RTL for module 'jacobi_HLS' 
INFO: [HLS 200-10] ----------------------------------------------------------------
INFO: [RTGEN 206-500] Setting interface mode on port 'jacobi_HLS/J' to 'ap_memory'.
INFO: [RTGEN 206-500] Setting interface mode on port 'jacobi_HLS/b' to 'ap_memory'.
INFO: [RTGEN 206-500] Setting interface mode on port 'jacobi_HLS/x' to 'ap_memory'.
INFO: [RTGEN 206-500] Setting interface mode on function 'jacobi_HLS' to 'ap_ctrl_hs'.
INFO: [SYN 201-210] Renamed object name 'jacobi_HLS_dadddsub_64ns_64ns_64_5_full_dsp_1' to 'jacobi_HLS_dadddsbkb' due to the length limit 20
INFO: [SYN 201-210] Renamed object name 'jacobi_HLS_dmul_64ns_64ns_64_6_max_dsp_1' to 'jacobi_HLS_dmul_6cud' due to the length limit 20
INFO: [SYN 201-210] Renamed object name 'jacobi_HLS_ddiv_64ns_64ns_64_31_1' to 'jacobi_HLS_ddiv_6dEe' due to the length limit 20
INFO: [SYN 201-210] Renamed object name 'jacobi_HLS_sitodp_32ns_64_6_1' to 'jacobi_HLS_sitodpeOg' due to the length limit 20
INFO: [SYN 201-210] Renamed object name 'jacobi_HLS_dsqrt_64ns_64ns_64_31_1' to 'jacobi_HLS_dsqrt_fYi' due to the length limit 20
INFO: [RTGEN 206-100] Generating core module 'jacobi_HLS_dadddsbkb': 1 instance(s).
INFO: [RTGEN 206-100] Generating core module 'jacobi_HLS_ddiv_6dEe': 1 instance(s).
INFO: [RTGEN 206-100] Generating core module 'jacobi_HLS_dmul_6cud': 1 instance(s).
INFO: [RTGEN 206-100] Generating core module 'jacobi_HLS_dsqrt_fYi': 1 instance(s).
INFO: [RTGEN 206-100] Generating core module 'jacobi_HLS_sitodpeOg': 1 instance(s).
INFO: [RTGEN 206-100] Finished creating RTL model for 'jacobi_HLS'.
INFO: [HLS 200-111]  Elapsed time: 1.243 seconds; current allocated memory: 233.854 MB.
INFO: [RTMG 210-278] Implementing memory 'jacobi_HLS_x_prev_ram (RAM)' using distributed RAMs.
INFO: [HLS 200-111] Finished generating all RTL models Time (s): cpu = 00:00:15 ; elapsed = 00:00:24 . Memory (MB): peak = 311.164 ; gain = 225.895
INFO: [SYSC 207-301] Generating SystemC RTL for jacobi_HLS.
INFO: [VHDL 208-304] Generating VHDL RTL for jacobi_HLS.
INFO: [VLOG 209-307] Generating Verilog RTL for jacobi_HLS.
INFO: [HLS 200-112] Total elapsed time: 24.334 seconds; peak allocated memory: 233.854 MB.
==============================================================
File generated on Mon May 27 13:03:50 +0200 2019
Vivado(TM) HLS - High-Level Synthesis from C, C++ and SystemC v2018.3 (64-bit)
SW Build 2405991 on Thu Dec  6 23:38:27 MST 2018
IP Build 2404404 on Fri Dec  7 01:43:56 MST 2018
Copyright 1986-2018 Xilinx, Inc. All Rights Reserved.
==============================================================
INFO: [SYN 201-201] Setting up clock 'default' with a period of 10ns.
INFO: [HLS 200-10] Setting target device to 'xc7z020clg400-1'
INFO: [SCHED 204-61] Option 'relax_ii_for_timing' is enabled, will increase II to preserve clock frequency constraints.
INFO: [HLS 200-10] Analyzing design file 'Jacobi/main.c' ... 
WARNING: [HLS 200-40] In file included from Jacobi/main.c:1:
Jacobi/main.c:20:2: warning: array index 16 is past the end of the array (which contains 16 elements) [-Warray-bounds]
 x_prev[16]=x_new[16];
 ^      ~~
Jacobi/main.c:7:2: note: array 'x_prev' declared here
 int x_prev[16], x_new[16];
 ^
Jacobi/main.c:20:13: warning: array index 16 is past the end of the array (which contains 16 elements) [-Warray-bounds]
 x_prev[16]=x_new[16];
            ^     ~~
Jacobi/main.c:7:2: note: array 'x_new' declared here
 int x_prev[16], x_new[16];
 ^
2 warnings generated.
INFO: [HLS 200-111] Finished Linking Time (s): cpu = 00:00:00 ; elapsed = 00:00:05 . Memory (MB): peak = 102.547 ; gain = 17.223
INFO: [HLS 200-111] Finished Checking Pragmas Time (s): cpu = 00:00:00 ; elapsed = 00:00:05 . Memory (MB): peak = 102.547 ; gain = 17.223
INFO: [HLS 200-10] Starting code transformations ...
INFO: [HLS 200-111] Finished Standard Transforms Time (s): cpu = 00:00:01 ; elapsed = 00:00:07 . Memory (MB): peak = 150.832 ; gain = 65.508
INFO: [HLS 200-10] Checking synthesizability ...
INFO: [XFORM 203-602] Inlining function 'fp_struct<double>::mantissa' into 'generic_cast_IEEE754<int, (ap_q_mode)6, double>' (r:/builds/2018.3/continuous/2018_12_06_2405991/src/products/hls/hls_lib/hlsmath/include/FloatingPoint\hls_case_IEEE754.h:14) automatically.
INFO: [XFORM 203-602] Inlining function 'fp_struct<double>::expv' into 'generic_cast_IEEE754<int, (ap_q_mode)6, double>' (r:/builds/2018.3/continuous/2018_12_06_2405991/src/products/hls/hls_lib/hlsmath/include/FloatingPoint\hls_case_IEEE754.h:17) automatically.
INFO: [XFORM 203-602] Inlining function 'fp_struct<double>::__signbit' into 'generic_cast_IEEE754<int, (ap_q_mode)6, double>' (r:/builds/2018.3/continuous/2018_12_06_2405991/src/products/hls/hls_lib/hlsmath/include/FloatingPoint\hls_case_IEEE754.h:58) automatically.
INFO: [XFORM 203-602] Inlining function 'generic_cast_IEEE754<int, (ap_q_mode)6, double>' into 'generic_cast_IEEE754<int, double>' (r:/builds/2018.3/continuous/2018_12_06_2405991/src/products/hls/hls_lib/hlsmath/include/FloatingPoint\hls_case_IEEE754.h:116) automatically.
INFO: [XFORM 203-602] Inlining function 'generic_cast_IEEE754<int, double>' into '__hls_fptosi_double_i32' (r:/builds/2018.3/continuous/2018_12_06_2405991/src/products/hls/hls_lib/hlsmath/src/lib_floatconversion.cpp:54) automatically.
INFO: [XFORM 203-602] Inlining function '__hls_fptosi_double_i32' into 'jacobi_HLS' (Jacobi/main.c:34) automatically.
WARNING: [SYNCHK 200-62] Jacobi/main.c:20: warning: out of bound array access on variable 'x_new'.
INFO: [SYNCHK 200-10] 0 error(s), 1 warning(s).
INFO: [HLS 200-111] Finished Checking Synthesizability Time (s): cpu = 00:00:01 ; elapsed = 00:00:08 . Memory (MB): peak = 180.070 ; gain = 94.746
INFO: [HLS 200-489] Unrolling loop 'Loop-2' (Jacobi/main.c:16) in function 'jacobi_HLS' completely with a factor of 16.
INFO: [HLS 200-489] Unrolling loop 'Loop-2.1' (Jacobi/main.c:21) in function 'jacobi_HLS' completely with a factor of 4.
INFO: [HLS 200-489] Unrolling loop 'Loop-2.1.1' (Jacobi/main.c:25) in function 'jacobi_HLS' completely with a factor of 4.
INFO: [XFORM 203-602] Inlining function 'fp_struct<double>::mantissa' into 'generic_cast_IEEE754<int, (ap_q_mode)6, double>' (r:/builds/2018.3/continuous/2018_12_06_2405991/src/products/hls/hls_lib/hlsmath/include/FloatingPoint\hls_case_IEEE754.h:14) automatically.
INFO: [XFORM 203-602] Inlining function 'fp_struct<double>::expv' into 'generic_cast_IEEE754<int, (ap_q_mode)6, double>' (r:/builds/2018.3/continuous/2018_12_06_2405991/src/products/hls/hls_lib/hlsmath/include/FloatingPoint\hls_case_IEEE754.h:17) automatically.
INFO: [XFORM 203-602] Inlining function 'fp_struct<double>::__signbit' into 'generic_cast_IEEE754<int, (ap_q_mode)6, double>' (r:/builds/2018.3/continuous/2018_12_06_2405991/src/products/hls/hls_lib/hlsmath/include/FloatingPoint\hls_case_IEEE754.h:58) automatically.
INFO: [XFORM 203-602] Inlining function 'generic_cast_IEEE754<int, (ap_q_mode)6, double>' into 'generic_cast_IEEE754<int, double>' (r:/builds/2018.3/continuous/2018_12_06_2405991/src/products/hls/hls_lib/hlsmath/include/FloatingPoint\hls_case_IEEE754.h:116) automatically.
INFO: [XFORM 203-602] Inlining function 'generic_cast_IEEE754<int, double>' into '__hls_fptosi_double_i32' (r:/builds/2018.3/continuous/2018_12_06_2405991/src/products/hls/hls_lib/hlsmath/src/lib_floatconversion.cpp:54) automatically.
INFO: [XFORM 203-602] Inlining function '__hls_fptosi_double_i32' into 'jacobi_HLS' (Jacobi/main.c:34) automatically.
INFO: [HLS 200-111] Finished Pre-synthesis Time (s): cpu = 00:00:02 ; elapsed = 00:00:09 . Memory (MB): peak = 239.773 ; gain = 154.449
INFO: [HLS 200-111] Finished Architecture Synthesis Time (s): cpu = 00:00:03 ; elapsed = 00:00:09 . Memory (MB): peak = 254.598 ; gain = 169.273
INFO: [HLS 200-10] Starting hardware synthesis ...
INFO: [HLS 200-10] Synthesizing 'jacobi_HLS' ...
INFO: [HLS 200-10] ----------------------------------------------------------------
INFO: [HLS 200-42] -- Implementing module 'jacobi_HLS' 
INFO: [HLS 200-10] ----------------------------------------------------------------
INFO: [SCHED 204-11] Starting scheduling ...
INFO: [SCHED 204-61] Pipelining loop 'Loop 1'.
INFO: [SCHED 204-61] Pipelining result : Target II = 1, Final II = 1, Depth = 1.
INFO: [SCHED 204-61] Pipelining loop 'Loop 2'.
WARNING: [SCHED 204-68] Unable to enforce a carried constraint (II = 1)
   between 'dadd' operation ('sum', Jacobi/main.c:43) and 'dadd' operation ('sum', Jacobi/main.c:43).
WARNING: [SCHED 204-68] Unable to enforce a carried constraint (II = 2)
   between 'dadd' operation ('sum', Jacobi/main.c:43) and 'dadd' operation ('sum', Jacobi/main.c:43).
WARNING: [SCHED 204-68] Unable to enforce a carried constraint (II = 3)
   between 'dadd' operation ('sum', Jacobi/main.c:43) and 'dadd' operation ('sum', Jacobi/main.c:43).
WARNING: [SCHED 204-68] Unable to enforce a carried constraint (II = 4)
   between 'dadd' operation ('sum', Jacobi/main.c:43) and 'dadd' operation ('sum', Jacobi/main.c:43).
INFO: [SCHED 204-61] Pipelining result : Target II = 1, Final II = 5, Depth = 14.
INFO: [SCHED 204-11] Finished scheduling.
INFO: [HLS 200-111]  Elapsed time: 9.446 seconds; current allocated memory: 194.447 MB.
INFO: [BIND 205-100] Starting micro-architecture generation ...
INFO: [BIND 205-101] Performing variable lifetime analysis.
INFO: [BIND 205-101] Exploring resource sharing.
INFO: [BIND 205-101] Binding ...
INFO: [BIND 205-100] Finished micro-architecture generation.
INFO: [HLS 200-111]  Elapsed time: 0.411 seconds; current allocated memory: 195.679 MB.
INFO: [HLS 200-10] ----------------------------------------------------------------
INFO: [HLS 200-10] -- Generating RTL for module 'jacobi_HLS' 
INFO: [HLS 200-10] ----------------------------------------------------------------
INFO: [RTGEN 206-500] Setting interface mode on port 'jacobi_HLS/J' to 'ap_memory'.
INFO: [RTGEN 206-500] Setting interface mode on port 'jacobi_HLS/b' to 'ap_memory'.
INFO: [RTGEN 206-500] Setting interface mode on port 'jacobi_HLS/x' to 'ap_memory'.
INFO: [RTGEN 206-500] Setting interface mode on function 'jacobi_HLS' to 'ap_ctrl_hs'.
INFO: [SYN 201-210] Renamed object name 'jacobi_HLS_dadddsub_64ns_64ns_64_5_full_dsp_1' to 'jacobi_HLS_dadddsbkb' due to the length limit 20
INFO: [SYN 201-210] Renamed object name 'jacobi_HLS_dsub_64ns_64ns_64_5_full_dsp_1' to 'jacobi_HLS_dsub_6cud' due to the length limit 20
INFO: [SYN 201-210] Renamed object name 'jacobi_HLS_dmul_64ns_64ns_64_6_max_dsp_1' to 'jacobi_HLS_dmul_6dEe' due to the length limit 20
INFO: [SYN 201-210] Renamed object name 'jacobi_HLS_ddiv_64ns_64ns_64_31_1' to 'jacobi_HLS_ddiv_6eOg' due to the length limit 20
INFO: [SYN 201-210] Renamed object name 'jacobi_HLS_sitodp_32ns_64_6_1' to 'jacobi_HLS_sitodpfYi' due to the length limit 20
INFO: [SYN 201-210] Renamed object name 'jacobi_HLS_dsqrt_64ns_64ns_64_31_1' to 'jacobi_HLS_dsqrt_g8j' due to the length limit 20
INFO: [RTGEN 206-100] Generating core module 'jacobi_HLS_dadddsbkb': 1 instance(s).
INFO: [RTGEN 206-100] Generating core module 'jacobi_HLS_ddiv_6eOg': 2 instance(s).
INFO: [RTGEN 206-100] Generating core module 'jacobi_HLS_dmul_6dEe': 2 instance(s).
INFO: [RTGEN 206-100] Generating core module 'jacobi_HLS_dsqrt_g8j': 1 instance(s).
INFO: [RTGEN 206-100] Generating core module 'jacobi_HLS_dsub_6cud': 1 instance(s).
INFO: [RTGEN 206-100] Generating core module 'jacobi_HLS_sitodpfYi': 4 instance(s).
INFO: [RTGEN 206-100] Finished creating RTL model for 'jacobi_HLS'.
INFO: [HLS 200-111]  Elapsed time: 0.598 seconds; current allocated memory: 197.617 MB.
INFO: [RTMG 210-278] Implementing memory 'jacobi_HLS_x_prev_ram (RAM)' using block RAMs.
INFO: [HLS 200-111] Finished generating all RTL models Time (s): cpu = 00:00:06 ; elapsed = 00:00:13 . Memory (MB): peak = 257.742 ; gain = 172.418
INFO: [SYSC 207-301] Generating SystemC RTL for jacobi_HLS.
INFO: [VHDL 208-304] Generating VHDL RTL for jacobi_HLS.
INFO: [VLOG 209-307] Generating Verilog RTL for jacobi_HLS.
INFO: [HLS 200-112] Total elapsed time: 13.045 seconds; peak allocated memory: 197.617 MB.
==============================================================
File generated on Mon May 27 13:04:49 +0200 2019
Vivado(TM) HLS - High-Level Synthesis from C, C++ and SystemC v2018.3 (64-bit)
SW Build 2405991 on Thu Dec  6 23:38:27 MST 2018
IP Build 2404404 on Fri Dec  7 01:43:56 MST 2018
Copyright 1986-2018 Xilinx, Inc. All Rights Reserved.
==============================================================
INFO: [SYN 201-201] Setting up clock 'default' with a period of 10ns.
INFO: [HLS 200-10] Setting target device to 'xc7z020clg400-1'
INFO: [SCHED 204-61] Option 'relax_ii_for_timing' is enabled, will increase II to preserve clock frequency constraints.
INFO: [HLS 200-10] Analyzing design file 'Jacobi/main.c' ... 
WARNING: [HLS 200-40] In file included from Jacobi/main.c:1:
Jacobi/main.c:20:2: warning: array index 16 is past the end of the array (which contains 16 elements) [-Warray-bounds]
 x_prev[16]=x_new[16];
 ^      ~~
Jacobi/main.c:7:2: note: array 'x_prev' declared here
 int x_prev[16], x_new[16];
 ^
Jacobi/main.c:20:13: warning: array index 16 is past the end of the array (which contains 16 elements) [-Warray-bounds]
 x_prev[16]=x_new[16];
            ^     ~~
Jacobi/main.c:7:2: note: array 'x_new' declared here
 int x_prev[16], x_new[16];
 ^
2 warnings generated.
INFO: [HLS 200-111] Finished Linking Time (s): cpu = 00:00:00 ; elapsed = 00:00:06 . Memory (MB): peak = 102.652 ; gain = 18.121
INFO: [HLS 200-111] Finished Checking Pragmas Time (s): cpu = 00:00:00 ; elapsed = 00:00:06 . Memory (MB): peak = 102.652 ; gain = 18.121
INFO: [HLS 200-10] Starting code transformations ...
INFO: [HLS 200-111] Finished Standard Transforms Time (s): cpu = 00:00:01 ; elapsed = 00:00:08 . Memory (MB): peak = 152.328 ; gain = 67.797
INFO: [HLS 200-10] Checking synthesizability ...
INFO: [XFORM 203-602] Inlining function 'fp_struct<double>::mantissa' into 'generic_cast_IEEE754<int, (ap_q_mode)6, double>' (r:/builds/2018.3/continuous/2018_12_06_2405991/src/products/hls/hls_lib/hlsmath/include/FloatingPoint\hls_case_IEEE754.h:14) automatically.
INFO: [XFORM 203-602] Inlining function 'fp_struct<double>::expv' into 'generic_cast_IEEE754<int, (ap_q_mode)6, double>' (r:/builds/2018.3/continuous/2018_12_06_2405991/src/products/hls/hls_lib/hlsmath/include/FloatingPoint\hls_case_IEEE754.h:17) automatically.
INFO: [XFORM 203-602] Inlining function 'fp_struct<double>::__signbit' into 'generic_cast_IEEE754<int, (ap_q_mode)6, double>' (r:/builds/2018.3/continuous/2018_12_06_2405991/src/products/hls/hls_lib/hlsmath/include/FloatingPoint\hls_case_IEEE754.h:58) automatically.
INFO: [XFORM 203-602] Inlining function 'generic_cast_IEEE754<int, (ap_q_mode)6, double>' into 'generic_cast_IEEE754<int, double>' (r:/builds/2018.3/continuous/2018_12_06_2405991/src/products/hls/hls_lib/hlsmath/include/FloatingPoint\hls_case_IEEE754.h:116) automatically.
INFO: [XFORM 203-602] Inlining function 'generic_cast_IEEE754<int, double>' into '__hls_fptosi_double_i32' (r:/builds/2018.3/continuous/2018_12_06_2405991/src/products/hls/hls_lib/hlsmath/src/lib_floatconversion.cpp:54) automatically.
INFO: [XFORM 203-602] Inlining function '__hls_fptosi_double_i32' into 'jacobi_HLS' (Jacobi/main.c:32) automatically.
WARNING: [SYNCHK 200-62] Jacobi/main.c:20: warning: out of bound array access on variable 'x_new'.
INFO: [SYNCHK 200-10] 0 error(s), 1 warning(s).
INFO: [HLS 200-111] Finished Checking Synthesizability Time (s): cpu = 00:00:01 ; elapsed = 00:00:08 . Memory (MB): peak = 180.336 ; gain = 95.805
INFO: [HLS 200-489] Unrolling loop 'Loop-2' (Jacobi/main.c:16) in function 'jacobi_HLS' completely with a factor of 16.
INFO: [XFORM 203-602] Inlining function 'fp_struct<double>::mantissa' into 'generic_cast_IEEE754<int, (ap_q_mode)6, double>' (r:/builds/2018.3/continuous/2018_12_06_2405991/src/products/hls/hls_lib/hlsmath/include/FloatingPoint\hls_case_IEEE754.h:14) automatically.
INFO: [XFORM 203-602] Inlining function 'fp_struct<double>::expv' into 'generic_cast_IEEE754<int, (ap_q_mode)6, double>' (r:/builds/2018.3/continuous/2018_12_06_2405991/src/products/hls/hls_lib/hlsmath/include/FloatingPoint\hls_case_IEEE754.h:17) automatically.
INFO: [XFORM 203-602] Inlining function 'fp_struct<double>::__signbit' into 'generic_cast_IEEE754<int, (ap_q_mode)6, double>' (r:/builds/2018.3/continuous/2018_12_06_2405991/src/products/hls/hls_lib/hlsmath/include/FloatingPoint\hls_case_IEEE754.h:58) automatically.
INFO: [XFORM 203-602] Inlining function 'generic_cast_IEEE754<int, (ap_q_mode)6, double>' into 'generic_cast_IEEE754<int, double>' (r:/builds/2018.3/continuous/2018_12_06_2405991/src/products/hls/hls_lib/hlsmath/include/FloatingPoint\hls_case_IEEE754.h:116) automatically.
INFO: [XFORM 203-602] Inlining function 'generic_cast_IEEE754<int, double>' into '__hls_fptosi_double_i32' (r:/builds/2018.3/continuous/2018_12_06_2405991/src/products/hls/hls_lib/hlsmath/src/lib_floatconversion.cpp:54) automatically.
INFO: [XFORM 203-401] Performing if-conversion on hyperblock from (Jacobi/main.c:27:5) to (Jacobi/main.c:24:21) in function 'jacobi_HLS'... converting 3 basic blocks.
INFO: [XFORM 203-401] Performing if-conversion on hyperblock from (Jacobi/main.c:27:5) to (Jacobi/main.c:24:21) in function 'jacobi_HLS'... converting 3 basic blocks.
INFO: [XFORM 203-401] Performing if-conversion on hyperblock from (Jacobi/main.c:27:5) to (Jacobi/main.c:24:21) in function 'jacobi_HLS'... converting 3 basic blocks.
INFO: [XFORM 203-401] Performing if-conversion on hyperblock from (Jacobi/main.c:27:5) to (Jacobi/main.c:24:21) in function 'jacobi_HLS'... converting 3 basic blocks.
INFO: [XFORM 203-401] Performing if-conversion on hyperblock from (Jacobi/main.c:27:5) to (Jacobi/main.c:24:21) in function 'jacobi_HLS'... converting 3 basic blocks.
INFO: [XFORM 203-401] Performing if-conversion on hyperblock from (Jacobi/main.c:27:5) to (Jacobi/main.c:24:21) in function 'jacobi_HLS'... converting 3 basic blocks.
INFO: [XFORM 203-401] Performing if-conversion on hyperblock from (Jacobi/main.c:27:5) to (Jacobi/main.c:24:21) in function 'jacobi_HLS'... converting 3 basic blocks.
INFO: [XFORM 203-401] Performing if-conversion on hyperblock from (Jacobi/main.c:27:5) to (Jacobi/main.c:24:21) in function 'jacobi_HLS'... converting 3 basic blocks.
INFO: [XFORM 203-401] Performing if-conversion on hyperblock from (Jacobi/main.c:27:5) to (Jacobi/main.c:24:21) in function 'jacobi_HLS'... converting 3 basic blocks.
INFO: [XFORM 203-401] Performing if-conversion on hyperblock from (Jacobi/main.c:27:5) to (Jacobi/main.c:24:21) in function 'jacobi_HLS'... converting 3 basic blocks.
INFO: [XFORM 203-401] Performing if-conversion on hyperblock from (Jacobi/main.c:27:5) to (Jacobi/main.c:24:21) in function 'jacobi_HLS'... converting 3 basic blocks.
INFO: [XFORM 203-401] Performing if-conversion on hyperblock from (Jacobi/main.c:27:5) to (Jacobi/main.c:24:21) in function 'jacobi_HLS'... converting 3 basic blocks.
INFO: [XFORM 203-401] Performing if-conversion on hyperblock from (Jacobi/main.c:27:5) to (Jacobi/main.c:24:21) in function 'jacobi_HLS'... converting 3 basic blocks.
INFO: [XFORM 203-401] Performing if-conversion on hyperblock from (Jacobi/main.c:27:5) to (Jacobi/main.c:24:21) in function 'jacobi_HLS'... converting 3 basic blocks.
INFO: [XFORM 203-401] Performing if-conversion on hyperblock from (Jacobi/main.c:27:5) to (Jacobi/main.c:24:21) in function 'jacobi_HLS'... converting 3 basic blocks.
INFO: [XFORM 203-401] Performing if-conversion on hyperblock from (Jacobi/main.c:27:5) to (Jacobi/main.c:24:21) in function 'jacobi_HLS'... converting 3 basic blocks.
INFO: [HLS 200-111] Finished Pre-synthesis Time (s): cpu = 00:00:02 ; elapsed = 00:00:09 . Memory (MB): peak = 240.684 ; gain = 156.152
WARNING: [XFORM 203-631] Renaming function '__hls_fptosi_double_i32' to '__hls_fptosi_double_' (r:/builds/2018.3/continuous/2018_12_06_2405991/src/products/hls/hls_lib/hlsmath/src/lib_floatconversion.cpp:14:56)
INFO: [HLS 200-111] Finished Architecture Synthesis Time (s): cpu = 00:00:03 ; elapsed = 00:00:10 . Memory (MB): peak = 260.223 ; gain = 175.691
INFO: [HLS 200-10] Starting hardware synthesis ...
INFO: [HLS 200-10] Synthesizing 'jacobi_HLS' ...
WARNING: [SYN 201-103] Legalizing function name '__hls_fptosi_double_' to 'p_hls_fptosi_double_s'.
INFO: [HLS 200-10] ----------------------------------------------------------------
INFO: [HLS 200-42] -- Implementing module 'p_hls_fptosi_double_s' 
INFO: [HLS 200-10] ----------------------------------------------------------------
INFO: [SCHED 204-11] Starting scheduling ...
INFO: [SCHED 204-11] Finished scheduling.
INFO: [HLS 200-111]  Elapsed time: 10.017 seconds; current allocated memory: 206.160 MB.
INFO: [BIND 205-100] Starting micro-architecture generation ...
INFO: [BIND 205-101] Performing variable lifetime analysis.
INFO: [BIND 205-101] Exploring resource sharing.
INFO: [BIND 205-101] Binding ...
INFO: [BIND 205-100] Finished micro-architecture generation.
INFO: [HLS 200-111]  Elapsed time: 0.07 seconds; current allocated memory: 206.266 MB.
INFO: [HLS 200-10] ----------------------------------------------------------------
INFO: [HLS 200-42] -- Implementing module 'jacobi_HLS' 
INFO: [HLS 200-10] ----------------------------------------------------------------
INFO: [SCHED 204-11] Starting scheduling ...
INFO: [SCHED 204-61] Pipelining loop 'Loop 1'.
INFO: [SCHED 204-61] Pipelining result : Target II = 1, Final II = 1, Depth = 1.
INFO: [SCHED 204-61] Pipelining loop 'Loop 18'.
WARNING: [SCHED 204-68] Unable to enforce a carried constraint (II = 1)
   between 'dadd' operation ('sum', Jacobi/main.c:41) and 'dadd' operation ('sum', Jacobi/main.c:41).
WARNING: [SCHED 204-68] Unable to enforce a carried constraint (II = 2)
   between 'dadd' operation ('sum', Jacobi/main.c:41) and 'dadd' operation ('sum', Jacobi/main.c:41).
WARNING: [SCHED 204-68] Unable to enforce a carried constraint (II = 3)
   between 'dadd' operation ('sum', Jacobi/main.c:41) and 'dadd' operation ('sum', Jacobi/main.c:41).
WARNING: [SCHED 204-68] Unable to enforce a carried constraint (II = 4)
   between 'dadd' operation ('sum', Jacobi/main.c:41) and 'dadd' operation ('sum', Jacobi/main.c:41).
INFO: [SCHED 204-61] Pipelining result : Target II = 1, Final II = 5, Depth = 14.
INFO: [SCHED 204-11] Finished scheduling.
INFO: [HLS 200-111]  Elapsed time: 1.78 seconds; current allocated memory: 210.705 MB.
INFO: [HLS 200-434] Only 2 loops out of a total 34 loops have been pipelined in this design.
INFO: [BIND 205-100] Starting micro-architecture generation ...
INFO: [BIND 205-101] Performing variable lifetime analysis.
INFO: [BIND 205-101] Exploring resource sharing.
INFO: [BIND 205-101] Binding ...
INFO: [BIND 205-100] Finished micro-architecture generation.
INFO: [HLS 200-111]  Elapsed time: 3.973 seconds; current allocated memory: 221.801 MB.
INFO: [HLS 200-10] ----------------------------------------------------------------
INFO: [HLS 200-10] -- Generating RTL for module 'p_hls_fptosi_double_s' 
INFO: [HLS 200-10] ----------------------------------------------------------------
INFO: [RTGEN 206-100] Finished creating RTL model for 'p_hls_fptosi_double_s'.
INFO: [HLS 200-111]  Elapsed time: 1.916 seconds; current allocated memory: 222.431 MB.
INFO: [HLS 200-10] ----------------------------------------------------------------
INFO: [HLS 200-10] -- Generating RTL for module 'jacobi_HLS' 
INFO: [HLS 200-10] ----------------------------------------------------------------
INFO: [RTGEN 206-500] Setting interface mode on port 'jacobi_HLS/J' to 'ap_memory'.
INFO: [RTGEN 206-500] Setting interface mode on port 'jacobi_HLS/b' to 'ap_memory'.
INFO: [RTGEN 206-500] Setting interface mode on port 'jacobi_HLS/x' to 'ap_memory'.
INFO: [RTGEN 206-500] Setting interface mode on function 'jacobi_HLS' to 'ap_ctrl_hs'.
INFO: [SYN 201-210] Renamed object name 'jacobi_HLS_dadddsub_64ns_64ns_64_5_full_dsp_1' to 'jacobi_HLS_dadddsbkb' due to the length limit 20
INFO: [SYN 201-210] Renamed object name 'jacobi_HLS_dmul_64ns_64ns_64_6_max_dsp_1' to 'jacobi_HLS_dmul_6cud' due to the length limit 20
INFO: [SYN 201-210] Renamed object name 'jacobi_HLS_ddiv_64ns_64ns_64_31_1' to 'jacobi_HLS_ddiv_6dEe' due to the length limit 20
INFO: [SYN 201-210] Renamed object name 'jacobi_HLS_sitodp_32ns_64_6_1' to 'jacobi_HLS_sitodpeOg' due to the length limit 20
INFO: [SYN 201-210] Renamed object name 'jacobi_HLS_dsqrt_64ns_64ns_64_31_1' to 'jacobi_HLS_dsqrt_fYi' due to the length limit 20
INFO: [RTGEN 206-100] Generating core module 'jacobi_HLS_dadddsbkb': 1 instance(s).
INFO: [RTGEN 206-100] Generating core module 'jacobi_HLS_ddiv_6dEe': 1 instance(s).
INFO: [RTGEN 206-100] Generating core module 'jacobi_HLS_dmul_6cud': 1 instance(s).
INFO: [RTGEN 206-100] Generating core module 'jacobi_HLS_dsqrt_fYi': 1 instance(s).
INFO: [RTGEN 206-100] Generating core module 'jacobi_HLS_sitodpeOg': 1 instance(s).
INFO: [RTGEN 206-100] Finished creating RTL model for 'jacobi_HLS'.
INFO: [HLS 200-111]  Elapsed time: 1.442 seconds; current allocated memory: 233.854 MB.
INFO: [RTMG 210-278] Implementing memory 'jacobi_HLS_x_prev_ram (RAM)' using distributed RAMs.
INFO: [HLS 200-111] Finished generating all RTL models Time (s): cpu = 00:00:15 ; elapsed = 00:00:25 . Memory (MB): peak = 311.531 ; gain = 227.000
INFO: [SYSC 207-301] Generating SystemC RTL for jacobi_HLS.
INFO: [VHDL 208-304] Generating VHDL RTL for jacobi_HLS.
INFO: [VLOG 209-307] Generating Verilog RTL for jacobi_HLS.
INFO: [HLS 200-112] Total elapsed time: 25.231 seconds; peak allocated memory: 233.854 MB.
