==============================================================
File generated on Mon May 27 22:02:57 +0200 2019
Vivado(TM) HLS - High-Level Synthesis from C, C++ and SystemC v2018.3 (64-bit)
SW Build 2405991 on Thu Dec  6 23:38:27 MST 2018
IP Build 2404404 on Fri Dec  7 01:43:56 MST 2018
Copyright 1986-2018 Xilinx, Inc. All Rights Reserved.
==============================================================
INFO: [SYN 201-201] Setting up clock 'default' with a period of 10ns.
INFO: [HLS 200-10] Setting target device to 'xc7z020clg400-1'
INFO: [SCHED 204-61] Option 'relax_ii_for_timing' is enabled, will increase II to preserve clock frequency constraints.
INFO: [HLS 200-10] Analyzing design file 'Jacobi/main.c' ... 
WARNING: [HLS 200-40] In file included from Jacobi/main.c:1:
Jacobi/main.c:18:3: warning: array index 16 is past the end of the array (which contains 16 elements) [-Warray-bounds]
  x_prev[16]=x_new[16];
  ^      ~~
Jacobi/main.c:7:2: note: array 'x_prev' declared here
 int x_prev[16], x_new[16];
 ^
Jacobi/main.c:18:14: warning: array index 16 is past the end of the array (which contains 16 elements) [-Warray-bounds]
  x_prev[16]=x_new[16];
             ^     ~~
Jacobi/main.c:7:2: note: array 'x_new' declared here
 int x_prev[16], x_new[16];
 ^
2 warnings generated.
INFO: [HLS 200-111] Finished Linking Time (s): cpu = 00:00:00 ; elapsed = 00:00:06 . Memory (MB): peak = 102.871 ; gain = 18.031
INFO: [HLS 200-111] Finished Checking Pragmas Time (s): cpu = 00:00:00 ; elapsed = 00:00:06 . Memory (MB): peak = 102.871 ; gain = 18.031
INFO: [HLS 200-10] Starting code transformations ...
INFO: [HLS 200-111] Finished Standard Transforms Time (s): cpu = 00:00:01 ; elapsed = 00:00:08 . Memory (MB): peak = 152.219 ; gain = 67.379
INFO: [HLS 200-10] Checking synthesizability ...
INFO: [XFORM 203-602] Inlining function 'fp_struct<double>::mantissa' into 'generic_cast_IEEE754<int, (ap_q_mode)6, double>' (r:/builds/2018.3/continuous/2018_12_06_2405991/src/products/hls/hls_lib/hlsmath/include/FloatingPoint\hls_case_IEEE754.h:14) automatically.
INFO: [XFORM 203-602] Inlining function 'fp_struct<double>::expv' into 'generic_cast_IEEE754<int, (ap_q_mode)6, double>' (r:/builds/2018.3/continuous/2018_12_06_2405991/src/products/hls/hls_lib/hlsmath/include/FloatingPoint\hls_case_IEEE754.h:17) automatically.
INFO: [XFORM 203-602] Inlining function 'fp_struct<double>::__signbit' into 'generic_cast_IEEE754<int, (ap_q_mode)6, double>' (r:/builds/2018.3/continuous/2018_12_06_2405991/src/products/hls/hls_lib/hlsmath/include/FloatingPoint\hls_case_IEEE754.h:58) automatically.
INFO: [XFORM 203-602] Inlining function 'generic_cast_IEEE754<int, (ap_q_mode)6, double>' into 'generic_cast_IEEE754<int, double>' (r:/builds/2018.3/continuous/2018_12_06_2405991/src/products/hls/hls_lib/hlsmath/include/FloatingPoint\hls_case_IEEE754.h:116) automatically.
INFO: [XFORM 203-602] Inlining function 'generic_cast_IEEE754<int, double>' into '__hls_fptosi_double_i32' (r:/builds/2018.3/continuous/2018_12_06_2405991/src/products/hls/hls_lib/hlsmath/src/lib_floatconversion.cpp:54) automatically.
INFO: [XFORM 203-602] Inlining function '__hls_fptosi_double_i32' into 'jacobi_HLS' (Jacobi/main.c:30) automatically.
WARNING: [SYNCHK 200-62] Jacobi/main.c:18: warning: out of bound array access on variable 'x_new'.
INFO: [SYNCHK 200-10] 0 error(s), 1 warning(s).
INFO: [HLS 200-111] Finished Checking Synthesizability Time (s): cpu = 00:00:01 ; elapsed = 00:00:08 . Memory (MB): peak = 180.875 ; gain = 96.035
INFO: [HLS 200-489] Unrolling loop 'inicializacion' (Jacobi/main.c:10) in function 'jacobi_HLS' completely with a factor of 16.
WARNING: [XFORM 203-505] Pipeline directive for loop 'inicializacion' (Jacobi/main.c:10) in function 'jacobi_HLS' has been removed because the loop is unrolled completely.
INFO: [HLS 200-489] Unrolling loop 'Iteracciones' (Jacobi/main.c:16) in function 'jacobi_HLS' completely with a factor of 16.
INFO: [HLS 200-489] Unrolling loop 'Columnas' (Jacobi/main.c:20) in function 'jacobi_HLS' completely with a factor of 4.
INFO: [HLS 200-489] Unrolling loop 'filas' (Jacobi/main.c:23) in function 'jacobi_HLS' completely with a factor of 4.
INFO: [HLS 200-489] Unrolling loop 'calculo_error' (Jacobi/main.c:36) in function 'jacobi_HLS' completely with a factor of 16.
INFO: [XFORM 203-602] Inlining function 'fp_struct<double>::mantissa' into 'generic_cast_IEEE754<int, (ap_q_mode)6, double>' (r:/builds/2018.3/continuous/2018_12_06_2405991/src/products/hls/hls_lib/hlsmath/include/FloatingPoint\hls_case_IEEE754.h:14) automatically.
INFO: [XFORM 203-602] Inlining function 'fp_struct<double>::expv' into 'generic_cast_IEEE754<int, (ap_q_mode)6, double>' (r:/builds/2018.3/continuous/2018_12_06_2405991/src/products/hls/hls_lib/hlsmath/include/FloatingPoint\hls_case_IEEE754.h:17) automatically.
INFO: [XFORM 203-602] Inlining function 'fp_struct<double>::__signbit' into 'generic_cast_IEEE754<int, (ap_q_mode)6, double>' (r:/builds/2018.3/continuous/2018_12_06_2405991/src/products/hls/hls_lib/hlsmath/include/FloatingPoint\hls_case_IEEE754.h:58) automatically.
INFO: [XFORM 203-602] Inlining function 'generic_cast_IEEE754<int, (ap_q_mode)6, double>' into 'generic_cast_IEEE754<int, double>' (r:/builds/2018.3/continuous/2018_12_06_2405991/src/products/hls/hls_lib/hlsmath/include/FloatingPoint\hls_case_IEEE754.h:116) automatically.
INFO: [XFORM 203-602] Inlining function 'generic_cast_IEEE754<int, double>' into '__hls_fptosi_double_i32' (r:/builds/2018.3/continuous/2018_12_06_2405991/src/products/hls/hls_lib/hlsmath/src/lib_floatconversion.cpp:54) automatically.
INFO: [XFORM 203-602] Inlining function '__hls_fptosi_double_i32' into 'jacobi_HLS' (Jacobi/main.c:30) automatically.
INFO: [HLS 200-111] Finished Pre-synthesis Time (s): cpu = 00:00:02 ; elapsed = 00:00:09 . Memory (MB): peak = 239.320 ; gain = 154.480
INFO: [HLS 200-111] Finished Architecture Synthesis Time (s): cpu = 00:00:03 ; elapsed = 00:00:10 . Memory (MB): peak = 253.840 ; gain = 169.000
INFO: [HLS 200-10] Starting hardware synthesis ...
INFO: [HLS 200-10] Synthesizing 'jacobi_HLS' ...
INFO: [HLS 200-10] ----------------------------------------------------------------
INFO: [HLS 200-42] -- Implementing module 'jacobi_HLS' 
INFO: [HLS 200-10] ----------------------------------------------------------------
INFO: [SCHED 204-11] Starting scheduling ...
INFO: [SCHED 204-11] Finished scheduling.
INFO: [HLS 200-111]  Elapsed time: 9.793 seconds; current allocated memory: 193.733 MB.
INFO: [BIND 205-100] Starting micro-architecture generation ...
INFO: [BIND 205-101] Performing variable lifetime analysis.
INFO: [BIND 205-101] Exploring resource sharing.
INFO: [BIND 205-101] Binding ...
INFO: [BIND 205-100] Finished micro-architecture generation.
INFO: [HLS 200-111]  Elapsed time: 0.42 seconds; current allocated memory: 194.964 MB.
INFO: [HLS 200-10] ----------------------------------------------------------------
INFO: [HLS 200-10] -- Generating RTL for module 'jacobi_HLS' 
INFO: [HLS 200-10] ----------------------------------------------------------------
INFO: [RTGEN 206-500] Setting interface mode on port 'jacobi_HLS/J' to 'ap_memory'.
INFO: [RTGEN 206-500] Setting interface mode on port 'jacobi_HLS/b' to 'ap_memory'.
INFO: [RTGEN 206-500] Setting interface mode on port 'jacobi_HLS/x' to 'ap_memory'.
INFO: [RTGEN 206-500] Setting interface mode on function 'jacobi_HLS' to 'ap_ctrl_hs'.
INFO: [SYN 201-210] Renamed object name 'jacobi_HLS_dadd_64ns_64ns_64_5_full_dsp_1' to 'jacobi_HLS_dadd_6bkb' due to the length limit 20
INFO: [SYN 201-210] Renamed object name 'jacobi_HLS_dmul_64ns_64ns_64_6_max_dsp_1' to 'jacobi_HLS_dmul_6cud' due to the length limit 20
INFO: [SYN 201-210] Renamed object name 'jacobi_HLS_ddiv_64ns_64ns_64_31_1' to 'jacobi_HLS_ddiv_6dEe' due to the length limit 20
INFO: [SYN 201-210] Renamed object name 'jacobi_HLS_sitodp_32ns_64_6_1' to 'jacobi_HLS_sitodpeOg' due to the length limit 20
INFO: [SYN 201-210] Renamed object name 'jacobi_HLS_dsqrt_64ns_64ns_64_31_1' to 'jacobi_HLS_dsqrt_fYi' due to the length limit 20
INFO: [RTGEN 206-100] Generating core module 'jacobi_HLS_dadd_6bkb': 1 instance(s).
INFO: [RTGEN 206-100] Generating core module 'jacobi_HLS_ddiv_6dEe': 2 instance(s).
INFO: [RTGEN 206-100] Generating core module 'jacobi_HLS_dmul_6cud': 2 instance(s).
INFO: [RTGEN 206-100] Generating core module 'jacobi_HLS_dsqrt_fYi': 1 instance(s).
INFO: [RTGEN 206-100] Generating core module 'jacobi_HLS_sitodpeOg': 4 instance(s).
INFO: [RTGEN 206-100] Finished creating RTL model for 'jacobi_HLS'.
INFO: [HLS 200-111]  Elapsed time: 0.579 seconds; current allocated memory: 197.128 MB.
INFO: [HLS 200-111] Finished generating all RTL models Time (s): cpu = 00:00:05 ; elapsed = 00:00:13 . Memory (MB): peak = 255.719 ; gain = 170.879
INFO: [SYSC 207-301] Generating SystemC RTL for jacobi_HLS.
INFO: [VHDL 208-304] Generating VHDL RTL for jacobi_HLS.
INFO: [VLOG 209-307] Generating Verilog RTL for jacobi_HLS.
INFO: [HLS 200-112] Total elapsed time: 13.16 seconds; peak allocated memory: 197.128 MB.
==============================================================
File generated on Tue May 28 11:39:54 +0200 2019
Vivado(TM) HLS - High-Level Synthesis from C, C++ and SystemC v2018.3 (64-bit)
SW Build 2405991 on Thu Dec  6 23:38:27 MST 2018
IP Build 2404404 on Fri Dec  7 01:43:56 MST 2018
Copyright 1986-2018 Xilinx, Inc. All Rights Reserved.
==============================================================
INFO: [SYN 201-201] Setting up clock 'default' with a period of 10ns.
INFO: [HLS 200-10] Setting target device to 'xc7z020clg400-1'
INFO: [SCHED 204-61] Option 'relax_ii_for_timing' is enabled, will increase II to preserve clock frequency constraints.
INFO: [HLS 200-10] Analyzing design file 'Jacobi/main.c' ... 
WARNING: [HLS 200-40] In file included from Jacobi/main.c:1:
Jacobi/main.c:18:3: warning: array index 16 is past the end of the array (which contains 16 elements) [-Warray-bounds]
  x_prev[16]=x_new[16];
  ^      ~~
Jacobi/main.c:7:2: note: array 'x_prev' declared here
 int x_prev[16], x_new[16];
 ^
Jacobi/main.c:18:14: warning: array index 16 is past the end of the array (which contains 16 elements) [-Warray-bounds]
  x_prev[16]=x_new[16];
             ^     ~~
Jacobi/main.c:7:2: note: array 'x_new' declared here
 int x_prev[16], x_new[16];
 ^
2 warnings generated.
INFO: [HLS 200-111] Finished Linking Time (s): cpu = 00:00:00 ; elapsed = 00:00:06 . Memory (MB): peak = 103.230 ; gain = 18.598
INFO: [HLS 200-111] Finished Checking Pragmas Time (s): cpu = 00:00:00 ; elapsed = 00:00:06 . Memory (MB): peak = 103.230 ; gain = 18.598
INFO: [HLS 200-10] Starting code transformations ...
INFO: [HLS 200-111] Finished Standard Transforms Time (s): cpu = 00:00:01 ; elapsed = 00:00:08 . Memory (MB): peak = 153.520 ; gain = 68.887
INFO: [HLS 200-10] Checking synthesizability ...
INFO: [XFORM 203-602] Inlining function 'fp_struct<double>::mantissa' into 'generic_cast_IEEE754<int, (ap_q_mode)6, double>' (r:/builds/2018.3/continuous/2018_12_06_2405991/src/products/hls/hls_lib/hlsmath/include/FloatingPoint\hls_case_IEEE754.h:14) automatically.
INFO: [XFORM 203-602] Inlining function 'fp_struct<double>::expv' into 'generic_cast_IEEE754<int, (ap_q_mode)6, double>' (r:/builds/2018.3/continuous/2018_12_06_2405991/src/products/hls/hls_lib/hlsmath/include/FloatingPoint\hls_case_IEEE754.h:17) automatically.
INFO: [XFORM 203-602] Inlining function 'fp_struct<double>::__signbit' into 'generic_cast_IEEE754<int, (ap_q_mode)6, double>' (r:/builds/2018.3/continuous/2018_12_06_2405991/src/products/hls/hls_lib/hlsmath/include/FloatingPoint\hls_case_IEEE754.h:58) automatically.
INFO: [XFORM 203-602] Inlining function 'generic_cast_IEEE754<int, (ap_q_mode)6, double>' into 'generic_cast_IEEE754<int, double>' (r:/builds/2018.3/continuous/2018_12_06_2405991/src/products/hls/hls_lib/hlsmath/include/FloatingPoint\hls_case_IEEE754.h:116) automatically.
INFO: [XFORM 203-602] Inlining function 'generic_cast_IEEE754<int, double>' into '__hls_fptosi_double_i32' (r:/builds/2018.3/continuous/2018_12_06_2405991/src/products/hls/hls_lib/hlsmath/src/lib_floatconversion.cpp:54) automatically.
INFO: [XFORM 203-602] Inlining function '__hls_fptosi_double_i32' into 'jacobi_HLS' (Jacobi/main.c:30) automatically.
WARNING: [SYNCHK 200-62] Jacobi/main.c:18: warning: out of bound array access on variable 'x_new'.
INFO: [SYNCHK 200-10] 0 error(s), 1 warning(s).
INFO: [HLS 200-111] Finished Checking Synthesizability Time (s): cpu = 00:00:01 ; elapsed = 00:00:08 . Memory (MB): peak = 181.777 ; gain = 97.145
INFO: [HLS 200-489] Unrolling loop 'inicializacion' (Jacobi/main.c:10) in function 'jacobi_HLS' completely with a factor of 16.
WARNING: [XFORM 203-505] Pipeline directive for loop 'inicializacion' (Jacobi/main.c:10) in function 'jacobi_HLS' has been removed because the loop is unrolled completely.
INFO: [HLS 200-489] Unrolling loop 'Iteracciones' (Jacobi/main.c:16) in function 'jacobi_HLS' completely with a factor of 16.
INFO: [HLS 200-489] Unrolling loop 'Columnas' (Jacobi/main.c:20) in function 'jacobi_HLS' completely with a factor of 4.
INFO: [HLS 200-489] Unrolling loop 'filas' (Jacobi/main.c:23) in function 'jacobi_HLS' completely with a factor of 4.
INFO: [HLS 200-489] Unrolling loop 'calculo_error' (Jacobi/main.c:36) in function 'jacobi_HLS' completely with a factor of 16.
INFO: [XFORM 203-602] Inlining function 'fp_struct<double>::mantissa' into 'generic_cast_IEEE754<int, (ap_q_mode)6, double>' (r:/builds/2018.3/continuous/2018_12_06_2405991/src/products/hls/hls_lib/hlsmath/include/FloatingPoint\hls_case_IEEE754.h:14) automatically.
INFO: [XFORM 203-602] Inlining function 'fp_struct<double>::expv' into 'generic_cast_IEEE754<int, (ap_q_mode)6, double>' (r:/builds/2018.3/continuous/2018_12_06_2405991/src/products/hls/hls_lib/hlsmath/include/FloatingPoint\hls_case_IEEE754.h:17) automatically.
INFO: [XFORM 203-602] Inlining function 'fp_struct<double>::__signbit' into 'generic_cast_IEEE754<int, (ap_q_mode)6, double>' (r:/builds/2018.3/continuous/2018_12_06_2405991/src/products/hls/hls_lib/hlsmath/include/FloatingPoint\hls_case_IEEE754.h:58) automatically.
INFO: [XFORM 203-602] Inlining function 'generic_cast_IEEE754<int, (ap_q_mode)6, double>' into 'generic_cast_IEEE754<int, double>' (r:/builds/2018.3/continuous/2018_12_06_2405991/src/products/hls/hls_lib/hlsmath/include/FloatingPoint\hls_case_IEEE754.h:116) automatically.
INFO: [XFORM 203-602] Inlining function 'generic_cast_IEEE754<int, double>' into '__hls_fptosi_double_i32' (r:/builds/2018.3/continuous/2018_12_06_2405991/src/products/hls/hls_lib/hlsmath/src/lib_floatconversion.cpp:54) automatically.
INFO: [XFORM 203-602] Inlining function '__hls_fptosi_double_i32' into 'jacobi_HLS' (Jacobi/main.c:30) automatically.
INFO: [HLS 200-111] Finished Pre-synthesis Time (s): cpu = 00:00:02 ; elapsed = 00:00:09 . Memory (MB): peak = 240.473 ; gain = 155.840
INFO: [HLS 200-111] Finished Architecture Synthesis Time (s): cpu = 00:00:03 ; elapsed = 00:00:09 . Memory (MB): peak = 255.258 ; gain = 170.625
INFO: [HLS 200-10] Starting hardware synthesis ...
INFO: [HLS 200-10] Synthesizing 'jacobi_HLS' ...
INFO: [HLS 200-10] ----------------------------------------------------------------
INFO: [HLS 200-42] -- Implementing module 'jacobi_HLS' 
INFO: [HLS 200-10] ----------------------------------------------------------------
INFO: [SCHED 204-11] Starting scheduling ...
INFO: [SCHED 204-11] Finished scheduling.
INFO: [HLS 200-111]  Elapsed time: 9.644 seconds; current allocated memory: 193.749 MB.
INFO: [BIND 205-100] Starting micro-architecture generation ...
INFO: [BIND 205-101] Performing variable lifetime analysis.
INFO: [BIND 205-101] Exploring resource sharing.
INFO: [BIND 205-101] Binding ...
INFO: [BIND 205-100] Finished micro-architecture generation.
INFO: [HLS 200-111]  Elapsed time: 0.426 seconds; current allocated memory: 194.980 MB.
INFO: [HLS 200-10] ----------------------------------------------------------------
INFO: [HLS 200-10] -- Generating RTL for module 'jacobi_HLS' 
INFO: [HLS 200-10] ----------------------------------------------------------------
INFO: [RTGEN 206-500] Setting interface mode on port 'jacobi_HLS/J' to 'ap_memory'.
INFO: [RTGEN 206-500] Setting interface mode on port 'jacobi_HLS/b' to 'ap_memory'.
INFO: [RTGEN 206-500] Setting interface mode on port 'jacobi_HLS/x' to 'ap_memory'.
INFO: [RTGEN 206-500] Setting interface mode on function 'jacobi_HLS' to 'ap_ctrl_hs'.
INFO: [SYN 201-210] Renamed object name 'jacobi_HLS_dadd_64ns_64ns_64_5_full_dsp_1' to 'jacobi_HLS_dadd_6bkb' due to the length limit 20
INFO: [SYN 201-210] Renamed object name 'jacobi_HLS_dmul_64ns_64ns_64_6_max_dsp_1' to 'jacobi_HLS_dmul_6cud' due to the length limit 20
INFO: [SYN 201-210] Renamed object name 'jacobi_HLS_ddiv_64ns_64ns_64_31_1' to 'jacobi_HLS_ddiv_6dEe' due to the length limit 20
INFO: [SYN 201-210] Renamed object name 'jacobi_HLS_sitodp_32ns_64_6_1' to 'jacobi_HLS_sitodpeOg' due to the length limit 20
INFO: [SYN 201-210] Renamed object name 'jacobi_HLS_dsqrt_64ns_64ns_64_31_1' to 'jacobi_HLS_dsqrt_fYi' due to the length limit 20
INFO: [RTGEN 206-100] Generating core module 'jacobi_HLS_dadd_6bkb': 1 instance(s).
INFO: [RTGEN 206-100] Generating core module 'jacobi_HLS_ddiv_6dEe': 2 instance(s).
INFO: [RTGEN 206-100] Generating core module 'jacobi_HLS_dmul_6cud': 2 instance(s).
INFO: [RTGEN 206-100] Generating core module 'jacobi_HLS_dsqrt_fYi': 1 instance(s).
INFO: [RTGEN 206-100] Generating core module 'jacobi_HLS_sitodpeOg': 4 instance(s).
INFO: [RTGEN 206-100] Finished creating RTL model for 'jacobi_HLS'.
INFO: [HLS 200-111]  Elapsed time: 0.615 seconds; current allocated memory: 197.143 MB.
INFO: [HLS 200-111] Finished generating all RTL models Time (s): cpu = 00:00:06 ; elapsed = 00:00:13 . Memory (MB): peak = 256.445 ; gain = 171.813
INFO: [SYSC 207-301] Generating SystemC RTL for jacobi_HLS.
INFO: [VHDL 208-304] Generating VHDL RTL for jacobi_HLS.
INFO: [VLOG 209-307] Generating Verilog RTL for jacobi_HLS.
INFO: [HLS 200-112] Total elapsed time: 13.125 seconds; peak allocated memory: 197.143 MB.
==============================================================
File generated on Tue May 28 12:57:52 +0200 2019
Vivado(TM) HLS - High-Level Synthesis from C, C++ and SystemC v2018.3 (64-bit)
SW Build 2405991 on Thu Dec  6 23:38:27 MST 2018
IP Build 2404404 on Fri Dec  7 01:43:56 MST 2018
Copyright 1986-2018 Xilinx, Inc. All Rights Reserved.
==============================================================
INFO: [SYN 201-201] Setting up clock 'default' with a period of 10ns.
INFO: [HLS 200-10] Setting target device to 'xc7z020clg400-1'
INFO: [SCHED 204-61] Option 'relax_ii_for_timing' is enabled, will increase II to preserve clock frequency constraints.
INFO: [HLS 200-10] Analyzing design file 'Jacobi/main.c' ... 
WARNING: [HLS 200-40] In file included from Jacobi/main.c:1:
Jacobi/main.c:18:3: warning: array index 16 is past the end of the array (which contains 16 elements) [-Warray-bounds]
  x_prev[16]=x_new[16];
  ^      ~~
Jacobi/main.c:7:2: note: array 'x_prev' declared here
 int x_prev[16], x_new[16];
 ^
Jacobi/main.c:18:14: warning: array index 16 is past the end of the array (which contains 16 elements) [-Warray-bounds]
  x_prev[16]=x_new[16];
             ^     ~~
Jacobi/main.c:7:2: note: array 'x_new' declared here
 int x_prev[16], x_new[16];
 ^
2 warnings generated.
INFO: [HLS 200-111] Finished Linking Time (s): cpu = 00:00:00 ; elapsed = 00:00:06 . Memory (MB): peak = 103.008 ; gain = 18.016
INFO: [HLS 200-111] Finished Checking Pragmas Time (s): cpu = 00:00:00 ; elapsed = 00:00:06 . Memory (MB): peak = 103.008 ; gain = 18.016
INFO: [HLS 200-10] Starting code transformations ...
INFO: [HLS 200-111] Finished Standard Transforms Time (s): cpu = 00:00:01 ; elapsed = 00:00:08 . Memory (MB): peak = 152.348 ; gain = 67.355
INFO: [HLS 200-10] Checking synthesizability ...
INFO: [XFORM 203-602] Inlining function 'fp_struct<double>::mantissa' into 'generic_cast_IEEE754<int, (ap_q_mode)6, double>' (r:/builds/2018.3/continuous/2018_12_06_2405991/src/products/hls/hls_lib/hlsmath/include/FloatingPoint\hls_case_IEEE754.h:14) automatically.
INFO: [XFORM 203-602] Inlining function 'fp_struct<double>::expv' into 'generic_cast_IEEE754<int, (ap_q_mode)6, double>' (r:/builds/2018.3/continuous/2018_12_06_2405991/src/products/hls/hls_lib/hlsmath/include/FloatingPoint\hls_case_IEEE754.h:17) automatically.
INFO: [XFORM 203-602] Inlining function 'fp_struct<double>::__signbit' into 'generic_cast_IEEE754<int, (ap_q_mode)6, double>' (r:/builds/2018.3/continuous/2018_12_06_2405991/src/products/hls/hls_lib/hlsmath/include/FloatingPoint\hls_case_IEEE754.h:58) automatically.
INFO: [XFORM 203-602] Inlining function 'generic_cast_IEEE754<int, (ap_q_mode)6, double>' into 'generic_cast_IEEE754<int, double>' (r:/builds/2018.3/continuous/2018_12_06_2405991/src/products/hls/hls_lib/hlsmath/include/FloatingPoint\hls_case_IEEE754.h:116) automatically.
INFO: [XFORM 203-602] Inlining function 'generic_cast_IEEE754<int, double>' into '__hls_fptosi_double_i32' (r:/builds/2018.3/continuous/2018_12_06_2405991/src/products/hls/hls_lib/hlsmath/src/lib_floatconversion.cpp:54) automatically.
INFO: [XFORM 203-602] Inlining function '__hls_fptosi_double_i32' into 'jacobi_HLS' (Jacobi/main.c:30) automatically.
WARNING: [SYNCHK 200-62] Jacobi/main.c:18: warning: out of bound array access on variable 'x_new'.
INFO: [SYNCHK 200-10] 0 error(s), 1 warning(s).
INFO: [HLS 200-111] Finished Checking Synthesizability Time (s): cpu = 00:00:02 ; elapsed = 00:00:08 . Memory (MB): peak = 181.352 ; gain = 96.359
INFO: [HLS 200-489] Unrolling loop 'inicializacion' (Jacobi/main.c:10) in function 'jacobi_HLS' completely with a factor of 16.
WARNING: [XFORM 203-505] Pipeline directive for loop 'inicializacion' (Jacobi/main.c:10) in function 'jacobi_HLS' has been removed because the loop is unrolled completely.
INFO: [HLS 200-489] Unrolling loop 'Iteracciones' (Jacobi/main.c:16) in function 'jacobi_HLS' completely with a factor of 16.
INFO: [HLS 200-489] Unrolling loop 'Columnas' (Jacobi/main.c:20) in function 'jacobi_HLS' completely with a factor of 4.
INFO: [HLS 200-489] Unrolling loop 'filas' (Jacobi/main.c:23) in function 'jacobi_HLS' completely with a factor of 4.
INFO: [HLS 200-489] Unrolling loop 'calculo_error' (Jacobi/main.c:36) in function 'jacobi_HLS' completely with a factor of 16.
INFO: [XFORM 203-602] Inlining function 'fp_struct<double>::mantissa' into 'generic_cast_IEEE754<int, (ap_q_mode)6, double>' (r:/builds/2018.3/continuous/2018_12_06_2405991/src/products/hls/hls_lib/hlsmath/include/FloatingPoint\hls_case_IEEE754.h:14) automatically.
INFO: [XFORM 203-602] Inlining function 'fp_struct<double>::expv' into 'generic_cast_IEEE754<int, (ap_q_mode)6, double>' (r:/builds/2018.3/continuous/2018_12_06_2405991/src/products/hls/hls_lib/hlsmath/include/FloatingPoint\hls_case_IEEE754.h:17) automatically.
INFO: [XFORM 203-602] Inlining function 'fp_struct<double>::__signbit' into 'generic_cast_IEEE754<int, (ap_q_mode)6, double>' (r:/builds/2018.3/continuous/2018_12_06_2405991/src/products/hls/hls_lib/hlsmath/include/FloatingPoint\hls_case_IEEE754.h:58) automatically.
INFO: [XFORM 203-602] Inlining function 'generic_cast_IEEE754<int, (ap_q_mode)6, double>' into 'generic_cast_IEEE754<int, double>' (r:/builds/2018.3/continuous/2018_12_06_2405991/src/products/hls/hls_lib/hlsmath/include/FloatingPoint\hls_case_IEEE754.h:116) automatically.
INFO: [XFORM 203-602] Inlining function 'generic_cast_IEEE754<int, double>' into '__hls_fptosi_double_i32' (r:/builds/2018.3/continuous/2018_12_06_2405991/src/products/hls/hls_lib/hlsmath/src/lib_floatconversion.cpp:54) automatically.
INFO: [XFORM 203-602] Inlining function '__hls_fptosi_double_i32' into 'jacobi_HLS' (Jacobi/main.c:30) automatically.
INFO: [HLS 200-111] Finished Pre-synthesis Time (s): cpu = 00:00:03 ; elapsed = 00:00:09 . Memory (MB): peak = 240.258 ; gain = 155.266
INFO: [HLS 200-111] Finished Architecture Synthesis Time (s): cpu = 00:00:03 ; elapsed = 00:00:09 . Memory (MB): peak = 254.781 ; gain = 169.789
INFO: [HLS 200-10] Starting hardware synthesis ...
INFO: [HLS 200-10] Synthesizing 'jacobi_HLS' ...
INFO: [HLS 200-10] ----------------------------------------------------------------
INFO: [HLS 200-42] -- Implementing module 'jacobi_HLS' 
INFO: [HLS 200-10] ----------------------------------------------------------------
INFO: [SCHED 204-11] Starting scheduling ...
INFO: [SCHED 204-11] Finished scheduling.
INFO: [HLS 200-111]  Elapsed time: 9.7 seconds; current allocated memory: 193.749 MB.
INFO: [BIND 205-100] Starting micro-architecture generation ...
INFO: [BIND 205-101] Performing variable lifetime analysis.
INFO: [BIND 205-101] Exploring resource sharing.
INFO: [BIND 205-101] Binding ...
INFO: [BIND 205-100] Finished micro-architecture generation.
INFO: [HLS 200-111]  Elapsed time: 0.445 seconds; current allocated memory: 194.980 MB.
INFO: [HLS 200-10] ----------------------------------------------------------------
INFO: [HLS 200-10] -- Generating RTL for module 'jacobi_HLS' 
INFO: [HLS 200-10] ----------------------------------------------------------------
INFO: [RTGEN 206-500] Setting interface mode on port 'jacobi_HLS/J' to 'ap_memory'.
INFO: [RTGEN 206-500] Setting interface mode on port 'jacobi_HLS/b' to 'ap_memory'.
INFO: [RTGEN 206-500] Setting interface mode on port 'jacobi_HLS/x' to 'ap_memory'.
INFO: [RTGEN 206-500] Setting interface mode on function 'jacobi_HLS' to 'ap_ctrl_hs'.
INFO: [SYN 201-210] Renamed object name 'jacobi_HLS_dadd_64ns_64ns_64_5_full_dsp_1' to 'jacobi_HLS_dadd_6bkb' due to the length limit 20
INFO: [SYN 201-210] Renamed object name 'jacobi_HLS_dmul_64ns_64ns_64_6_max_dsp_1' to 'jacobi_HLS_dmul_6cud' due to the length limit 20
INFO: [SYN 201-210] Renamed object name 'jacobi_HLS_ddiv_64ns_64ns_64_31_1' to 'jacobi_HLS_ddiv_6dEe' due to the length limit 20
INFO: [SYN 201-210] Renamed object name 'jacobi_HLS_sitodp_32ns_64_6_1' to 'jacobi_HLS_sitodpeOg' due to the length limit 20
INFO: [SYN 201-210] Renamed object name 'jacobi_HLS_dsqrt_64ns_64ns_64_31_1' to 'jacobi_HLS_dsqrt_fYi' due to the length limit 20
INFO: [RTGEN 206-100] Generating core module 'jacobi_HLS_dadd_6bkb': 1 instance(s).
INFO: [RTGEN 206-100] Generating core module 'jacobi_HLS_ddiv_6dEe': 2 instance(s).
INFO: [RTGEN 206-100] Generating core module 'jacobi_HLS_dmul_6cud': 2 instance(s).
INFO: [RTGEN 206-100] Generating core module 'jacobi_HLS_dsqrt_fYi': 1 instance(s).
INFO: [RTGEN 206-100] Generating core module 'jacobi_HLS_sitodpeOg': 4 instance(s).
INFO: [RTGEN 206-100] Finished creating RTL model for 'jacobi_HLS'.
INFO: [HLS 200-111]  Elapsed time: 0.647 seconds; current allocated memory: 197.143 MB.
INFO: [HLS 200-111] Finished generating all RTL models Time (s): cpu = 00:00:06 ; elapsed = 00:00:13 . Memory (MB): peak = 256.887 ; gain = 171.895
INFO: [SYSC 207-301] Generating SystemC RTL for jacobi_HLS.
INFO: [VHDL 208-304] Generating VHDL RTL for jacobi_HLS.
INFO: [VLOG 209-307] Generating Verilog RTL for jacobi_HLS.
INFO: [HLS 200-112] Total elapsed time: 13.291 seconds; peak allocated memory: 197.143 MB.
