

================================================================
== Vivado HLS Report for 'jacobi_HLS'
================================================================
* Date:           Mon May 27 13:05:55 2019

* Version:        2018.3 (Build 2405991 on Thu Dec 06 23:56:15 MST 2018)
* Project:        Jacobi
* Solution:       solution4
* Product family: zynq
* Target device:  xc7z020clg400-1


================================================================
== Performance Estimates
================================================================
+ Timing (ns): 
    * Summary: 
    +--------+-------+----------+------------+
    |  Clock | Target| Estimated| Uncertainty|
    +--------+-------+----------+------------+
    |ap_clk  |  10.00|     8.623|        1.25|
    +--------+-------+----------+------------+

+ Latency (clock cycles): 
    * Summary: 
    +-----+-----+-----+-----+---------+
    |  Latency  |  Interval | Pipeline|
    | min | max | min | max |   Type  |
    +-----+-----+-----+-----+---------+
    |  191|  191|  191|  191|   none  |
    +-----+-----+-----+-----+---------+

    + Detail: 
        * Instance: 
        N/A

        * Loop: 
        +----------+-----+-----+----------+-----------+-----------+------+----------+
        |          |  Latency  | Iteration|  Initiation Interval  | Trip |          |
        | Loop Name| min | max |  Latency |  achieved |   target  | Count| Pipelined|
        +----------+-----+-----+----------+-----------+-----------+------+----------+
        |- Loop 1  |   16|   16|         1|          1|          1|    16|    yes   |
        |- Loop 2  |   88|   88|        14|          5|          1|    16|    yes   |
        +----------+-----+-----+----------+-----------+-----------+------+----------+



================================================================
== Utilization Estimates
================================================================
* Summary: 
+-----------------+---------+-------+--------+-------+
|       Name      | BRAM_18K| DSP48E|   FF   |  LUT  |
+-----------------+---------+-------+--------+-------+
|DSP              |        -|      -|       -|      -|
|Expression       |        -|     15|       0|   3297|
|FIFO             |        -|      -|       -|      -|
|Instance         |        -|     28|   11426|  15530|
|Memory           |        4|      -|       0|      0|
|Multiplexer      |        -|      -|       -|    900|
|Register         |        0|      -|    1912|     32|
+-----------------+---------+-------+--------+-------+
|Total            |        4|     43|   13338|  19759|
+-----------------+---------+-------+--------+-------+
|Available        |      280|    220|  106400|  53200|
+-----------------+---------+-------+--------+-------+
|Utilization (%)  |        1|     19|      12|     37|
+-----------------+---------+-------+--------+-------+

+ Detail: 
    * Instance: 
    +--------------------------+----------------------+---------+-------+------+------+
    |         Instance         |        Module        | BRAM_18K| DSP48E|  FF  |  LUT |
    +--------------------------+----------------------+---------+-------+------+------+
    |jacobi_HLS_dadddsbkb_U1   |jacobi_HLS_dadddsbkb  |        0|      3|   445|  1149|
    |jacobi_HLS_ddiv_6eOg_U5   |jacobi_HLS_ddiv_6eOg  |        0|      0|  3211|  3658|
    |jacobi_HLS_ddiv_6eOg_U6   |jacobi_HLS_ddiv_6eOg  |        0|      0|  3211|  3658|
    |jacobi_HLS_dmul_6dEe_U3   |jacobi_HLS_dmul_6dEe  |        0|     11|   317|   578|
    |jacobi_HLS_dmul_6dEe_U4   |jacobi_HLS_dmul_6dEe  |        0|     11|   317|   578|
    |jacobi_HLS_dsqrt_g8j_U11  |jacobi_HLS_dsqrt_g8j  |        0|      0|  1832|  2180|
    |jacobi_HLS_dsub_6cud_U2   |jacobi_HLS_dsub_6cud  |        0|      3|   445|  1149|
    |jacobi_HLS_sitodpfYi_U7   |jacobi_HLS_sitodpfYi  |        0|      0|   412|   645|
    |jacobi_HLS_sitodpfYi_U8   |jacobi_HLS_sitodpfYi  |        0|      0|   412|   645|
    |jacobi_HLS_sitodpfYi_U9   |jacobi_HLS_sitodpfYi  |        0|      0|   412|   645|
    |jacobi_HLS_sitodpfYi_U10  |jacobi_HLS_sitodpfYi  |        0|      0|   412|   645|
    +--------------------------+----------------------+---------+-------+------+------+
    |Total                     |                      |        0|     28| 11426| 15530|
    +--------------------------+----------------------+---------+-------+------+------+

    * DSP48: 
    N/A

    * Memory: 
    +----------+-------------------+---------+---+----+------+-----+------+-------------+
    |  Memory  |       Module      | BRAM_18K| FF| LUT| Words| Bits| Banks| W*Bits*Banks|
    +----------+-------------------+---------+---+----+------+-----+------+-------------+
    |x_prev_U  |jacobi_HLS_x_prev  |        2|  0|   0|    16|   32|     1|          512|
    |x_new_U   |jacobi_HLS_x_prev  |        2|  0|   0|    16|   32|     1|          512|
    +----------+-------------------+---------+---+----+------+-----+------+-------------+
    |Total     |                   |        4|  0|   0|    32|   64|     2|         1024|
    +----------+-------------------+---------+---+----+------+-----+------+-------------+

    * FIFO: 
    N/A

    * Expression: 
    +------------------------+----------+-------+---+-----+------------+------------+
    |      Variable Name     | Operation| DSP48E| FF| LUT | Bitwidth P0| Bitwidth P1|
    +------------------------+----------+-------+---+-----+------------+------------+
    |tmp_10_fu_476_p2        |     *    |      3|  0|   20|          32|          32|
    |tmp_15_0_1_1_fu_481_p2  |     *    |      3|  0|   20|          32|          32|
    |tmp_15_0_2_2_fu_486_p2  |     *    |      3|  0|   20|          32|          32|
    |tmp_15_0_3_3_fu_491_p2  |     *    |      3|  0|   20|          32|          32|
    |tmp_4_fu_1088_p2        |     *    |      3|  0|   20|          32|          32|
    |i_1_fu_464_p2           |     +    |      0|  0|   15|           5|           1|
    |q_1_fu_1070_p2          |     +    |      0|  0|   15|           5|           1|
    |sh_assign_3_fu_670_p2   |     +    |      0|  0|   12|          11|          12|
    |sh_assign_6_fu_824_p2   |     +    |      0|  0|   12|          11|          12|
    |sh_assign_9_fu_954_p2   |     +    |      0|  0|   12|          11|          12|
    |sh_assign_fu_540_p2     |     +    |      0|  0|   12|          11|          12|
    |result_V_1_fu_756_p2    |     -    |      0|  0|   39|           1|          32|
    |result_V_3_fu_768_p2    |     -    |      0|  0|   39|           1|          32|
    |result_V_5_fu_1040_p2   |     -    |      0|  0|   39|           1|          32|
    |result_V_7_fu_1052_p2   |     -    |      0|  0|   39|           1|          32|
    |tmp_3_fu_1082_p2        |     -    |      0|  0|   39|          32|          32|
    |tmp_i_i_i1_fu_684_p2    |     -    |      0|  0|   13|          10|          11|
    |tmp_i_i_i2_fu_838_p2    |     -    |      0|  0|   13|          10|          11|
    |tmp_i_i_i3_fu_968_p2    |     -    |      0|  0|   13|          10|          11|
    |tmp_i_i_i_fu_554_p2     |     -    |      0|  0|   13|          10|          11|
    |exitcond4_fu_458_p2     |   icmp   |      0|  0|   11|           5|           6|
    |exitcond_fu_1064_p2     |   icmp   |      0|  0|   11|           5|           6|
    |r_V_2_fu_714_p2         |   lshr   |      0|  0|  162|          54|          54|
    |r_V_4_fu_868_p2         |   lshr   |      0|  0|  162|          54|          54|
    |r_V_6_fu_998_p2         |   lshr   |      0|  0|  162|          54|          54|
    |r_V_fu_584_p2           |   lshr   |      0|  0|  162|          54|          54|
    |p_Val2_20_fu_618_p3     |  select  |      0|  0|   32|           1|          32|
    |p_Val2_21_fu_761_p3     |  select  |      0|  0|   32|           1|          32|
    |p_Val2_22_fu_748_p3     |  select  |      0|  0|   32|           1|          32|
    |p_Val2_23_fu_773_p3     |  select  |      0|  0|   32|           1|          32|
    |p_Val2_24_fu_902_p3     |  select  |      0|  0|   32|           1|          32|
    |p_Val2_25_fu_1045_p3    |  select  |      0|  0|   32|           1|          32|
    |p_Val2_26_fu_1032_p3    |  select  |      0|  0|   32|           1|          32|
    |p_Val2_27_fu_1057_p3    |  select  |      0|  0|   32|           1|          32|
    |ush_1_fu_694_p3         |  select  |      0|  0|   12|           1|          12|
    |ush_2_fu_848_p3         |  select  |      0|  0|   12|           1|          12|
    |ush_3_fu_978_p3         |  select  |      0|  0|   12|           1|          12|
    |ush_fu_564_p3           |  select  |      0|  0|   12|           1|          12|
    |r_V_1_fu_590_p2         |    shl   |      0|  0|  474|         137|         137|
    |r_V_3_fu_720_p2         |    shl   |      0|  0|  474|         137|         137|
    |r_V_5_fu_874_p2         |    shl   |      0|  0|  474|         137|         137|
    |r_V_7_fu_1004_p2        |    shl   |      0|  0|  474|         137|         137|
    |ap_enable_pp1           |    xor   |      0|  0|    2|           1|           2|
    +------------------------+----------+-------+---+-----+------------+------------+
    |Total                   |          |     15|  0| 3297|        1077|        1496|
    +------------------------+----------+-------+---+-----+------------+------------+

    * Multiplexer: 
    +----------------------------+-----+-----------+-----+-----------+
    |            Name            | LUT | Input Size| Bits| Total Bits|
    +----------------------------+-----+-----------+-----+-----------+
    |J_address0                  |   15|          3|    4|         12|
    |J_address1                  |   15|          3|    4|         12|
    |ap_NS_fsm                   |  405|         93|    1|         93|
    |ap_enable_reg_pp1_iter2     |    9|          2|    1|          2|
    |ap_phi_mux_q_phi_fu_356_p4  |    9|          2|    5|         10|
    |b_address0                  |   15|          3|    2|          6|
    |b_address1                  |   15|          3|    2|          6|
    |grp_fu_363_opcode           |   15|          3|    2|          6|
    |grp_fu_363_p0               |   21|          4|   64|        256|
    |grp_fu_363_p1               |   15|          3|   64|        192|
    |grp_fu_367_p0               |   15|          3|   64|        192|
    |grp_fu_367_p1               |   15|          3|   64|        192|
    |grp_fu_372_p0               |   15|          3|   64|        192|
    |grp_fu_372_p1               |   15|          3|   64|        192|
    |grp_fu_376_p0               |   15|          3|   64|        192|
    |grp_fu_376_p1               |   15|          3|   64|        192|
    |grp_fu_380_p1               |   15|          3|   64|        192|
    |grp_fu_385_p1               |   15|          3|   64|        192|
    |grp_fu_390_p0               |   33|          6|   32|        192|
    |grp_fu_393_p0               |   21|          4|   32|        128|
    |grp_fu_397_p0               |   15|          3|   32|         96|
    |i_reg_329                   |    9|          2|    5|         10|
    |q_reg_352                   |    9|          2|    5|         10|
    |reg_410                     |    9|          2|   32|         64|
    |reg_415                     |    9|          2|   32|         64|
    |sum_reg_340                 |    9|          2|   64|        128|
    |x_new_address0              |   27|          5|    4|         20|
    |x_new_address1              |   21|          4|    4|         16|
    |x_new_d0                    |   21|          4|   32|        128|
    |x_new_d1                    |   15|          3|   32|         96|
    |x_prev_address0             |   27|          5|    4|         20|
    |x_prev_address1             |   21|          4|    4|         16|
    +----------------------------+-----+-----------+-----+-----------+
    |Total                       |  900|        191|  975|       3119|
    +----------------------------+-----+-----------+-----+-----------+

    * Register: 
    +-------------------------+----+----+-----+-----------+
    |           Name          | FF | LUT| Bits| Const Bits|
    +-------------------------+----+----+-----+-----------+
    |J_load_1_reg_1136        |  32|   0|   32|          0|
    |J_load_2_reg_1172        |  32|   0|   32|          0|
    |J_load_3_reg_1178        |  32|   0|   32|          0|
    |J_load_reg_1130          |  32|   0|   32|          0|
    |ap_CS_fsm                |  92|   0|   92|          0|
    |ap_enable_reg_pp1_iter0  |   1|   0|    1|          0|
    |ap_enable_reg_pp1_iter1  |   1|   0|    1|          0|
    |ap_enable_reg_pp1_iter2  |   1|   0|    1|          0|
    |exitcond_reg_1328        |   1|   0|    1|          0|
    |i_reg_329                |   5|   0|    5|          0|
    |p_Result_1_reg_1295      |   1|   0|    1|          0|
    |p_Result_2_reg_1306      |   1|   0|    1|          0|
    |p_Result_3_reg_1317      |   1|   0|    1|          0|
    |p_Result_s_reg_1284      |   1|   0|    1|          0|
    |p_Val2_20_reg_1289       |  32|   0|   32|          0|
    |p_Val2_22_reg_1300       |  32|   0|   32|          0|
    |p_Val2_24_reg_1311       |  32|   0|   32|          0|
    |p_Val2_26_reg_1322       |  32|   0|   32|          0|
    |q_1_reg_1332             |   5|   0|    5|          0|
    |q_reg_352                |   5|   0|    5|          0|
    |reg_410                  |  32|   0|   32|          0|
    |reg_415                  |  32|   0|   32|          0|
    |reg_420                  |  64|   0|   64|          0|
    |reg_426                  |  64|   0|   64|          0|
    |reg_432                  |  64|   0|   64|          0|
    |reg_438                  |  64|   0|   64|          0|
    |reg_444                  |  64|   0|   64|          0|
    |reg_450                  |  64|   0|   64|          0|
    |reg_454                  |  64|   0|   64|          0|
    |sum_reg_340              |  64|   0|   64|          0|
    |tmp_10_0_1_reg_1264      |  64|   0|   64|          0|
    |tmp_10_0_2_reg_1269      |  64|   0|   64|          0|
    |tmp_10_0_3_reg_1274      |  64|   0|   64|          0|
    |tmp_10_reg_1152          |  32|   0|   32|          0|
    |tmp_15_0_1_1_reg_1162    |  32|   0|   32|          0|
    |tmp_15_0_2_2_reg_1194    |  32|   0|   32|          0|
    |tmp_15_0_3_3_reg_1204    |  32|   0|   32|          0|
    |tmp_16_0_1_1_reg_1224    |  64|   0|   64|          0|
    |tmp_16_0_3_3_reg_1234    |  64|   0|   64|          0|
    |tmp_2_reg_1337           |   5|   0|   64|         59|
    |tmp_3_reg_1352           |  32|   0|   32|          0|
    |tmp_4_reg_1358           |  32|   0|   32|          0|
    |tmp_7_0_1_reg_1229       |  64|   0|   64|          0|
    |tmp_7_0_3_reg_1239       |  64|   0|   64|          0|
    |tmp_8_0_1_reg_1244       |  64|   0|   64|          0|
    |tmp_8_0_2_reg_1249       |  64|   0|   64|          0|
    |tmp_8_0_3_reg_1254       |  64|   0|   64|          0|
    |tmp_9_reg_1259           |  64|   0|   64|          0|
    |exitcond_reg_1328        |  64|  32|    1|          0|
    +-------------------------+----+----+-----+-----------+
    |Total                    |1912|  32| 1908|         59|
    +-------------------------+----+----+-----+-----------+



================================================================
== Interface
================================================================
* Summary: 
+------------+-----+-----+------------+--------------+--------------+
|  RTL Ports | Dir | Bits|  Protocol  | Source Object|    C Type    |
+------------+-----+-----+------------+--------------+--------------+
|ap_clk      |  in |    1| ap_ctrl_hs |  jacobi_HLS  | return value |
|ap_rst      |  in |    1| ap_ctrl_hs |  jacobi_HLS  | return value |
|ap_start    |  in |    1| ap_ctrl_hs |  jacobi_HLS  | return value |
|ap_done     | out |    1| ap_ctrl_hs |  jacobi_HLS  | return value |
|ap_idle     | out |    1| ap_ctrl_hs |  jacobi_HLS  | return value |
|ap_ready    | out |    1| ap_ctrl_hs |  jacobi_HLS  | return value |
|ap_return   | out |   64| ap_ctrl_hs |  jacobi_HLS  | return value |
|J_address0  | out |    4|  ap_memory |       J      |     array    |
|J_ce0       | out |    1|  ap_memory |       J      |     array    |
|J_q0        |  in |   32|  ap_memory |       J      |     array    |
|J_address1  | out |    4|  ap_memory |       J      |     array    |
|J_ce1       | out |    1|  ap_memory |       J      |     array    |
|J_q1        |  in |   32|  ap_memory |       J      |     array    |
|b_address0  | out |    2|  ap_memory |       b      |     array    |
|b_ce0       | out |    1|  ap_memory |       b      |     array    |
|b_q0        |  in |   32|  ap_memory |       b      |     array    |
|b_address1  | out |    2|  ap_memory |       b      |     array    |
|b_ce1       | out |    1|  ap_memory |       b      |     array    |
|b_q1        |  in |   32|  ap_memory |       b      |     array    |
|x_address0  | out |    4|  ap_memory |       x      |     array    |
|x_ce0       | out |    1|  ap_memory |       x      |     array    |
|x_we0       | out |    1|  ap_memory |       x      |     array    |
|x_d0        | out |   32|  ap_memory |       x      |     array    |
+------------+-----+-----+------------+--------------+--------------+

