INFO-FLOW: Workspace H:/Jorge/UPM/master/2oCuatri/HLS/Proyectos/Proyectos/Ejercicio1/Jacobi/solution10 opened at Mon May 27 22:08:01 +0200 2019
Execute     config_clock -quiet -name default -period 10 -default=false 
INFO: [SYN 201-201] Setting up clock 'default' with a period of 10ns.
Execute     open_platform DefaultPlatform 
Execute     import_lib C:/Xilinx/Vivado/2018.3/common/technology/xilinx/zynq/zynq 
Execute       source C:/Xilinx/Vivado/2018.3/common/technology/xilinx/common/xilinx.lib 
Execute         source C:/Xilinx/Vivado/2018.3/common/technology/xilinx/interface/xilinx_interface.lib 
Execute           source C:/Xilinx/Vivado/2018.3/common/technology/xilinx/interface/plb46.lib 
Execute           source C:/Xilinx/Vivado/2018.3/common/technology/xilinx/interface/fsl.lib 
Execute           source C:/Xilinx/Vivado/2018.3/common/technology/xilinx/interface/axi4.lib 
Execute           source C:/Xilinx/Vivado/2018.3/common/technology/xilinx/interface/maxi.lib 
Execute           source C:/Xilinx/Vivado/2018.3/common/technology/xilinx/interface/saxilite.lib 
Execute         source C:/Xilinx/Vivado/2018.3/common/technology/xilinx/common/dsp48.lib 
Execute         source C:/Xilinx/Vivado/2018.3/common/technology/xilinx/ip/dds_compiler.lib 
Execute         source C:/Xilinx/Vivado/2018.3/common/technology/xilinx/ip/xfft.lib 
Execute         source C:/Xilinx/Vivado/2018.3/common/technology/xilinx/ip/xfir.lib 
Execute       source C:/Xilinx/Vivado/2018.3/common/technology/xilinx/common/xilinx_old.lib 
Execute       source C:/Xilinx/Vivado/2018.3/common/technology/xilinx/common/xilinx_vivado.lib 
Execute       source C:/Xilinx/Vivado/2018.3/common/technology/xilinx/common/xilinx.hlp 
Execute         source C:/Xilinx/Vivado/2018.3/common/technology/xilinx/common/target_info.tcl 
Execute         source C:/Xilinx/Vivado/2018.3/common/technology/xilinx/interface/xilinx_interface.hlp 
Execute           source C:/Xilinx/Vivado/2018.3/common/technology/xilinx/interface/maxi.hlp 
Execute           source C:/Xilinx/Vivado/2018.3/common/technology/xilinx/interface/saxilite.hlp 
Execute         source C:/Xilinx/Vivado/2018.3/common/technology/xilinx/common/dsp48.hlp 
Execute       source C:/Xilinx/Vivado/2018.3/common/technology/xilinx/zynq/dsp48e1.hlp 
Execute       get_default_platform 
Execute       config_chip_info -quiet -resource  {SLICE 13300}  {LUT 53200}     {FF 106400} {DSP48E 220}   {BRAM 280}  
Execute       config_chip_info -quiet -speed medium 
Execute       source C:/Xilinx/Vivado/2018.3/common/technology/xilinx/common/xilinx.hlp 
Execute         source C:/Xilinx/Vivado/2018.3/common/technology/xilinx/common/target_info.tcl 
Execute         source C:/Xilinx/Vivado/2018.3/common/technology/xilinx/interface/xilinx_interface.hlp 
Execute           source C:/Xilinx/Vivado/2018.3/common/technology/xilinx/interface/maxi.hlp 
Execute           source C:/Xilinx/Vivado/2018.3/common/technology/xilinx/interface/saxilite.hlp 
Execute         source C:/Xilinx/Vivado/2018.3/common/technology/xilinx/common/dsp48.hlp 
Execute     source C:/Xilinx/Vivado/2018.3/common/technology/xilinx/zynq/zynq.gen 
Execute       source C:/Xilinx/Vivado/2018.3/common/technology/xilinx/common/virtex.gen 
Execute         source C:/Xilinx/Vivado/2018.3/common/technology/xilinx/common/xilinx.gen 
Execute           source C:/Xilinx/Vivado/2018.3/common/technology/xilinx/interface/plb46.gen 
Execute           source C:/Xilinx/Vivado/2018.3/common/technology/xilinx/interface/fsl.gen 
Execute           source C:/Xilinx/Vivado/2018.3/common/technology/xilinx/interface/axi4.gen 
Execute           source C:/Xilinx/Vivado/2018.3/common/technology/xilinx/interface/nativeAXI4.gen 
Execute             source C:/Xilinx/Vivado/2018.3/common/technology/xilinx/interface/saxilite.gen 
Execute             source C:/Xilinx/Vivado/2018.3/common/technology/xilinx/interface/maxi.gen 
Execute           source C:/Xilinx/Vivado/2018.3/common/technology/xilinx/scripts/xilinxcoregen.gen 
Execute           source C:/Xilinx/Vivado/2018.3/common/technology/xilinx/interface/XilEDKCoreGen.gen 
Execute           source C:/Xilinx/Vivado/2018.3/common/technology/xilinx/ip/dds_compiler.gen 
Execute           source C:/Xilinx/Vivado/2018.3/common/technology/xilinx/ip/util.gen 
Execute           source C:/Xilinx/Vivado/2018.3/common/technology/xilinx/ip/xfft.gen 
Command           ap_source done; 0.103 sec.
Execute           source C:/Xilinx/Vivado/2018.3/common/technology/xilinx/ip/xfir.gen 
Command         ap_source done; 0.145 sec.
Execute         source C:/Xilinx/Vivado/2018.3/common/technology/xilinx/common/dsp48.gen 
Command       ap_source done; 0.148 sec.
Command     ap_source done; 0.148 sec.
Execute     open_platform DefaultPlatform 
Execute     import_lib C:/Xilinx/Vivado/2018.3/common/technology/xilinx/zynq/zynq_fpv6 
Execute       source C:/Xilinx/Vivado/2018.3/common/technology/xilinx/common/xilinx_fpv7.lib 
Execute         source C:/Xilinx/Vivado/2018.3/common/technology/xilinx/common/xilinx_hp.lib 
Execute       source C:/Xilinx/Vivado/2018.3/common/technology/xilinx/common/xilinx_fpv.hlp 
Execute         source C:/Xilinx/Vivado/2018.3/common/technology/xilinx/common/xilinx.hlp 
Execute           source C:/Xilinx/Vivado/2018.3/common/technology/xilinx/common/target_info.tcl 
Execute           source C:/Xilinx/Vivado/2018.3/common/technology/xilinx/interface/xilinx_interface.hlp 
Execute             source C:/Xilinx/Vivado/2018.3/common/technology/xilinx/interface/maxi.hlp 
Execute             source C:/Xilinx/Vivado/2018.3/common/technology/xilinx/interface/saxilite.hlp 
Execute           source C:/Xilinx/Vivado/2018.3/common/technology/xilinx/common/dsp48.hlp 
Execute       source C:/Xilinx/Vivado/2018.3/common/technology/xilinx/zynq/zynq_hp.hlp 
Execute     source C:/Xilinx/Vivado/2018.3/common/technology/xilinx/zynq/zynq_fpv6.gen 
Execute       source C:/Xilinx/Vivado/2018.3/common/technology/xilinx/common/xilinx_fpv6.gen 
Execute     set_part xc7z020clg400-1 
Execute       add_library xilinx/zynq/zynq:xc7z020:clg400:-1 
Execute         get_default_platform 
Execute         license_isbetapart xc7z020 
Command         license_isbetapart done; error code: 1; 
Execute         get_default_platform 
Execute         config_chip_info -quiet -resource  {SLICE 13300}  {LUT 53200}     {FF 106400} {DSP48E 220}   {BRAM 280}  
Execute         config_chip_info -quiet -speed slow 
Execute       add_library xilinx/zynq/zynq_fpv6 
Execute         get_default_platform 
INFO: [HLS 200-10] Setting target device to 'xc7z020clg400-1'
Execute       get_default_platform 
Execute     get_default_platform 
Execute     config_chip_info -quiet -resource  {SLICE 13300}  {LUT 53200}     {FF 106400} {DSP48E 220}   {BRAM 280}  
Execute     config_chip_info -quiet -speed slow 
Command   open_solution done; 0.261 sec.
Execute   set_part xc7z020clg400-1 
Execute     add_library xilinx/zynq/zynq:xc7z020:clg400:-1 
Execute       get_default_platform 
Execute       license_isbetapart xc7z020 
Command       license_isbetapart done; error code: 1; 
Execute       get_default_platform 
Execute       config_chip_info -quiet -resource  {SLICE 13300}  {LUT 53200}     {FF 106400} {DSP48E 220}   {BRAM 280}  
Execute       config_chip_info -quiet -speed slow 
Execute     add_library xilinx/zynq/zynq_fpv6 
Execute       get_default_platform 
Execute     get_default_platform 
Execute   create_clock -period 10 -name default 
Execute   source ./Jacobi/solution10/directives.tcl 
Execute     set_directive_pipeline jacobi_HLS/Iteracciones 
INFO-FLOW: Setting directive 'PIPELINE' 
Execute     set_directive_unroll jacobi_HLS/Columnas 
INFO-FLOW: Setting directive 'PIPELINE' 
INFO-FLOW: Setting directive 'UNROLL' 
Execute     set_directive_unroll jacobi_HLS/filas 
INFO-FLOW: Setting directive 'PIPELINE' 
INFO-FLOW: Setting directive 'UNROLL' 
INFO-FLOW: Setting directive 'UNROLL' 
Execute     set_directive_unroll jacobi_HLS/inicializacion 
INFO-FLOW: Setting directive 'PIPELINE' 
INFO-FLOW: Setting directive 'UNROLL' 
INFO-FLOW: Setting directive 'UNROLL' 
INFO-FLOW: Setting directive 'UNROLL' 
Execute     set_directive_unroll jacobi_HLS/calculo_error 
INFO-FLOW: Setting directive 'PIPELINE' 
INFO-FLOW: Setting directive 'UNROLL' 
INFO-FLOW: Setting directive 'UNROLL' 
INFO-FLOW: Setting directive 'UNROLL' 
INFO-FLOW: Setting directive 'UNROLL' 
Execute     set_directive_unroll jacobi_HLS/Iteracciones 
INFO-FLOW: Setting directive 'PIPELINE' 
INFO-FLOW: Setting directive 'UNROLL' 
INFO-FLOW: Setting directive 'UNROLL' 
INFO-FLOW: Setting directive 'UNROLL' 
INFO-FLOW: Setting directive 'UNROLL' 
INFO-FLOW: Setting directive 'UNROLL' 
Execute   csynth_design 
Execute     get_config_compile -effort 
Execute     get_config_compile -enable_clang39 
Execute     get_config_compile -g 
Execute     get_config_compile -lm 
Execute     get_config_compile -ng 
Execute     get_config_compile -opt_fp 
Execute     get_config_compile -skip_cdt 
Execute     get_config_compile -skip_syncheck 
Execute     get_config_compile -skip_transform 
Execute     config_compile -blackbox  
Execute     get_config_compile -keep_printf 
Execute     elaborate -effort=medium -skip_syncheck=0 -keep_printf=0 -lm=0 -skip_cdt=0 -skip_transform=0 -ng=0 -g=0 -opt_fp=0 -from_csynth_design=1 
Execute       get_config_schedule -relax_ii_for_timing 
INFO: [SCHED 204-61] Option 'relax_ii_for_timing' is enabled, will increase II to preserve clock frequency constraints.
Execute       get_config_schedule -suppress_dependence_error_break 
INFO: [HLS 200-10] Analyzing design file 'Jacobi/main.c' ... 
INFO-FLOW: Compiling one TU...
Execute       is_m_axi_addr64 
INFO-FLOW: Handling Jacobi/main.c as C
Execute       get_default_platform 
Execute       is_encrypted Jacobi/main.c 
INFO-FLOW: Running: GCC PP
INFO-FLOW: Source preprocessing
Execute       clang  -fno-limit-debug-info -gcc-toolchain "C:/Xilinx/Vivado/2018.3/msys" -hls  -fno-exceptions  -D__llvm__  -E "Jacobi/main.c"     -fno-math-errno -c -emit-llvm -O0  -mllvm -disable-llvm-optzns -std=gnu89   -DAESL_SYN -D__SYNTHESIS__ -D__HLS_SYN__ -I "C:/Xilinx/Vivado/2018.3/common/technology/autopilot" -I "C:/Xilinx/Vivado/2018.3/common/technology/autopilot/ap_sysc" -include etc/autopilot_ssdm_op.h -D__DSP48E1__ -D__cdecl=  -o "H:/Jorge/UPM/master/2oCuatri/HLS/Proyectos/Proyectos/Ejercicio1/Jacobi/solution10/.autopilot/db/main.pp.0.c" 
INFO-FLOW: exec C:/Xilinx/Vivado/2018.3/win64/tools/clang/bin/clang -fno-limit-debug-info -gcc-toolchain C:/Xilinx/Vivado/2018.3/msys -hls -fno-exceptions -D__llvm__ -E Jacobi/main.c -fno-math-errno -c -emit-llvm -O0 -mllvm -disable-llvm-optzns -std=gnu89 -DAESL_SYN -D__SYNTHESIS__ -D__HLS_SYN__ -I C:/Xilinx/Vivado/2018.3/common/technology/autopilot -I C:/Xilinx/Vivado/2018.3/common/technology/autopilot/ap_sysc -include etc/autopilot_ssdm_op.h -D__DSP48E1__ -D__cdecl= -o H:/Jorge/UPM/master/2oCuatri/HLS/Proyectos/Proyectos/Ejercicio1/Jacobi/solution10/.autopilot/db/main.pp.0.c
Command       clang done; 1.01 sec.
Execute       tidy_31 xilinx-xfmat-array-geometry H:/Jorge/UPM/master/2oCuatri/HLS/Proyectos/Proyectos/Ejercicio1/Jacobi/solution10/.autopilot/db/main.pp.0.c std=gnu89 
INFO-FLOW: exec C:/Xilinx/Vivado/2018.3/win64/tools/clang-3.9-csynth/bin/tidy-3.1 -header-filter=.* -checks=-*,xilinx-xfmat-array-geometry -quiet -fix H:/Jorge/UPM/master/2oCuatri/HLS/Proyectos/Proyectos/Ejercicio1/Jacobi/solution10/.autopilot/db/main.pp.0.c -- -std=gnu89 -fhls -ferror-limit=0
INFO-FLOW: Syntax Checking before pre-processing...
Execute       clang -syntaxcheck -src H:/Jorge/UPM/master/2oCuatri/HLS/Proyectos/Proyectos/Ejercicio1/Jacobi/solution10/.autopilot/db/main.pp.0.c  -fno-limit-debug-info -gcc-toolchain "C:/Xilinx/Vivado/2018.3/msys" -hls    -fno-math-errno -c -emit-llvm -O0  -mllvm -disable-llvm-optzns -std=gnu89   -DAESL_SYN -D__SYNTHESIS__ -D__HLS_SYN__ -I "C:/Xilinx/Vivado/2018.3/common/technology/autopilot" -I "C:/Xilinx/Vivado/2018.3/common/technology/autopilot/ap_sysc" -include etc/autopilot_ssdm_op.h -D__DSP48E1__ -D__cdecl=  "H:/Jorge/UPM/master/2oCuatri/HLS/Proyectos/Proyectos/Ejercicio1/Jacobi/solution10/.autopilot/db/main.pp.0.c"  -o "H:/Jorge/UPM/master/2oCuatri/HLS/Proyectos/Proyectos/Ejercicio1/Jacobi/solution10/.autopilot/db/useless.bc"  
INFO-FLOW: exec C:/Xilinx/Vivado/2018.3/win64/tools/clang/bin/clang -fno-limit-debug-info -gcc-toolchain C:/Xilinx/Vivado/2018.3/msys -hls -fno-math-errno -c -emit-llvm -O0 -mllvm -disable-llvm-optzns -std=gnu89 -DAESL_SYN -D__SYNTHESIS__ -D__HLS_SYN__ -I C:/Xilinx/Vivado/2018.3/common/technology/autopilot -I C:/Xilinx/Vivado/2018.3/common/technology/autopilot/ap_sysc -include etc/autopilot_ssdm_op.h -D__DSP48E1__ -D__cdecl= H:/Jorge/UPM/master/2oCuatri/HLS/Proyectos/Proyectos/Ejercicio1/Jacobi/solution10/.autopilot/db/main.pp.0.c -o H:/Jorge/UPM/master/2oCuatri/HLS/Proyectos/Proyectos/Ejercicio1/Jacobi/solution10/.autopilot/db/useless.bc
WARNING: [HLS 200-40] In file included from Jacobi/main.c:1:
Jacobi/main.c:18:3: warning: array index 16 is past the end of the array (which contains 16 elements) [-Warray-bounds]
  x_prev[16]=x_new[16];
  ^      ~~
Jacobi/main.c:7:2: note: array 'x_prev' declared here
 int x_prev[16], x_new[16];
 ^
Jacobi/main.c:18:14: warning: array index 16 is past the end of the array (which contains 16 elements) [-Warray-bounds]
  x_prev[16]=x_new[16];
             ^     ~~
Jacobi/main.c:7:2: note: array 'x_new' declared here
 int x_prev[16], x_new[16];
 ^
2 warnings generated.
Command       clang done; 0.992 sec.
INFO-FLOW: Done: GCC PP time: 2.1 seconds per iteration
INFO-FLOW: Setting directive 'PIPELINE' 
INFO-FLOW: Setting directive 'UNROLL' 
INFO-FLOW: Setting directive 'UNROLL' 
INFO-FLOW: Setting directive 'UNROLL' 
INFO-FLOW: Setting directive 'UNROLL' 
INFO-FLOW: Setting directive 'UNROLL' 
INFO-FLOW: Setting directive 'PIPELINE' 
INFO-FLOW: Setting directive 'UNROLL' 
INFO-FLOW: Setting directive 'UNROLL' 
INFO-FLOW: Setting directive 'UNROLL' 
INFO-FLOW: Setting directive 'UNROLL' 
INFO-FLOW: Setting directive 'UNROLL' 
Execute       list_core -type functional_unit 
Execute       tidy_31 xilinx-systemc-detector H:/Jorge/UPM/master/2oCuatri/HLS/Proyectos/Proyectos/Ejercicio1/Jacobi/solution10/.autopilot/db/main.pp.0.c std=gnu89 -directive=H:/Jorge/UPM/master/2oCuatri/HLS/Proyectos/Proyectos/Ejercicio1/Jacobi/solution10/.autopilot/db/.systemc_flag 
INFO-FLOW: exec C:/Xilinx/Vivado/2018.3/win64/tools/clang-3.9-csynth/bin/tidy-3.1 -header-filter=.* -checks=-*,xilinx-systemc-detector -import-directive=H:/Jorge/UPM/master/2oCuatri/HLS/Proyectos/Proyectos/Ejercicio1/Jacobi/solution10/.autopilot/db/.systemc_flag -quiet -fix-errors H:/Jorge/UPM/master/2oCuatri/HLS/Proyectos/Proyectos/Ejercicio1/Jacobi/solution10/.autopilot/db/main.pp.0.c -- -std=gnu89 -fhls -ferror-limit=0
INFO-FLOW: Running: tidy-3.1 CDT preprocess
Execute       tidy_31 xilinx-directive2pragma H:/Jorge/UPM/master/2oCuatri/HLS/Proyectos/Proyectos/Ejercicio1/Jacobi/solution10/.autopilot/db/main.pp.0.c std=gnu89 -directive=H:/Jorge/UPM/master/2oCuatri/HLS/Proyectos/Proyectos/Ejercicio1/Jacobi/solution10/.autopilot/db/all.directive.json 
INFO-FLOW: exec C:/Xilinx/Vivado/2018.3/win64/tools/clang-3.9-csynth/bin/tidy-3.1 -header-filter=.* -checks=-*,xilinx-directive2pragma -import-directive=H:/Jorge/UPM/master/2oCuatri/HLS/Proyectos/Proyectos/Ejercicio1/Jacobi/solution10/.autopilot/db/all.directive.json -quiet -fix-errors H:/Jorge/UPM/master/2oCuatri/HLS/Proyectos/Proyectos/Ejercicio1/Jacobi/solution10/.autopilot/db/main.pp.0.c -- -std=gnu89 -fhls -ferror-limit=0
Execute       get_config_dataflow -strict_mode 
Execute       ap_eval exec -ignorestderr C:/Xilinx/Vivado/2018.3/win64/tools/clang-3.9-csynth/bin/xilinx-dataflow-lawyer -export-fixes=H:/Jorge/UPM/master/2oCuatri/HLS/Proyectos/Proyectos/Ejercicio1/Jacobi/solution10/.autopilot/db/xilinx-dataflow-lawyer.main.pp.0.c.diag.yml H:/Jorge/UPM/master/2oCuatri/HLS/Proyectos/Proyectos/Ejercicio1/Jacobi/solution10/.autopilot/db/main.pp.0.c -- -std=gnu99 -fhls -ferror-limit=0 -fstrict-dataflow > H:/Jorge/UPM/master/2oCuatri/HLS/Proyectos/Proyectos/Ejercicio1/Jacobi/solution10/.autopilot/db/xilinx-dataflow-lawyer.main.pp.0.c.out.log 2> H:/Jorge/UPM/master/2oCuatri/HLS/Proyectos/Proyectos/Ejercicio1/Jacobi/solution10/.autopilot/db/xilinx-dataflow-lawyer.main.pp.0.c.err.log 
Execute       tidy_31 -errorcheck xilinx-constantarray-param,xilinx-resource-pragma-transformer,xilinx-xfmat-array-geometry H:/Jorge/UPM/master/2oCuatri/HLS/Proyectos/Proyectos/Ejercicio1/Jacobi/solution10/.autopilot/db/main.pp.0.c std=gnu89 
Execute         ap_eval exec -ignorestderr C:/Xilinx/Vivado/2018.3/win64/tools/clang-3.9-csynth/bin/tidy-3.1 -export-fixes=H:/Jorge/UPM/master/2oCuatri/HLS/Proyectos/Proyectos/Ejercicio1/Jacobi/solution10/.autopilot/db/tidy-3.1.main.pp.0.c.diag.yml -header-filter=.* -checks=-*,xilinx-constantarray-param,xilinx-resource-pragma-transformer,xilinx-xfmat-array-geometry -quiet -fix-errors H:/Jorge/UPM/master/2oCuatri/HLS/Proyectos/Proyectos/Ejercicio1/Jacobi/solution10/.autopilot/db/main.pp.0.c -- -std=gnu89 -fhls -ferror-limit=0 > H:/Jorge/UPM/master/2oCuatri/HLS/Proyectos/Proyectos/Ejercicio1/Jacobi/solution10/.autopilot/db/tidy-3.1.main.pp.0.c.out.log 2> H:/Jorge/UPM/master/2oCuatri/HLS/Proyectos/Proyectos/Ejercicio1/Jacobi/solution10/.autopilot/db/tidy-3.1.main.pp.0.c.err.log 
Execute         ap_eval exec -ignorestderr C:/Xilinx/Vivado/2018.3/win64/tools/clang-3.9-csynth/bin/xilinx-legacy-rewriter H:/Jorge/UPM/master/2oCuatri/HLS/Proyectos/Proyectos/Ejercicio1/Jacobi/solution10/.autopilot/db/main.pp.0.c -- -std=gnu89 -fhls -ferror-limit=0 > H:/Jorge/UPM/master/2oCuatri/HLS/Proyectos/Proyectos/Ejercicio1/Jacobi/solution10/.autopilot/db/xilinx-legacy-rewriter.main.pp.0.c.out.log 2> H:/Jorge/UPM/master/2oCuatri/HLS/Proyectos/Proyectos/Ejercicio1/Jacobi/solution10/.autopilot/db/xilinx-legacy-rewriter.main.pp.0.c.err.log 
Command       tidy_31 done; 0.175 sec.
INFO-FLOW: Done: tidy-3.1 CDT preprocess time: 0.3 seconds per iteration
INFO-FLOW: Pragma Handling...
Execute       tidy_31 xilinx-ssdm-intrinsics-arguments H:/Jorge/UPM/master/2oCuatri/HLS/Proyectos/Proyectos/Ejercicio1/Jacobi/solution10/.autopilot/db/main.pragma.1.c std=gnu89 
INFO-FLOW: exec C:/Xilinx/Vivado/2018.3/win64/tools/clang-3.9-csynth/bin/tidy-3.1 -header-filter=.* -checks=-*,xilinx-ssdm-intrinsics-arguments -quiet -fix-errors H:/Jorge/UPM/master/2oCuatri/HLS/Proyectos/Proyectos/Ejercicio1/Jacobi/solution10/.autopilot/db/main.pragma.1.c -- -std=gnu89 -fhls -ferror-limit=0
Execute       get_default_platform 
INFO-FLOW: Processing labels
Execute       clang -src H:/Jorge/UPM/master/2oCuatri/HLS/Proyectos/Proyectos/Ejercicio1/Jacobi/solution10/.autopilot/db/main.pragma.2.c  -fno-limit-debug-info -gcc-toolchain C:/Xilinx/Vivado/2018.3/msys -hls -hls-analyze-label -hls-analyze-pragma -fno-exceptions  -D__llvm__  -w  "H:/Jorge/UPM/master/2oCuatri/HLS/Proyectos/Proyectos/Ejercicio1/Jacobi/solution10/.autopilot/db/main.pragma.2.c"    -fno-math-errno -c -emit-llvm -O0  -mllvm -disable-llvm-optzns -std=gnu89  -DAESL_SYN -D__SYNTHESIS__ -D__HLS_SYN__ -I "C:/Xilinx/Vivado/2018.3/common/technology/autopilot" -I "C:/Xilinx/Vivado/2018.3/common/technology/autopilot/ap_sysc" -include etc/autopilot_ssdm_op.h -D__DSP48E1__ -g -o "H:/Jorge/UPM/master/2oCuatri/HLS/Proyectos/Proyectos/Ejercicio1/Jacobi/solution10/.autopilot/db/main.bc" 
INFO-FLOW: exec C:/Xilinx/Vivado/2018.3/win64/tools/clang/bin/clang -fno-limit-debug-info -gcc-toolchain C:/Xilinx/Vivado/2018.3/msys -hls -hls-analyze-label -hls-analyze-pragma -fno-exceptions -D__llvm__ -w H:/Jorge/UPM/master/2oCuatri/HLS/Proyectos/Proyectos/Ejercicio1/Jacobi/solution10/.autopilot/db/main.pragma.2.c -fno-math-errno -c -emit-llvm -O0 -mllvm -disable-llvm-optzns -std=gnu89 -DAESL_SYN -D__SYNTHESIS__ -D__HLS_SYN__ -I C:/Xilinx/Vivado/2018.3/common/technology/autopilot -I C:/Xilinx/Vivado/2018.3/common/technology/autopilot/ap_sysc -include etc/autopilot_ssdm_op.h -D__DSP48E1__ -g -o H:/Jorge/UPM/master/2oCuatri/HLS/Proyectos/Proyectos/Ejercicio1/Jacobi/solution10/.autopilot/db/main.bc
Command       clang done; 1.02 sec.
INFO-FLOW: Linking Debug ...
Execute       llvm-ld H:/Jorge/UPM/master/2oCuatri/HLS/Proyectos/Proyectos/Ejercicio1/Jacobi/solution10/.autopilot/db/main.g.bc -hls-opt -except-internalize jacobi_HLS -LC:/Xilinx/Vivado/2018.3/win64/lib -lhlsm -lhlsmc++ -o H:/Jorge/UPM/master/2oCuatri/HLS/Proyectos/Proyectos/Ejercicio1/Jacobi/solution10/.autopilot/db/a.g 
Command       llvm-ld done; 1.007 sec.
INFO: [HLS 200-111] Finished Linking Time (s): cpu = 00:00:00 ; elapsed = 00:00:06 . Memory (MB): peak = 102.984 ; gain = 18.340
INFO: [HLS 200-111] Finished Checking Pragmas Time (s): cpu = 00:00:00 ; elapsed = 00:00:06 . Memory (MB): peak = 102.984 ; gain = 18.340
Execute       get_config_sdx -target 
Execute       opt_and_import_c a -opt_level=2 -skip_syncheck=0 -ng=0 -keep_printf=0 
Execute         cleanup_all_models 
INFO: [HLS 200-10] Starting code transformations ...
Execute         transform -promote-dbg-pointer H:/Jorge/UPM/master/2oCuatri/HLS/Proyectos/Proyectos/Ejercicio1/Jacobi/solution10/.autopilot/db/a.pp.bc -o H:/Jorge/UPM/master/2oCuatri/HLS/Proyectos/Proyectos/Ejercicio1/Jacobi/solution10/.autopilot/db/a.pp.0.bc -f 
Execute         llvm-ld H:/Jorge/UPM/master/2oCuatri/HLS/Proyectos/Proyectos/Ejercicio1/Jacobi/solution10/.autopilot/db/a.pp.0.bc -disable-opt -LC:/Xilinx/Vivado/2018.3/win64/lib -lfloatconversion -o H:/Jorge/UPM/master/2oCuatri/HLS/Proyectos/Proyectos/Ejercicio1/Jacobi/solution10/.autopilot/db/a.g.0 
Command         llvm-ld done; 1.264 sec.
INFO-FLOW: Running Standard Transforms...
Execute         transform -hls -share-std-xform -demangle-name -inline-byval-memcpy -always-inline -promote-dbg-pointer -interface-preproc -mem2reg -lower-blackbox -scalarrepl -mem2reg -keep-read-access -instcombine -dce -promote-dbg-pointer -bitop-raise -loop-simplify -indvarspre -indvars -loop-simplify -xunroll -constprop -instcombine -simplifycfg -indvars -simplifycfg -dce -globaldce -basicaa -simplifycfg -mem2reg -globalopt -global-constprop -deadargelim -instcombine -simplifycfg -prune-eh -simplifycfg -scalarrepl -instcombine -reassociate -licm -simplifycfg -loop-simplify -indvars -instcombine -simplifycfg -mem2reg -loop-simplify -indvars -instcombine -gvn -gvn -instcombine -adce -break-crit-edges -simplifycfg -loop-delete -global-array-opt -dce -dse -adce -find-syn-modules -top jacobi_HLS -deadargelim -mem2reg -instcombine -dce -presyn-prepare -auto-rom-infer -interface-preproc -syn-check -check-rec-only -find-region -simplifycfg -func-extr -function-inline -globaldce -mem2reg -instcombine -dce -gvn -globaldce -adce -adse -constprop -instcombine -bit-constprop -instcombine -dce -simplifycfg -bitop-raise -simplifycfg -dce -loop-delete -reassociate -globalopt -global-privatize -mem2reg -dce -global-constprop -pointer-simplify -constprop -dce -func-inst -deadargelim -auto-shift-reg-idiom -promote-dbg-pointer -norm-name H:/Jorge/UPM/master/2oCuatri/HLS/Proyectos/Proyectos/Ejercicio1/Jacobi/solution10/.autopilot/db/a.g.0.bc -o H:/Jorge/UPM/master/2oCuatri/HLS/Proyectos/Proyectos/Ejercicio1/Jacobi/solution10/.autopilot/db/a.g.1.bc -f -phase std-opt 
Command         transform done; 0.83 sec.
INFO: [HLS 200-111] Finished Standard Transforms Time (s): cpu = 00:00:01 ; elapsed = 00:00:08 . Memory (MB): peak = 151.508 ; gain = 66.863
INFO: [HLS 200-10] Checking synthesizability ...
INFO-FLOW: Checking Synthesizability 1/2..
Execute         transform -hls -syn-check -check-rec-only -disaggr -scalarrepl -norm-name -dce -mem2reg -instcombine -function-uniquify -directive-preproc -mem2reg -dse -dce -auto-rom-infer -dce -pag -array-normalize -instcombine -dce -warn-fifo-pointer -array-seg-normalize -instcombine -dce -array-flatten -instcombine -dce -array-burst -dce -deadargelim -promote-global-argument -simplifycfg -mem2reg -globaldce -resolve-double-ptr -dce -deadargelim -dce -instcombine -function-inline -globaldce -dce -doublePtrSimplify -doublePtrElim -dce -doublePtrSimplify -promote-dbg-pointer -dce -scalarrepl -dse -adse -instcombine -ptrLegalization -simplifycfg -dce -instcombine -pointer-simplify -ptrArgReplace -dce -instcombine -disaggr -scalarrepl -norm-name -dce -mem2reg -instcombine -ptrLegalization -simplifycfg -deadargelim -instcombine -dce -inst-simplify -function-uniquify -directive-preproc -mem2reg -dse -dce -globaldce -check-dspbuiltin H:/Jorge/UPM/master/2oCuatri/HLS/Proyectos/Proyectos/Ejercicio1/Jacobi/solution10/.autopilot/db/a.g.1.bc -o H:/Jorge/UPM/master/2oCuatri/HLS/Proyectos/Proyectos/Ejercicio1/Jacobi/solution10/.autopilot/db/a.g.2.prechk.bc -f 
INFO: [XFORM 203-602] Inlining function 'fp_struct<double>::mantissa' into 'generic_cast_IEEE754<int, (ap_q_mode)6, double>' (r:/builds/2018.3/continuous/2018_12_06_2405991/src/products/hls/hls_lib/hlsmath/include/FloatingPoint\hls_case_IEEE754.h:14) automatically.
INFO: [XFORM 203-602] Inlining function 'fp_struct<double>::expv' into 'generic_cast_IEEE754<int, (ap_q_mode)6, double>' (r:/builds/2018.3/continuous/2018_12_06_2405991/src/products/hls/hls_lib/hlsmath/include/FloatingPoint\hls_case_IEEE754.h:17) automatically.
INFO: [XFORM 203-602] Inlining function 'fp_struct<double>::__signbit' into 'generic_cast_IEEE754<int, (ap_q_mode)6, double>' (r:/builds/2018.3/continuous/2018_12_06_2405991/src/products/hls/hls_lib/hlsmath/include/FloatingPoint\hls_case_IEEE754.h:58) automatically.
INFO: [XFORM 203-602] Inlining function 'generic_cast_IEEE754<int, (ap_q_mode)6, double>' into 'generic_cast_IEEE754<int, double>' (r:/builds/2018.3/continuous/2018_12_06_2405991/src/products/hls/hls_lib/hlsmath/include/FloatingPoint\hls_case_IEEE754.h:116) automatically.
INFO: [XFORM 203-602] Inlining function 'generic_cast_IEEE754<int, double>' into '__hls_fptosi_double_i32' (r:/builds/2018.3/continuous/2018_12_06_2405991/src/products/hls/hls_lib/hlsmath/src/lib_floatconversion.cpp:54) automatically.
INFO: [XFORM 203-602] Inlining function '__hls_fptosi_double_i32' into 'jacobi_HLS' (Jacobi/main.c:30) automatically.
Command         transform done; 0.275 sec.
INFO-FLOW: Checking Synthesizability 2/2..
Execute         transform -syn-check H:/Jorge/UPM/master/2oCuatri/HLS/Proyectos/Proyectos/Ejercicio1/Jacobi/solution10/.autopilot/db/a.g.2.prechk.bc -o H:/Jorge/UPM/master/2oCuatri/HLS/Proyectos/Proyectos/Ejercicio1/Jacobi/solution10/.autopilot/db/a.g.2.bc -f -phase syn-check 
WARNING: [SYNCHK 200-62] Jacobi/main.c:18: warning: out of bound array access on variable 'x_new'.
INFO: [SYNCHK 200-10] 0 error(s), 1 warning(s).
Command         transform done; 0.219 sec.
INFO: [HLS 200-111] Finished Checking Synthesizability Time (s): cpu = 00:00:02 ; elapsed = 00:00:08 . Memory (MB): peak = 180.285 ; gain = 95.641
INFO-FLOW: Compiler optimizing ...
INFO-FLOW: Share syncheck's 1.bc for syn flow: copy H:/Jorge/UPM/master/2oCuatri/HLS/Proyectos/Proyectos/Ejercicio1/Jacobi/solution10/.autopilot/db/a.g.1.bc to H:/Jorge/UPM/master/2oCuatri/HLS/Proyectos/Proyectos/Ejercicio1/Jacobi/solution10/.autopilot/db/a.o.1.bc
INFO-FLOW: Presyn 1...
Execute         transform -hls -tmp H:/Jorge/UPM/master/2oCuatri/HLS/Proyectos/Proyectos/Ejercicio1/Jacobi/solution10/.autopilot/db -interface-port-rename -type-info -function-uniquify -directive-preproc -mem2reg -dse -dce -disaggr -scalarrepl -norm-name -deadargelim -mem2reg -instcombine -dce -simplifycfg -auto-rom-infer -dce -function-uniquify -resource-proc -simplifycfg -mem2reg -globaldce -resolve-double-ptr -dce -deadargelim -dce -instcombine -clib-intrinsic-prepare -dce -func-buffer -dce -pag -array-normalize -func-legal -instcombine -gvn -constprop -dce -ptrArgReplace -mem2reg -instcombine -dce -array-seg-normalize -deadargelim -instcombine -dce -pointer-simplify -dce -port-alignment -dce -interface-preproc -data-pack -instcombine -dce -basicaa -aggr-aa -aggrmodref-aa -aggr-aa -gvn -gvn -basicaa -aggr-aa -aggrmodref-aa -aggr-aa -dse -adse -adce -loop-simplify -indvars -instcombine -gvn -loop-simplify -mem2reg -dce -find-region -instcombine -auto-loop-pipeline -inst-simplify -interface-preproc -cfgopt -instcombine -indvars -auto-loop-unroll -loop-simplify -loop-bound -xunroll -constprop -instcombine -simplifycfg -indvars -simplifycfg -dce -globaldce -clean-region -attach-range -gvn -inst-simplify -constprop -simplifycfg -dce -pointer-simplify -dce -globalopt -constprop -dce -array-promote -constprop -instcombine -dce -ptrArgReplace -mem2reg -instcombine -simplifycfg -dce -auto-par -instcombine -dce -array-transform-check -array-reshape -instcombine -simplifycfg -dce -ptrArgReplace -deadargelim -mem2reg -instcombine -simplifycfg -dce -indvars -loop-simplify -loop-bound -xunroll -constprop -instcombine -simplifycfg -indvars -simplifycfg -dce -globaldce -basicaa -aggr-aa -aggrmodref-aa -aggr-aa -dse -duplicate-dataflow-processes -globaldce -instcombine -array-partition -instcombine -simplifycfg -dce -ptrArgReplace -global-constprop -deadargelim -mem2reg -func-legal -instcombine -dce -global-constprop -deadargelim -mem2reg -instcombine -simplifycfg -dce -merge-param -deadargelim -globalopt -constprop -dce -array-promote -constprop -instcombine -dce -ptrArgReplace -mem2reg -instcombine -simplifycfg -dce -mem-intrinsic-preproc -dce -global-internalize -global-privatize -mem2reg -globaldce -promote-global-argument -ptrArgReplace -mem2reg -instcombine -dce -globalopt -mergereturn -simplify-global-access -mem2reg -dce -pointer-simplify -dce -functionattrs -basicaa -aggr-aa -aggrmodref-aa -aggr-aa -gvn -gvn -basicaa -aggr-aa -aggrmodref-aa -aggr-aa -dse -adse -adce -inst-simplify -dce -norm-name -function-inline -globaldce -func-inst -constprop -instcombine -simplifycfg -dce -func-legal -dce -loop-bound -arraycheck -bitwidthmin -on-by-dataflow -loop-delete -instcombine -simplifycfg -globaldce -dce -gvn -deadargelim -dce -loop-simplify -clean-region -simplifycfg -propagate-stable-arguments -loop-stream -instcombine -simplifycfg -dce -globaldce -duplicate-dataflow-processes -stream-intrinsic-preproc -dce -check-ap-stream -loop-simplify -eliminate-keepreads -extract-dataflow-in-loop -loop-simplify -dce -gvn -deadargelim -dse -check-dataflow-syntax -legalize-stream-variable -legalize-global -extract-subproc -dce -dead-channel-elimination -canonicalize-gep -globaldce -dce -gvn -deadargelim -annotate-dataflow-channels -scalar-propagation -deadargelim -globaldce -mem2reg -check-dataflow-channels -function-stream -dce -globaldce -prop-fifo-spec -internal-stream-gen -canonicalize-gep -globaldce -dce -gvn -deadargelim -mergereturn -indvars -loop-simplify -instcombine -array-stream -array-seg-normalize -array-partition -func-legal -instcombine -simplifycfg -dce -bundle-memfifo-ops -deadargelim -function-uniquify -directive-preproc -mem2reg -dse -dce -group-axi-access -licm -simplifycfg -dce -loop-delete -norm-name H:/Jorge/UPM/master/2oCuatri/HLS/Proyectos/Proyectos/Ejercicio1/Jacobi/solution10/.autopilot/db/a.o.1.bc -o H:/Jorge/UPM/master/2oCuatri/HLS/Proyectos/Proyectos/Ejercicio1/Jacobi/solution10/.autopilot/db/a.o.1.tmp.bc -f 
INFO: [HLS 200-489] Unrolling loop 'inicializacion' (Jacobi/main.c:10) in function 'jacobi_HLS' completely with a factor of 16.
INFO: [HLS 200-489] Unrolling loop 'Iteracciones' (Jacobi/main.c:16) in function 'jacobi_HLS' completely with a factor of 16.
WARNING: [XFORM 203-505] Pipeline directive for loop 'Iteracciones' (Jacobi/main.c:16) in function 'jacobi_HLS' has been removed because the loop is unrolled completely.
INFO: [HLS 200-489] Unrolling loop 'Columnas' (Jacobi/main.c:20) in function 'jacobi_HLS' completely with a factor of 4.
INFO: [HLS 200-489] Unrolling loop 'filas' (Jacobi/main.c:23) in function 'jacobi_HLS' completely with a factor of 4.
INFO: [HLS 200-489] Unrolling loop 'calculo_error' (Jacobi/main.c:36) in function 'jacobi_HLS' completely with a factor of 16.
INFO: [XFORM 203-602] Inlining function 'fp_struct<double>::mantissa' into 'generic_cast_IEEE754<int, (ap_q_mode)6, double>' (r:/builds/2018.3/continuous/2018_12_06_2405991/src/products/hls/hls_lib/hlsmath/include/FloatingPoint\hls_case_IEEE754.h:14) automatically.
INFO: [XFORM 203-602] Inlining function 'fp_struct<double>::expv' into 'generic_cast_IEEE754<int, (ap_q_mode)6, double>' (r:/builds/2018.3/continuous/2018_12_06_2405991/src/products/hls/hls_lib/hlsmath/include/FloatingPoint\hls_case_IEEE754.h:17) automatically.
INFO: [XFORM 203-602] Inlining function 'fp_struct<double>::__signbit' into 'generic_cast_IEEE754<int, (ap_q_mode)6, double>' (r:/builds/2018.3/continuous/2018_12_06_2405991/src/products/hls/hls_lib/hlsmath/include/FloatingPoint\hls_case_IEEE754.h:58) automatically.
INFO: [XFORM 203-602] Inlining function 'generic_cast_IEEE754<int, (ap_q_mode)6, double>' into 'generic_cast_IEEE754<int, double>' (r:/builds/2018.3/continuous/2018_12_06_2405991/src/products/hls/hls_lib/hlsmath/include/FloatingPoint\hls_case_IEEE754.h:116) automatically.
INFO: [XFORM 203-602] Inlining function 'generic_cast_IEEE754<int, double>' into '__hls_fptosi_double_i32' (r:/builds/2018.3/continuous/2018_12_06_2405991/src/products/hls/hls_lib/hlsmath/src/lib_floatconversion.cpp:54) automatically.
INFO: [XFORM 203-602] Inlining function '__hls_fptosi_double_i32' into 'jacobi_HLS' (Jacobi/main.c:30) automatically.
Command         transform done; 0.7 sec.
INFO-FLOW: Presyn 2...
Execute         transform -hls -keep-callgraph -scalarrepl -mem2reg -port-alignment -attach-range -dce -pipe-mux-gen -indvars -loop-bound -inst-simplify -instcombine -dce -merge-array-access -mem2reg -dce -clean-region -mergereturn -if-conv -instcombine -dce -constprop -basicaa -aggr-aa -aggrmodref-aa -aggr-aa -gvn -gvn -basicaa -aggr-aa -aggrmodref-aa -aggr-aa -dse -adse -adce -scalarrepl -mem2reg -global-constprop -deadargelim -deadargelim -instcombine -dce -simplifycfg -ptrArgReplace -mem2reg -function-inline -globaldce -mem2reg -instcombine -dce -expr-balance -instcombine -dce -bitwidthmin -interface-preproc -directive-preproc -inst-rectify -instcombine -dce -functionattrs -constprop -instcombine -bit-constprop -simplify-global-access -globalopt -globaldce -inst-simplify -instcombine -elimdeaddata -dce -loop-delete -simplifycfg -loop-simplify -auto-burst -norm-name H:/Jorge/UPM/master/2oCuatri/HLS/Proyectos/Proyectos/Ejercicio1/Jacobi/solution10/.autopilot/db/a.o.1.tmp.bc -o H:/Jorge/UPM/master/2oCuatri/HLS/Proyectos/Proyectos/Ejercicio1/Jacobi/solution10/.autopilot/db/a.o.2.bc -f -phase presyn 
Command         transform done; 0.297 sec.
INFO: [HLS 200-111] Finished Pre-synthesis Time (s): cpu = 00:00:03 ; elapsed = 00:00:09 . Memory (MB): peak = 240.137 ; gain = 155.492
INFO-FLOW: Building ssdm...
Execute         transform -hls -function-uniquify -auto-function-inline -globaldce -ptrArgReplace -mem2reg -instcombine -dce -reset-lda -loop-simplify -indvars -licm -loop-dep -loop-bound -licm -loop-simplify -flattenloopnest -array-flatten -gvn -instcombine -dce -array-map -dce -func-legal -gvn -adce -instcombine -cfgopt -simplifycfg -loop-simplify -array-burst -promote-global-argument -dce -axi4-lower -array-seg-normalize -basicaa -aggrmodref-aa -globalsmodref-aa -aggr-aa -gvn -gvn -basicaa -aggrmodref-aa -globalsmodref-aa -aggr-aa -dse -adse -adce -licm -inst-simplify -dce -globaldce -instcombine -array-stream -eliminate-keepreads -instcombine -dce -deadargelim -doublePtrSimplify -doublePtrElim -dce -doublePtrSimplify -promote-dbg-pointer -dce -scalarrepl -mem2reg -disaggr -norm-name -mem2reg -instcombine -dse -adse -adce -ptrLegalization -dce -auto-rom-infer -array-flatten -dce -instcombine -check-doubleptr -loop-rot -constprop -cfgopt -simplifycfg -loop-simplify -indvars -pointer-simplify -dce -loop-bound -loop-simplify -loop-preproc -constprop -global-constprop -gvn -mem2reg -instcombine -dce -loop-bound -loop-merge -dce -bitwidthmin -deadargelim -dce -canonicalize-dataflow -dce -scalar-propagation -deadargelim -globaldce -mem2reg -read-loop-dep -interface-preproc -directive-preproc -interface-gen -bram-byte-enable -deadargelim -inst-simplify -dce -gvn -mem2reg -instcombine -dce -adse -loop-bound -instcombine -cfgopt -simplifycfg -loop-simplify -clean-region -io-protocol -find-region -mem2reg -bitop-raise -inst-simplify -inst-rectify -instcombine -adce -deadargelim -loop-simplify -phi-opt -bitop-raise -cfgopt -simplifycfg -strip-dead-prototypes -interface-lower -bitop-lower -intrinsic-lower -auto-function-inline -basicaa -aggrmodref-aa -globalsmodref-aa -aggr-aa -inst-simplify -simplifycfg -loop-simplify -mergereturn -inst-simplify -inst-rectify -dce -load-elim -bitop-lower -loop-rewind -pointer-simplify -dce -cfgopt -dce -bitwidth -loop-bound -loop-dep -read-loop-dep -dce -check-stream -norm-name -legalize -validate-dataflow -inst-clarity -cdfg-build H:/Jorge/UPM/master/2oCuatri/HLS/Proyectos/Proyectos/Ejercicio1/Jacobi/solution10/.autopilot/db/a.o.2.bc -o H:/Jorge/UPM/master/2oCuatri/HLS/Proyectos/Proyectos/Ejercicio1/Jacobi/solution10/.autopilot/db/a.o.3.bc -f -phase build-ssdm 
Command         transform done; 0.33 sec.
INFO: [HLS 200-111] Finished Architecture Synthesis Time (s): cpu = 00:00:03 ; elapsed = 00:00:10 . Memory (MB): peak = 254.137 ; gain = 169.492
INFO-FLOW: Finish building internal data model.
Command       opt_and_import_c done; 3.94 sec.
Command     elaborate done; 8.572 sec.
Execute     autosyn -from_csynth_design=1 
INFO: [HLS 200-10] Starting hardware synthesis ...
INFO-FLOW: Synthesizing C/C++ design ...
INFO: [HLS 200-10] Synthesizing 'jacobi_HLS' ...
Execute       ap_set_top_model jacobi_HLS 
Execute       get_model_list jacobi_HLS -filter all-wo-channel -topdown 
Execute       preproc_iomode -model jacobi_HLS 
Execute       get_model_list jacobi_HLS -filter all-wo-channel 
INFO-FLOW: Model list for configure: jacobi_HLS
INFO-FLOW: Configuring Module : jacobi_HLS ...
Execute       set_default_model jacobi_HLS 
Execute       apply_spec_resource_limit jacobi_HLS 
INFO-FLOW: Model list for preprocess: jacobi_HLS
INFO-FLOW: Preprocessing Module: jacobi_HLS ...
Execute       set_default_model jacobi_HLS 
Execute       cdfg_preprocess -model jacobi_HLS 
Execute       rtl_gen_preprocess jacobi_HLS 
INFO-FLOW: Model list for synthesis: jacobi_HLS
INFO: [HLS 200-10] ----------------------------------------------------------------
INFO: [HLS 200-42] -- Implementing module 'jacobi_HLS' 
INFO: [HLS 200-10] ----------------------------------------------------------------
Execute       set_default_model jacobi_HLS 
Execute       schedule -model jacobi_HLS 
INFO: [SCHED 204-11] Starting scheduling ...
INFO: [SCHED 204-11] Finished scheduling.
Command       schedule done; 0.225 sec.
INFO: [HLS 200-111]  Elapsed time: 9.846 seconds; current allocated memory: 193.765 MB.
Execute       report -o H:/Jorge/UPM/master/2oCuatri/HLS/Proyectos/Proyectos/Ejercicio1/Jacobi/solution10/.autopilot/db/jacobi_HLS.verbose.sched.rpt -verbose -f 
Command       report done; 0.263 sec.
Execute       db_write -o H:/Jorge/UPM/master/2oCuatri/HLS/Proyectos/Proyectos/Ejercicio1/Jacobi/solution10/.autopilot/db/jacobi_HLS.sched.adb -f 
INFO-FLOW: Finish scheduling jacobi_HLS.
Execute       set_default_model jacobi_HLS 
Execute       bind -model jacobi_HLS 
BIND OPTION: fu_weight=[ 0.0 -- 1.0 ]
BIND OPTION: model=jacobi_HLS
BIND OPTION: reg_weight=[ 0.0 -- 1.0 ]
INFO: [BIND 205-100] Starting micro-architecture generation ...
INFO: [BIND 205-101] Performing variable lifetime analysis.
INFO: [BIND 205-101] Exploring resource sharing.
INFO: [BIND 205-101] Binding ...
INFO: [BIND 205-100] Finished micro-architecture generation.
INFO: [HLS 200-111]  Elapsed time: 0.398 seconds; current allocated memory: 194.996 MB.
Execute       report -o H:/Jorge/UPM/master/2oCuatri/HLS/Proyectos/Proyectos/Ejercicio1/Jacobi/solution10/.autopilot/db/jacobi_HLS.verbose.bind.rpt -verbose -f 
Command       report done; 0.378 sec.
Execute       db_write -o H:/Jorge/UPM/master/2oCuatri/HLS/Proyectos/Proyectos/Ejercicio1/Jacobi/solution10/.autopilot/db/jacobi_HLS.bind.adb -f 
INFO-FLOW: Finish binding jacobi_HLS.
Execute       get_model_list jacobi_HLS -filter all-wo-channel 
INFO-FLOW: Preprocessing for RTLGen ...
Execute       rtl_gen_preprocess jacobi_HLS 
INFO-FLOW: Model list for RTL generation: jacobi_HLS
INFO: [HLS 200-10] ----------------------------------------------------------------
INFO: [HLS 200-10] -- Generating RTL for module 'jacobi_HLS' 
INFO: [HLS 200-10] ----------------------------------------------------------------
Execute       get_config_rtl -prefix 
Execute       get_config_rtl -auto_prefix 
Execute       create_rtl_model jacobi_HLS -vendor xilinx -mg_file H:/Jorge/UPM/master/2oCuatri/HLS/Proyectos/Proyectos/Ejercicio1/Jacobi/solution10/.autopilot/db/jacobi_HLS.compgen.tcl 
INFO: [RTGEN 206-500] Setting interface mode on port 'jacobi_HLS/J' to 'ap_memory'.
INFO: [RTGEN 206-500] Setting interface mode on port 'jacobi_HLS/b' to 'ap_memory'.
INFO: [RTGEN 206-500] Setting interface mode on port 'jacobi_HLS/x' to 'ap_memory'.
INFO: [RTGEN 206-500] Setting interface mode on function 'jacobi_HLS' to 'ap_ctrl_hs'.
INFO: [SYN 201-210] Renamed object name 'jacobi_HLS_dadd_64ns_64ns_64_5_full_dsp_1' to 'jacobi_HLS_dadd_6bkb' due to the length limit 20
INFO: [SYN 201-210] Renamed object name 'jacobi_HLS_dmul_64ns_64ns_64_6_max_dsp_1' to 'jacobi_HLS_dmul_6cud' due to the length limit 20
INFO: [SYN 201-210] Renamed object name 'jacobi_HLS_ddiv_64ns_64ns_64_31_1' to 'jacobi_HLS_ddiv_6dEe' due to the length limit 20
INFO: [SYN 201-210] Renamed object name 'jacobi_HLS_sitodp_32ns_64_6_1' to 'jacobi_HLS_sitodpeOg' due to the length limit 20
INFO: [SYN 201-210] Renamed object name 'jacobi_HLS_dsqrt_64ns_64ns_64_31_1' to 'jacobi_HLS_dsqrt_fYi' due to the length limit 20
INFO: [RTGEN 206-100] Generating core module 'jacobi_HLS_dadd_6bkb': 1 instance(s).
INFO: [RTGEN 206-100] Generating core module 'jacobi_HLS_ddiv_6dEe': 2 instance(s).
INFO: [RTGEN 206-100] Generating core module 'jacobi_HLS_dmul_6cud': 2 instance(s).
INFO: [RTGEN 206-100] Generating core module 'jacobi_HLS_dsqrt_fYi': 1 instance(s).
INFO: [RTGEN 206-100] Generating core module 'jacobi_HLS_sitodpeOg': 4 instance(s).
INFO: [RTGEN 206-100] Finished creating RTL model for 'jacobi_HLS'.
Command       create_rtl_model done; 0.103 sec.
INFO: [HLS 200-111]  Elapsed time: 0.581 seconds; current allocated memory: 197.159 MB.
Execute       source H:/Jorge/UPM/master/2oCuatri/HLS/Proyectos/Proyectos/Ejercicio1/Jacobi/solution10/.autopilot/db/jacobi_HLS.rtl_wrap.cfg.tcl 
Execute       gen_rtl jacobi_HLS -istop -style xilinx -tracefl mytrace -tracefmt vcd -traceopt all -f -lang sc -o H:/Jorge/UPM/master/2oCuatri/HLS/Proyectos/Proyectos/Ejercicio1/Jacobi/solution10/syn/systemc/jacobi_HLS -synmodules jacobi_HLS 
Execute       gen_rtl jacobi_HLS -istop -style xilinx -f -lang vhdl -o H:/Jorge/UPM/master/2oCuatri/HLS/Proyectos/Proyectos/Ejercicio1/Jacobi/solution10/syn/vhdl/jacobi_HLS 
Execute       gen_rtl jacobi_HLS -istop -style xilinx -f -lang vlog -o H:/Jorge/UPM/master/2oCuatri/HLS/Proyectos/Proyectos/Ejercicio1/Jacobi/solution10/syn/verilog/jacobi_HLS 
Execute       export_constraint_db -o H:/Jorge/UPM/master/2oCuatri/HLS/Proyectos/Proyectos/Ejercicio1/Jacobi/solution10/.autopilot/db/jacobi_HLS.constraint.tcl -f -tool general 
Execute       report -model jacobi_HLS -o H:/Jorge/UPM/master/2oCuatri/HLS/Proyectos/Proyectos/Ejercicio1/Jacobi/solution10/.autopilot/db/jacobi_HLS.design.xml -verbose -f -dv 
Execute       report -model jacobi_HLS -o H:/Jorge/UPM/master/2oCuatri/HLS/Proyectos/Proyectos/Ejercicio1/Jacobi/solution10/.autopilot/db/jacobi_HLS.sdaccel.xml -verbose -f -sdaccel 
Command       report done; 0.108 sec.
Execute       gen_tb_info jacobi_HLS -o H:/Jorge/UPM/master/2oCuatri/HLS/Proyectos/Proyectos/Ejercicio1/Jacobi/solution10/.autopilot/db/jacobi_HLS -p H:/Jorge/UPM/master/2oCuatri/HLS/Proyectos/Proyectos/Ejercicio1/Jacobi/solution10/.autopilot/db 
Execute       report -model jacobi_HLS -o H:/Jorge/UPM/master/2oCuatri/HLS/Proyectos/Proyectos/Ejercicio1/Jacobi/solution10/syn/report/jacobi_HLS_csynth.rpt -f 
Execute       report -model jacobi_HLS -o H:/Jorge/UPM/master/2oCuatri/HLS/Proyectos/Proyectos/Ejercicio1/Jacobi/solution10/syn/report/jacobi_HLS_csynth.xml -f -x 
Execute       report -model jacobi_HLS -o H:/Jorge/UPM/master/2oCuatri/HLS/Proyectos/Proyectos/Ejercicio1/Jacobi/solution10/.autopilot/db/jacobi_HLS.verbose.rpt -verbose -f 
Command       report done; 0.444 sec.
Execute       db_write -model jacobi_HLS -o H:/Jorge/UPM/master/2oCuatri/HLS/Proyectos/Proyectos/Ejercicio1/Jacobi/solution10/.autopilot/db/jacobi_HLS.adb -f 
Command       db_write done; 0.115 sec.
Execute       sc_get_clocks jacobi_HLS 
Execute       get_config_export -vivado_clock 
Execute       sc_get_portdomain jacobi_HLS 
INFO-FLOW: Model list for RTL component generation: jacobi_HLS
INFO-FLOW: Handling components in module [jacobi_HLS] ... 
Execute       source H:/Jorge/UPM/master/2oCuatri/HLS/Proyectos/Proyectos/Ejercicio1/Jacobi/solution10/.autopilot/db/jacobi_HLS.compgen.tcl 
INFO-FLOW: Found component jacobi_HLS_dadd_6bkb.
INFO-FLOW: Append model jacobi_HLS_dadd_6bkb
INFO-FLOW: Found component jacobi_HLS_dmul_6cud.
INFO-FLOW: Append model jacobi_HLS_dmul_6cud
INFO-FLOW: Found component jacobi_HLS_ddiv_6dEe.
INFO-FLOW: Append model jacobi_HLS_ddiv_6dEe
INFO-FLOW: Found component jacobi_HLS_sitodpeOg.
INFO-FLOW: Append model jacobi_HLS_sitodpeOg
INFO-FLOW: Found component jacobi_HLS_dsqrt_fYi.
INFO-FLOW: Append model jacobi_HLS_dsqrt_fYi
INFO-FLOW: Append model jacobi_HLS
INFO-FLOW: Generating RTL model list ...
INFO-FLOW: All models in this session: jacobi_HLS_dadd_6bkb jacobi_HLS_dmul_6cud jacobi_HLS_ddiv_6dEe jacobi_HLS_sitodpeOg jacobi_HLS_dsqrt_fYi jacobi_HLS
INFO-FLOW: To file: write model jacobi_HLS_dadd_6bkb
INFO-FLOW: To file: write model jacobi_HLS_dmul_6cud
INFO-FLOW: To file: write model jacobi_HLS_ddiv_6dEe
INFO-FLOW: To file: write model jacobi_HLS_sitodpeOg
INFO-FLOW: To file: write model jacobi_HLS_dsqrt_fYi
INFO-FLOW: To file: write model jacobi_HLS
INFO-FLOW: Finished generating RTL model list.


INFO-FLOW: RTL Generation done.
INFO-FLOW: CAS Generation done.
INFO-FLOW: CBC Generation done.
INFO-FLOW: DBG:CMD: auto_generate_csynth_design
INFO-FLOW: DBG:CMD:     auto_generate --sim-model -phase csynth_design -d H:/Jorge/UPM/master/2oCuatri/HLS/Proyectos/Proyectos/Ejercicio1/Jacobi/solution10
Execute       source H:/Jorge/UPM/master/2oCuatri/HLS/Proyectos/Proyectos/Ejercicio1/Jacobi/solution10/.autopilot/db/global.setting.tcl 
INFO-FLOW: DBG:CMD: read_platform_lib H:/Jorge/UPM/master/2oCuatri/HLS/Proyectos/Proyectos/Ejercicio1/Jacobi/solution10/.autopilot/db/global.setting.tcl
Execute       source C:/Xilinx/Vivado/2018.3/common/technology/generic/autopilot/common.gen 
Execute         source C:/Xilinx/Vivado/2018.3/common/technology/generic/autopilot/APCoreGen.gen 
Execute       source C:/Xilinx/Vivado/2018.3/common/technology/generic/autopilot/op.gen 
Execute       source C:/Xilinx/Vivado/2018.3/common/technology/generic/autopilot/op_simcore.gen 
Execute       source C:/Xilinx/Vivado/2018.3/common/technology/generic/autopilot/interface.gen 
Execute       source H:/Jorge/UPM/master/2oCuatri/HLS/Proyectos/Proyectos/Ejercicio1/Jacobi/solution10/.autopilot/db/global.setting.tcl 
Execute       source C:/Xilinx/Vivado/2018.3/common/technology/xilinx/zynq/zynq.gen 
Execute         source C:/Xilinx/Vivado/2018.3/common/technology/xilinx/common/virtex.gen 
Execute           source C:/Xilinx/Vivado/2018.3/common/technology/xilinx/common/xilinx.gen 
Execute             source C:/Xilinx/Vivado/2018.3/common/technology/xilinx/interface/plb46.gen 
Execute             source C:/Xilinx/Vivado/2018.3/common/technology/xilinx/interface/fsl.gen 
Execute             source C:/Xilinx/Vivado/2018.3/common/technology/xilinx/interface/axi4.gen 
Execute             source C:/Xilinx/Vivado/2018.3/common/technology/xilinx/interface/nativeAXI4.gen 
Execute               source C:/Xilinx/Vivado/2018.3/common/technology/xilinx/interface/saxilite.gen 
Execute               source C:/Xilinx/Vivado/2018.3/common/technology/xilinx/interface/maxi.gen 
Execute             source C:/Xilinx/Vivado/2018.3/common/technology/xilinx/scripts/xilinxcoregen.gen 
Execute             source C:/Xilinx/Vivado/2018.3/common/technology/xilinx/interface/XilEDKCoreGen.gen 
Execute             source C:/Xilinx/Vivado/2018.3/common/technology/xilinx/ip/dds_compiler.gen 
Execute             source C:/Xilinx/Vivado/2018.3/common/technology/xilinx/ip/util.gen 
Execute             source C:/Xilinx/Vivado/2018.3/common/technology/xilinx/ip/xfft.gen 
Execute             source C:/Xilinx/Vivado/2018.3/common/technology/xilinx/ip/xfir.gen 
Command           ap_source done; 0.136 sec.
Execute           source C:/Xilinx/Vivado/2018.3/common/technology/xilinx/common/dsp48.gen 
Command         ap_source done; 0.14 sec.
Command       ap_source done; 0.14 sec.
Execute       source C:/Xilinx/Vivado/2018.3/common/technology/xilinx/zynq/zynq_fpv6.gen 
Execute         source C:/Xilinx/Vivado/2018.3/common/technology/xilinx/common/xilinx_fpv6.gen 
INFO-FLOW: DBG:CMD:   using AESL_AUTOCG::g_clock_period=10.000 (was NA)
INFO-FLOW: DBG:CMD:       generate_ip_cores sim=1 export=0 expOnly=0 dstVlogDir=syn/verilog
Execute       source H:/Jorge/UPM/master/2oCuatri/HLS/Proyectos/Proyectos/Ejercicio1/Jacobi/solution10/.autopilot/db/global.setting.tcl 
Execute       source H:/Jorge/UPM/master/2oCuatri/HLS/Proyectos/Proyectos/Ejercicio1/Jacobi/solution10/.autopilot/db/global.setting.tcl 
Execute       source H:/Jorge/UPM/master/2oCuatri/HLS/Proyectos/Proyectos/Ejercicio1/Jacobi/solution10/.autopilot/db/global.setting.tcl 
Execute       source H:/Jorge/UPM/master/2oCuatri/HLS/Proyectos/Proyectos/Ejercicio1/Jacobi/solution10/.autopilot/db/jacobi_HLS.compgen.tcl 
Command       ap_source done; 0.186 sec.
INFO-FLOW: DBG:CMD:     auto_generate -export -impltomg_flag -rtl both -tool Vivado -pcore_version 1.00.a -phase csynth_design -d H:/Jorge/UPM/master/2oCuatri/HLS/Proyectos/Proyectos/Ejercicio1/Jacobi/solution10
Execute       source H:/Jorge/UPM/master/2oCuatri/HLS/Proyectos/Proyectos/Ejercicio1/Jacobi/solution10/.autopilot/db/global.setting.tcl 
INFO-FLOW: DBG:CMD: read_platform_lib H:/Jorge/UPM/master/2oCuatri/HLS/Proyectos/Proyectos/Ejercicio1/Jacobi/solution10/.autopilot/db/global.setting.tcl
Execute       source C:/Xilinx/Vivado/2018.3/common/technology/generic/autopilot/common.gen 
Execute         source C:/Xilinx/Vivado/2018.3/common/technology/generic/autopilot/APCoreGen.gen 
Execute       source C:/Xilinx/Vivado/2018.3/common/technology/generic/autopilot/op.gen 
Execute       source C:/Xilinx/Vivado/2018.3/common/technology/generic/autopilot/op_simcore.gen 
Execute       source C:/Xilinx/Vivado/2018.3/common/technology/generic/autopilot/interface.gen 
Execute       source H:/Jorge/UPM/master/2oCuatri/HLS/Proyectos/Proyectos/Ejercicio1/Jacobi/solution10/.autopilot/db/global.setting.tcl 
Execute       source C:/Xilinx/Vivado/2018.3/common/technology/xilinx/zynq/zynq.gen 
Execute         source C:/Xilinx/Vivado/2018.3/common/technology/xilinx/common/virtex.gen 
Execute           source C:/Xilinx/Vivado/2018.3/common/technology/xilinx/common/xilinx.gen 
Execute             source C:/Xilinx/Vivado/2018.3/common/technology/xilinx/interface/plb46.gen 
Execute             source C:/Xilinx/Vivado/2018.3/common/technology/xilinx/interface/fsl.gen 
Execute             source C:/Xilinx/Vivado/2018.3/common/technology/xilinx/interface/axi4.gen 
Execute             source C:/Xilinx/Vivado/2018.3/common/technology/xilinx/interface/nativeAXI4.gen 
Execute               source C:/Xilinx/Vivado/2018.3/common/technology/xilinx/interface/saxilite.gen 
Execute               source C:/Xilinx/Vivado/2018.3/common/technology/xilinx/interface/maxi.gen 
Execute             source C:/Xilinx/Vivado/2018.3/common/technology/xilinx/scripts/xilinxcoregen.gen 
Execute             source C:/Xilinx/Vivado/2018.3/common/technology/xilinx/interface/XilEDKCoreGen.gen 
Execute             source C:/Xilinx/Vivado/2018.3/common/technology/xilinx/ip/dds_compiler.gen 
Execute             source C:/Xilinx/Vivado/2018.3/common/technology/xilinx/ip/util.gen 
Execute             source C:/Xilinx/Vivado/2018.3/common/technology/xilinx/ip/xfft.gen 
Execute             source C:/Xilinx/Vivado/2018.3/common/technology/xilinx/ip/xfir.gen 
Command           ap_source done; 0.137 sec.
Execute           source C:/Xilinx/Vivado/2018.3/common/technology/xilinx/common/dsp48.gen 
Command         ap_source done; 0.14 sec.
Command       ap_source done; 0.14 sec.
Execute       source C:/Xilinx/Vivado/2018.3/common/technology/xilinx/zynq/zynq_fpv6.gen 
Execute         source C:/Xilinx/Vivado/2018.3/common/technology/xilinx/common/xilinx_fpv6.gen 
INFO-FLOW: DBG:CMD:       initCTypeInfo top_module=jacobi_HLS xml_exists=0
Execute       source H:/Jorge/UPM/master/2oCuatri/HLS/Proyectos/Proyectos/Ejercicio1/Jacobi/solution10/.autopilot/db/jacobi_HLS.rtl_wrap.cfg.tcl 
Execute       source H:/Jorge/UPM/master/2oCuatri/HLS/Proyectos/Proyectos/Ejercicio1/Jacobi/solution10/.autopilot/db/jacobi_HLS.rtl_wrap.cfg.tcl 
Execute       source H:/Jorge/UPM/master/2oCuatri/HLS/Proyectos/Proyectos/Ejercicio1/Jacobi/solution10/.autopilot/db/jacobi_HLS.rtl_wrap.cfg.tcl 
Execute       source H:/Jorge/UPM/master/2oCuatri/HLS/Proyectos/Proyectos/Ejercicio1/Jacobi/solution10/.autopilot/db/jacobi_HLS.tbgen.tcl 
Execute       source H:/Jorge/UPM/master/2oCuatri/HLS/Proyectos/Proyectos/Ejercicio1/Jacobi/solution10/.autopilot/db/jacobi_HLS.tbgen.tcl 
INFO-FLOW: DBG:CMD:       export_impl_rtl
INFO-FLOW: DBG:CMD:       generate_ip_cores sim=0 export=0 expOnly=0 dstVlogDir=impl/.verilog
Execute       source H:/Jorge/UPM/master/2oCuatri/HLS/Proyectos/Proyectos/Ejercicio1/Jacobi/solution10/.autopilot/db/global.setting.tcl 
Execute       source H:/Jorge/UPM/master/2oCuatri/HLS/Proyectos/Proyectos/Ejercicio1/Jacobi/solution10/.autopilot/db/jacobi_HLS.compgen.tcl 
Command       ap_source done; 0.101 sec.
INFO-FLOW: DBG:CMD:       generate_ip_cores sim=0 export=1 expOnly=1 dstVlogDir=impl/.pcores/verilog
Execute       source H:/Jorge/UPM/master/2oCuatri/HLS/Proyectos/Proyectos/Ejercicio1/Jacobi/solution10/.autopilot/db/global.setting.tcl 
Execute       source H:/Jorge/UPM/master/2oCuatri/HLS/Proyectos/Proyectos/Ejercicio1/Jacobi/solution10/.autopilot/db/jacobi_HLS.compgen.tcl 
Execute         source H:/Jorge/UPM/master/2oCuatri/HLS/Proyectos/Proyectos/Ejercicio1/Jacobi/solution10/.autopilot/db/jacobi_HLS.tbgen.tcl 
Execute         source H:/Jorge/UPM/master/2oCuatri/HLS/Proyectos/Proyectos/Ejercicio1/Jacobi/solution10/.autopilot/db/jacobi_HLS.tbgen.tcl 
Execute         source H:/Jorge/UPM/master/2oCuatri/HLS/Proyectos/Proyectos/Ejercicio1/Jacobi/solution10/.autopilot/db/jacobi_HLS.tbgen.tcl 
INFO-FLOW: DBG:CMD:       generate_ip_cores sim=0 export=0 expOnly=0 dstVlogDir=impl/.pcores/verilog_sim
Execute       source H:/Jorge/UPM/master/2oCuatri/HLS/Proyectos/Proyectos/Ejercicio1/Jacobi/solution10/.autopilot/db/global.setting.tcl 
Execute       source H:/Jorge/UPM/master/2oCuatri/HLS/Proyectos/Proyectos/Ejercicio1/Jacobi/solution10/.autopilot/db/jacobi_HLS.compgen.tcl 
Execute       source H:/Jorge/UPM/master/2oCuatri/HLS/Proyectos/Proyectos/Ejercicio1/Jacobi/solution10/.autopilot/db/global.setting.tcl 
Execute       source H:/Jorge/UPM/master/2oCuatri/HLS/Proyectos/Proyectos/Ejercicio1/Jacobi/solution10/.autopilot/db/jacobi_HLS.constraint.tcl 
Execute       source H:/Jorge/UPM/master/2oCuatri/HLS/Proyectos/Proyectos/Ejercicio1/Jacobi/solution10/.autopilot/db/jacobi_HLS.tbgen.tcl 
INFO-FLOW: DBG:CMD:       hasPcoreIpAdapter=false #gSsdmPorts=10
INFO-FLOW: DBG:CMD: Skipping loadAnalyze_DB, #g_database=4
INFO-FLOW: DBG:CMD:       generate_json is_phase_csynth=1 g_has_adaptors=false generate_bd_files=0 #modelList=6 #gSsdmPorts=10
Execute       source H:/Jorge/UPM/master/2oCuatri/HLS/Proyectos/Proyectos/Ejercicio1/Jacobi/solution10/.autopilot/db/global.setting.tcl 
Execute       source H:/Jorge/UPM/master/2oCuatri/HLS/Proyectos/Proyectos/Ejercicio1/Jacobi/solution10/.autopilot/db/global.setting.tcl 
Execute       source H:/Jorge/UPM/master/2oCuatri/HLS/Proyectos/Proyectos/Ejercicio1/Jacobi/solution10/.autopilot/db/jacobi_HLS.tbgen.tcl 
Execute       source H:/Jorge/UPM/master/2oCuatri/HLS/Proyectos/Proyectos/Ejercicio1/Jacobi/solution10/.autopilot/db/jacobi_HLS.tbgen.tcl 
Execute       source H:/Jorge/UPM/master/2oCuatri/HLS/Proyectos/Proyectos/Ejercicio1/Jacobi/solution10/.autopilot/db/jacobi_HLS.tbgen.tcl 
Execute       source H:/Jorge/UPM/master/2oCuatri/HLS/Proyectos/Proyectos/Ejercicio1/Jacobi/solution10/.autopilot/db/global.setting.tcl 
Execute       get_config_sdx -target 
Execute       get_config_export -xo 
Execute       source H:/Jorge/UPM/master/2oCuatri/HLS/Proyectos/Proyectos/Ejercicio1/Jacobi/solution10/.autopilot/db/global.setting.tcl 
Execute       source H:/Jorge/UPM/master/2oCuatri/HLS/Proyectos/Proyectos/Ejercicio1/Jacobi/solution10/.autopilot/db/jacobi_HLS.constraint.tcl 
Execute       sc_get_clocks jacobi_HLS 
Execute       source H:/Jorge/UPM/master/2oCuatri/HLS/Proyectos/Proyectos/Ejercicio1/Jacobi/solution10/.autopilot/db/global.setting.tcl 
Execute       source H:/Jorge/UPM/master/2oCuatri/HLS/Proyectos/Proyectos/Ejercicio1/Jacobi/solution10/impl/misc/jacobi_HLS_ap_dadd_3_full_dsp_64_ip.tcl 
Execute       source H:/Jorge/UPM/master/2oCuatri/HLS/Proyectos/Proyectos/Ejercicio1/Jacobi/solution10/impl/misc/jacobi_HLS_ap_ddiv_29_no_dsp_64_ip.tcl 
Execute       source H:/Jorge/UPM/master/2oCuatri/HLS/Proyectos/Proyectos/Ejercicio1/Jacobi/solution10/impl/misc/jacobi_HLS_ap_dmul_4_max_dsp_64_ip.tcl 
Execute       source H:/Jorge/UPM/master/2oCuatri/HLS/Proyectos/Proyectos/Ejercicio1/Jacobi/solution10/impl/misc/jacobi_HLS_ap_dsqrt_29_no_dsp_64_ip.tcl 
Execute       source H:/Jorge/UPM/master/2oCuatri/HLS/Proyectos/Proyectos/Ejercicio1/Jacobi/solution10/impl/misc/jacobi_HLS_ap_sitodp_4_no_dsp_32_ip.tcl 
Execute       get_config_sdx -target 
Execute       get_config_sdx -profile 
Execute       ::config_rtl 
INFO-FLOW: DBG:CMD: add_json_sdx_info kernel file does not exist: H:/Jorge/UPM/master/2oCuatri/HLS/Proyectos/Proyectos/Ejercicio1/Jacobi/solution10/.autopilot/db/kernel.internal.xml
INFO-FLOW: DBG:CMD:       delete-temp-dirs (skipped for debug)
INFO: [HLS 200-111] Finished generating all RTL models Time (s): cpu = 00:00:05 ; elapsed = 00:00:13 . Memory (MB): peak = 257.203 ; gain = 172.559
INFO: [SYSC 207-301] Generating SystemC RTL for jacobi_HLS.
INFO: [VHDL 208-304] Generating VHDL RTL for jacobi_HLS.
INFO: [VLOG 209-307] Generating Verilog RTL for jacobi_HLS.
Command     autosyn done; 3.574 sec.
Execute     get_part 
Execute     get_config_export -sdx_tcl 
Command   csynth_design done; 12.163 sec.
Command ap_source done; 12.498 sec.
Execute cleanup_all 
