

================================================================
== Vivado HLS Report for 'producer_jacobi'
================================================================
* Date:           Mon Jun 24 15:34:22 2019

* Version:        2018.3 (Build 2405991 on Thu Dec 06 23:56:15 MST 2018)
* Project:        Jacobi_systemc
* Solution:       solution1
* Product family: zynq
* Target device:  xc7z020clg400-1


================================================================
== Performance Estimates
================================================================
+ Timing (ns): 
    * Summary: 
    +--------+-------+----------+------------+
    |  Clock | Target| Estimated| Uncertainty|
    +--------+-------+----------+------------+
    |ap_clk  |  10.00|     8.621|        1.25|
    +--------+-------+----------+------------+

+ Latency (clock cycles): 
    * Summary: 
    +------+------+------+------+---------+
    |   Latency   |   Interval  | Pipeline|
    |  min |  max |  min |  max |   Type  |
    +------+------+------+------+---------+
    |  4195|  7779|  4195|  7779|   none  |
    +------+------+------+------+---------+

    + Detail: 
        * Instance: 
        N/A

        * Loop: 
        +-------------+------+------+-----------+-----------+-----------+------+----------+
        |             |   Latency   | Iteration |  Initiation Interval  | Trip |          |
        |  Loop Name  |  min |  max |  Latency  |  achieved |   target  | Count| Pipelined|
        +-------------+------+------+-----------+-----------+-----------+------+----------+
        |- Loop 1     |    16|    16|          1|          -|          -|    16|    no    |
        |- Loop 2     |  3952|  7536| 247 ~ 471 |          -|          -|    16|    no    |
        | + Loop 2.1  |   244|   468|  61 ~ 117 |          -|          -|     4|    no    |
        |  ++ filas   |     8|    64|   2 ~ 16  |          -|          -|     4|    no    |
        |- Loop 3     |   224|   224|         14|          -|          -|    16|    no    |
        +-------------+------+------+-----------+-----------+-----------+------+----------+



================================================================
== Utilization Estimates
================================================================
* Summary: 
+-----------------+---------+-------+--------+-------+
|       Name      | BRAM_18K| DSP48E|   FF   |  LUT  |
+-----------------+---------+-------+--------+-------+
|DSP              |        -|      -|       -|      -|
|Expression       |        -|      6|       0|    896|
|FIFO             |        -|      -|       -|      -|
|Instance         |        -|     14|    4385|   6030|
|Memory           |        0|      -|     256|     26|
|Multiplexer      |        -|      -|       -|    162|
|Register         |        -|      -|     449|      -|
+-----------------+---------+-------+--------+-------+
|Total            |        0|     20|    5090|   7114|
+-----------------+---------+-------+--------+-------+
|Available        |      280|    220|  106400|  53200|
+-----------------+---------+-------+--------+-------+
|Utilization (%)  |        0|      9|       4|     13|
+-----------------+---------+-------+--------+-------+

+ Detail: 
    * Instance: 
    +-------------------------+----------------------+---------+-------+------+------+
    |         Instance        |        Module        | BRAM_18K| DSP48E|  FF  |  LUT |
    +-------------------------+----------------------+---------+-------+------+------+
    |producer_jacobi_dg8j_U1  |producer_jacobi_dg8j  |        0|      3|   445|  1149|
    |producer_jacobi_dhbi_U2  |producer_jacobi_dhbi  |        0|     11|   317|   578|
    |producer_jacobi_dibs_U3  |producer_jacobi_dibs  |        0|      0|  3211|  3658|
    |producer_jacobi_sjbC_U4  |producer_jacobi_sjbC  |        0|      0|   412|   645|
    +-------------------------+----------------------+---------+-------+------+------+
    |Total                    |                      |        0|     14|  4385|  6030|
    +-------------------------+----------------------+---------+-------+------+------+

    * DSP48: 
    N/A

    * Memory: 
    +-----------------------+----------------------+---------+----+----+------+-----+------+-------------+
    |         Memory        |        Module        | BRAM_18K| FF | LUT| Words| Bits| Banks| W*Bits*Banks|
    +-----------------------+----------------------+---------+----+----+------+-----+------+-------------+
    |producer_x_m_if_Val_U  |producer_jacobi_pbkb  |        0|  64|   8|    16|   32|     1|          512|
    |producer_A_m_if_Val_U  |producer_jacobi_pcud  |        0|   0|   0|     4|    0|     1|            0|
    |producer_b_m_if_Val_U  |producer_jacobi_pdEe  |        0|  64|   2|     4|   32|     1|          128|
    |x_prev_U               |producer_jacobi_xeOg  |        0|  64|   8|    16|   32|     1|          512|
    |x_new_U                |producer_jacobi_xeOg  |        0|  64|   8|    16|   32|     1|          512|
    +-----------------------+----------------------+---------+----+----+------+-----+------+-------------+
    |Total                  |                      |        0| 256|  26|    56|  128|     5|         1664|
    +-----------------------+----------------------+---------+----+----+------+-----+------+-------------+

    * FIFO: 
    N/A

    * Expression: 
    +----------------------+----------+-------+---+-----+------------+------------+
    |     Variable Name    | Operation| DSP48E| FF| LUT | Bitwidth P0| Bitwidth P1|
    +----------------------+----------+-------+---+-----+------------+------------+
    |tmp_18_fu_437_p2      |     *    |      3|  0|   20|          32|          32|
    |tmp_7_fu_607_p2       |     *    |      3|  0|   20|          32|          32|
    |sh_assign_fu_485_p2   |     +    |      0|  0|   12|          11|          12|
    |tmp_s_fu_408_p2       |     +    |      0|  0|   10|           1|           2|
    |result_V_1_fu_571_p2  |     -    |      0|  0|   39|           1|          32|
    |tmp_6_fu_601_p2       |     -    |      0|  0|   39|          32|          32|
    |tmp_i_i_i_fu_499_p2   |     -    |      0|  0|   13|          10|          11|
    |exitcond2_fu_374_p2   |   icmp   |      0|  0|   11|           1|           6|
    |exitcond3_fu_391_p2   |   icmp   |      0|  0|    9|           1|           4|
    |exitcond_fu_583_p2    |   icmp   |      0|  0|   11|           1|           6|
    |r_V_fu_529_p2         |   lshr   |      0|  0|  162|          54|          54|
    |p_Val2_5_fu_563_p3    |  select  |      0|  0|   32|           1|          32|
    |p_Val2_6_fu_576_p3    |  select  |      0|  0|   32|           1|          32|
    |ush_fu_509_p3         |  select  |      0|  0|   12|           1|          12|
    |r_V_1_fu_535_p2       |    shl   |      0|  0|  474|         137|         137|
    +----------------------+----------+-------+---+-----+------------+------------+
    |Total                 |          |      6|  0|  896|         316|         436|
    +----------------------+----------+-------+---+-----+------------+------------+

    * Multiplexer: 
    +-------------------+----+-----------+-----+-----------+
    |        Name       | LUT| Input Size| Bits| Total Bits|
    +-------------------+----+-----------+-----+-----------+
    |grp_fu_317_opcode  |  15|          3|    2|          6|
    |grp_fu_317_p0      |  21|          4|   64|        256|
    |grp_fu_317_p1      |  15|          3|   64|        192|
    |grp_fu_333_p0      |  27|          5|   32|        160|
    |x_new_address0     |  27|          5|    4|         20|
    |x_new_d0           |  15|          3|   32|         96|
    |x_prev_address0    |  27|          5|    4|         20|
    |x_prev_d0          |  15|          3|   32|         96|
    +-------------------+----+-----------+-----+-----------+
    |Total              | 162|         31|  234|        846|
    +-------------------+----+-----------+-----+-----------+

    * Register: 
    +-------------------------------+----+----+-----+-----------+
    |              Name             | FF | LUT| Bits| Const Bits|
    +-------------------------------+----+----+-----+-----------+
    |i2_reg_246                     |   0|   0|    3|          3|
    |p_Result_s_reg_708             |   1|   0|    1|          0|
    |p_Val2_5_reg_713               |  32|   0|   32|          0|
    |producer_A_m_if_Val_s_reg_657  |   0|   0|    2|          2|
    |reg_338                        |  32|   0|   32|          0|
    |reg_343                        |  64|   0|   64|          0|
    |reg_350                        |  64|   0|   64|          0|
    |sigma_reg_258                  |   0|   0|   64|         64|
    |tmp_14_reg_698                 |  64|   0|   64|          0|
    |tmp_18_reg_683                 |  32|   0|   32|          0|
    |tmp_1_reg_293                  |   0|   0|   64|         64|
    |tmp_2_reg_627                  |   0|   0|   64|         64|
    |tmp_5_reg_727                  |   0|   0|   64|         64|
    |tmp_6_reg_742                  |  32|   0|   32|          0|
    |tmp_7_reg_748                  |  32|   0|   32|          0|
    |tmp_9_reg_645                  |   0|   0|   64|         64|
    |x_assign_reg_703               |  64|   0|   64|          0|
    |x_prev_load_1_reg_662          |  32|   0|   32|          0|
    +-------------------------------+----+----+-----+-----------+
    |Total                          | 449|   0|  774|        325|
    +-------------------------------+----+----+-----+-----------+



================================================================
== Interface
================================================================
* Summary: 
+----------+----+-----+------------+------------------+--------------+
| RTL Ports| Dir| Bits|  Protocol  |   Source Object  |    C Type    |
+----------+----+-----+------------+------------------+--------------+
|ap_clk    | in |    1| ap_ctrl_hs | producer::jacobi | return value |
|ap_rst    | in |    1| ap_ctrl_hs | producer::jacobi | return value |
+----------+----+-----+------------+------------------+--------------+

