INFO: [SIM 2] *************** CSIM start ***************
INFO: [SIM 4] CSIM will launch GCC as the compiler.
   Compiling(apcc) ../../../testbench.c in debug mode
INFO: [HLS 200-10] Running 'C:/Xilinx/Vivado/2018.3/bin/unwrapped/win64.o/apcc.exe'
INFO: [HLS 200-10] For user 'Jorjo80' on host 'desktop-3oce3q5' (Windows NT_amd64 version 6.2) on Tue May 28 12:03:29 +0200 2019
INFO: [HLS 200-10] In directory 'H:/Jorge/UPM/master/2oCuatri/HLS/Proyectos/Proyectos/Ejercicio1/Jacobi/solution1/csim/build'
../../../testbench.c:11:2: warning: implicitly declaring library function 'printf' with type 'int (const char *, ...)'
        printf("error = %f\n",error);
        ^
../../../testbench.c:11:2: note: please include the header <stdio.h> or explicitly provide a declaration for 'printf'
1 warning generated.
../../../testbench.c:11:2: warning: implicitly declaring library function 'printf' with type 'int (const char *, ...)'
        printf("error = %f\n",error);
        ^
../../../testbench.c:11:2: note: please include the header <stdio.h> or explicitly provide a declaration for 'printf'
1 warning generated.
INFO: [APCC 202-3] Tmp directory is apcc_db
INFO: [APCC 202-1] APCC is done.
   Compiling(apcc) ../../../main.c in debug mode
INFO: [HLS 200-10] Running 'C:/Xilinx/Vivado/2018.3/bin/unwrapped/win64.o/apcc.exe'
INFO: [HLS 200-10] For user 'Jorjo80' on host 'desktop-3oce3q5' (Windows NT_amd64 version 6.2) on Tue May 28 12:03:35 +0200 2019
INFO: [HLS 200-10] In directory 'H:/Jorge/UPM/master/2oCuatri/HLS/Proyectos/Proyectos/Ejercicio1/Jacobi/solution1/csim/build'
../../../main.c:18:3: warning: array index 16 is past the end of the array (which contains 16 elements) [-Warray-bounds]
                x_prev[iter]=x_new[iter];
                ^      ~~~~
../../../main.c:7:2: note: array 'x_prev' declared here
        int x_prev[16], x_new[16];
        ^
../../../main.c:18:16: warning: array index 16 is past the end of the array (which contains 16 elements) [-Warray-bounds]
                x_prev[iter]=x_new[iter];
                             ^     ~~~~
../../../main.c:7:2: note: array 'x_new' declared here
        int x_prev[16], x_new[16];
        ^
2 warnings generated.
../../../main.c:18:3: warning: array index 16 is past the end of the array (which contains 16 elements) [-Warray-bounds]
                x_prev[iter]=x_new[iter];
                ^      ~~~~
../../../main.c:7:2: note: array 'x_prev' declared here
        int x_prev[16], x_new[16];
        ^
../../../main.c:18:16: warning: array index 16 is past the end of the array (which contains 16 elements) [-Warray-bounds]
                x_prev[iter]=x_new[iter];
                             ^     ~~~~
../../../main.c:7:2: note: array 'x_new' declared here
        int x_prev[16], x_new[16];
        ^
2 warnings generated.
INFO: [APCC 202-3] Tmp directory is apcc_db
INFO: [APCC 202-1] APCC is done.
   Generating csim.exe
error = 3.605551
x[]=  { 1,0,0,0,1,1,1,1,1,1,1,1,1,1,1,1 }
INFO: [SIM 1] CSim done with 0 errors.
INFO: [SIM 3] *************** CSIM finish ***************
