==============================================================
File generated on Mon May 27 22:08:44 +0200 2019
Vivado(TM) HLS - High-Level Synthesis from C, C++ and SystemC v2018.3 (64-bit)
SW Build 2405991 on Thu Dec  6 23:38:27 MST 2018
IP Build 2404404 on Fri Dec  7 01:43:56 MST 2018
Copyright 1986-2018 Xilinx, Inc. All Rights Reserved.
==============================================================
INFO: [SYN 201-201] Setting up clock 'default' with a period of 10ns.
INFO: [HLS 200-10] Setting target device to 'xc7z020clg400-1'
INFO: [SCHED 204-61] Option 'relax_ii_for_timing' is enabled, will increase II to preserve clock frequency constraints.
INFO: [HLS 200-10] Analyzing design file 'Jacobi/main.c' ... 
WARNING: [HLS 200-40] In file included from Jacobi/main.c:1:
Jacobi/main.c:18:3: warning: array index 16 is past the end of the array (which contains 16 elements) [-Warray-bounds]
  x_prev[16]=x_new[16];
  ^      ~~
Jacobi/main.c:7:2: note: array 'x_prev' declared here
 int x_prev[16], x_new[16];
 ^
Jacobi/main.c:18:14: warning: array index 16 is past the end of the array (which contains 16 elements) [-Warray-bounds]
  x_prev[16]=x_new[16];
             ^     ~~
Jacobi/main.c:7:2: note: array 'x_new' declared here
 int x_prev[16], x_new[16];
 ^
2 warnings generated.
INFO: [HLS 200-111] Finished Linking Time (s): cpu = 00:00:00 ; elapsed = 00:00:06 . Memory (MB): peak = 102.930 ; gain = 18.293
INFO: [HLS 200-111] Finished Checking Pragmas Time (s): cpu = 00:00:00 ; elapsed = 00:00:06 . Memory (MB): peak = 102.930 ; gain = 18.293
INFO: [HLS 200-10] Starting code transformations ...
INFO: [HLS 200-111] Finished Standard Transforms Time (s): cpu = 00:00:01 ; elapsed = 00:00:08 . Memory (MB): peak = 151.332 ; gain = 66.695
INFO: [HLS 200-10] Checking synthesizability ...
INFO: [XFORM 203-602] Inlining function 'fp_struct<double>::mantissa' into 'generic_cast_IEEE754<int, (ap_q_mode)6, double>' (r:/builds/2018.3/continuous/2018_12_06_2405991/src/products/hls/hls_lib/hlsmath/include/FloatingPoint\hls_case_IEEE754.h:14) automatically.
INFO: [XFORM 203-602] Inlining function 'fp_struct<double>::expv' into 'generic_cast_IEEE754<int, (ap_q_mode)6, double>' (r:/builds/2018.3/continuous/2018_12_06_2405991/src/products/hls/hls_lib/hlsmath/include/FloatingPoint\hls_case_IEEE754.h:17) automatically.
INFO: [XFORM 203-602] Inlining function 'fp_struct<double>::__signbit' into 'generic_cast_IEEE754<int, (ap_q_mode)6, double>' (r:/builds/2018.3/continuous/2018_12_06_2405991/src/products/hls/hls_lib/hlsmath/include/FloatingPoint\hls_case_IEEE754.h:58) automatically.
INFO: [XFORM 203-602] Inlining function 'generic_cast_IEEE754<int, (ap_q_mode)6, double>' into 'generic_cast_IEEE754<int, double>' (r:/builds/2018.3/continuous/2018_12_06_2405991/src/products/hls/hls_lib/hlsmath/include/FloatingPoint\hls_case_IEEE754.h:116) automatically.
INFO: [XFORM 203-602] Inlining function 'generic_cast_IEEE754<int, double>' into '__hls_fptosi_double_i32' (r:/builds/2018.3/continuous/2018_12_06_2405991/src/products/hls/hls_lib/hlsmath/src/lib_floatconversion.cpp:54) automatically.
INFO: [XFORM 203-602] Inlining function '__hls_fptosi_double_i32' into 'jacobi_HLS' (Jacobi/main.c:30) automatically.
WARNING: [SYNCHK 200-62] Jacobi/main.c:18: warning: out of bound array access on variable 'x_new'.
INFO: [SYNCHK 200-10] 0 error(s), 1 warning(s).
INFO: [HLS 200-111] Finished Checking Synthesizability Time (s): cpu = 00:00:01 ; elapsed = 00:00:08 . Memory (MB): peak = 179.785 ; gain = 95.148
INFO: [HLS 200-489] Unrolling loop 'Iteracciones' (Jacobi/main.c:16) in function 'jacobi_HLS' completely with a factor of 16.
WARNING: [XFORM 203-505] Pipeline directive for loop 'Iteracciones' (Jacobi/main.c:16) in function 'jacobi_HLS' has been removed because the loop is unrolled completely.
INFO: [HLS 200-489] Unrolling loop 'Columnas' (Jacobi/main.c:20) in function 'jacobi_HLS' completely with a factor of 4.
INFO: [HLS 200-489] Unrolling loop 'filas' (Jacobi/main.c:23) in function 'jacobi_HLS' completely with a factor of 4.
INFO: [XFORM 203-602] Inlining function 'fp_struct<double>::mantissa' into 'generic_cast_IEEE754<int, (ap_q_mode)6, double>' (r:/builds/2018.3/continuous/2018_12_06_2405991/src/products/hls/hls_lib/hlsmath/include/FloatingPoint\hls_case_IEEE754.h:14) automatically.
INFO: [XFORM 203-602] Inlining function 'fp_struct<double>::expv' into 'generic_cast_IEEE754<int, (ap_q_mode)6, double>' (r:/builds/2018.3/continuous/2018_12_06_2405991/src/products/hls/hls_lib/hlsmath/include/FloatingPoint\hls_case_IEEE754.h:17) automatically.
INFO: [XFORM 203-602] Inlining function 'fp_struct<double>::__signbit' into 'generic_cast_IEEE754<int, (ap_q_mode)6, double>' (r:/builds/2018.3/continuous/2018_12_06_2405991/src/products/hls/hls_lib/hlsmath/include/FloatingPoint\hls_case_IEEE754.h:58) automatically.
INFO: [XFORM 203-602] Inlining function 'generic_cast_IEEE754<int, (ap_q_mode)6, double>' into 'generic_cast_IEEE754<int, double>' (r:/builds/2018.3/continuous/2018_12_06_2405991/src/products/hls/hls_lib/hlsmath/include/FloatingPoint\hls_case_IEEE754.h:116) automatically.
INFO: [XFORM 203-602] Inlining function 'generic_cast_IEEE754<int, double>' into '__hls_fptosi_double_i32' (r:/builds/2018.3/continuous/2018_12_06_2405991/src/products/hls/hls_lib/hlsmath/src/lib_floatconversion.cpp:54) automatically.
INFO: [XFORM 203-602] Inlining function '__hls_fptosi_double_i32' into 'jacobi_HLS' (Jacobi/main.c:30) automatically.
INFO: [HLS 200-111] Finished Pre-synthesis Time (s): cpu = 00:00:02 ; elapsed = 00:00:09 . Memory (MB): peak = 239.652 ; gain = 155.016
INFO: [HLS 200-111] Finished Architecture Synthesis Time (s): cpu = 00:00:03 ; elapsed = 00:00:10 . Memory (MB): peak = 255.000 ; gain = 170.363
INFO: [HLS 200-10] Starting hardware synthesis ...
INFO: [HLS 200-10] Synthesizing 'jacobi_HLS' ...
INFO: [HLS 200-10] ----------------------------------------------------------------
INFO: [HLS 200-42] -- Implementing module 'jacobi_HLS' 
INFO: [HLS 200-10] ----------------------------------------------------------------
INFO: [SCHED 204-11] Starting scheduling ...
INFO: [SCHED 204-61] Pipelining loop 'inicializacion'.
INFO: [SCHED 204-61] Pipelining result : Target II = 1, Final II = 1, Depth = 1.
INFO: [SCHED 204-61] Pipelining loop 'calculo_error'.
WARNING: [SCHED 204-68] Unable to enforce a carried constraint (II = 1)
   between 'dadd' operation ('sum', Jacobi/main.c:38) and 'dadd' operation ('sum', Jacobi/main.c:38).
WARNING: [SCHED 204-68] Unable to enforce a carried constraint (II = 2)
   between 'dadd' operation ('sum', Jacobi/main.c:38) and 'dadd' operation ('sum', Jacobi/main.c:38).
WARNING: [SCHED 204-68] Unable to enforce a carried constraint (II = 3)
   between 'dadd' operation ('sum', Jacobi/main.c:38) and 'dadd' operation ('sum', Jacobi/main.c:38).
WARNING: [SCHED 204-68] Unable to enforce a carried constraint (II = 4)
   between 'dadd' operation ('sum', Jacobi/main.c:38) and 'dadd' operation ('sum', Jacobi/main.c:38).
INFO: [SCHED 204-61] Pipelining result : Target II = 1, Final II = 5, Depth = 14.
INFO: [SCHED 204-11] Finished scheduling.
INFO: [HLS 200-111]  Elapsed time: 9.789 seconds; current allocated memory: 194.567 MB.
INFO: [BIND 205-100] Starting micro-architecture generation ...
INFO: [BIND 205-101] Performing variable lifetime analysis.
INFO: [BIND 205-101] Exploring resource sharing.
INFO: [BIND 205-101] Binding ...
INFO: [BIND 205-100] Finished micro-architecture generation.
INFO: [HLS 200-111]  Elapsed time: 0.405 seconds; current allocated memory: 195.817 MB.
INFO: [HLS 200-10] ----------------------------------------------------------------
INFO: [HLS 200-10] -- Generating RTL for module 'jacobi_HLS' 
INFO: [HLS 200-10] ----------------------------------------------------------------
INFO: [RTGEN 206-500] Setting interface mode on port 'jacobi_HLS/J' to 'ap_memory'.
INFO: [RTGEN 206-500] Setting interface mode on port 'jacobi_HLS/b' to 'ap_memory'.
INFO: [RTGEN 206-500] Setting interface mode on port 'jacobi_HLS/x' to 'ap_memory'.
INFO: [RTGEN 206-500] Setting interface mode on function 'jacobi_HLS' to 'ap_ctrl_hs'.
INFO: [SYN 201-210] Renamed object name 'jacobi_HLS_dadddsub_64ns_64ns_64_5_full_dsp_1' to 'jacobi_HLS_dadddsbkb' due to the length limit 20
INFO: [SYN 201-210] Renamed object name 'jacobi_HLS_dsub_64ns_64ns_64_5_full_dsp_1' to 'jacobi_HLS_dsub_6cud' due to the length limit 20
INFO: [SYN 201-210] Renamed object name 'jacobi_HLS_dmul_64ns_64ns_64_6_max_dsp_1' to 'jacobi_HLS_dmul_6dEe' due to the length limit 20
INFO: [SYN 201-210] Renamed object name 'jacobi_HLS_ddiv_64ns_64ns_64_31_1' to 'jacobi_HLS_ddiv_6eOg' due to the length limit 20
INFO: [SYN 201-210] Renamed object name 'jacobi_HLS_sitodp_32ns_64_6_1' to 'jacobi_HLS_sitodpfYi' due to the length limit 20
INFO: [SYN 201-210] Renamed object name 'jacobi_HLS_dsqrt_64ns_64ns_64_31_1' to 'jacobi_HLS_dsqrt_g8j' due to the length limit 20
INFO: [RTGEN 206-100] Generating core module 'jacobi_HLS_dadddsbkb': 1 instance(s).
INFO: [RTGEN 206-100] Generating core module 'jacobi_HLS_ddiv_6eOg': 2 instance(s).
INFO: [RTGEN 206-100] Generating core module 'jacobi_HLS_dmul_6dEe': 2 instance(s).
INFO: [RTGEN 206-100] Generating core module 'jacobi_HLS_dsqrt_g8j': 1 instance(s).
INFO: [RTGEN 206-100] Generating core module 'jacobi_HLS_dsub_6cud': 1 instance(s).
INFO: [RTGEN 206-100] Generating core module 'jacobi_HLS_sitodpfYi': 4 instance(s).
INFO: [RTGEN 206-100] Finished creating RTL model for 'jacobi_HLS'.
INFO: [HLS 200-111]  Elapsed time: 0.574 seconds; current allocated memory: 197.755 MB.
INFO: [RTMG 210-278] Implementing memory 'jacobi_HLS_x_prev_ram (RAM)' using block RAMs.
INFO: [HLS 200-111] Finished generating all RTL models Time (s): cpu = 00:00:06 ; elapsed = 00:00:13 . Memory (MB): peak = 257.484 ; gain = 172.848
INFO: [SYSC 207-301] Generating SystemC RTL for jacobi_HLS.
INFO: [VHDL 208-304] Generating VHDL RTL for jacobi_HLS.
INFO: [VLOG 209-307] Generating Verilog RTL for jacobi_HLS.
INFO: [HLS 200-112] Total elapsed time: 13.299 seconds; peak allocated memory: 197.755 MB.
==============================================================
File generated on Mon May 27 22:09:35 +0200 2019
Vivado(TM) HLS - High-Level Synthesis from C, C++ and SystemC v2018.3 (64-bit)
SW Build 2405991 on Thu Dec  6 23:38:27 MST 2018
IP Build 2404404 on Fri Dec  7 01:43:56 MST 2018
Copyright 1986-2018 Xilinx, Inc. All Rights Reserved.
==============================================================
INFO: [SYN 201-201] Setting up clock 'default' with a period of 10ns.
INFO: [HLS 200-10] Setting target device to 'xc7z020clg400-1'
INFO: [SCHED 204-61] Option 'relax_ii_for_timing' is enabled, will increase II to preserve clock frequency constraints.
INFO: [HLS 200-10] Analyzing design file 'Jacobi/main.c' ... 
WARNING: [HLS 200-40] In file included from Jacobi/main.c:1:
Jacobi/main.c:18:3: warning: array index 16 is past the end of the array (which contains 16 elements) [-Warray-bounds]
  x_prev[16]=x_new[16];
  ^      ~~
Jacobi/main.c:7:2: note: array 'x_prev' declared here
 int x_prev[16], x_new[16];
 ^
Jacobi/main.c:18:14: warning: array index 16 is past the end of the array (which contains 16 elements) [-Warray-bounds]
  x_prev[16]=x_new[16];
             ^     ~~
Jacobi/main.c:7:2: note: array 'x_new' declared here
 int x_prev[16], x_new[16];
 ^
2 warnings generated.
INFO: [HLS 200-111] Finished Linking Time (s): cpu = 00:00:00 ; elapsed = 00:00:06 . Memory (MB): peak = 102.906 ; gain = 18.086
INFO: [HLS 200-111] Finished Checking Pragmas Time (s): cpu = 00:00:00 ; elapsed = 00:00:06 . Memory (MB): peak = 102.906 ; gain = 18.086
INFO: [HLS 200-10] Starting code transformations ...
INFO: [HLS 200-111] Finished Standard Transforms Time (s): cpu = 00:00:01 ; elapsed = 00:00:08 . Memory (MB): peak = 151.066 ; gain = 66.246
INFO: [HLS 200-10] Checking synthesizability ...
INFO: [XFORM 203-602] Inlining function 'fp_struct<double>::mantissa' into 'generic_cast_IEEE754<int, (ap_q_mode)6, double>' (r:/builds/2018.3/continuous/2018_12_06_2405991/src/products/hls/hls_lib/hlsmath/include/FloatingPoint\hls_case_IEEE754.h:14) automatically.
INFO: [XFORM 203-602] Inlining function 'fp_struct<double>::expv' into 'generic_cast_IEEE754<int, (ap_q_mode)6, double>' (r:/builds/2018.3/continuous/2018_12_06_2405991/src/products/hls/hls_lib/hlsmath/include/FloatingPoint\hls_case_IEEE754.h:17) automatically.
INFO: [XFORM 203-602] Inlining function 'fp_struct<double>::__signbit' into 'generic_cast_IEEE754<int, (ap_q_mode)6, double>' (r:/builds/2018.3/continuous/2018_12_06_2405991/src/products/hls/hls_lib/hlsmath/include/FloatingPoint\hls_case_IEEE754.h:58) automatically.
INFO: [XFORM 203-602] Inlining function 'generic_cast_IEEE754<int, (ap_q_mode)6, double>' into 'generic_cast_IEEE754<int, double>' (r:/builds/2018.3/continuous/2018_12_06_2405991/src/products/hls/hls_lib/hlsmath/include/FloatingPoint\hls_case_IEEE754.h:116) automatically.
INFO: [XFORM 203-602] Inlining function 'generic_cast_IEEE754<int, double>' into '__hls_fptosi_double_i32' (r:/builds/2018.3/continuous/2018_12_06_2405991/src/products/hls/hls_lib/hlsmath/src/lib_floatconversion.cpp:54) automatically.
INFO: [XFORM 203-602] Inlining function '__hls_fptosi_double_i32' into 'jacobi_HLS' (Jacobi/main.c:30) automatically.
WARNING: [SYNCHK 200-62] Jacobi/main.c:18: warning: out of bound array access on variable 'x_new'.
INFO: [SYNCHK 200-10] 0 error(s), 1 warning(s).
INFO: [HLS 200-111] Finished Checking Synthesizability Time (s): cpu = 00:00:01 ; elapsed = 00:00:08 . Memory (MB): peak = 180.148 ; gain = 95.328
INFO: [HLS 200-489] Unrolling loop 'Iteracciones' (Jacobi/main.c:16) in function 'jacobi_HLS' completely with a factor of 16.
WARNING: [XFORM 203-505] Pipeline directive for loop 'Iteracciones' (Jacobi/main.c:16) in function 'jacobi_HLS' has been removed because the loop is unrolled completely.
INFO: [HLS 200-489] Unrolling loop 'Columnas' (Jacobi/main.c:20) in function 'jacobi_HLS' completely with a factor of 4.
INFO: [HLS 200-489] Unrolling loop 'filas' (Jacobi/main.c:23) in function 'jacobi_HLS' completely with a factor of 4.
WARNING: [XFORM 203-505] Pipeline directive for loop 'filas' (Jacobi/main.c:23) in function 'jacobi_HLS' has been removed because the loop is unrolled completely.
INFO: [XFORM 203-602] Inlining function 'fp_struct<double>::mantissa' into 'generic_cast_IEEE754<int, (ap_q_mode)6, double>' (r:/builds/2018.3/continuous/2018_12_06_2405991/src/products/hls/hls_lib/hlsmath/include/FloatingPoint\hls_case_IEEE754.h:14) automatically.
INFO: [XFORM 203-602] Inlining function 'fp_struct<double>::expv' into 'generic_cast_IEEE754<int, (ap_q_mode)6, double>' (r:/builds/2018.3/continuous/2018_12_06_2405991/src/products/hls/hls_lib/hlsmath/include/FloatingPoint\hls_case_IEEE754.h:17) automatically.
INFO: [XFORM 203-602] Inlining function 'fp_struct<double>::__signbit' into 'generic_cast_IEEE754<int, (ap_q_mode)6, double>' (r:/builds/2018.3/continuous/2018_12_06_2405991/src/products/hls/hls_lib/hlsmath/include/FloatingPoint\hls_case_IEEE754.h:58) automatically.
INFO: [XFORM 203-602] Inlining function 'generic_cast_IEEE754<int, (ap_q_mode)6, double>' into 'generic_cast_IEEE754<int, double>' (r:/builds/2018.3/continuous/2018_12_06_2405991/src/products/hls/hls_lib/hlsmath/include/FloatingPoint\hls_case_IEEE754.h:116) automatically.
INFO: [XFORM 203-602] Inlining function 'generic_cast_IEEE754<int, double>' into '__hls_fptosi_double_i32' (r:/builds/2018.3/continuous/2018_12_06_2405991/src/products/hls/hls_lib/hlsmath/src/lib_floatconversion.cpp:54) automatically.
INFO: [XFORM 203-602] Inlining function '__hls_fptosi_double_i32' into 'jacobi_HLS' (Jacobi/main.c:30) automatically.
INFO: [HLS 200-111] Finished Pre-synthesis Time (s): cpu = 00:00:02 ; elapsed = 00:00:09 . Memory (MB): peak = 239.340 ; gain = 154.520
INFO: [HLS 200-111] Finished Architecture Synthesis Time (s): cpu = 00:00:03 ; elapsed = 00:00:10 . Memory (MB): peak = 254.418 ; gain = 169.598
INFO: [HLS 200-10] Starting hardware synthesis ...
INFO: [HLS 200-10] Synthesizing 'jacobi_HLS' ...
INFO: [HLS 200-10] ----------------------------------------------------------------
INFO: [HLS 200-42] -- Implementing module 'jacobi_HLS' 
INFO: [HLS 200-10] ----------------------------------------------------------------
INFO: [SCHED 204-11] Starting scheduling ...
INFO: [SCHED 204-61] Pipelining loop 'inicializacion'.
INFO: [SCHED 204-61] Pipelining result : Target II = 1, Final II = 1, Depth = 1.
INFO: [SCHED 204-61] Pipelining loop 'calculo_error'.
WARNING: [SCHED 204-68] Unable to enforce a carried constraint (II = 1)
   between 'dadd' operation ('sum', Jacobi/main.c:38) and 'dadd' operation ('sum', Jacobi/main.c:38).
WARNING: [SCHED 204-68] Unable to enforce a carried constraint (II = 2)
   between 'dadd' operation ('sum', Jacobi/main.c:38) and 'dadd' operation ('sum', Jacobi/main.c:38).
WARNING: [SCHED 204-68] Unable to enforce a carried constraint (II = 3)
   between 'dadd' operation ('sum', Jacobi/main.c:38) and 'dadd' operation ('sum', Jacobi/main.c:38).
WARNING: [SCHED 204-68] Unable to enforce a carried constraint (II = 4)
   between 'dadd' operation ('sum', Jacobi/main.c:38) and 'dadd' operation ('sum', Jacobi/main.c:38).
INFO: [SCHED 204-61] Pipelining result : Target II = 1, Final II = 5, Depth = 14.
INFO: [SCHED 204-11] Finished scheduling.
INFO: [HLS 200-111]  Elapsed time: 9.791 seconds; current allocated memory: 194.599 MB.
INFO: [BIND 205-100] Starting micro-architecture generation ...
INFO: [BIND 205-101] Performing variable lifetime analysis.
INFO: [BIND 205-101] Exploring resource sharing.
INFO: [BIND 205-101] Binding ...
INFO: [BIND 205-100] Finished micro-architecture generation.
INFO: [HLS 200-111]  Elapsed time: 0.437 seconds; current allocated memory: 195.833 MB.
INFO: [HLS 200-10] ----------------------------------------------------------------
INFO: [HLS 200-10] -- Generating RTL for module 'jacobi_HLS' 
INFO: [HLS 200-10] ----------------------------------------------------------------
INFO: [RTGEN 206-500] Setting interface mode on port 'jacobi_HLS/J' to 'ap_memory'.
INFO: [RTGEN 206-500] Setting interface mode on port 'jacobi_HLS/b' to 'ap_memory'.
INFO: [RTGEN 206-500] Setting interface mode on port 'jacobi_HLS/x' to 'ap_memory'.
INFO: [RTGEN 206-500] Setting interface mode on function 'jacobi_HLS' to 'ap_ctrl_hs'.
INFO: [SYN 201-210] Renamed object name 'jacobi_HLS_dadddsub_64ns_64ns_64_5_full_dsp_1' to 'jacobi_HLS_dadddsbkb' due to the length limit 20
INFO: [SYN 201-210] Renamed object name 'jacobi_HLS_dsub_64ns_64ns_64_5_full_dsp_1' to 'jacobi_HLS_dsub_6cud' due to the length limit 20
INFO: [SYN 201-210] Renamed object name 'jacobi_HLS_dmul_64ns_64ns_64_6_max_dsp_1' to 'jacobi_HLS_dmul_6dEe' due to the length limit 20
INFO: [SYN 201-210] Renamed object name 'jacobi_HLS_ddiv_64ns_64ns_64_31_1' to 'jacobi_HLS_ddiv_6eOg' due to the length limit 20
INFO: [SYN 201-210] Renamed object name 'jacobi_HLS_sitodp_32ns_64_6_1' to 'jacobi_HLS_sitodpfYi' due to the length limit 20
INFO: [SYN 201-210] Renamed object name 'jacobi_HLS_dsqrt_64ns_64ns_64_31_1' to 'jacobi_HLS_dsqrt_g8j' due to the length limit 20
INFO: [RTGEN 206-100] Generating core module 'jacobi_HLS_dadddsbkb': 1 instance(s).
INFO: [RTGEN 206-100] Generating core module 'jacobi_HLS_ddiv_6eOg': 2 instance(s).
INFO: [RTGEN 206-100] Generating core module 'jacobi_HLS_dmul_6dEe': 2 instance(s).
INFO: [RTGEN 206-100] Generating core module 'jacobi_HLS_dsqrt_g8j': 1 instance(s).
INFO: [RTGEN 206-100] Generating core module 'jacobi_HLS_dsub_6cud': 1 instance(s).
INFO: [RTGEN 206-100] Generating core module 'jacobi_HLS_sitodpfYi': 4 instance(s).
INFO: [RTGEN 206-100] Finished creating RTL model for 'jacobi_HLS'.
INFO: [HLS 200-111]  Elapsed time: 0.582 seconds; current allocated memory: 197.788 MB.
INFO: [RTMG 210-278] Implementing memory 'jacobi_HLS_x_prev_ram (RAM)' using block RAMs.
INFO: [HLS 200-111] Finished generating all RTL models Time (s): cpu = 00:00:06 ; elapsed = 00:00:14 . Memory (MB): peak = 257.238 ; gain = 172.418
INFO: [SYSC 207-301] Generating SystemC RTL for jacobi_HLS.
INFO: [VHDL 208-304] Generating VHDL RTL for jacobi_HLS.
INFO: [VLOG 209-307] Generating Verilog RTL for jacobi_HLS.
INFO: [HLS 200-112] Total elapsed time: 13.813 seconds; peak allocated memory: 197.788 MB.
==============================================================
File generated on Tue May 28 11:34:41 +0200 2019
Vivado(TM) HLS - High-Level Synthesis from C, C++ and SystemC v2018.3 (64-bit)
SW Build 2405991 on Thu Dec  6 23:38:27 MST 2018
IP Build 2404404 on Fri Dec  7 01:43:56 MST 2018
Copyright 1986-2018 Xilinx, Inc. All Rights Reserved.
==============================================================
INFO: [SYN 201-201] Setting up clock 'default' with a period of 10ns.
INFO: [HLS 200-10] Setting target device to 'xc7z020clg400-1'
INFO: [SCHED 204-61] Option 'relax_ii_for_timing' is enabled, will increase II to preserve clock frequency constraints.
INFO: [HLS 200-10] Analyzing design file 'Jacobi/main.c' ... 
WARNING: [HLS 200-40] In file included from Jacobi/main.c:1:
Jacobi/main.c:18:3: warning: array index 16 is past the end of the array (which contains 16 elements) [-Warray-bounds]
  x_prev[16]=x_new[16];
  ^      ~~
Jacobi/main.c:7:2: note: array 'x_prev' declared here
 int x_prev[16], x_new[16];
 ^
Jacobi/main.c:18:14: warning: array index 16 is past the end of the array (which contains 16 elements) [-Warray-bounds]
  x_prev[16]=x_new[16];
             ^     ~~
Jacobi/main.c:7:2: note: array 'x_new' declared here
 int x_prev[16], x_new[16];
 ^
2 warnings generated.
INFO: [HLS 200-111] Finished Linking Time (s): cpu = 00:00:00 ; elapsed = 00:00:08 . Memory (MB): peak = 103.020 ; gain = 17.750
INFO: [HLS 200-111] Finished Checking Pragmas Time (s): cpu = 00:00:00 ; elapsed = 00:00:08 . Memory (MB): peak = 103.020 ; gain = 17.750
INFO: [HLS 200-10] Starting code transformations ...
INFO: [HLS 200-111] Finished Standard Transforms Time (s): cpu = 00:00:01 ; elapsed = 00:00:10 . Memory (MB): peak = 152.895 ; gain = 67.625
INFO: [HLS 200-10] Checking synthesizability ...
INFO: [XFORM 203-602] Inlining function 'fp_struct<double>::mantissa' into 'generic_cast_IEEE754<int, (ap_q_mode)6, double>' (r:/builds/2018.3/continuous/2018_12_06_2405991/src/products/hls/hls_lib/hlsmath/include/FloatingPoint\hls_case_IEEE754.h:14) automatically.
INFO: [XFORM 203-602] Inlining function 'fp_struct<double>::expv' into 'generic_cast_IEEE754<int, (ap_q_mode)6, double>' (r:/builds/2018.3/continuous/2018_12_06_2405991/src/products/hls/hls_lib/hlsmath/include/FloatingPoint\hls_case_IEEE754.h:17) automatically.
INFO: [XFORM 203-602] Inlining function 'fp_struct<double>::__signbit' into 'generic_cast_IEEE754<int, (ap_q_mode)6, double>' (r:/builds/2018.3/continuous/2018_12_06_2405991/src/products/hls/hls_lib/hlsmath/include/FloatingPoint\hls_case_IEEE754.h:58) automatically.
INFO: [XFORM 203-602] Inlining function 'generic_cast_IEEE754<int, (ap_q_mode)6, double>' into 'generic_cast_IEEE754<int, double>' (r:/builds/2018.3/continuous/2018_12_06_2405991/src/products/hls/hls_lib/hlsmath/include/FloatingPoint\hls_case_IEEE754.h:116) automatically.
INFO: [XFORM 203-602] Inlining function 'generic_cast_IEEE754<int, double>' into '__hls_fptosi_double_i32' (r:/builds/2018.3/continuous/2018_12_06_2405991/src/products/hls/hls_lib/hlsmath/src/lib_floatconversion.cpp:54) automatically.
INFO: [XFORM 203-602] Inlining function '__hls_fptosi_double_i32' into 'jacobi_HLS' (Jacobi/main.c:30) automatically.
WARNING: [SYNCHK 200-62] Jacobi/main.c:18: warning: out of bound array access on variable 'x_new'.
INFO: [SYNCHK 200-10] 0 error(s), 1 warning(s).
INFO: [HLS 200-111] Finished Checking Synthesizability Time (s): cpu = 00:00:01 ; elapsed = 00:00:10 . Memory (MB): peak = 181.195 ; gain = 95.926
INFO: [HLS 200-489] Unrolling loop 'Iteracciones' (Jacobi/main.c:16) in function 'jacobi_HLS' completely with a factor of 16.
WARNING: [XFORM 203-505] Pipeline directive for loop 'Iteracciones' (Jacobi/main.c:16) in function 'jacobi_HLS' has been removed because the loop is unrolled completely.
INFO: [HLS 200-489] Unrolling loop 'Columnas' (Jacobi/main.c:20) in function 'jacobi_HLS' completely with a factor of 4.
INFO: [HLS 200-489] Unrolling loop 'filas' (Jacobi/main.c:23) in function 'jacobi_HLS' completely with a factor of 4.
WARNING: [XFORM 203-505] Pipeline directive for loop 'filas' (Jacobi/main.c:23) in function 'jacobi_HLS' has been removed because the loop is unrolled completely.
ERROR: [XFORM 203-133] Cannot reshape array 'J' (Jacobi/main.c:5): array access out of bound (Jacobi/main.c:27:6).
ERROR: [HLS 200-70] Pre-synthesis failed.
==============================================================
File generated on Tue May 28 11:35:18 +0200 2019
Vivado(TM) HLS - High-Level Synthesis from C, C++ and SystemC v2018.3 (64-bit)
SW Build 2405991 on Thu Dec  6 23:38:27 MST 2018
IP Build 2404404 on Fri Dec  7 01:43:56 MST 2018
Copyright 1986-2018 Xilinx, Inc. All Rights Reserved.
==============================================================
==============================================================
File generated on Tue May 28 11:35:36 +0200 2019
Vivado(TM) HLS - High-Level Synthesis from C, C++ and SystemC v2018.3 (64-bit)
SW Build 2405991 on Thu Dec  6 23:38:27 MST 2018
IP Build 2404404 on Fri Dec  7 01:43:56 MST 2018
Copyright 1986-2018 Xilinx, Inc. All Rights Reserved.
==============================================================
INFO: [SYN 201-201] Setting up clock 'default' with a period of 10ns.
INFO: [HLS 200-10] Setting target device to 'xc7z020clg400-1'
INFO: [SCHED 204-61] Option 'relax_ii_for_timing' is enabled, will increase II to preserve clock frequency constraints.
INFO: [HLS 200-10] Analyzing design file 'Jacobi/main.c' ... 
WARNING: [HLS 200-40] In file included from Jacobi/main.c:1:
Jacobi/main.c:18:3: warning: array index 16 is past the end of the array (which contains 16 elements) [-Warray-bounds]
  x_prev[16]=x_new[16];
  ^      ~~
Jacobi/main.c:7:2: note: array 'x_prev' declared here
 int x_prev[16], x_new[16];
 ^
Jacobi/main.c:18:14: warning: array index 16 is past the end of the array (which contains 16 elements) [-Warray-bounds]
  x_prev[16]=x_new[16];
             ^     ~~
Jacobi/main.c:7:2: note: array 'x_new' declared here
 int x_prev[16], x_new[16];
 ^
2 warnings generated.
INFO: [HLS 200-111] Finished Linking Time (s): cpu = 00:00:00 ; elapsed = 00:00:06 . Memory (MB): peak = 103.113 ; gain = 18.484
INFO: [HLS 200-111] Finished Checking Pragmas Time (s): cpu = 00:00:00 ; elapsed = 00:00:06 . Memory (MB): peak = 103.113 ; gain = 18.484
INFO: [HLS 200-10] Starting code transformations ...
INFO: [HLS 200-111] Finished Standard Transforms Time (s): cpu = 00:00:01 ; elapsed = 00:00:09 . Memory (MB): peak = 151.297 ; gain = 66.668
INFO: [HLS 200-10] Checking synthesizability ...
INFO: [XFORM 203-602] Inlining function 'fp_struct<double>::mantissa' into 'generic_cast_IEEE754<int, (ap_q_mode)6, double>' (r:/builds/2018.3/continuous/2018_12_06_2405991/src/products/hls/hls_lib/hlsmath/include/FloatingPoint\hls_case_IEEE754.h:14) automatically.
INFO: [XFORM 203-602] Inlining function 'fp_struct<double>::expv' into 'generic_cast_IEEE754<int, (ap_q_mode)6, double>' (r:/builds/2018.3/continuous/2018_12_06_2405991/src/products/hls/hls_lib/hlsmath/include/FloatingPoint\hls_case_IEEE754.h:17) automatically.
INFO: [XFORM 203-602] Inlining function 'fp_struct<double>::__signbit' into 'generic_cast_IEEE754<int, (ap_q_mode)6, double>' (r:/builds/2018.3/continuous/2018_12_06_2405991/src/products/hls/hls_lib/hlsmath/include/FloatingPoint\hls_case_IEEE754.h:58) automatically.
INFO: [XFORM 203-602] Inlining function 'generic_cast_IEEE754<int, (ap_q_mode)6, double>' into 'generic_cast_IEEE754<int, double>' (r:/builds/2018.3/continuous/2018_12_06_2405991/src/products/hls/hls_lib/hlsmath/include/FloatingPoint\hls_case_IEEE754.h:116) automatically.
INFO: [XFORM 203-602] Inlining function 'generic_cast_IEEE754<int, double>' into '__hls_fptosi_double_i32' (r:/builds/2018.3/continuous/2018_12_06_2405991/src/products/hls/hls_lib/hlsmath/src/lib_floatconversion.cpp:54) automatically.
INFO: [XFORM 203-602] Inlining function '__hls_fptosi_double_i32' into 'jacobi_HLS' (Jacobi/main.c:30) automatically.
WARNING: [SYNCHK 200-62] Jacobi/main.c:18: warning: out of bound array access on variable 'x_new'.
INFO: [SYNCHK 200-10] 0 error(s), 1 warning(s).
INFO: [HLS 200-111] Finished Checking Synthesizability Time (s): cpu = 00:00:02 ; elapsed = 00:00:09 . Memory (MB): peak = 181.047 ; gain = 96.418
INFO: [HLS 200-489] Unrolling loop 'Iteracciones' (Jacobi/main.c:16) in function 'jacobi_HLS' completely with a factor of 16.
WARNING: [XFORM 203-505] Pipeline directive for loop 'Iteracciones' (Jacobi/main.c:16) in function 'jacobi_HLS' has been removed because the loop is unrolled completely.
INFO: [HLS 200-489] Unrolling loop 'Columnas' (Jacobi/main.c:20) in function 'jacobi_HLS' completely with a factor of 4.
INFO: [HLS 200-489] Unrolling loop 'filas' (Jacobi/main.c:23) in function 'jacobi_HLS' completely with a factor of 4.
WARNING: [XFORM 203-505] Pipeline directive for loop 'filas' (Jacobi/main.c:23) in function 'jacobi_HLS' has been removed because the loop is unrolled completely.
INFO: [XFORM 203-602] Inlining function 'fp_struct<double>::mantissa' into 'generic_cast_IEEE754<int, (ap_q_mode)6, double>' (r:/builds/2018.3/continuous/2018_12_06_2405991/src/products/hls/hls_lib/hlsmath/include/FloatingPoint\hls_case_IEEE754.h:14) automatically.
INFO: [XFORM 203-602] Inlining function 'fp_struct<double>::expv' into 'generic_cast_IEEE754<int, (ap_q_mode)6, double>' (r:/builds/2018.3/continuous/2018_12_06_2405991/src/products/hls/hls_lib/hlsmath/include/FloatingPoint\hls_case_IEEE754.h:17) automatically.
INFO: [XFORM 203-602] Inlining function 'fp_struct<double>::__signbit' into 'generic_cast_IEEE754<int, (ap_q_mode)6, double>' (r:/builds/2018.3/continuous/2018_12_06_2405991/src/products/hls/hls_lib/hlsmath/include/FloatingPoint\hls_case_IEEE754.h:58) automatically.
INFO: [XFORM 203-602] Inlining function 'generic_cast_IEEE754<int, (ap_q_mode)6, double>' into 'generic_cast_IEEE754<int, double>' (r:/builds/2018.3/continuous/2018_12_06_2405991/src/products/hls/hls_lib/hlsmath/include/FloatingPoint\hls_case_IEEE754.h:116) automatically.
INFO: [XFORM 203-602] Inlining function 'generic_cast_IEEE754<int, double>' into '__hls_fptosi_double_i32' (r:/builds/2018.3/continuous/2018_12_06_2405991/src/products/hls/hls_lib/hlsmath/src/lib_floatconversion.cpp:54) automatically.
INFO: [XFORM 203-602] Inlining function '__hls_fptosi_double_i32' into 'jacobi_HLS' (Jacobi/main.c:30) automatically.
INFO: [HLS 200-111] Finished Pre-synthesis Time (s): cpu = 00:00:03 ; elapsed = 00:00:10 . Memory (MB): peak = 240.055 ; gain = 155.426
INFO: [HLS 200-111] Finished Architecture Synthesis Time (s): cpu = 00:00:03 ; elapsed = 00:00:11 . Memory (MB): peak = 255.133 ; gain = 170.504
INFO: [HLS 200-10] Starting hardware synthesis ...
INFO: [HLS 200-10] Synthesizing 'jacobi_HLS' ...
INFO: [HLS 200-10] ----------------------------------------------------------------
INFO: [HLS 200-42] -- Implementing module 'jacobi_HLS' 
INFO: [HLS 200-10] ----------------------------------------------------------------
INFO: [SCHED 204-11] Starting scheduling ...
INFO: [SCHED 204-61] Pipelining loop 'inicializacion'.
INFO: [SCHED 204-61] Pipelining result : Target II = 1, Final II = 1, Depth = 1.
INFO: [SCHED 204-61] Pipelining loop 'calculo_error'.
WARNING: [SCHED 204-68] Unable to enforce a carried constraint (II = 1)
   between 'dadd' operation ('sum', Jacobi/main.c:38) and 'dadd' operation ('sum', Jacobi/main.c:38).
WARNING: [SCHED 204-68] Unable to enforce a carried constraint (II = 2)
   between 'dadd' operation ('sum', Jacobi/main.c:38) and 'dadd' operation ('sum', Jacobi/main.c:38).
WARNING: [SCHED 204-68] Unable to enforce a carried constraint (II = 3)
   between 'dadd' operation ('sum', Jacobi/main.c:38) and 'dadd' operation ('sum', Jacobi/main.c:38).
WARNING: [SCHED 204-68] Unable to enforce a carried constraint (II = 4)
   between 'dadd' operation ('sum', Jacobi/main.c:38) and 'dadd' operation ('sum', Jacobi/main.c:38).
INFO: [SCHED 204-61] Pipelining result : Target II = 1, Final II = 5, Depth = 14.
INFO: [SCHED 204-11] Finished scheduling.
INFO: [HLS 200-111]  Elapsed time: 11.214 seconds; current allocated memory: 194.794 MB.
INFO: [BIND 205-100] Starting micro-architecture generation ...
INFO: [BIND 205-101] Performing variable lifetime analysis.
INFO: [BIND 205-101] Exploring resource sharing.
INFO: [BIND 205-101] Binding ...
INFO: [BIND 205-100] Finished micro-architecture generation.
INFO: [HLS 200-111]  Elapsed time: 0.49 seconds; current allocated memory: 196.052 MB.
INFO: [HLS 200-10] ----------------------------------------------------------------
INFO: [HLS 200-10] -- Generating RTL for module 'jacobi_HLS' 
INFO: [HLS 200-10] ----------------------------------------------------------------
INFO: [RTGEN 206-500] Setting interface mode on port 'jacobi_HLS/J' to 'ap_memory'.
INFO: [RTGEN 206-500] Setting interface mode on port 'jacobi_HLS/b' to 'ap_memory'.
INFO: [RTGEN 206-500] Setting interface mode on port 'jacobi_HLS/x' to 'ap_memory'.
INFO: [RTGEN 206-500] Setting interface mode on function 'jacobi_HLS' to 'ap_ctrl_hs'.
INFO: [SYN 201-210] Renamed object name 'jacobi_HLS_dadddsub_64ns_64ns_64_5_full_dsp_1' to 'jacobi_HLS_dadddsbkb' due to the length limit 20
INFO: [SYN 201-210] Renamed object name 'jacobi_HLS_dsub_64ns_64ns_64_5_full_dsp_1' to 'jacobi_HLS_dsub_6cud' due to the length limit 20
INFO: [SYN 201-210] Renamed object name 'jacobi_HLS_dmul_64ns_64ns_64_6_max_dsp_1' to 'jacobi_HLS_dmul_6dEe' due to the length limit 20
INFO: [SYN 201-210] Renamed object name 'jacobi_HLS_ddiv_64ns_64ns_64_31_1' to 'jacobi_HLS_ddiv_6eOg' due to the length limit 20
INFO: [SYN 201-210] Renamed object name 'jacobi_HLS_sitodp_32ns_64_6_1' to 'jacobi_HLS_sitodpfYi' due to the length limit 20
INFO: [SYN 201-210] Renamed object name 'jacobi_HLS_dsqrt_64ns_64ns_64_31_1' to 'jacobi_HLS_dsqrt_g8j' due to the length limit 20
INFO: [RTGEN 206-100] Generating core module 'jacobi_HLS_dadddsbkb': 1 instance(s).
INFO: [RTGEN 206-100] Generating core module 'jacobi_HLS_ddiv_6eOg': 2 instance(s).
INFO: [RTGEN 206-100] Generating core module 'jacobi_HLS_dmul_6dEe': 2 instance(s).
INFO: [RTGEN 206-100] Generating core module 'jacobi_HLS_dsqrt_g8j': 1 instance(s).
INFO: [RTGEN 206-100] Generating core module 'jacobi_HLS_dsub_6cud': 1 instance(s).
INFO: [RTGEN 206-100] Generating core module 'jacobi_HLS_sitodpfYi': 4 instance(s).
INFO: [RTGEN 206-100] Finished creating RTL model for 'jacobi_HLS'.
INFO: [HLS 200-111]  Elapsed time: 0.632 seconds; current allocated memory: 198.006 MB.
INFO: [RTMG 210-278] Implementing memory 'jacobi_HLS_x_prev_ram (RAM)' using block RAMs.
INFO: [HLS 200-111] Finished generating all RTL models Time (s): cpu = 00:00:07 ; elapsed = 00:00:15 . Memory (MB): peak = 257.523 ; gain = 172.895
INFO: [SYSC 207-301] Generating SystemC RTL for jacobi_HLS.
INFO: [VHDL 208-304] Generating VHDL RTL for jacobi_HLS.
INFO: [VLOG 209-307] Generating Verilog RTL for jacobi_HLS.
INFO: [HLS 200-112] Total elapsed time: 15.5 seconds; peak allocated memory: 198.006 MB.
==============================================================
File generated on Tue May 28 11:40:57 +0200 2019
Vivado(TM) HLS - High-Level Synthesis from C, C++ and SystemC v2018.3 (64-bit)
SW Build 2405991 on Thu Dec  6 23:38:27 MST 2018
IP Build 2404404 on Fri Dec  7 01:43:56 MST 2018
Copyright 1986-2018 Xilinx, Inc. All Rights Reserved.
==============================================================
INFO: [SYN 201-201] Setting up clock 'default' with a period of 10ns.
INFO: [HLS 200-10] Setting target device to 'xc7z020clg400-1'
INFO: [SCHED 204-61] Option 'relax_ii_for_timing' is enabled, will increase II to preserve clock frequency constraints.
INFO: [HLS 200-10] Analyzing design file 'Jacobi/main.c' ... 
WARNING: [HLS 200-40] In file included from Jacobi/main.c:1:
Jacobi/main.c:18:3: warning: array index 16 is past the end of the array (which contains 16 elements) [-Warray-bounds]
  x_prev[16]=x_new[16];
  ^      ~~
Jacobi/main.c:7:2: note: array 'x_prev' declared here
 int x_prev[16], x_new[16];
 ^
Jacobi/main.c:18:14: warning: array index 16 is past the end of the array (which contains 16 elements) [-Warray-bounds]
  x_prev[16]=x_new[16];
             ^     ~~
Jacobi/main.c:7:2: note: array 'x_new' declared here
 int x_prev[16], x_new[16];
 ^
2 warnings generated.
INFO: [HLS 200-111] Finished Linking Time (s): cpu = 00:00:00 ; elapsed = 00:00:06 . Memory (MB): peak = 102.820 ; gain = 17.871
INFO: [HLS 200-111] Finished Checking Pragmas Time (s): cpu = 00:00:00 ; elapsed = 00:00:06 . Memory (MB): peak = 102.820 ; gain = 17.871
INFO: [HLS 200-10] Starting code transformations ...
INFO: [HLS 200-111] Finished Standard Transforms Time (s): cpu = 00:00:01 ; elapsed = 00:00:08 . Memory (MB): peak = 152.063 ; gain = 67.113
INFO: [HLS 200-10] Checking synthesizability ...
INFO: [XFORM 203-602] Inlining function 'fp_struct<double>::mantissa' into 'generic_cast_IEEE754<int, (ap_q_mode)6, double>' (r:/builds/2018.3/continuous/2018_12_06_2405991/src/products/hls/hls_lib/hlsmath/include/FloatingPoint\hls_case_IEEE754.h:14) automatically.
INFO: [XFORM 203-602] Inlining function 'fp_struct<double>::expv' into 'generic_cast_IEEE754<int, (ap_q_mode)6, double>' (r:/builds/2018.3/continuous/2018_12_06_2405991/src/products/hls/hls_lib/hlsmath/include/FloatingPoint\hls_case_IEEE754.h:17) automatically.
INFO: [XFORM 203-602] Inlining function 'fp_struct<double>::__signbit' into 'generic_cast_IEEE754<int, (ap_q_mode)6, double>' (r:/builds/2018.3/continuous/2018_12_06_2405991/src/products/hls/hls_lib/hlsmath/include/FloatingPoint\hls_case_IEEE754.h:58) automatically.
INFO: [XFORM 203-602] Inlining function 'generic_cast_IEEE754<int, (ap_q_mode)6, double>' into 'generic_cast_IEEE754<int, double>' (r:/builds/2018.3/continuous/2018_12_06_2405991/src/products/hls/hls_lib/hlsmath/include/FloatingPoint\hls_case_IEEE754.h:116) automatically.
INFO: [XFORM 203-602] Inlining function 'generic_cast_IEEE754<int, double>' into '__hls_fptosi_double_i32' (r:/builds/2018.3/continuous/2018_12_06_2405991/src/products/hls/hls_lib/hlsmath/src/lib_floatconversion.cpp:54) automatically.
INFO: [XFORM 203-602] Inlining function '__hls_fptosi_double_i32' into 'jacobi_HLS' (Jacobi/main.c:30) automatically.
WARNING: [SYNCHK 200-62] Jacobi/main.c:18: warning: out of bound array access on variable 'x_new'.
INFO: [SYNCHK 200-10] 0 error(s), 1 warning(s).
INFO: [HLS 200-111] Finished Checking Synthesizability Time (s): cpu = 00:00:02 ; elapsed = 00:00:08 . Memory (MB): peak = 180.289 ; gain = 95.340
INFO: [HLS 200-489] Unrolling loop 'Iteracciones' (Jacobi/main.c:16) in function 'jacobi_HLS' completely with a factor of 16.
WARNING: [XFORM 203-505] Pipeline directive for loop 'Iteracciones' (Jacobi/main.c:16) in function 'jacobi_HLS' has been removed because the loop is unrolled completely.
INFO: [HLS 200-489] Unrolling loop 'Columnas' (Jacobi/main.c:20) in function 'jacobi_HLS' completely with a factor of 4.
INFO: [HLS 200-489] Unrolling loop 'filas' (Jacobi/main.c:23) in function 'jacobi_HLS' completely with a factor of 4.
WARNING: [XFORM 203-505] Pipeline directive for loop 'filas' (Jacobi/main.c:23) in function 'jacobi_HLS' has been removed because the loop is unrolled completely.
INFO: [XFORM 203-602] Inlining function 'fp_struct<double>::mantissa' into 'generic_cast_IEEE754<int, (ap_q_mode)6, double>' (r:/builds/2018.3/continuous/2018_12_06_2405991/src/products/hls/hls_lib/hlsmath/include/FloatingPoint\hls_case_IEEE754.h:14) automatically.
INFO: [XFORM 203-602] Inlining function 'fp_struct<double>::expv' into 'generic_cast_IEEE754<int, (ap_q_mode)6, double>' (r:/builds/2018.3/continuous/2018_12_06_2405991/src/products/hls/hls_lib/hlsmath/include/FloatingPoint\hls_case_IEEE754.h:17) automatically.
INFO: [XFORM 203-602] Inlining function 'fp_struct<double>::__signbit' into 'generic_cast_IEEE754<int, (ap_q_mode)6, double>' (r:/builds/2018.3/continuous/2018_12_06_2405991/src/products/hls/hls_lib/hlsmath/include/FloatingPoint\hls_case_IEEE754.h:58) automatically.
INFO: [XFORM 203-602] Inlining function 'generic_cast_IEEE754<int, (ap_q_mode)6, double>' into 'generic_cast_IEEE754<int, double>' (r:/builds/2018.3/continuous/2018_12_06_2405991/src/products/hls/hls_lib/hlsmath/include/FloatingPoint\hls_case_IEEE754.h:116) automatically.
INFO: [XFORM 203-602] Inlining function 'generic_cast_IEEE754<int, double>' into '__hls_fptosi_double_i32' (r:/builds/2018.3/continuous/2018_12_06_2405991/src/products/hls/hls_lib/hlsmath/src/lib_floatconversion.cpp:54) automatically.
INFO: [XFORM 203-602] Inlining function '__hls_fptosi_double_i32' into 'jacobi_HLS' (Jacobi/main.c:30) automatically.
INFO: [HLS 200-111] Finished Pre-synthesis Time (s): cpu = 00:00:03 ; elapsed = 00:00:09 . Memory (MB): peak = 239.469 ; gain = 154.520
INFO: [HLS 200-111] Finished Architecture Synthesis Time (s): cpu = 00:00:03 ; elapsed = 00:00:10 . Memory (MB): peak = 254.281 ; gain = 169.332
INFO: [HLS 200-10] Starting hardware synthesis ...
INFO: [HLS 200-10] Synthesizing 'jacobi_HLS' ...
INFO: [HLS 200-10] ----------------------------------------------------------------
INFO: [HLS 200-42] -- Implementing module 'jacobi_HLS' 
INFO: [HLS 200-10] ----------------------------------------------------------------
INFO: [SCHED 204-11] Starting scheduling ...
INFO: [SCHED 204-61] Pipelining loop 'inicializacion'.
INFO: [SCHED 204-61] Pipelining result : Target II = 1, Final II = 1, Depth = 1.
INFO: [SCHED 204-61] Pipelining loop 'calculo_error'.
WARNING: [SCHED 204-68] Unable to enforce a carried constraint (II = 1)
   between 'dadd' operation ('sum', Jacobi/main.c:38) and 'dadd' operation ('sum', Jacobi/main.c:38).
WARNING: [SCHED 204-68] Unable to enforce a carried constraint (II = 2)
   between 'dadd' operation ('sum', Jacobi/main.c:38) and 'dadd' operation ('sum', Jacobi/main.c:38).
WARNING: [SCHED 204-68] Unable to enforce a carried constraint (II = 3)
   between 'dadd' operation ('sum', Jacobi/main.c:38) and 'dadd' operation ('sum', Jacobi/main.c:38).
WARNING: [SCHED 204-68] Unable to enforce a carried constraint (II = 4)
   between 'dadd' operation ('sum', Jacobi/main.c:38) and 'dadd' operation ('sum', Jacobi/main.c:38).
INFO: [SCHED 204-61] Pipelining result : Target II = 1, Final II = 5, Depth = 14.
INFO: [SCHED 204-11] Finished scheduling.
INFO: [HLS 200-111]  Elapsed time: 9.896 seconds; current allocated memory: 194.599 MB.
INFO: [BIND 205-100] Starting micro-architecture generation ...
INFO: [BIND 205-101] Performing variable lifetime analysis.
INFO: [BIND 205-101] Exploring resource sharing.
INFO: [BIND 205-101] Binding ...
INFO: [BIND 205-100] Finished micro-architecture generation.
INFO: [HLS 200-111]  Elapsed time: 0.399 seconds; current allocated memory: 195.833 MB.
INFO: [HLS 200-10] ----------------------------------------------------------------
INFO: [HLS 200-10] -- Generating RTL for module 'jacobi_HLS' 
INFO: [HLS 200-10] ----------------------------------------------------------------
INFO: [RTGEN 206-500] Setting interface mode on port 'jacobi_HLS/J' to 'ap_memory'.
INFO: [RTGEN 206-500] Setting interface mode on port 'jacobi_HLS/b' to 'ap_memory'.
INFO: [RTGEN 206-500] Setting interface mode on port 'jacobi_HLS/x' to 'ap_memory'.
INFO: [RTGEN 206-500] Setting interface mode on function 'jacobi_HLS' to 'ap_ctrl_hs'.
INFO: [SYN 201-210] Renamed object name 'jacobi_HLS_dadddsub_64ns_64ns_64_5_full_dsp_1' to 'jacobi_HLS_dadddsbkb' due to the length limit 20
INFO: [SYN 201-210] Renamed object name 'jacobi_HLS_dsub_64ns_64ns_64_5_full_dsp_1' to 'jacobi_HLS_dsub_6cud' due to the length limit 20
INFO: [SYN 201-210] Renamed object name 'jacobi_HLS_dmul_64ns_64ns_64_6_max_dsp_1' to 'jacobi_HLS_dmul_6dEe' due to the length limit 20
INFO: [SYN 201-210] Renamed object name 'jacobi_HLS_ddiv_64ns_64ns_64_31_1' to 'jacobi_HLS_ddiv_6eOg' due to the length limit 20
INFO: [SYN 201-210] Renamed object name 'jacobi_HLS_sitodp_32ns_64_6_1' to 'jacobi_HLS_sitodpfYi' due to the length limit 20
INFO: [SYN 201-210] Renamed object name 'jacobi_HLS_dsqrt_64ns_64ns_64_31_1' to 'jacobi_HLS_dsqrt_g8j' due to the length limit 20
INFO: [RTGEN 206-100] Generating core module 'jacobi_HLS_dadddsbkb': 1 instance(s).
INFO: [RTGEN 206-100] Generating core module 'jacobi_HLS_ddiv_6eOg': 2 instance(s).
INFO: [RTGEN 206-100] Generating core module 'jacobi_HLS_dmul_6dEe': 2 instance(s).
INFO: [RTGEN 206-100] Generating core module 'jacobi_HLS_dsqrt_g8j': 1 instance(s).
INFO: [RTGEN 206-100] Generating core module 'jacobi_HLS_dsub_6cud': 1 instance(s).
INFO: [RTGEN 206-100] Generating core module 'jacobi_HLS_sitodpfYi': 4 instance(s).
INFO: [RTGEN 206-100] Finished creating RTL model for 'jacobi_HLS'.
INFO: [HLS 200-111]  Elapsed time: 0.648 seconds; current allocated memory: 197.788 MB.
INFO: [RTMG 210-278] Implementing memory 'jacobi_HLS_x_prev_ram (RAM)' using block RAMs.
INFO: [HLS 200-111] Finished generating all RTL models Time (s): cpu = 00:00:06 ; elapsed = 00:00:14 . Memory (MB): peak = 257.453 ; gain = 172.504
INFO: [SYSC 207-301] Generating SystemC RTL for jacobi_HLS.
INFO: [VHDL 208-304] Generating VHDL RTL for jacobi_HLS.
INFO: [VLOG 209-307] Generating Verilog RTL for jacobi_HLS.
INFO: [HLS 200-112] Total elapsed time: 13.87 seconds; peak allocated memory: 197.788 MB.
==============================================================
File generated on Tue May 28 12:58:54 +0200 2019
Vivado(TM) HLS - High-Level Synthesis from C, C++ and SystemC v2018.3 (64-bit)
SW Build 2405991 on Thu Dec  6 23:38:27 MST 2018
IP Build 2404404 on Fri Dec  7 01:43:56 MST 2018
Copyright 1986-2018 Xilinx, Inc. All Rights Reserved.
==============================================================
INFO: [SYN 201-201] Setting up clock 'default' with a period of 10ns.
INFO: [HLS 200-10] Setting target device to 'xc7z020clg400-1'
INFO: [SCHED 204-61] Option 'relax_ii_for_timing' is enabled, will increase II to preserve clock frequency constraints.
INFO: [HLS 200-10] Analyzing design file 'Jacobi/main.c' ... 
WARNING: [HLS 200-40] In file included from Jacobi/main.c:1:
Jacobi/main.c:18:3: warning: array index 16 is past the end of the array (which contains 16 elements) [-Warray-bounds]
  x_prev[16]=x_new[16];
  ^      ~~
Jacobi/main.c:7:2: note: array 'x_prev' declared here
 int x_prev[16], x_new[16];
 ^
Jacobi/main.c:18:14: warning: array index 16 is past the end of the array (which contains 16 elements) [-Warray-bounds]
  x_prev[16]=x_new[16];
             ^     ~~
Jacobi/main.c:7:2: note: array 'x_new' declared here
 int x_prev[16], x_new[16];
 ^
2 warnings generated.
INFO: [HLS 200-111] Finished Linking Time (s): cpu = 00:00:00 ; elapsed = 00:00:06 . Memory (MB): peak = 102.844 ; gain = 18.051
INFO: [HLS 200-111] Finished Checking Pragmas Time (s): cpu = 00:00:00 ; elapsed = 00:00:06 . Memory (MB): peak = 102.844 ; gain = 18.051
INFO: [HLS 200-10] Starting code transformations ...
INFO: [HLS 200-111] Finished Standard Transforms Time (s): cpu = 00:00:01 ; elapsed = 00:00:07 . Memory (MB): peak = 150.789 ; gain = 65.996
INFO: [HLS 200-10] Checking synthesizability ...
INFO: [XFORM 203-602] Inlining function 'fp_struct<double>::mantissa' into 'generic_cast_IEEE754<int, (ap_q_mode)6, double>' (r:/builds/2018.3/continuous/2018_12_06_2405991/src/products/hls/hls_lib/hlsmath/include/FloatingPoint\hls_case_IEEE754.h:14) automatically.
INFO: [XFORM 203-602] Inlining function 'fp_struct<double>::expv' into 'generic_cast_IEEE754<int, (ap_q_mode)6, double>' (r:/builds/2018.3/continuous/2018_12_06_2405991/src/products/hls/hls_lib/hlsmath/include/FloatingPoint\hls_case_IEEE754.h:17) automatically.
INFO: [XFORM 203-602] Inlining function 'fp_struct<double>::__signbit' into 'generic_cast_IEEE754<int, (ap_q_mode)6, double>' (r:/builds/2018.3/continuous/2018_12_06_2405991/src/products/hls/hls_lib/hlsmath/include/FloatingPoint\hls_case_IEEE754.h:58) automatically.
INFO: [XFORM 203-602] Inlining function 'generic_cast_IEEE754<int, (ap_q_mode)6, double>' into 'generic_cast_IEEE754<int, double>' (r:/builds/2018.3/continuous/2018_12_06_2405991/src/products/hls/hls_lib/hlsmath/include/FloatingPoint\hls_case_IEEE754.h:116) automatically.
INFO: [XFORM 203-602] Inlining function 'generic_cast_IEEE754<int, double>' into '__hls_fptosi_double_i32' (r:/builds/2018.3/continuous/2018_12_06_2405991/src/products/hls/hls_lib/hlsmath/src/lib_floatconversion.cpp:54) automatically.
INFO: [XFORM 203-602] Inlining function '__hls_fptosi_double_i32' into 'jacobi_HLS' (Jacobi/main.c:30) automatically.
WARNING: [SYNCHK 200-62] Jacobi/main.c:18: warning: out of bound array access on variable 'x_new'.
INFO: [SYNCHK 200-10] 0 error(s), 1 warning(s).
INFO: [HLS 200-111] Finished Checking Synthesizability Time (s): cpu = 00:00:01 ; elapsed = 00:00:08 . Memory (MB): peak = 180.172 ; gain = 95.379
INFO: [HLS 200-489] Unrolling loop 'Iteracciones' (Jacobi/main.c:16) in function 'jacobi_HLS' completely with a factor of 16.
WARNING: [XFORM 203-505] Pipeline directive for loop 'Iteracciones' (Jacobi/main.c:16) in function 'jacobi_HLS' has been removed because the loop is unrolled completely.
INFO: [HLS 200-489] Unrolling loop 'Columnas' (Jacobi/main.c:20) in function 'jacobi_HLS' completely with a factor of 4.
INFO: [HLS 200-489] Unrolling loop 'filas' (Jacobi/main.c:23) in function 'jacobi_HLS' completely with a factor of 4.
WARNING: [XFORM 203-505] Pipeline directive for loop 'filas' (Jacobi/main.c:23) in function 'jacobi_HLS' has been removed because the loop is unrolled completely.
INFO: [XFORM 203-602] Inlining function 'fp_struct<double>::mantissa' into 'generic_cast_IEEE754<int, (ap_q_mode)6, double>' (r:/builds/2018.3/continuous/2018_12_06_2405991/src/products/hls/hls_lib/hlsmath/include/FloatingPoint\hls_case_IEEE754.h:14) automatically.
INFO: [XFORM 203-602] Inlining function 'fp_struct<double>::expv' into 'generic_cast_IEEE754<int, (ap_q_mode)6, double>' (r:/builds/2018.3/continuous/2018_12_06_2405991/src/products/hls/hls_lib/hlsmath/include/FloatingPoint\hls_case_IEEE754.h:17) automatically.
INFO: [XFORM 203-602] Inlining function 'fp_struct<double>::__signbit' into 'generic_cast_IEEE754<int, (ap_q_mode)6, double>' (r:/builds/2018.3/continuous/2018_12_06_2405991/src/products/hls/hls_lib/hlsmath/include/FloatingPoint\hls_case_IEEE754.h:58) automatically.
INFO: [XFORM 203-602] Inlining function 'generic_cast_IEEE754<int, (ap_q_mode)6, double>' into 'generic_cast_IEEE754<int, double>' (r:/builds/2018.3/continuous/2018_12_06_2405991/src/products/hls/hls_lib/hlsmath/include/FloatingPoint\hls_case_IEEE754.h:116) automatically.
INFO: [XFORM 203-602] Inlining function 'generic_cast_IEEE754<int, double>' into '__hls_fptosi_double_i32' (r:/builds/2018.3/continuous/2018_12_06_2405991/src/products/hls/hls_lib/hlsmath/src/lib_floatconversion.cpp:54) automatically.
INFO: [XFORM 203-602] Inlining function '__hls_fptosi_double_i32' into 'jacobi_HLS' (Jacobi/main.c:30) automatically.
INFO: [HLS 200-111] Finished Pre-synthesis Time (s): cpu = 00:00:02 ; elapsed = 00:00:09 . Memory (MB): peak = 239.215 ; gain = 154.422
INFO: [HLS 200-111] Finished Architecture Synthesis Time (s): cpu = 00:00:03 ; elapsed = 00:00:09 . Memory (MB): peak = 254.285 ; gain = 169.492
INFO: [HLS 200-10] Starting hardware synthesis ...
INFO: [HLS 200-10] Synthesizing 'jacobi_HLS' ...
INFO: [HLS 200-10] ----------------------------------------------------------------
INFO: [HLS 200-42] -- Implementing module 'jacobi_HLS' 
INFO: [HLS 200-10] ----------------------------------------------------------------
INFO: [SCHED 204-11] Starting scheduling ...
INFO: [SCHED 204-61] Pipelining loop 'inicializacion'.
INFO: [SCHED 204-61] Pipelining result : Target II = 1, Final II = 1, Depth = 1.
INFO: [SCHED 204-61] Pipelining loop 'calculo_error'.
WARNING: [SCHED 204-68] Unable to enforce a carried constraint (II = 1)
   between 'dadd' operation ('sum', Jacobi/main.c:38) and 'dadd' operation ('sum', Jacobi/main.c:38).
WARNING: [SCHED 204-68] Unable to enforce a carried constraint (II = 2)
   between 'dadd' operation ('sum', Jacobi/main.c:38) and 'dadd' operation ('sum', Jacobi/main.c:38).
WARNING: [SCHED 204-68] Unable to enforce a carried constraint (II = 3)
   between 'dadd' operation ('sum', Jacobi/main.c:38) and 'dadd' operation ('sum', Jacobi/main.c:38).
WARNING: [SCHED 204-68] Unable to enforce a carried constraint (II = 4)
   between 'dadd' operation ('sum', Jacobi/main.c:38) and 'dadd' operation ('sum', Jacobi/main.c:38).
INFO: [SCHED 204-61] Pipelining result : Target II = 1, Final II = 5, Depth = 14.
INFO: [SCHED 204-11] Finished scheduling.
INFO: [HLS 200-111]  Elapsed time: 9.629 seconds; current allocated memory: 194.599 MB.
INFO: [BIND 205-100] Starting micro-architecture generation ...
INFO: [BIND 205-101] Performing variable lifetime analysis.
INFO: [BIND 205-101] Exploring resource sharing.
INFO: [BIND 205-101] Binding ...
INFO: [BIND 205-100] Finished micro-architecture generation.
INFO: [HLS 200-111]  Elapsed time: 0.419 seconds; current allocated memory: 195.833 MB.
INFO: [HLS 200-10] ----------------------------------------------------------------
INFO: [HLS 200-10] -- Generating RTL for module 'jacobi_HLS' 
INFO: [HLS 200-10] ----------------------------------------------------------------
INFO: [RTGEN 206-500] Setting interface mode on port 'jacobi_HLS/J' to 'ap_memory'.
INFO: [RTGEN 206-500] Setting interface mode on port 'jacobi_HLS/b' to 'ap_memory'.
INFO: [RTGEN 206-500] Setting interface mode on port 'jacobi_HLS/x' to 'ap_memory'.
INFO: [RTGEN 206-500] Setting interface mode on function 'jacobi_HLS' to 'ap_ctrl_hs'.
INFO: [SYN 201-210] Renamed object name 'jacobi_HLS_dadddsub_64ns_64ns_64_5_full_dsp_1' to 'jacobi_HLS_dadddsbkb' due to the length limit 20
INFO: [SYN 201-210] Renamed object name 'jacobi_HLS_dsub_64ns_64ns_64_5_full_dsp_1' to 'jacobi_HLS_dsub_6cud' due to the length limit 20
INFO: [SYN 201-210] Renamed object name 'jacobi_HLS_dmul_64ns_64ns_64_6_max_dsp_1' to 'jacobi_HLS_dmul_6dEe' due to the length limit 20
INFO: [SYN 201-210] Renamed object name 'jacobi_HLS_ddiv_64ns_64ns_64_31_1' to 'jacobi_HLS_ddiv_6eOg' due to the length limit 20
INFO: [SYN 201-210] Renamed object name 'jacobi_HLS_sitodp_32ns_64_6_1' to 'jacobi_HLS_sitodpfYi' due to the length limit 20
INFO: [SYN 201-210] Renamed object name 'jacobi_HLS_dsqrt_64ns_64ns_64_31_1' to 'jacobi_HLS_dsqrt_g8j' due to the length limit 20
INFO: [RTGEN 206-100] Generating core module 'jacobi_HLS_dadddsbkb': 1 instance(s).
INFO: [RTGEN 206-100] Generating core module 'jacobi_HLS_ddiv_6eOg': 2 instance(s).
INFO: [RTGEN 206-100] Generating core module 'jacobi_HLS_dmul_6dEe': 2 instance(s).
INFO: [RTGEN 206-100] Generating core module 'jacobi_HLS_dsqrt_g8j': 1 instance(s).
INFO: [RTGEN 206-100] Generating core module 'jacobi_HLS_dsub_6cud': 1 instance(s).
INFO: [RTGEN 206-100] Generating core module 'jacobi_HLS_sitodpfYi': 4 instance(s).
INFO: [RTGEN 206-100] Finished creating RTL model for 'jacobi_HLS'.
INFO: [HLS 200-111]  Elapsed time: 0.57 seconds; current allocated memory: 197.788 MB.
INFO: [RTMG 210-278] Implementing memory 'jacobi_HLS_x_prev_ram (RAM)' using block RAMs.
INFO: [HLS 200-111] Finished generating all RTL models Time (s): cpu = 00:00:06 ; elapsed = 00:00:13 . Memory (MB): peak = 257.094 ; gain = 172.301
INFO: [SYSC 207-301] Generating SystemC RTL for jacobi_HLS.
INFO: [VHDL 208-304] Generating VHDL RTL for jacobi_HLS.
INFO: [VLOG 209-307] Generating Verilog RTL for jacobi_HLS.
INFO: [HLS 200-112] Total elapsed time: 13.348 seconds; peak allocated memory: 197.788 MB.
==============================================================
File generated on Fri May 31 12:03:19 +0200 2019
Vivado(TM) HLS - High-Level Synthesis from C, C++ and SystemC v2018.3 (64-bit)
SW Build 2405991 on Thu Dec  6 23:38:27 MST 2018
IP Build 2404404 on Fri Dec  7 01:43:56 MST 2018
Copyright 1986-2018 Xilinx, Inc. All Rights Reserved.
==============================================================
INFO: [SYN 201-201] Setting up clock 'default' with a period of 10ns.
INFO: [HLS 200-10] Setting target device to 'xc7z020clg400-1'
INFO: [SCHED 204-61] Option 'relax_ii_for_timing' is enabled, will increase II to preserve clock frequency constraints.
INFO: [HLS 200-10] Analyzing design file 'Jacobi/main.c' ... 
WARNING: [HLS 200-40] In file included from Jacobi/main.c:1:
Jacobi/main.c:18:3: warning: array index 16 is past the end of the array (which contains 16 elements) [-Warray-bounds]
  x_prev[16]=x_new[16];
  ^      ~~
Jacobi/main.c:7:2: note: array 'x_prev' declared here
 int x_prev[16], x_new[16];
 ^
Jacobi/main.c:18:14: warning: array index 16 is past the end of the array (which contains 16 elements) [-Warray-bounds]
  x_prev[16]=x_new[16];
             ^     ~~
Jacobi/main.c:7:2: note: array 'x_new' declared here
 int x_prev[16], x_new[16];
 ^
2 warnings generated.
INFO: [HLS 200-111] Finished Linking Time (s): cpu = 00:00:00 ; elapsed = 00:00:06 . Memory (MB): peak = 103.133 ; gain = 18.270
INFO: [HLS 200-111] Finished Checking Pragmas Time (s): cpu = 00:00:00 ; elapsed = 00:00:06 . Memory (MB): peak = 103.133 ; gain = 18.270
INFO: [HLS 200-10] Starting code transformations ...
INFO: [HLS 200-111] Finished Standard Transforms Time (s): cpu = 00:00:01 ; elapsed = 00:00:08 . Memory (MB): peak = 151.535 ; gain = 66.672
INFO: [HLS 200-10] Checking synthesizability ...
INFO: [XFORM 203-602] Inlining function 'fp_struct<double>::mantissa' into 'generic_cast_IEEE754<int, (ap_q_mode)6, double>' (r:/builds/2018.3/continuous/2018_12_06_2405991/src/products/hls/hls_lib/hlsmath/include/FloatingPoint\hls_case_IEEE754.h:14) automatically.
INFO: [XFORM 203-602] Inlining function 'fp_struct<double>::expv' into 'generic_cast_IEEE754<int, (ap_q_mode)6, double>' (r:/builds/2018.3/continuous/2018_12_06_2405991/src/products/hls/hls_lib/hlsmath/include/FloatingPoint\hls_case_IEEE754.h:17) automatically.
INFO: [XFORM 203-602] Inlining function 'fp_struct<double>::__signbit' into 'generic_cast_IEEE754<int, (ap_q_mode)6, double>' (r:/builds/2018.3/continuous/2018_12_06_2405991/src/products/hls/hls_lib/hlsmath/include/FloatingPoint\hls_case_IEEE754.h:58) automatically.
INFO: [XFORM 203-602] Inlining function 'generic_cast_IEEE754<int, (ap_q_mode)6, double>' into 'generic_cast_IEEE754<int, double>' (r:/builds/2018.3/continuous/2018_12_06_2405991/src/products/hls/hls_lib/hlsmath/include/FloatingPoint\hls_case_IEEE754.h:116) automatically.
INFO: [XFORM 203-602] Inlining function 'generic_cast_IEEE754<int, double>' into '__hls_fptosi_double_i32' (r:/builds/2018.3/continuous/2018_12_06_2405991/src/products/hls/hls_lib/hlsmath/src/lib_floatconversion.cpp:54) automatically.
INFO: [XFORM 203-602] Inlining function '__hls_fptosi_double_i32' into 'jacobi_HLS' (Jacobi/main.c:30) automatically.
WARNING: [SYNCHK 200-62] Jacobi/main.c:18: warning: out of bound array access on variable 'x_new'.
INFO: [SYNCHK 200-10] 0 error(s), 1 warning(s).
INFO: [HLS 200-111] Finished Checking Synthesizability Time (s): cpu = 00:00:01 ; elapsed = 00:00:08 . Memory (MB): peak = 180.418 ; gain = 95.555
INFO: [HLS 200-489] Unrolling loop 'Iteracciones' (Jacobi/main.c:16) in function 'jacobi_HLS' completely with a factor of 16.
WARNING: [XFORM 203-505] Pipeline directive for loop 'Iteracciones' (Jacobi/main.c:16) in function 'jacobi_HLS' has been removed because the loop is unrolled completely.
INFO: [HLS 200-489] Unrolling loop 'Columnas' (Jacobi/main.c:20) in function 'jacobi_HLS' completely with a factor of 4.
INFO: [HLS 200-489] Unrolling loop 'filas' (Jacobi/main.c:23) in function 'jacobi_HLS' completely with a factor of 4.
WARNING: [XFORM 203-505] Pipeline directive for loop 'filas' (Jacobi/main.c:23) in function 'jacobi_HLS' has been removed because the loop is unrolled completely.
INFO: [XFORM 203-602] Inlining function 'fp_struct<double>::mantissa' into 'generic_cast_IEEE754<int, (ap_q_mode)6, double>' (r:/builds/2018.3/continuous/2018_12_06_2405991/src/products/hls/hls_lib/hlsmath/include/FloatingPoint\hls_case_IEEE754.h:14) automatically.
INFO: [XFORM 203-602] Inlining function 'fp_struct<double>::expv' into 'generic_cast_IEEE754<int, (ap_q_mode)6, double>' (r:/builds/2018.3/continuous/2018_12_06_2405991/src/products/hls/hls_lib/hlsmath/include/FloatingPoint\hls_case_IEEE754.h:17) automatically.
INFO: [XFORM 203-602] Inlining function 'fp_struct<double>::__signbit' into 'generic_cast_IEEE754<int, (ap_q_mode)6, double>' (r:/builds/2018.3/continuous/2018_12_06_2405991/src/products/hls/hls_lib/hlsmath/include/FloatingPoint\hls_case_IEEE754.h:58) automatically.
INFO: [XFORM 203-602] Inlining function 'generic_cast_IEEE754<int, (ap_q_mode)6, double>' into 'generic_cast_IEEE754<int, double>' (r:/builds/2018.3/continuous/2018_12_06_2405991/src/products/hls/hls_lib/hlsmath/include/FloatingPoint\hls_case_IEEE754.h:116) automatically.
INFO: [XFORM 203-602] Inlining function 'generic_cast_IEEE754<int, double>' into '__hls_fptosi_double_i32' (r:/builds/2018.3/continuous/2018_12_06_2405991/src/products/hls/hls_lib/hlsmath/src/lib_floatconversion.cpp:54) automatically.
INFO: [XFORM 203-602] Inlining function '__hls_fptosi_double_i32' into 'jacobi_HLS' (Jacobi/main.c:30) automatically.
INFO: [HLS 200-111] Finished Pre-synthesis Time (s): cpu = 00:00:02 ; elapsed = 00:00:09 . Memory (MB): peak = 239.918 ; gain = 155.055
INFO: [HLS 200-111] Finished Architecture Synthesis Time (s): cpu = 00:00:03 ; elapsed = 00:00:09 . Memory (MB): peak = 254.730 ; gain = 169.867
INFO: [HLS 200-10] Starting hardware synthesis ...
INFO: [HLS 200-10] Synthesizing 'jacobi_HLS' ...
INFO: [HLS 200-10] ----------------------------------------------------------------
INFO: [HLS 200-42] -- Implementing module 'jacobi_HLS' 
INFO: [HLS 200-10] ----------------------------------------------------------------
INFO: [SCHED 204-11] Starting scheduling ...
INFO: [SCHED 204-61] Pipelining loop 'inicializacion'.
INFO: [SCHED 204-61] Pipelining result : Target II = 1, Final II = 1, Depth = 1.
INFO: [SCHED 204-61] Pipelining loop 'calculo_error'.
WARNING: [SCHED 204-68] Unable to enforce a carried constraint (II = 1)
   between 'dadd' operation ('sum', Jacobi/main.c:38) and 'dadd' operation ('sum', Jacobi/main.c:38).
WARNING: [SCHED 204-68] Unable to enforce a carried constraint (II = 2)
   between 'dadd' operation ('sum', Jacobi/main.c:38) and 'dadd' operation ('sum', Jacobi/main.c:38).
WARNING: [SCHED 204-68] Unable to enforce a carried constraint (II = 3)
   between 'dadd' operation ('sum', Jacobi/main.c:38) and 'dadd' operation ('sum', Jacobi/main.c:38).
WARNING: [SCHED 204-68] Unable to enforce a carried constraint (II = 4)
   between 'dadd' operation ('sum', Jacobi/main.c:38) and 'dadd' operation ('sum', Jacobi/main.c:38).
INFO: [SCHED 204-61] Pipelining result : Target II = 1, Final II = 5, Depth = 14.
INFO: [SCHED 204-11] Finished scheduling.
INFO: [HLS 200-111]  Elapsed time: 9.696 seconds; current allocated memory: 194.591 MB.
INFO: [BIND 205-100] Starting micro-architecture generation ...
INFO: [BIND 205-101] Performing variable lifetime analysis.
INFO: [BIND 205-101] Exploring resource sharing.
INFO: [BIND 205-101] Binding ...
INFO: [BIND 205-100] Finished micro-architecture generation.
INFO: [HLS 200-111]  Elapsed time: 0.452 seconds; current allocated memory: 195.826 MB.
INFO: [HLS 200-10] ----------------------------------------------------------------
INFO: [HLS 200-10] -- Generating RTL for module 'jacobi_HLS' 
INFO: [HLS 200-10] ----------------------------------------------------------------
INFO: [RTGEN 206-500] Setting interface mode on port 'jacobi_HLS/J' to 'ap_memory'.
INFO: [RTGEN 206-500] Setting interface mode on port 'jacobi_HLS/b' to 'ap_memory'.
INFO: [RTGEN 206-500] Setting interface mode on port 'jacobi_HLS/x' to 'ap_memory'.
INFO: [RTGEN 206-500] Setting interface mode on function 'jacobi_HLS' to 'ap_ctrl_hs'.
INFO: [SYN 201-210] Renamed object name 'jacobi_HLS_dadddsub_64ns_64ns_64_5_full_dsp_1' to 'jacobi_HLS_dadddsbkb' due to the length limit 20
INFO: [SYN 201-210] Renamed object name 'jacobi_HLS_dsub_64ns_64ns_64_5_full_dsp_1' to 'jacobi_HLS_dsub_6cud' due to the length limit 20
INFO: [SYN 201-210] Renamed object name 'jacobi_HLS_dmul_64ns_64ns_64_6_max_dsp_1' to 'jacobi_HLS_dmul_6dEe' due to the length limit 20
INFO: [SYN 201-210] Renamed object name 'jacobi_HLS_ddiv_64ns_64ns_64_31_1' to 'jacobi_HLS_ddiv_6eOg' due to the length limit 20
INFO: [SYN 201-210] Renamed object name 'jacobi_HLS_sitodp_32ns_64_6_1' to 'jacobi_HLS_sitodpfYi' due to the length limit 20
INFO: [SYN 201-210] Renamed object name 'jacobi_HLS_dsqrt_64ns_64ns_64_31_1' to 'jacobi_HLS_dsqrt_g8j' due to the length limit 20
INFO: [RTGEN 206-100] Generating core module 'jacobi_HLS_dadddsbkb': 1 instance(s).
INFO: [RTGEN 206-100] Generating core module 'jacobi_HLS_ddiv_6eOg': 2 instance(s).
INFO: [RTGEN 206-100] Generating core module 'jacobi_HLS_dmul_6dEe': 2 instance(s).
INFO: [RTGEN 206-100] Generating core module 'jacobi_HLS_dsqrt_g8j': 1 instance(s).
INFO: [RTGEN 206-100] Generating core module 'jacobi_HLS_dsub_6cud': 1 instance(s).
INFO: [RTGEN 206-100] Generating core module 'jacobi_HLS_sitodpfYi': 4 instance(s).
INFO: [RTGEN 206-100] Finished creating RTL model for 'jacobi_HLS'.
INFO: [HLS 200-111]  Elapsed time: 0.699 seconds; current allocated memory: 197.780 MB.
INFO: [RTMG 210-278] Implementing memory 'jacobi_HLS_x_prev_ram (RAM)' using block RAMs.
INFO: [HLS 200-111] Finished generating all RTL models Time (s): cpu = 00:00:06 ; elapsed = 00:00:14 . Memory (MB): peak = 257.656 ; gain = 172.793
INFO: [SYSC 207-301] Generating SystemC RTL for jacobi_HLS.
INFO: [VHDL 208-304] Generating VHDL RTL for jacobi_HLS.
INFO: [VLOG 209-307] Generating Verilog RTL for jacobi_HLS.
INFO: [HLS 200-112] Total elapsed time: 14.104 seconds; peak allocated memory: 197.780 MB.
==============================================================
File generated on Wed Jun 19 12:57:54 +0200 2019
Vivado(TM) HLS - High-Level Synthesis from C, C++ and SystemC v2018.3 (64-bit)
SW Build 2405991 on Thu Dec  6 23:38:27 MST 2018
IP Build 2404404 on Fri Dec  7 01:43:56 MST 2018
Copyright 1986-2018 Xilinx, Inc. All Rights Reserved.
==============================================================
INFO: [SYN 201-201] Setting up clock 'default' with a period of 10ns.
INFO: [HLS 200-10] Setting target device to 'xc7z020clg400-1'
INFO: [SCHED 204-61] Option 'relax_ii_for_timing' is enabled, will increase II to preserve clock frequency constraints.
INFO: [HLS 200-10] Analyzing design file 'Jacobi/main.c' ... 
WARNING: [HLS 200-40] In file included from Jacobi/main.c:1:
Jacobi/main.c:18:3: warning: array index 16 is past the end of the array (which contains 16 elements) [-Warray-bounds]
  x_prev[16]=x_new[16];
  ^      ~~
Jacobi/main.c:7:2: note: array 'x_prev' declared here
 int x_prev[16], x_new[16];
 ^
Jacobi/main.c:18:14: warning: array index 16 is past the end of the array (which contains 16 elements) [-Warray-bounds]
  x_prev[16]=x_new[16];
             ^     ~~
Jacobi/main.c:7:2: note: array 'x_new' declared here
 int x_prev[16], x_new[16];
 ^
2 warnings generated.
INFO: [HLS 200-111] Finished Linking Time (s): cpu = 00:00:00 ; elapsed = 00:00:06 . Memory (MB): peak = 103.316 ; gain = 18.563
INFO: [HLS 200-111] Finished Checking Pragmas Time (s): cpu = 00:00:00 ; elapsed = 00:00:06 . Memory (MB): peak = 103.316 ; gain = 18.563
INFO: [HLS 200-10] Starting code transformations ...
INFO: [HLS 200-111] Finished Standard Transforms Time (s): cpu = 00:00:01 ; elapsed = 00:00:07 . Memory (MB): peak = 153.055 ; gain = 68.301
INFO: [HLS 200-10] Checking synthesizability ...
INFO: [XFORM 203-602] Inlining function 'fp_struct<double>::mantissa' into 'generic_cast_IEEE754<int, (ap_q_mode)6, double>' (r:/builds/2018.3/continuous/2018_12_06_2405991/src/products/hls/hls_lib/hlsmath/include/FloatingPoint\hls_case_IEEE754.h:14) automatically.
INFO: [XFORM 203-602] Inlining function 'fp_struct<double>::expv' into 'generic_cast_IEEE754<int, (ap_q_mode)6, double>' (r:/builds/2018.3/continuous/2018_12_06_2405991/src/products/hls/hls_lib/hlsmath/include/FloatingPoint\hls_case_IEEE754.h:17) automatically.
INFO: [XFORM 203-602] Inlining function 'fp_struct<double>::__signbit' into 'generic_cast_IEEE754<int, (ap_q_mode)6, double>' (r:/builds/2018.3/continuous/2018_12_06_2405991/src/products/hls/hls_lib/hlsmath/include/FloatingPoint\hls_case_IEEE754.h:58) automatically.
INFO: [XFORM 203-602] Inlining function 'generic_cast_IEEE754<int, (ap_q_mode)6, double>' into 'generic_cast_IEEE754<int, double>' (r:/builds/2018.3/continuous/2018_12_06_2405991/src/products/hls/hls_lib/hlsmath/include/FloatingPoint\hls_case_IEEE754.h:116) automatically.
INFO: [XFORM 203-602] Inlining function 'generic_cast_IEEE754<int, double>' into '__hls_fptosi_double_i32' (r:/builds/2018.3/continuous/2018_12_06_2405991/src/products/hls/hls_lib/hlsmath/src/lib_floatconversion.cpp:54) automatically.
INFO: [XFORM 203-602] Inlining function '__hls_fptosi_double_i32' into 'jacobi_HLS' (Jacobi/main.c:30) automatically.
WARNING: [SYNCHK 200-62] Jacobi/main.c:18: warning: out of bound array access on variable 'x_new'.
INFO: [SYNCHK 200-10] 0 error(s), 1 warning(s).
INFO: [HLS 200-111] Finished Checking Synthesizability Time (s): cpu = 00:00:01 ; elapsed = 00:00:08 . Memory (MB): peak = 181.117 ; gain = 96.363
INFO: [HLS 200-489] Unrolling loop 'Iteracciones' (Jacobi/main.c:16) in function 'jacobi_HLS' completely with a factor of 16.
WARNING: [XFORM 203-505] Pipeline directive for loop 'Iteracciones' (Jacobi/main.c:16) in function 'jacobi_HLS' has been removed because the loop is unrolled completely.
INFO: [HLS 200-489] Unrolling loop 'Columnas' (Jacobi/main.c:20) in function 'jacobi_HLS' completely with a factor of 4.
INFO: [HLS 200-489] Unrolling loop 'filas' (Jacobi/main.c:23) in function 'jacobi_HLS' completely with a factor of 4.
WARNING: [XFORM 203-505] Pipeline directive for loop 'filas' (Jacobi/main.c:23) in function 'jacobi_HLS' has been removed because the loop is unrolled completely.
INFO: [XFORM 203-602] Inlining function 'fp_struct<double>::mantissa' into 'generic_cast_IEEE754<int, (ap_q_mode)6, double>' (r:/builds/2018.3/continuous/2018_12_06_2405991/src/products/hls/hls_lib/hlsmath/include/FloatingPoint\hls_case_IEEE754.h:14) automatically.
INFO: [XFORM 203-602] Inlining function 'fp_struct<double>::expv' into 'generic_cast_IEEE754<int, (ap_q_mode)6, double>' (r:/builds/2018.3/continuous/2018_12_06_2405991/src/products/hls/hls_lib/hlsmath/include/FloatingPoint\hls_case_IEEE754.h:17) automatically.
INFO: [XFORM 203-602] Inlining function 'fp_struct<double>::__signbit' into 'generic_cast_IEEE754<int, (ap_q_mode)6, double>' (r:/builds/2018.3/continuous/2018_12_06_2405991/src/products/hls/hls_lib/hlsmath/include/FloatingPoint\hls_case_IEEE754.h:58) automatically.
INFO: [XFORM 203-602] Inlining function 'generic_cast_IEEE754<int, (ap_q_mode)6, double>' into 'generic_cast_IEEE754<int, double>' (r:/builds/2018.3/continuous/2018_12_06_2405991/src/products/hls/hls_lib/hlsmath/include/FloatingPoint\hls_case_IEEE754.h:116) automatically.
INFO: [XFORM 203-602] Inlining function 'generic_cast_IEEE754<int, double>' into '__hls_fptosi_double_i32' (r:/builds/2018.3/continuous/2018_12_06_2405991/src/products/hls/hls_lib/hlsmath/src/lib_floatconversion.cpp:54) automatically.
INFO: [XFORM 203-602] Inlining function '__hls_fptosi_double_i32' into 'jacobi_HLS' (Jacobi/main.c:30) automatically.
INFO: [HLS 200-111] Finished Pre-synthesis Time (s): cpu = 00:00:02 ; elapsed = 00:00:09 . Memory (MB): peak = 239.551 ; gain = 154.797
INFO: [HLS 200-111] Finished Architecture Synthesis Time (s): cpu = 00:00:03 ; elapsed = 00:00:09 . Memory (MB): peak = 254.363 ; gain = 169.609
INFO: [HLS 200-10] Starting hardware synthesis ...
INFO: [HLS 200-10] Synthesizing 'jacobi_HLS' ...
INFO: [HLS 200-10] ----------------------------------------------------------------
INFO: [HLS 200-42] -- Implementing module 'jacobi_HLS' 
INFO: [HLS 200-10] ----------------------------------------------------------------
INFO: [SCHED 204-11] Starting scheduling ...
INFO: [SCHED 204-61] Pipelining loop 'inicializacion'.
INFO: [SCHED 204-61] Pipelining result : Target II = 1, Final II = 1, Depth = 1.
INFO: [SCHED 204-61] Pipelining loop 'calculo_error'.
WARNING: [SCHED 204-68] Unable to enforce a carried constraint (II = 1)
   between 'dadd' operation ('sum', Jacobi/main.c:38) and 'dadd' operation ('sum', Jacobi/main.c:38).
WARNING: [SCHED 204-68] Unable to enforce a carried constraint (II = 2)
   between 'dadd' operation ('sum', Jacobi/main.c:38) and 'dadd' operation ('sum', Jacobi/main.c:38).
WARNING: [SCHED 204-68] Unable to enforce a carried constraint (II = 3)
   between 'dadd' operation ('sum', Jacobi/main.c:38) and 'dadd' operation ('sum', Jacobi/main.c:38).
WARNING: [SCHED 204-68] Unable to enforce a carried constraint (II = 4)
   between 'dadd' operation ('sum', Jacobi/main.c:38) and 'dadd' operation ('sum', Jacobi/main.c:38).
INFO: [SCHED 204-61] Pipelining result : Target II = 1, Final II = 5, Depth = 14.
INFO: [SCHED 204-11] Finished scheduling.
INFO: [HLS 200-111]  Elapsed time: 9.605 seconds; current allocated memory: 194.575 MB.
INFO: [BIND 205-100] Starting micro-architecture generation ...
INFO: [BIND 205-101] Performing variable lifetime analysis.
INFO: [BIND 205-101] Exploring resource sharing.
INFO: [BIND 205-101] Binding ...
INFO: [BIND 205-100] Finished micro-architecture generation.
INFO: [HLS 200-111]  Elapsed time: 0.448 seconds; current allocated memory: 195.810 MB.
INFO: [HLS 200-10] ----------------------------------------------------------------
INFO: [HLS 200-10] -- Generating RTL for module 'jacobi_HLS' 
INFO: [HLS 200-10] ----------------------------------------------------------------
INFO: [RTGEN 206-500] Setting interface mode on port 'jacobi_HLS/J' to 'ap_memory'.
INFO: [RTGEN 206-500] Setting interface mode on port 'jacobi_HLS/b' to 'ap_memory'.
INFO: [RTGEN 206-500] Setting interface mode on port 'jacobi_HLS/x' to 'ap_memory'.
INFO: [RTGEN 206-500] Setting interface mode on function 'jacobi_HLS' to 'ap_ctrl_hs'.
INFO: [SYN 201-210] Renamed object name 'jacobi_HLS_dadddsub_64ns_64ns_64_5_full_dsp_1' to 'jacobi_HLS_dadddsbkb' due to the length limit 20
INFO: [SYN 201-210] Renamed object name 'jacobi_HLS_dsub_64ns_64ns_64_5_full_dsp_1' to 'jacobi_HLS_dsub_6cud' due to the length limit 20
INFO: [SYN 201-210] Renamed object name 'jacobi_HLS_dmul_64ns_64ns_64_6_max_dsp_1' to 'jacobi_HLS_dmul_6dEe' due to the length limit 20
INFO: [SYN 201-210] Renamed object name 'jacobi_HLS_ddiv_64ns_64ns_64_31_1' to 'jacobi_HLS_ddiv_6eOg' due to the length limit 20
INFO: [SYN 201-210] Renamed object name 'jacobi_HLS_sitodp_32ns_64_6_1' to 'jacobi_HLS_sitodpfYi' due to the length limit 20
INFO: [SYN 201-210] Renamed object name 'jacobi_HLS_dsqrt_64ns_64ns_64_31_1' to 'jacobi_HLS_dsqrt_g8j' due to the length limit 20
INFO: [RTGEN 206-100] Generating core module 'jacobi_HLS_dadddsbkb': 1 instance(s).
INFO: [RTGEN 206-100] Generating core module 'jacobi_HLS_ddiv_6eOg': 2 instance(s).
INFO: [RTGEN 206-100] Generating core module 'jacobi_HLS_dmul_6dEe': 2 instance(s).
INFO: [RTGEN 206-100] Generating core module 'jacobi_HLS_dsqrt_g8j': 1 instance(s).
INFO: [RTGEN 206-100] Generating core module 'jacobi_HLS_dsub_6cud': 1 instance(s).
INFO: [RTGEN 206-100] Generating core module 'jacobi_HLS_sitodpfYi': 4 instance(s).
INFO: [RTGEN 206-100] Finished creating RTL model for 'jacobi_HLS'.
INFO: [HLS 200-111]  Elapsed time: 0.641 seconds; current allocated memory: 197.764 MB.
INFO: [RTMG 210-278] Implementing memory 'jacobi_HLS_x_prev_ram (RAM)' using block RAMs.
INFO: [HLS 200-111] Finished generating all RTL models Time (s): cpu = 00:00:06 ; elapsed = 00:00:13 . Memory (MB): peak = 257.531 ; gain = 172.777
INFO: [SYSC 207-301] Generating SystemC RTL for jacobi_HLS.
INFO: [VHDL 208-304] Generating VHDL RTL for jacobi_HLS.
INFO: [VLOG 209-307] Generating Verilog RTL for jacobi_HLS.
INFO: [HLS 200-112] Total elapsed time: 13.536 seconds; peak allocated memory: 197.764 MB.
